[0.086s] Invoking command in '/home/amber/ros2_ws/build/amber_b1_description': CMAKE_PREFIX_PATH=/opt/ros/foxy /usr/bin/cmake --build /home/amber/ros2_ws/build/amber_b1_description -- -j2 -l2
[0.399s] Invoked command in '/home/amber/ros2_ws/build/amber_b1_description' returned '0': CMAKE_PREFIX_PATH=/opt/ros/foxy /usr/bin/cmake --build /home/amber/ros2_ws/build/amber_b1_description -- -j2 -l2
[0.506s] Invoking command in '/home/amber/ros2_ws/build/amber_b1_description': CMAKE_PREFIX_PATH=/opt/ros/foxy /usr/bin/cmake --install /home/amber/ros2_ws/build/amber_b1_description
[0.554s] -- Install configuration: ""
[0.555s] -- Up-to-date: /home/amber/ros2_ws/install/amber_b1_description/share/amber_b1_description/config
[0.557s] -- Up-to-date: /home/amber/ros2_ws/install/amber_b1_description/share/amber_b1_description/config/rviz.rviz
[0.557s] -- Up-to-date: /home/amber/ros2_ws/install/amber_b1_description/share/amber_b1_description/meshes
[0.558s] -- Up-to-date: /home/amber/ros2_ws/install/amber_b1_description/share/amber_b1_description/meshes/base_link.STL
[0.559s] -- Up-to-date: /home/amber/ros2_ws/install/amber_b1_description/share/amber_b1_description/meshes/three_Link.STL
[0.560s] -- Up-to-date: /home/amber/ros2_ws/install/amber_b1_description/share/amber_b1_description/meshes/four_Link.STL
[0.560s] -- Up-to-date: /home/amber/ros2_ws/install/amber_b1_description/share/amber_b1_description/meshes/seven_Link.STL
[0.561s] -- Up-to-date: /home/amber/ros2_ws/install/amber_b1_description/share/amber_b1_description/meshes/two_Link.STL
[0.561s] -- Up-to-date: /home/amber/ros2_ws/install/amber_b1_description/share/amber_b1_description/meshes/six_Link.STL
[0.562s] -- Up-to-date: /home/amber/ros2_ws/install/amber_b1_description/share/amber_b1_description/meshes/one_Link.STL
[0.562s] -- Up-to-date: /home/amber/ros2_ws/install/amber_b1_description/share/amber_b1_description/meshes/five_Link.STL
[0.563s] -- Up-to-date: /home/amber/ros2_ws/install/amber_b1_description/share/amber_b1_description/launch
[0.563s] -- Up-to-date: /home/amber/ros2_ws/install/amber_b1_description/share/amber_b1_description/launch/view_robot.launch.py
[0.564s] -- Up-to-date: /home/amber/ros2_ws/install/amber_b1_description/share/amber_b1_description/launch/view_robot_ex.launch.py
[0.564s] -- Up-to-date: /home/amber/ros2_ws/install/amber_b1_description/share/amber_b1_description/urdf
[0.564s] -- Up-to-date: /home/amber/ros2_ws/install/amber_b1_description/share/amber_b1_description/urdf/amber_b1.urdf
[0.565s] -- Up-to-date: /home/amber/ros2_ws/install/amber_b1_description/share/amber_b1_description/urdf/amber_b1.ros2_control.xacro
[0.565s] -- Up-to-date: /home/amber/ros2_ws/install/amber_b1_description/share/amber_b1_description/urdf/amber_b1_description.urdf.xacro
[0.565s] -- Up-to-date: /home/amber/ros2_ws/install/amber_b1_description/share/amber_b1_description/urdf/amber_b1.urdf.xacro
[0.566s] -- Up-to-date: /home/amber/ros2_ws/install/amber_b1_description/share/ament_index/resource_index/package_run_dependencies/amber_b1_description
[0.566s] -- Up-to-date: /home/amber/ros2_ws/install/amber_b1_description/share/ament_index/resource_index/parent_prefix_path/amber_b1_description
[0.566s] -- Up-to-date: /home/amber/ros2_ws/install/amber_b1_description/share/amber_b1_description/environment/ament_prefix_path.sh
[0.567s] -- Up-to-date: /home/amber/ros2_ws/install/amber_b1_description/share/amber_b1_description/environment/ament_prefix_path.dsv
[0.569s] -- Up-to-date: /home/amber/ros2_ws/install/amber_b1_description/share/amber_b1_description/environment/path.sh
[0.570s] -- Up-to-date: /home/amber/ros2_ws/install/amber_b1_description/share/amber_b1_description/environment/path.dsv
[0.571s] -- Up-to-date: /home/amber/ros2_ws/install/amber_b1_description/share/amber_b1_description/local_setup.bash
[0.572s] -- Up-to-date: /home/amber/ros2_ws/install/amber_b1_description/share/amber_b1_description/local_setup.sh
[0.574s] -- Up-to-date: /home/amber/ros2_ws/install/amber_b1_description/share/amber_b1_description/local_setup.zsh
[0.576s] -- Up-to-date: /home/amber/ros2_ws/install/amber_b1_description/share/amber_b1_description/local_setup.dsv
[0.577s] -- Installing: /home/amber/ros2_ws/install/amber_b1_description/share/amber_b1_description/package.dsv
[0.577s] -- Up-to-date: /home/amber/ros2_ws/install/amber_b1_description/share/ament_index/resource_index/packages/amber_b1_description
[0.580s] -- Up-to-date: /home/amber/ros2_ws/install/amber_b1_description/share/amber_b1_description/cmake/amber_b1_descriptionConfig.cmake
[0.581s] -- Up-to-date: /home/amber/ros2_ws/install/amber_b1_description/share/amber_b1_description/cmake/amber_b1_descriptionConfig-version.cmake
[0.583s] -- Up-to-date: /home/amber/ros2_ws/install/amber_b1_description/share/amber_b1_description/package.xml
[0.598s] Invoked command in '/home/amber/ros2_ws/build/amber_b1_description' returned '0': CMAKE_PREFIX_PATH=/opt/ros/foxy /usr/bin/cmake --install /home/amber/ros2_ws/build/amber_b1_description
