[0.103s] Invoking command in '/home/amber/ros2_ws/build/amber_b1_gui_node': CMAKE_PREFIX_PATH=/home/amber/ros2_ws/install/amber_b1_interfaces:/home/amber/ros2_ws/install/amber_b1_joint_control_demo:/home/amber/ros2_ws/install/amber_b1_hardware:/home/amber/ros2_ws/install/amber_b1_gui_node:/home/amber/ros2_ws/install/amber_b1_description:/home/amber/ros2_ws/install/amber_b1_bringup:/opt/ros/foxy LD_LIBRARY_PATH=/home/amber/ros2_ws/install/amber_b1_interfaces/lib:/home/amber/ros2_ws/install/amber_b1_hardware/lib:/opt/ros/foxy/opt/yaml_cpp_vendor/lib:/opt/ros/foxy/opt/rviz_ogre_vendor/lib:/opt/ros/foxy/lib/x86_64-linux-gnu:/opt/ros/foxy/lib /usr/bin/cmake --build /home/amber/ros2_ws/build/amber_b1_gui_node -- -j2 -l2
[0.356s] [100%] Built target gui_node
[0.401s] Invoked command in '/home/amber/ros2_ws/build/amber_b1_gui_node' returned '0': CMAKE_PREFIX_PATH=/home/amber/ros2_ws/install/amber_b1_interfaces:/home/amber/ros2_ws/install/amber_b1_joint_control_demo:/home/amber/ros2_ws/install/amber_b1_hardware:/home/amber/ros2_ws/install/amber_b1_gui_node:/home/amber/ros2_ws/install/amber_b1_description:/home/amber/ros2_ws/install/amber_b1_bringup:/opt/ros/foxy LD_LIBRARY_PATH=/home/amber/ros2_ws/install/amber_b1_interfaces/lib:/home/amber/ros2_ws/install/amber_b1_hardware/lib:/opt/ros/foxy/opt/yaml_cpp_vendor/lib:/opt/ros/foxy/opt/rviz_ogre_vendor/lib:/opt/ros/foxy/lib/x86_64-linux-gnu:/opt/ros/foxy/lib /usr/bin/cmake --build /home/amber/ros2_ws/build/amber_b1_gui_node -- -j2 -l2
[0.638s] Invoking command in '/home/amber/ros2_ws/build/amber_b1_gui_node': CMAKE_PREFIX_PATH=/home/amber/ros2_ws/install/amber_b1_interfaces:/home/amber/ros2_ws/install/amber_b1_joint_control_demo:/home/amber/ros2_ws/install/amber_b1_hardware:/home/amber/ros2_ws/install/amber_b1_gui_node:/home/amber/ros2_ws/install/amber_b1_description:/home/amber/ros2_ws/install/amber_b1_bringup:/opt/ros/foxy LD_LIBRARY_PATH=/home/amber/ros2_ws/install/amber_b1_interfaces/lib:/home/amber/ros2_ws/install/amber_b1_hardware/lib:/opt/ros/foxy/opt/yaml_cpp_vendor/lib:/opt/ros/foxy/opt/rviz_ogre_vendor/lib:/opt/ros/foxy/lib/x86_64-linux-gnu:/opt/ros/foxy/lib /usr/bin/cmake --install /home/amber/ros2_ws/build/amber_b1_gui_node
[0.675s] -- Install configuration: ""
[0.678s] -- Up-to-date: /home/amber/ros2_ws/install/amber_b1_gui_node/lib/amber_b1_gui_node/gui_node
[0.680s] -- Up-to-date: /home/amber/ros2_ws/install/amber_b1_gui_node/share/amber_b1_gui_node/launch
[0.682s] -- Up-to-date: /home/amber/ros2_ws/install/amber_b1_gui_node/share/amber_b1_gui_node/launch/amber_b1_gui.launch.py
[0.684s] -- Up-to-date: /home/amber/ros2_ws/install/amber_b1_gui_node/include
[0.685s] -- Up-to-date: /home/amber/ros2_ws/install/amber_b1_gui_node/include/amber_b1_gui_node
[0.687s] -- Up-to-date: /home/amber/ros2_ws/install/amber_b1_gui_node/include/amber_b1_gui_node/rt_nonfinite.h
[0.688s] -- Up-to-date: /home/amber/ros2_ws/install/amber_b1_gui_node/include/amber_b1_gui_node/kinematic.h
[0.691s] -- Up-to-date: /home/amber/ros2_ws/install/amber_b1_gui_node/include/amber_b1_gui_node/ForwardKinematics.h
[0.693s] -- Up-to-date: /home/amber/ros2_ws/install/amber_b1_gui_node/include/amber_b1_gui_node/InverseKinematics.h
[0.694s] -- Up-to-date: /home/amber/ros2_ws/install/amber_b1_gui_node/include/amber_b1_gui_node/InverseKinematics_types.h
[0.695s] -- Up-to-date: /home/amber/ros2_ws/install/amber_b1_gui_node/include/amber_b1_gui_node/rtwtypes.h
[0.697s] -- Up-to-date: /home/amber/ros2_ws/install/amber_b1_gui_node/include/amber_b1_gui_node/TrajectoryGenerator.h
[0.698s] -- Up-to-date: /home/amber/ros2_ws/install/amber_b1_gui_node/include/amber_b1_gui_node/udp.h
[0.699s] -- Up-to-date: /home/amber/ros2_ws/install/amber_b1_gui_node/include/amber_b1_gui_node/rt_defines.h
[0.700s] -- Up-to-date: /home/amber/ros2_ws/install/amber_b1_gui_node/share/ament_index/resource_index/package_run_dependencies/amber_b1_gui_node
[0.703s] -- Up-to-date: /home/amber/ros2_ws/install/amber_b1_gui_node/share/ament_index/resource_index/parent_prefix_path/amber_b1_gui_node
[0.720s] -- Up-to-date: /home/amber/ros2_ws/install/amber_b1_gui_node/share/amber_b1_gui_node/environment/ament_prefix_path.sh
[0.720s] -- Up-to-date: /home/amber/ros2_ws/install/amber_b1_gui_node/share/amber_b1_gui_node/environment/ament_prefix_path.dsv
[0.720s] -- Up-to-date: /home/amber/ros2_ws/install/amber_b1_gui_node/share/amber_b1_gui_node/environment/path.sh
[0.721s] -- Up-to-date: /home/amber/ros2_ws/install/amber_b1_gui_node/share/amber_b1_gui_node/environment/path.dsv
[0.721s] -- Up-to-date: /home/amber/ros2_ws/install/amber_b1_gui_node/share/amber_b1_gui_node/local_setup.bash
[0.721s] -- Up-to-date: /home/amber/ros2_ws/install/amber_b1_gui_node/share/amber_b1_gui_node/local_setup.sh
[0.724s] -- Up-to-date: /home/amber/ros2_ws/install/amber_b1_gui_node/share/amber_b1_gui_node/local_setup.zsh
[0.725s] -- Up-to-date: /home/amber/ros2_ws/install/amber_b1_gui_node/share/amber_b1_gui_node/local_setup.dsv
[0.725s] -- Installing: /home/amber/ros2_ws/install/amber_b1_gui_node/share/amber_b1_gui_node/package.dsv
[0.726s] -- Up-to-date: /home/amber/ros2_ws/install/amber_b1_gui_node/share/ament_index/resource_index/packages/amber_b1_gui_node
[0.728s] -- Up-to-date: /home/amber/ros2_ws/install/amber_b1_gui_node/share/amber_b1_gui_node/cmake/amber_b1_gui_nodeConfig.cmake
[0.728s] -- Up-to-date: /home/amber/ros2_ws/install/amber_b1_gui_node/share/amber_b1_gui_node/cmake/amber_b1_gui_nodeConfig-version.cmake
[0.729s] -- Up-to-date: /home/amber/ros2_ws/install/amber_b1_gui_node/share/amber_b1_gui_node/package.xml
[0.789s] Invoked command in '/home/amber/ros2_ws/build/amber_b1_gui_node' returned '0': CMAKE_PREFIX_PATH=/home/amber/ros2_ws/install/amber_b1_interfaces:/home/amber/ros2_ws/install/amber_b1_joint_control_demo:/home/amber/ros2_ws/install/amber_b1_hardware:/home/amber/ros2_ws/install/amber_b1_gui_node:/home/amber/ros2_ws/install/amber_b1_description:/home/amber/ros2_ws/install/amber_b1_bringup:/opt/ros/foxy LD_LIBRARY_PATH=/home/amber/ros2_ws/install/amber_b1_interfaces/lib:/home/amber/ros2_ws/install/amber_b1_hardware/lib:/opt/ros/foxy/opt/yaml_cpp_vendor/lib:/opt/ros/foxy/opt/rviz_ogre_vendor/lib:/opt/ros/foxy/lib/x86_64-linux-gnu:/opt/ros/foxy/lib /usr/bin/cmake --install /home/amber/ros2_ws/build/amber_b1_gui_node
