[0.068s] Invoking command in '/home/amber/ros2_ws/build/amber_b1_joint_control_demo': CMAKE_PREFIX_PATH=/opt/ros/foxy /usr/bin/cmake /home/amber/ros2_ws/src/amber_b1/amber_b1_joint_control_demo -DCMAKE_INSTALL_PREFIX=/home/amber/ros2_ws/install/amber_b1_joint_control_demo
[0.238s] -- The C compiler identification is GNU 9.3.0
[0.449s] -- The CXX compiler identification is GNU 9.3.0
[0.488s] -- Check for working C compiler: /usr/bin/cc
[0.679s] -- Check for working C compiler: /usr/bin/cc -- works
[0.709s] -- Detecting C compiler ABI info
[0.916s] -- Detecting C compiler ABI info - done
[0.970s] -- Detecting C compile features
[0.975s] -- Detecting C compile features - done
[0.984s] -- Check for working CXX compiler: /usr/bin/c++
[1.214s] -- Check for working CXX compiler: /usr/bin/c++ -- works
[1.217s] -- Detecting CXX compiler ABI info
[1.445s] -- Detecting CXX compiler ABI info - done
[1.478s] -- Detecting CXX compile features
[1.479s] -- Detecting CXX compile features - done
[1.484s] -- Found ament_cmake: 0.9.9 (/opt/ros/foxy/share/ament_cmake/cmake)
[1.541s] -- Found PythonInterp: /usr/bin/python3 (found suitable version "3.8.10", minimum required is "3") 
[1.542s] -- Using PYTHON_EXECUTABLE: /usr/bin/python3
[2.159s] -- Found rclcpp: 2.4.0 (/opt/ros/foxy/share/rclcpp/cmake)
[2.260s] -- Using all available rosidl_typesupport_c: rosidl_typesupport_fastrtps_c;rosidl_typesupport_introspection_c
[2.275s] -- Found rosidl_adapter: 1.2.1 (/opt/ros/foxy/share/rosidl_adapter/cmake)
[2.441s] -- Found OpenSSL: /usr/lib/x86_64-linux-gnu/libcrypto.so (found version "1.1.1f")  
[2.489s] -- Found FastRTPS: /opt/ros/foxy/include  
[2.684s] -- Using all available rosidl_typesupport_cpp: rosidl_typesupport_fastrtps_cpp;rosidl_typesupport_introspection_cpp
[2.852s] -- Found rmw_implementation_cmake: 1.0.3 (/opt/ros/foxy/share/rmw_implementation_cmake/cmake)
[2.855s] -- Using RMW implementation 'rmw_fastrtps_cpp' as default
[2.860s] -- Looking for pthread.h
[3.055s] -- Looking for pthread.h - found
[3.057s] -- Performing Test CMAKE_HAVE_LIBC_PTHREAD
[3.277s] -- Performing Test CMAKE_HAVE_LIBC_PTHREAD - Failed
[3.278s] -- Looking for pthread_create in pthreads
[3.449s] -- Looking for pthread_create in pthreads - not found
[3.450s] -- Looking for pthread_create in pthread
[3.641s] -- Looking for pthread_create in pthread - found
[3.643s] -- Found Threads: TRUE  
[4.142s] -- Found trajectory_msgs: 2.0.4 (/opt/ros/foxy/share/trajectory_msgs/cmake)
[4.508s] -- Found ament_lint_auto: 0.9.6 (/opt/ros/foxy/share/ament_lint_auto/cmake)
[4.727s] -- Added test 'copyright' to check source files copyright and LICENSE
[4.729s] -- Added test 'cppcheck' to perform static code analysis on C / C++ code
[4.730s] -- Configured cppcheck include dirs: 
[4.730s] -- Configured cppcheck exclude dirs and/or files: 
[4.731s] -- Added test 'cpplint' to check C / C++ code against the Google style
[4.732s] -- Configured cpplint exclude dirs and/or files: 
[4.733s] -- Added test 'lint_cmake' to check CMake code style
[4.735s] -- Added test 'uncrustify' to check C / C++ code style
[4.736s] -- Configured uncrustify additional arguments: 
[4.737s] -- Added test 'xmllint' to check XML markup files
[4.744s] -- Configuring done
[4.771s] -- Generating done
[4.775s] -- Build files have been written to: /home/amber/ros2_ws/build/amber_b1_joint_control_demo
[4.797s] Invoked command in '/home/amber/ros2_ws/build/amber_b1_joint_control_demo' returned '0': CMAKE_PREFIX_PATH=/opt/ros/foxy /usr/bin/cmake /home/amber/ros2_ws/src/amber_b1/amber_b1_joint_control_demo -DCMAKE_INSTALL_PREFIX=/home/amber/ros2_ws/install/amber_b1_joint_control_demo
[4.805s] Invoking command in '/home/amber/ros2_ws/build/amber_b1_joint_control_demo': CMAKE_PREFIX_PATH=/opt/ros/foxy /usr/bin/cmake --build /home/amber/ros2_ws/build/amber_b1_joint_control_demo -- -j4 -l4
[4.926s] [35m[1mScanning dependencies of target joint_control_demo[0m
[5.022s] [ 50%] [32mBuilding CXX object CMakeFiles/joint_control_demo.dir/src/joint_control_demo.cpp.o[0m
[17.156s] [100%] [32m[1mLinking CXX executable joint_control_demo[0m
[17.821s] [100%] Built target joint_control_demo
