[0.075s] Invoking command in '/home/amber/ros2_ws/build/amber_b1_joint_control_demo': CMAKE_PREFIX_PATH=/opt/ros/foxy /usr/bin/cmake --build /home/amber/ros2_ws/build/amber_b1_joint_control_demo -- -j4 -l4
[0.285s] [100%] Built target joint_control_demo
[0.368s] Invoked command in '/home/amber/ros2_ws/build/amber_b1_joint_control_demo' returned '0': CMAKE_PREFIX_PATH=/opt/ros/foxy /usr/bin/cmake --build /home/amber/ros2_ws/build/amber_b1_joint_control_demo -- -j4 -l4
[0.476s] Invoking command in '/home/amber/ros2_ws/build/amber_b1_joint_control_demo': CMAKE_PREFIX_PATH=/opt/ros/foxy /usr/bin/cmake --install /home/amber/ros2_ws/build/amber_b1_joint_control_demo
[0.504s] -- Install configuration: ""
[0.505s] -- Installing: /home/amber/ros2_ws/install/amber_b1_joint_control_demo/lib/amber_b1_joint_control_demo/joint_control_demo
[0.509s] -- Set runtime path of "/home/amber/ros2_ws/install/amber_b1_joint_control_demo/lib/amber_b1_joint_control_demo/joint_control_demo" to ""
[0.510s] -- Installing: /home/amber/ros2_ws/install/amber_b1_joint_control_demo/share/ament_index/resource_index/package_run_dependencies/amber_b1_joint_control_demo
[0.511s] -- Installing: /home/amber/ros2_ws/install/amber_b1_joint_control_demo/share/ament_index/resource_index/parent_prefix_path/amber_b1_joint_control_demo
[0.512s] -- Installing: /home/amber/ros2_ws/install/amber_b1_joint_control_demo/share/amber_b1_joint_control_demo/environment/ament_prefix_path.sh
[0.513s] -- Installing: /home/amber/ros2_ws/install/amber_b1_joint_control_demo/share/amber_b1_joint_control_demo/environment/ament_prefix_path.dsv
[0.514s] -- Installing: /home/amber/ros2_ws/install/amber_b1_joint_control_demo/share/amber_b1_joint_control_demo/environment/path.sh
[0.515s] -- Installing: /home/amber/ros2_ws/install/amber_b1_joint_control_demo/share/amber_b1_joint_control_demo/environment/path.dsv
[0.515s] -- Installing: /home/amber/ros2_ws/install/amber_b1_joint_control_demo/share/amber_b1_joint_control_demo/local_setup.bash
[0.516s] -- Installing: /home/amber/ros2_ws/install/amber_b1_joint_control_demo/share/amber_b1_joint_control_demo/local_setup.sh
[0.516s] -- Installing: /home/amber/ros2_ws/install/amber_b1_joint_control_demo/share/amber_b1_joint_control_demo/local_setup.zsh
[0.517s] -- Installing: /home/amber/ros2_ws/install/amber_b1_joint_control_demo/share/amber_b1_joint_control_demo/local_setup.dsv
[0.517s] -- Installing: /home/amber/ros2_ws/install/amber_b1_joint_control_demo/share/amber_b1_joint_control_demo/package.dsv
[0.518s] -- Installing: /home/amber/ros2_ws/install/amber_b1_joint_control_demo/share/ament_index/resource_index/packages/amber_b1_joint_control_demo
[0.519s] -- Installing: /home/amber/ros2_ws/install/amber_b1_joint_control_demo/share/amber_b1_joint_control_demo/cmake/amber_b1_joint_control_demoConfig.cmake
[0.519s] -- Installing: /home/amber/ros2_ws/install/amber_b1_joint_control_demo/share/amber_b1_joint_control_demo/cmake/amber_b1_joint_control_demoConfig-version.cmake
[0.519s] -- Installing: /home/amber/ros2_ws/install/amber_b1_joint_control_demo/share/amber_b1_joint_control_demo/package.xml
[0.528s] Invoked command in '/home/amber/ros2_ws/build/amber_b1_joint_control_demo' returned '0': CMAKE_PREFIX_PATH=/opt/ros/foxy /usr/bin/cmake --install /home/amber/ros2_ws/build/amber_b1_joint_control_demo
