[0.446s] DEBUG:colcon:Command line arguments: ['/usr/bin/colcon', 'build']
[0.446s] DEBUG:colcon:Parsed command line arguments: Namespace(allow_overriding=[], ament_cmake_args=None, base_paths=['.'], build_base='build', catkin_cmake_args=None, catkin_skip_building_tests=False, cmake_args=None, cmake_clean_cache=False, cmake_clean_first=False, cmake_force_configure=False, cmake_target=None, cmake_target_skip_unavailable=False, continue_on_error=False, event_handlers=None, executor='parallel', ignore_user_meta=False, install_base='install', log_base=None, log_level=None, main=<bound method BuildVerb.main of <colcon_core.verb.build.BuildVerb object at 0x7f926e2713a0>>, merge_install=False, metas=['./colcon.meta'], packages_above=None, packages_above_and_dependencies=None, packages_above_depth=None, packages_end=None, packages_ignore=None, packages_ignore_regex=None, packages_select=None, packages_select_build_failed=False, packages_select_by_dep=None, packages_select_regex=None, packages_select_test_failures=False, packages_skip=None, packages_skip_build_finished=False, packages_skip_by_dep=None, packages_skip_regex=None, packages_skip_test_passed=False, packages_skip_up_to=None, packages_start=None, packages_up_to=None, packages_up_to_regex=None, parallel_workers=4, paths=None, symlink_install=False, test_result_base=None, verb_extension=<colcon_core.verb.build.BuildVerb object at 0x7f926e2713a0>, verb_name='build', verb_parser=<colcon_defaults.argument_parser.defaults.DefaultArgumentsDecorator object at 0x7f926e2718e0>)
[0.462s] Level 1:colcon.colcon_core.package_discovery:discover_packages(colcon_meta) check parameters
[0.463s] Level 1:colcon.colcon_core.package_discovery:discover_packages(recursive) check parameters
[0.463s] Level 1:colcon.colcon_core.package_discovery:discover_packages(ignore) check parameters
[0.463s] Level 1:colcon.colcon_core.package_discovery:discover_packages(path) check parameters
[0.463s] Level 1:colcon.colcon_core.package_discovery:discover_packages(colcon_meta) discover
[0.463s] Level 1:colcon.colcon_core.package_discovery:discover_packages(recursive) discover
[0.463s] INFO:colcon.colcon_core.package_discovery:Crawling recursively for packages in '/home/amber/ros2_ws'
[0.464s] Level 1:colcon.colcon_core.package_identification:_identify(.) by extensions ['ignore', 'ignore_ament_install']
[0.464s] Level 1:colcon.colcon_core.package_identification:_identify(.) by extension 'ignore'
[0.464s] Level 1:colcon.colcon_core.package_identification:_identify(.) by extension 'ignore_ament_install'
[0.464s] Level 1:colcon.colcon_core.package_identification:_identify(.) by extensions ['colcon_pkg']
[0.464s] Level 1:colcon.colcon_core.package_identification:_identify(.) by extension 'colcon_pkg'
[0.465s] Level 1:colcon.colcon_core.package_identification:_identify(.) by extensions ['colcon_meta']
[0.465s] Level 1:colcon.colcon_core.package_identification:_identify(.) by extension 'colcon_meta'
[0.465s] Level 1:colcon.colcon_core.package_identification:_identify(.) by extensions ['ros']
[0.465s] Level 1:colcon.colcon_core.package_identification:_identify(.) by extension 'ros'
[0.500s] Level 1:colcon.colcon_core.package_identification:_identify(.) by extensions ['cmake', 'python']
[0.500s] Level 1:colcon.colcon_core.package_identification:_identify(.) by extension 'cmake'
[0.500s] Level 1:colcon.colcon_core.package_identification:_identify(.) by extension 'python'
[0.500s] Level 1:colcon.colcon_core.package_identification:_identify(.) by extensions ['python_setup_py']
[0.500s] Level 1:colcon.colcon_core.package_identification:_identify(.) by extension 'python_setup_py'
[0.501s] Level 1:colcon.colcon_core.package_identification:_identify(build) by extensions ['ignore', 'ignore_ament_install']
[0.501s] Level 1:colcon.colcon_core.package_identification:_identify(build) by extension 'ignore'
[0.501s] Level 1:colcon.colcon_core.package_identification:_identify(build) ignored
[0.502s] Level 1:colcon.colcon_core.package_identification:_identify(install) by extensions ['ignore', 'ignore_ament_install']
[0.502s] Level 1:colcon.colcon_core.package_identification:_identify(install) by extension 'ignore'
[0.502s] Level 1:colcon.colcon_core.package_identification:_identify(install) ignored
[0.503s] Level 1:colcon.colcon_core.package_identification:_identify(log) by extensions ['ignore', 'ignore_ament_install']
[0.503s] Level 1:colcon.colcon_core.package_identification:_identify(log) by extension 'ignore'
[0.503s] Level 1:colcon.colcon_core.package_identification:_identify(log) ignored
[0.503s] Level 1:colcon.colcon_core.package_identification:_identify(src) by extensions ['ignore', 'ignore_ament_install']
[0.504s] Level 1:colcon.colcon_core.package_identification:_identify(src) by extension 'ignore'
[0.504s] Level 1:colcon.colcon_core.package_identification:_identify(src) by extension 'ignore_ament_install'
[0.504s] Level 1:colcon.colcon_core.package_identification:_identify(src) by extensions ['colcon_pkg']
[0.504s] Level 1:colcon.colcon_core.package_identification:_identify(src) by extension 'colcon_pkg'
[0.504s] Level 1:colcon.colcon_core.package_identification:_identify(src) by extensions ['colcon_meta']
[0.504s] Level 1:colcon.colcon_core.package_identification:_identify(src) by extension 'colcon_meta'
[0.504s] Level 1:colcon.colcon_core.package_identification:_identify(src) by extensions ['ros']
[0.504s] Level 1:colcon.colcon_core.package_identification:_identify(src) by extension 'ros'
[0.505s] Level 1:colcon.colcon_core.package_identification:_identify(src) by extensions ['cmake', 'python']
[0.505s] Level 1:colcon.colcon_core.package_identification:_identify(src) by extension 'cmake'
[0.505s] Level 1:colcon.colcon_core.package_identification:_identify(src) by extension 'python'
[0.505s] Level 1:colcon.colcon_core.package_identification:_identify(src) by extensions ['python_setup_py']
[0.505s] Level 1:colcon.colcon_core.package_identification:_identify(src) by extension 'python_setup_py'
[0.506s] Level 1:colcon.colcon_core.package_identification:_identify(src/amber_b1) by extensions ['ignore', 'ignore_ament_install']
[0.506s] Level 1:colcon.colcon_core.package_identification:_identify(src/amber_b1) by extension 'ignore'
[0.506s] Level 1:colcon.colcon_core.package_identification:_identify(src/amber_b1) by extension 'ignore_ament_install'
[0.506s] Level 1:colcon.colcon_core.package_identification:_identify(src/amber_b1) by extensions ['colcon_pkg']
[0.506s] Level 1:colcon.colcon_core.package_identification:_identify(src/amber_b1) by extension 'colcon_pkg'
[0.507s] Level 1:colcon.colcon_core.package_identification:_identify(src/amber_b1) by extensions ['colcon_meta']
[0.507s] Level 1:colcon.colcon_core.package_identification:_identify(src/amber_b1) by extension 'colcon_meta'
[0.507s] Level 1:colcon.colcon_core.package_identification:_identify(src/amber_b1) by extensions ['ros']
[0.507s] Level 1:colcon.colcon_core.package_identification:_identify(src/amber_b1) by extension 'ros'
[0.507s] Level 1:colcon.colcon_core.package_identification:_identify(src/amber_b1) by extensions ['cmake', 'python']
[0.507s] Level 1:colcon.colcon_core.package_identification:_identify(src/amber_b1) by extension 'cmake'
[0.507s] Level 1:colcon.colcon_core.package_identification:_identify(src/amber_b1) by extension 'python'
[0.507s] Level 1:colcon.colcon_core.package_identification:_identify(src/amber_b1) by extensions ['python_setup_py']
[0.508s] Level 1:colcon.colcon_core.package_identification:_identify(src/amber_b1) by extension 'python_setup_py'
[0.508s] Level 1:colcon.colcon_core.package_identification:_identify(src/amber_b1/amber_b1_bringup) by extensions ['ignore', 'ignore_ament_install']
[0.508s] Level 1:colcon.colcon_core.package_identification:_identify(src/amber_b1/amber_b1_bringup) by extension 'ignore'
[0.508s] Level 1:colcon.colcon_core.package_identification:_identify(src/amber_b1/amber_b1_bringup) by extension 'ignore_ament_install'
[0.509s] Level 1:colcon.colcon_core.package_identification:_identify(src/amber_b1/amber_b1_bringup) by extensions ['colcon_pkg']
[0.509s] Level 1:colcon.colcon_core.package_identification:_identify(src/amber_b1/amber_b1_bringup) by extension 'colcon_pkg'
[0.509s] Level 1:colcon.colcon_core.package_identification:_identify(src/amber_b1/amber_b1_bringup) by extensions ['colcon_meta']
[0.509s] Level 1:colcon.colcon_core.package_identification:_identify(src/amber_b1/amber_b1_bringup) by extension 'colcon_meta'
[0.509s] Level 1:colcon.colcon_core.package_identification:_identify(src/amber_b1/amber_b1_bringup) by extensions ['ros']
[0.509s] Level 1:colcon.colcon_core.package_identification:_identify(src/amber_b1/amber_b1_bringup) by extension 'ros'
[0.516s] DEBUG:colcon.colcon_core.package_identification:Package 'src/amber_b1/amber_b1_bringup' with type 'ros.ament_cmake' and name 'amber_b1_bringup'
[0.517s] Level 1:colcon.colcon_core.package_identification:_identify(src/amber_b1/amber_b1_description) by extensions ['ignore', 'ignore_ament_install']
[0.517s] Level 1:colcon.colcon_core.package_identification:_identify(src/amber_b1/amber_b1_description) by extension 'ignore'
[0.517s] Level 1:colcon.colcon_core.package_identification:_identify(src/amber_b1/amber_b1_description) by extension 'ignore_ament_install'
[0.517s] Level 1:colcon.colcon_core.package_identification:_identify(src/amber_b1/amber_b1_description) by extensions ['colcon_pkg']
[0.517s] Level 1:colcon.colcon_core.package_identification:_identify(src/amber_b1/amber_b1_description) by extension 'colcon_pkg'
[0.517s] Level 1:colcon.colcon_core.package_identification:_identify(src/amber_b1/amber_b1_description) by extensions ['colcon_meta']
[0.518s] Level 1:colcon.colcon_core.package_identification:_identify(src/amber_b1/amber_b1_description) by extension 'colcon_meta'
[0.518s] Level 1:colcon.colcon_core.package_identification:_identify(src/amber_b1/amber_b1_description) by extensions ['ros']
[0.518s] Level 1:colcon.colcon_core.package_identification:_identify(src/amber_b1/amber_b1_description) by extension 'ros'
[0.519s] DEBUG:colcon.colcon_core.package_identification:Package 'src/amber_b1/amber_b1_description' with type 'ros.ament_cmake' and name 'amber_b1_description'
[0.520s] Level 1:colcon.colcon_core.package_identification:_identify(src/amber_b1/amber_b1_gui_node) by extensions ['ignore', 'ignore_ament_install']
[0.520s] Level 1:colcon.colcon_core.package_identification:_identify(src/amber_b1/amber_b1_gui_node) by extension 'ignore'
[0.520s] Level 1:colcon.colcon_core.package_identification:_identify(src/amber_b1/amber_b1_gui_node) by extension 'ignore_ament_install'
[0.521s] Level 1:colcon.colcon_core.package_identification:_identify(src/amber_b1/amber_b1_gui_node) by extensions ['colcon_pkg']
[0.521s] Level 1:colcon.colcon_core.package_identification:_identify(src/amber_b1/amber_b1_gui_node) by extension 'colcon_pkg'
[0.521s] Level 1:colcon.colcon_core.package_identification:_identify(src/amber_b1/amber_b1_gui_node) by extensions ['colcon_meta']
[0.521s] Level 1:colcon.colcon_core.package_identification:_identify(src/amber_b1/amber_b1_gui_node) by extension 'colcon_meta'
[0.521s] Level 1:colcon.colcon_core.package_identification:_identify(src/amber_b1/amber_b1_gui_node) by extensions ['ros']
[0.521s] Level 1:colcon.colcon_core.package_identification:_identify(src/amber_b1/amber_b1_gui_node) by extension 'ros'
[0.524s] DEBUG:colcon.colcon_core.package_identification:Package 'src/amber_b1/amber_b1_gui_node' with type 'ros.ament_cmake' and name 'amber_b1_gui_node'
[0.525s] Level 1:colcon.colcon_core.package_identification:_identify(src/amber_b1/amber_b1_hardware) by extensions ['ignore', 'ignore_ament_install']
[0.525s] Level 1:colcon.colcon_core.package_identification:_identify(src/amber_b1/amber_b1_hardware) by extension 'ignore'
[0.525s] Level 1:colcon.colcon_core.package_identification:_identify(src/amber_b1/amber_b1_hardware) by extension 'ignore_ament_install'
[0.525s] Level 1:colcon.colcon_core.package_identification:_identify(src/amber_b1/amber_b1_hardware) by extensions ['colcon_pkg']
[0.525s] Level 1:colcon.colcon_core.package_identification:_identify(src/amber_b1/amber_b1_hardware) by extension 'colcon_pkg'
[0.526s] Level 1:colcon.colcon_core.package_identification:_identify(src/amber_b1/amber_b1_hardware) by extensions ['colcon_meta']
[0.526s] Level 1:colcon.colcon_core.package_identification:_identify(src/amber_b1/amber_b1_hardware) by extension 'colcon_meta'
[0.526s] Level 1:colcon.colcon_core.package_identification:_identify(src/amber_b1/amber_b1_hardware) by extensions ['ros']
[0.526s] Level 1:colcon.colcon_core.package_identification:_identify(src/amber_b1/amber_b1_hardware) by extension 'ros'
[0.529s] DEBUG:colcon.colcon_core.package_identification:Package 'src/amber_b1/amber_b1_hardware' with type 'ros.ament_cmake' and name 'amber_b1_hardware'
[0.529s] Level 1:colcon.colcon_core.package_identification:_identify(src/amber_b1/amber_b1_interfaces) by extensions ['ignore', 'ignore_ament_install']
[0.529s] Level 1:colcon.colcon_core.package_identification:_identify(src/amber_b1/amber_b1_interfaces) by extension 'ignore'
[0.530s] Level 1:colcon.colcon_core.package_identification:_identify(src/amber_b1/amber_b1_interfaces) by extension 'ignore_ament_install'
[0.530s] Level 1:colcon.colcon_core.package_identification:_identify(src/amber_b1/amber_b1_interfaces) by extensions ['colcon_pkg']
[0.530s] Level 1:colcon.colcon_core.package_identification:_identify(src/amber_b1/amber_b1_interfaces) by extension 'colcon_pkg'
[0.530s] Level 1:colcon.colcon_core.package_identification:_identify(src/amber_b1/amber_b1_interfaces) by extensions ['colcon_meta']
[0.530s] Level 1:colcon.colcon_core.package_identification:_identify(src/amber_b1/amber_b1_interfaces) by extension 'colcon_meta'
[0.530s] Level 1:colcon.colcon_core.package_identification:_identify(src/amber_b1/amber_b1_interfaces) by extensions ['ros']
[0.530s] Level 1:colcon.colcon_core.package_identification:_identify(src/amber_b1/amber_b1_interfaces) by extension 'ros'
[0.532s] DEBUG:colcon.colcon_core.package_identification:Package 'src/amber_b1/amber_b1_interfaces' with type 'ros.ament_cmake' and name 'amber_b1_interfaces'
[0.533s] Level 1:colcon.colcon_core.package_identification:_identify(src/amber_b1/amber_b1_joint_control_demo) by extensions ['ignore', 'ignore_ament_install']
[0.533s] Level 1:colcon.colcon_core.package_identification:_identify(src/amber_b1/amber_b1_joint_control_demo) by extension 'ignore'
[0.533s] Level 1:colcon.colcon_core.package_identification:_identify(src/amber_b1/amber_b1_joint_control_demo) by extension 'ignore_ament_install'
[0.533s] Level 1:colcon.colcon_core.package_identification:_identify(src/amber_b1/amber_b1_joint_control_demo) by extensions ['colcon_pkg']
[0.533s] Level 1:colcon.colcon_core.package_identification:_identify(src/amber_b1/amber_b1_joint_control_demo) by extension 'colcon_pkg'
[0.533s] Level 1:colcon.colcon_core.package_identification:_identify(src/amber_b1/amber_b1_joint_control_demo) by extensions ['colcon_meta']
[0.534s] Level 1:colcon.colcon_core.package_identification:_identify(src/amber_b1/amber_b1_joint_control_demo) by extension 'colcon_meta'
[0.534s] Level 1:colcon.colcon_core.package_identification:_identify(src/amber_b1/amber_b1_joint_control_demo) by extensions ['ros']
[0.534s] Level 1:colcon.colcon_core.package_identification:_identify(src/amber_b1/amber_b1_joint_control_demo) by extension 'ros'
[0.536s] DEBUG:colcon.colcon_core.package_identification:Package 'src/amber_b1/amber_b1_joint_control_demo' with type 'ros.ament_cmake' and name 'amber_b1_joint_control_demo'
[0.536s] Level 1:colcon.colcon_core.package_discovery:discover_packages(recursive) using defaults
[0.536s] Level 1:colcon.colcon_core.package_discovery:discover_packages(ignore) discover
[0.536s] Level 1:colcon.colcon_core.package_discovery:discover_packages(ignore) using defaults
[0.537s] Level 1:colcon.colcon_core.package_discovery:discover_packages(path) discover
[0.537s] Level 1:colcon.colcon_core.package_discovery:discover_packages(path) using defaults
[0.593s] Level 5:colcon.colcon_core.verb:set package 'amber_b1_bringup' build argument 'cmake_args' from command line to 'None'
[0.593s] Level 5:colcon.colcon_core.verb:set package 'amber_b1_bringup' build argument 'cmake_target' from command line to 'None'
[0.593s] Level 5:colcon.colcon_core.verb:set package 'amber_b1_bringup' build argument 'cmake_target_skip_unavailable' from command line to 'False'
[0.593s] Level 5:colcon.colcon_core.verb:set package 'amber_b1_bringup' build argument 'cmake_clean_cache' from command line to 'False'
[0.593s] Level 5:colcon.colcon_core.verb:set package 'amber_b1_bringup' build argument 'cmake_clean_first' from command line to 'False'
[0.593s] Level 5:colcon.colcon_core.verb:set package 'amber_b1_bringup' build argument 'cmake_force_configure' from command line to 'False'
[0.593s] Level 5:colcon.colcon_core.verb:set package 'amber_b1_bringup' build argument 'ament_cmake_args' from command line to 'None'
[0.594s] Level 5:colcon.colcon_core.verb:set package 'amber_b1_bringup' build argument 'catkin_cmake_args' from command line to 'None'
[0.594s] Level 5:colcon.colcon_core.verb:set package 'amber_b1_bringup' build argument 'catkin_skip_building_tests' from command line to 'False'
[0.594s] DEBUG:colcon.colcon_core.verb:Building package 'amber_b1_bringup' with the following arguments: {'ament_cmake_args': None, 'build_base': '/home/amber/ros2_ws/build/amber_b1_bringup', 'catkin_cmake_args': None, 'catkin_skip_building_tests': False, 'cmake_args': None, 'cmake_clean_cache': False, 'cmake_clean_first': False, 'cmake_force_configure': False, 'cmake_target': None, 'cmake_target_skip_unavailable': False, 'install_base': '/home/amber/ros2_ws/install/amber_b1_bringup', 'merge_install': False, 'path': '/home/amber/ros2_ws/src/amber_b1/amber_b1_bringup', 'symlink_install': False, 'test_result_base': None}
[0.596s] Level 5:colcon.colcon_core.verb:set package 'amber_b1_description' build argument 'cmake_args' from command line to 'None'
[0.596s] Level 5:colcon.colcon_core.verb:set package 'amber_b1_description' build argument 'cmake_target' from command line to 'None'
[0.596s] Level 5:colcon.colcon_core.verb:set package 'amber_b1_description' build argument 'cmake_target_skip_unavailable' from command line to 'False'
[0.596s] Level 5:colcon.colcon_core.verb:set package 'amber_b1_description' build argument 'cmake_clean_cache' from command line to 'False'
[0.596s] Level 5:colcon.colcon_core.verb:set package 'amber_b1_description' build argument 'cmake_clean_first' from command line to 'False'
[0.597s] Level 5:colcon.colcon_core.verb:set package 'amber_b1_description' build argument 'cmake_force_configure' from command line to 'False'
[0.597s] Level 5:colcon.colcon_core.verb:set package 'amber_b1_description' build argument 'ament_cmake_args' from command line to 'None'
[0.597s] Level 5:colcon.colcon_core.verb:set package 'amber_b1_description' build argument 'catkin_cmake_args' from command line to 'None'
[0.597s] Level 5:colcon.colcon_core.verb:set package 'amber_b1_description' build argument 'catkin_skip_building_tests' from command line to 'False'
[0.597s] DEBUG:colcon.colcon_core.verb:Building package 'amber_b1_description' with the following arguments: {'ament_cmake_args': None, 'build_base': '/home/amber/ros2_ws/build/amber_b1_description', 'catkin_cmake_args': None, 'catkin_skip_building_tests': False, 'cmake_args': None, 'cmake_clean_cache': False, 'cmake_clean_first': False, 'cmake_force_configure': False, 'cmake_target': None, 'cmake_target_skip_unavailable': False, 'install_base': '/home/amber/ros2_ws/install/amber_b1_description', 'merge_install': False, 'path': '/home/amber/ros2_ws/src/amber_b1/amber_b1_description', 'symlink_install': False, 'test_result_base': None}
[0.599s] Level 5:colcon.colcon_core.verb:set package 'amber_b1_interfaces' build argument 'cmake_args' from command line to 'None'
[0.600s] Level 5:colcon.colcon_core.verb:set package 'amber_b1_interfaces' build argument 'cmake_target' from command line to 'None'
[0.600s] Level 5:colcon.colcon_core.verb:set package 'amber_b1_interfaces' build argument 'cmake_target_skip_unavailable' from command line to 'False'
[0.600s] Level 5:colcon.colcon_core.verb:set package 'amber_b1_interfaces' build argument 'cmake_clean_cache' from command line to 'False'
[0.600s] Level 5:colcon.colcon_core.verb:set package 'amber_b1_interfaces' build argument 'cmake_clean_first' from command line to 'False'
[0.600s] Level 5:colcon.colcon_core.verb:set package 'amber_b1_interfaces' build argument 'cmake_force_configure' from command line to 'False'
[0.600s] Level 5:colcon.colcon_core.verb:set package 'amber_b1_interfaces' build argument 'ament_cmake_args' from command line to 'None'
[0.600s] Level 5:colcon.colcon_core.verb:set package 'amber_b1_interfaces' build argument 'catkin_cmake_args' from command line to 'None'
[0.600s] Level 5:colcon.colcon_core.verb:set package 'amber_b1_interfaces' build argument 'catkin_skip_building_tests' from command line to 'False'
[0.600s] DEBUG:colcon.colcon_core.verb:Building package 'amber_b1_interfaces' with the following arguments: {'ament_cmake_args': None, 'build_base': '/home/amber/ros2_ws/build/amber_b1_interfaces', 'catkin_cmake_args': None, 'catkin_skip_building_tests': False, 'cmake_args': None, 'cmake_clean_cache': False, 'cmake_clean_first': False, 'cmake_force_configure': False, 'cmake_target': None, 'cmake_target_skip_unavailable': False, 'install_base': '/home/amber/ros2_ws/install/amber_b1_interfaces', 'merge_install': False, 'path': '/home/amber/ros2_ws/src/amber_b1/amber_b1_interfaces', 'symlink_install': False, 'test_result_base': None}
[0.603s] Level 5:colcon.colcon_core.verb:set package 'amber_b1_joint_control_demo' build argument 'cmake_args' from command line to 'None'
[0.603s] Level 5:colcon.colcon_core.verb:set package 'amber_b1_joint_control_demo' build argument 'cmake_target' from command line to 'None'
[0.603s] Level 5:colcon.colcon_core.verb:set package 'amber_b1_joint_control_demo' build argument 'cmake_target_skip_unavailable' from command line to 'False'
[0.603s] Level 5:colcon.colcon_core.verb:set package 'amber_b1_joint_control_demo' build argument 'cmake_clean_cache' from command line to 'False'
[0.603s] Level 5:colcon.colcon_core.verb:set package 'amber_b1_joint_control_demo' build argument 'cmake_clean_first' from command line to 'False'
[0.603s] Level 5:colcon.colcon_core.verb:set package 'amber_b1_joint_control_demo' build argument 'cmake_force_configure' from command line to 'False'
[0.603s] Level 5:colcon.colcon_core.verb:set package 'amber_b1_joint_control_demo' build argument 'ament_cmake_args' from command line to 'None'
[0.603s] Level 5:colcon.colcon_core.verb:set package 'amber_b1_joint_control_demo' build argument 'catkin_cmake_args' from command line to 'None'
[0.603s] Level 5:colcon.colcon_core.verb:set package 'amber_b1_joint_control_demo' build argument 'catkin_skip_building_tests' from command line to 'False'
[0.604s] DEBUG:colcon.colcon_core.verb:Building package 'amber_b1_joint_control_demo' with the following arguments: {'ament_cmake_args': None, 'build_base': '/home/amber/ros2_ws/build/amber_b1_joint_control_demo', 'catkin_cmake_args': None, 'catkin_skip_building_tests': False, 'cmake_args': None, 'cmake_clean_cache': False, 'cmake_clean_first': False, 'cmake_force_configure': False, 'cmake_target': None, 'cmake_target_skip_unavailable': False, 'install_base': '/home/amber/ros2_ws/install/amber_b1_joint_control_demo', 'merge_install': False, 'path': '/home/amber/ros2_ws/src/amber_b1/amber_b1_joint_control_demo', 'symlink_install': False, 'test_result_base': None}
[0.606s] Level 5:colcon.colcon_core.verb:set package 'amber_b1_gui_node' build argument 'cmake_args' from command line to 'None'
[0.606s] Level 5:colcon.colcon_core.verb:set package 'amber_b1_gui_node' build argument 'cmake_target' from command line to 'None'
[0.606s] Level 5:colcon.colcon_core.verb:set package 'amber_b1_gui_node' build argument 'cmake_target_skip_unavailable' from command line to 'False'
[0.607s] Level 5:colcon.colcon_core.verb:set package 'amber_b1_gui_node' build argument 'cmake_clean_cache' from command line to 'False'
[0.607s] Level 5:colcon.colcon_core.verb:set package 'amber_b1_gui_node' build argument 'cmake_clean_first' from command line to 'False'
[0.607s] Level 5:colcon.colcon_core.verb:set package 'amber_b1_gui_node' build argument 'cmake_force_configure' from command line to 'False'
[0.607s] Level 5:colcon.colcon_core.verb:set package 'amber_b1_gui_node' build argument 'ament_cmake_args' from command line to 'None'
[0.607s] Level 5:colcon.colcon_core.verb:set package 'amber_b1_gui_node' build argument 'catkin_cmake_args' from command line to 'None'
[0.607s] Level 5:colcon.colcon_core.verb:set package 'amber_b1_gui_node' build argument 'catkin_skip_building_tests' from command line to 'False'
[0.607s] DEBUG:colcon.colcon_core.verb:Building package 'amber_b1_gui_node' with the following arguments: {'ament_cmake_args': None, 'build_base': '/home/amber/ros2_ws/build/amber_b1_gui_node', 'catkin_cmake_args': None, 'catkin_skip_building_tests': False, 'cmake_args': None, 'cmake_clean_cache': False, 'cmake_clean_first': False, 'cmake_force_configure': False, 'cmake_target': None, 'cmake_target_skip_unavailable': False, 'install_base': '/home/amber/ros2_ws/install/amber_b1_gui_node', 'merge_install': False, 'path': '/home/amber/ros2_ws/src/amber_b1/amber_b1_gui_node', 'symlink_install': False, 'test_result_base': None}
[0.610s] Level 5:colcon.colcon_core.verb:set package 'amber_b1_hardware' build argument 'cmake_args' from command line to 'None'
[0.610s] Level 5:colcon.colcon_core.verb:set package 'amber_b1_hardware' build argument 'cmake_target' from command line to 'None'
[0.610s] Level 5:colcon.colcon_core.verb:set package 'amber_b1_hardware' build argument 'cmake_target_skip_unavailable' from command line to 'False'
[0.610s] Level 5:colcon.colcon_core.verb:set package 'amber_b1_hardware' build argument 'cmake_clean_cache' from command line to 'False'
[0.610s] Level 5:colcon.colcon_core.verb:set package 'amber_b1_hardware' build argument 'cmake_clean_first' from command line to 'False'
[0.610s] Level 5:colcon.colcon_core.verb:set package 'amber_b1_hardware' build argument 'cmake_force_configure' from command line to 'False'
[0.610s] Level 5:colcon.colcon_core.verb:set package 'amber_b1_hardware' build argument 'ament_cmake_args' from command line to 'None'
[0.611s] Level 5:colcon.colcon_core.verb:set package 'amber_b1_hardware' build argument 'catkin_cmake_args' from command line to 'None'
[0.611s] Level 5:colcon.colcon_core.verb:set package 'amber_b1_hardware' build argument 'catkin_skip_building_tests' from command line to 'False'
[0.611s] DEBUG:colcon.colcon_core.verb:Building package 'amber_b1_hardware' with the following arguments: {'ament_cmake_args': None, 'build_base': '/home/amber/ros2_ws/build/amber_b1_hardware', 'catkin_cmake_args': None, 'catkin_skip_building_tests': False, 'cmake_args': None, 'cmake_clean_cache': False, 'cmake_clean_first': False, 'cmake_force_configure': False, 'cmake_target': None, 'cmake_target_skip_unavailable': False, 'install_base': '/home/amber/ros2_ws/install/amber_b1_hardware', 'merge_install': False, 'path': '/home/amber/ros2_ws/src/amber_b1/amber_b1_hardware', 'symlink_install': False, 'test_result_base': None}
[0.620s] INFO:colcon.colcon_core.executor:Executing jobs using 'parallel' executor
[0.627s] DEBUG:colcon.colcon_parallel_executor.executor.parallel:run_until_complete
[0.628s] INFO:colcon.colcon_ros.task.ament_cmake.build:Building ROS package in '/home/amber/ros2_ws/src/amber_b1/amber_b1_interfaces' with build type 'ament_cmake'
[0.629s] INFO:colcon.colcon_cmake.task.cmake.build:Building CMake package in '/home/amber/ros2_ws/src/amber_b1/amber_b1_interfaces'
[0.641s] INFO:colcon.colcon_core.plugin_system:Skipping extension 'colcon_core.shell.bat': Not used on non-Windows systems
[0.642s] INFO:colcon.colcon_core.shell:Skip shell extension 'powershell' for command environment: Not usable outside of PowerShell
[0.642s] DEBUG:colcon.colcon_core.shell:Skip shell extension 'dsv' for command environment
[0.654s] INFO:colcon.colcon_ros.task.ament_cmake.build:Building ROS package in '/home/amber/ros2_ws/src/amber_b1/amber_b1_bringup' with build type 'ament_cmake'
[0.655s] INFO:colcon.colcon_cmake.task.cmake.build:Building CMake package in '/home/amber/ros2_ws/src/amber_b1/amber_b1_bringup'
[0.657s] INFO:colcon.colcon_core.shell:Skip shell extension 'powershell' for command environment: Not usable outside of PowerShell
[0.657s] DEBUG:colcon.colcon_core.shell:Skip shell extension 'dsv' for command environment
[0.669s] INFO:colcon.colcon_ros.task.ament_cmake.build:Building ROS package in '/home/amber/ros2_ws/src/amber_b1/amber_b1_description' with build type 'ament_cmake'
[0.670s] INFO:colcon.colcon_cmake.task.cmake.build:Building CMake package in '/home/amber/ros2_ws/src/amber_b1/amber_b1_description'
[0.671s] INFO:colcon.colcon_core.shell:Skip shell extension 'powershell' for command environment: Not usable outside of PowerShell
[0.672s] DEBUG:colcon.colcon_core.shell:Skip shell extension 'dsv' for command environment
[0.685s] INFO:colcon.colcon_ros.task.ament_cmake.build:Building ROS package in '/home/amber/ros2_ws/src/amber_b1/amber_b1_joint_control_demo' with build type 'ament_cmake'
[0.686s] INFO:colcon.colcon_cmake.task.cmake.build:Building CMake package in '/home/amber/ros2_ws/src/amber_b1/amber_b1_joint_control_demo'
[0.688s] INFO:colcon.colcon_core.shell:Skip shell extension 'powershell' for command environment: Not usable outside of PowerShell
[0.688s] DEBUG:colcon.colcon_core.shell:Skip shell extension 'dsv' for command environment
[0.716s] DEBUG:colcon.colcon_core.event_handler.log_command:Invoking command in '/home/amber/ros2_ws/build/amber_b1_interfaces': CMAKE_PREFIX_PATH=/opt/ros/foxy /usr/bin/cmake /home/amber/ros2_ws/src/amber_b1/amber_b1_interfaces -DCMAKE_INSTALL_PREFIX=/home/amber/ros2_ws/install/amber_b1_interfaces
[0.736s] DEBUG:colcon.colcon_core.event_handler.log_command:Invoking command in '/home/amber/ros2_ws/build/amber_b1_bringup': CMAKE_PREFIX_PATH=/opt/ros/foxy /usr/bin/cmake /home/amber/ros2_ws/src/amber_b1/amber_b1_bringup -DCMAKE_INSTALL_PREFIX=/home/amber/ros2_ws/install/amber_b1_bringup
[0.748s] DEBUG:colcon.colcon_core.event_handler.log_command:Invoking command in '/home/amber/ros2_ws/build/amber_b1_description': CMAKE_PREFIX_PATH=/opt/ros/foxy /usr/bin/cmake /home/amber/ros2_ws/src/amber_b1/amber_b1_description -DCMAKE_INSTALL_PREFIX=/home/amber/ros2_ws/install/amber_b1_description
[0.758s] DEBUG:colcon.colcon_core.event_handler.log_command:Invoking command in '/home/amber/ros2_ws/build/amber_b1_joint_control_demo': CMAKE_PREFIX_PATH=/opt/ros/foxy /usr/bin/cmake /home/amber/ros2_ws/src/amber_b1/amber_b1_joint_control_demo -DCMAKE_INSTALL_PREFIX=/home/amber/ros2_ws/install/amber_b1_joint_control_demo
[3.078s] DEBUG:colcon.colcon_core.event_handler.log_command:Invoked command in '/home/amber/ros2_ws/build/amber_b1_description' returned '0': CMAKE_PREFIX_PATH=/opt/ros/foxy /usr/bin/cmake /home/amber/ros2_ws/src/amber_b1/amber_b1_description -DCMAKE_INSTALL_PREFIX=/home/amber/ros2_ws/install/amber_b1_description
[3.084s] DEBUG:colcon.colcon_core.event_handler.log_command:Invoking command in '/home/amber/ros2_ws/build/amber_b1_description': CMAKE_PREFIX_PATH=/opt/ros/foxy /usr/bin/cmake --build /home/amber/ros2_ws/build/amber_b1_description -- -j4 -l4
[3.186s] DEBUG:colcon.colcon_core.event_handler.log_command:Invoked command in '/home/amber/ros2_ws/build/amber_b1_description' returned '0': CMAKE_PREFIX_PATH=/opt/ros/foxy /usr/bin/cmake --build /home/amber/ros2_ws/build/amber_b1_description -- -j4 -l4
[3.274s] DEBUG:colcon.colcon_core.event_handler.log_command:Invoking command in '/home/amber/ros2_ws/build/amber_b1_description': CMAKE_PREFIX_PATH=/opt/ros/foxy /usr/bin/cmake --install /home/amber/ros2_ws/build/amber_b1_description
[3.422s] Level 1:colcon.colcon_core.environment:create_environment_scripts_only(amber_b1_description)
[3.435s] DEBUG:colcon.colcon_core.event_handler.log_command:Invoked command in '/home/amber/ros2_ws/build/amber_b1_description' returned '0': CMAKE_PREFIX_PATH=/opt/ros/foxy /usr/bin/cmake --install /home/amber/ros2_ws/build/amber_b1_description
[3.439s] Level 1:colcon.colcon_core.environment:checking '/home/amber/ros2_ws/install/amber_b1_description' for CMake module files
[3.441s] Level 1:colcon.colcon_core.environment:checking '/home/amber/ros2_ws/install/amber_b1_description' for CMake config files
[3.442s] Level 1:colcon.colcon_core.shell:create_environment_hook('amber_b1_description', 'cmake_prefix_path')
[3.444s] INFO:colcon.colcon_core.shell:Creating environment hook '/home/amber/ros2_ws/install/amber_b1_description/share/amber_b1_description/hook/cmake_prefix_path.ps1'
[3.447s] INFO:colcon.colcon_core.shell:Creating environment descriptor '/home/amber/ros2_ws/install/amber_b1_description/share/amber_b1_description/hook/cmake_prefix_path.dsv'
[3.449s] INFO:colcon.colcon_core.shell:Creating environment hook '/home/amber/ros2_ws/install/amber_b1_description/share/amber_b1_description/hook/cmake_prefix_path.sh'
[3.452s] Level 1:colcon.colcon_core.environment:checking '/home/amber/ros2_ws/install/amber_b1_description/bin'
[3.453s] Level 1:colcon.colcon_core.environment:checking '/home/amber/ros2_ws/install/amber_b1_description/lib/pkgconfig/amber_b1_description.pc'
[3.453s] Level 1:colcon.colcon_core.environment:checking '/home/amber/ros2_ws/install/amber_b1_description/lib/python3.8/site-packages'
[3.455s] INFO:colcon.colcon_core.shell:Creating package script '/home/amber/ros2_ws/install/amber_b1_description/share/amber_b1_description/package.ps1'
[3.458s] INFO:colcon.colcon_core.shell:Creating package descriptor '/home/amber/ros2_ws/install/amber_b1_description/share/amber_b1_description/package.dsv'
[3.461s] INFO:colcon.colcon_core.shell:Creating package script '/home/amber/ros2_ws/install/amber_b1_description/share/amber_b1_description/package.sh'
[3.463s] INFO:colcon.colcon_core.shell:Creating package script '/home/amber/ros2_ws/install/amber_b1_description/share/amber_b1_description/package.bash'
[3.466s] INFO:colcon.colcon_core.shell:Creating package script '/home/amber/ros2_ws/install/amber_b1_description/share/amber_b1_description/package.zsh'
[3.469s] Level 1:colcon.colcon_core.environment:create_file_with_runtime_dependencies(/home/amber/ros2_ws/install/amber_b1_description/share/colcon-core/packages/amber_b1_description)
[3.538s] Level 1:colcon.colcon_core.environment:create_environment_scripts_only(amber_b1_description)
[3.541s] Level 1:colcon.colcon_core.environment:checking '/home/amber/ros2_ws/install/amber_b1_description' for CMake module files
[3.546s] Level 1:colcon.colcon_core.environment:checking '/home/amber/ros2_ws/install/amber_b1_description' for CMake config files
[3.547s] Level 1:colcon.colcon_core.shell:create_environment_hook('amber_b1_description', 'cmake_prefix_path')
[3.549s] INFO:colcon.colcon_core.shell:Creating environment hook '/home/amber/ros2_ws/install/amber_b1_description/share/amber_b1_description/hook/cmake_prefix_path.ps1'
[3.552s] INFO:colcon.colcon_core.shell:Creating environment descriptor '/home/amber/ros2_ws/install/amber_b1_description/share/amber_b1_description/hook/cmake_prefix_path.dsv'
[3.554s] INFO:colcon.colcon_core.shell:Creating environment hook '/home/amber/ros2_ws/install/amber_b1_description/share/amber_b1_description/hook/cmake_prefix_path.sh'
[3.557s] Level 1:colcon.colcon_core.environment:checking '/home/amber/ros2_ws/install/amber_b1_description/bin'
[3.557s] Level 1:colcon.colcon_core.environment:checking '/home/amber/ros2_ws/install/amber_b1_description/lib/pkgconfig/amber_b1_description.pc'
[3.558s] Level 1:colcon.colcon_core.environment:checking '/home/amber/ros2_ws/install/amber_b1_description/lib/python3.8/site-packages'
[3.560s] INFO:colcon.colcon_core.shell:Creating package script '/home/amber/ros2_ws/install/amber_b1_description/share/amber_b1_description/package.ps1'
[3.562s] INFO:colcon.colcon_core.shell:Creating package descriptor '/home/amber/ros2_ws/install/amber_b1_description/share/amber_b1_description/package.dsv'
[3.564s] INFO:colcon.colcon_core.shell:Creating package script '/home/amber/ros2_ws/install/amber_b1_description/share/amber_b1_description/package.sh'
[3.566s] INFO:colcon.colcon_core.shell:Creating package script '/home/amber/ros2_ws/install/amber_b1_description/share/amber_b1_description/package.bash'
[3.568s] INFO:colcon.colcon_core.shell:Creating package script '/home/amber/ros2_ws/install/amber_b1_description/share/amber_b1_description/package.zsh'
[3.570s] Level 1:colcon.colcon_core.environment:create_file_with_runtime_dependencies(/home/amber/ros2_ws/install/amber_b1_description/share/colcon-core/packages/amber_b1_description)
[4.633s] DEBUG:colcon.colcon_core.event_handler.log_command:Invoked command in '/home/amber/ros2_ws/build/amber_b1_interfaces' returned '0': CMAKE_PREFIX_PATH=/opt/ros/foxy /usr/bin/cmake /home/amber/ros2_ws/src/amber_b1/amber_b1_interfaces -DCMAKE_INSTALL_PREFIX=/home/amber/ros2_ws/install/amber_b1_interfaces
[4.640s] DEBUG:colcon.colcon_core.event_handler.log_command:Invoking command in '/home/amber/ros2_ws/build/amber_b1_interfaces': CMAKE_PREFIX_PATH=/opt/ros/foxy /usr/bin/cmake --build /home/amber/ros2_ws/build/amber_b1_interfaces -- -j4 -l4
[5.488s] DEBUG:colcon.colcon_core.event_handler.log_command:Invoked command in '/home/amber/ros2_ws/build/amber_b1_joint_control_demo' returned '0': CMAKE_PREFIX_PATH=/opt/ros/foxy /usr/bin/cmake /home/amber/ros2_ws/src/amber_b1/amber_b1_joint_control_demo -DCMAKE_INSTALL_PREFIX=/home/amber/ros2_ws/install/amber_b1_joint_control_demo
[5.495s] DEBUG:colcon.colcon_core.event_handler.log_command:Invoking command in '/home/amber/ros2_ws/build/amber_b1_joint_control_demo': CMAKE_PREFIX_PATH=/opt/ros/foxy /usr/bin/cmake --build /home/amber/ros2_ws/build/amber_b1_joint_control_demo -- -j4 -l4
[7.810s] DEBUG:colcon.colcon_core.event_handler.log_command:Invoked command in '/home/amber/ros2_ws/build/amber_b1_bringup' returned '1': CMAKE_PREFIX_PATH=/opt/ros/foxy /usr/bin/cmake /home/amber/ros2_ws/src/amber_b1/amber_b1_bringup -DCMAKE_INSTALL_PREFIX=/home/amber/ros2_ws/install/amber_b1_bringup
[7.881s] Level 1:colcon.colcon_core.environment:create_environment_scripts_only(amber_b1_bringup)
[7.885s] Level 1:colcon.colcon_core.environment:checking '/home/amber/ros2_ws/install/amber_b1_bringup' for CMake module files
[7.886s] Level 1:colcon.colcon_core.environment:checking '/home/amber/ros2_ws/install/amber_b1_bringup' for CMake config files
[7.887s] Level 1:colcon.colcon_core.environment:checking '/home/amber/ros2_ws/install/amber_b1_bringup/bin'
[7.888s] Level 1:colcon.colcon_core.environment:checking '/home/amber/ros2_ws/install/amber_b1_bringup/lib/pkgconfig/amber_b1_bringup.pc'
[7.888s] Level 1:colcon.colcon_core.environment:checking '/home/amber/ros2_ws/install/amber_b1_bringup/lib/python3.8/site-packages'
[7.893s] INFO:colcon.colcon_core.shell:Creating package script '/home/amber/ros2_ws/install/amber_b1_bringup/share/amber_b1_bringup/package.ps1'
[7.897s] INFO:colcon.colcon_core.shell:Creating package descriptor '/home/amber/ros2_ws/install/amber_b1_bringup/share/amber_b1_bringup/package.dsv'
[7.901s] INFO:colcon.colcon_core.shell:Creating package script '/home/amber/ros2_ws/install/amber_b1_bringup/share/amber_b1_bringup/package.sh'
[7.905s] INFO:colcon.colcon_core.shell:Creating package script '/home/amber/ros2_ws/install/amber_b1_bringup/share/amber_b1_bringup/package.bash'
[7.909s] INFO:colcon.colcon_core.shell:Creating package script '/home/amber/ros2_ws/install/amber_b1_bringup/share/amber_b1_bringup/package.zsh'
[7.912s] Level 1:colcon.colcon_core.environment:create_file_with_runtime_dependencies(/home/amber/ros2_ws/install/amber_b1_bringup/share/colcon-core/packages/amber_b1_bringup)
[18.552s] DEBUG:colcon.colcon_parallel_executor.executor.parallel:closing loop
[18.553s] DEBUG:colcon.colcon_parallel_executor.executor.parallel:loop closed
[18.554s] DEBUG:colcon.colcon_parallel_executor.executor.parallel:run_until_complete finished with '1'
[18.554s] DEBUG:colcon.colcon_core.event_reactor:joining thread
[18.577s] INFO:colcon.colcon_core.plugin_system:Skipping extension 'colcon_notification.desktop_notification.terminal_notifier': Not used on non-Darwin systems
[18.578s] INFO:colcon.colcon_core.plugin_system:Skipping extension 'colcon_notification.desktop_notification.win32': Not used on non-Windows systems
[18.578s] INFO:colcon.colcon_notification.desktop_notification:Sending desktop notification using 'notify2'
[18.644s] DEBUG:colcon.colcon_core.event_reactor:joined thread
[18.646s] INFO:colcon.colcon_core.shell:Creating prefix script '/home/amber/ros2_ws/install/local_setup.ps1'
[18.649s] INFO:colcon.colcon_core.shell:Creating prefix util module '/home/amber/ros2_ws/install/_local_setup_util_ps1.py'
[18.654s] INFO:colcon.colcon_core.shell:Creating prefix chain script '/home/amber/ros2_ws/install/setup.ps1'
[18.657s] INFO:colcon.colcon_core.shell:Creating prefix script '/home/amber/ros2_ws/install/local_setup.sh'
[18.659s] INFO:colcon.colcon_core.shell:Creating prefix util module '/home/amber/ros2_ws/install/_local_setup_util_sh.py'
[18.661s] INFO:colcon.colcon_core.shell:Creating prefix chain script '/home/amber/ros2_ws/install/setup.sh'
[18.665s] INFO:colcon.colcon_core.shell:Creating prefix script '/home/amber/ros2_ws/install/local_setup.bash'
[18.666s] INFO:colcon.colcon_core.shell:Creating prefix chain script '/home/amber/ros2_ws/install/setup.bash'
[18.669s] INFO:colcon.colcon_core.shell:Creating prefix script '/home/amber/ros2_ws/install/local_setup.zsh'
[18.671s] INFO:colcon.colcon_core.shell:Creating prefix chain script '/home/amber/ros2_ws/install/setup.zsh'
