[0.117s] Invoking command in '/home/amber/ros2_ws/build/amber_b1_interfaces': CMAKE_PREFIX_PATH=/opt/ros/foxy /usr/bin/cmake --build /home/amber/ros2_ws/build/amber_b1_interfaces -- -j2 -l2
[0.507s] -- Found ament_cmake: 0.9.12 (/opt/ros/foxy/share/ament_cmake/cmake)
[0.590s] -- Found PythonInterp: /usr/bin/python3 (found suitable version "3.8.10", minimum required is "3") 
[0.590s] -- Using PYTHON_EXECUTABLE: /usr/bin/python3
[1.732s] -- Found rosidl_default_generators: 1.0.1 (/opt/ros/foxy/share/rosidl_default_generators/cmake)
[1.745s] -- Using all available rosidl_typesupport_c: rosidl_typesupport_fastrtps_c;rosidl_typesupport_introspection_c
[1.760s] -- Found rosidl_adapter: 1.3.1 (/opt/ros/foxy/share/rosidl_adapter/cmake)
[2.331s] -- Using all available rosidl_typesupport_cpp: rosidl_typesupport_fastrtps_cpp;rosidl_typesupport_introspection_cpp
[2.491s] -- Found PythonInterp: /usr/bin/python3 (found version "3.8.10") 
[3.065s] -- Found ament_cmake_ros: 0.9.2 (/opt/ros/foxy/share/ament_cmake_ros/cmake)
[3.385s] -- Using all available rosidl_typesupport_c: rosidl_typesupport_fastrtps_c;rosidl_typesupport_introspection_c
[3.415s] -- Using all available rosidl_typesupport_cpp: rosidl_typesupport_fastrtps_cpp;rosidl_typesupport_introspection_cpp
[3.474s] -- Found PythonInterp: /usr/bin/python3 (found suitable version "3.8.10", minimum required is "3.5") 
[3.475s] -- Found python_cmake_module: 0.8.1 (/opt/ros/foxy/share/python_cmake_module/cmake)
[3.571s] -- Using PYTHON_EXECUTABLE: /usr/bin/python3
[3.571s] -- Using PYTHON_INCLUDE_DIRS: /usr/include/python3.8
[3.572s] -- Using PYTHON_LIBRARIES: /usr/lib/x86_64-linux-gnu/libpython3.8.so
[3.622s] -- Found ament_lint_auto: 0.9.8 (/opt/ros/foxy/share/ament_lint_auto/cmake)
[3.666s] -- Added test 'copyright' to check source files copyright and LICENSE
[3.671s] -- Added test 'lint_cmake' to check CMake code style
[3.673s] -- Added test 'xmllint' to check XML markup files
[3.694s] -- Configuring done
[3.948s] -- Generating done
[3.967s] -- Build files have been written to: /home/amber/ros2_ws/build/amber_b1_interfaces
[4.153s] [  3%] [34m[1mGenerating C code for ROS interfaces[0m
[5.594s] [35m[1mScanning dependencies of target amber_b1_interfaces__rosidl_generator_c[0m
[5.652s] [  6%] [32mBuilding C object CMakeFiles/amber_b1_interfaces__rosidl_generator_c.dir/rosidl_generator_c/amber_b1_interfaces/srv/detail/mode__functions.c.o[0m
[6.184s] [  9%] [32m[1mLinking C shared library libamber_b1_interfaces__rosidl_generator_c.so[0m
[6.522s] [  9%] Built target amber_b1_interfaces__rosidl_generator_c
[6.557s] [35m[1mScanning dependencies of target amber_b1_interfaces__cpp[0m
[6.593s] [ 12%] [34m[1mGenerating C++ code for ROS interfaces[0m
[7.926s] [ 12%] Built target amber_b1_interfaces__cpp
[7.963s] [ 16%] [34m[1mGenerating C type support dispatch for ROS interfaces[0m
[9.313s] [35m[1mScanning dependencies of target amber_b1_interfaces__rosidl_typesupport_c[0m
[9.381s] [ 19%] [32mBuilding CXX object CMakeFiles/amber_b1_interfaces__rosidl_typesupport_c.dir/rosidl_typesupport_c/amber_b1_interfaces/srv/mode__type_support.cpp.o[0m
[9.766s] [ 22%] [32m[1mLinking CXX shared library libamber_b1_interfaces__rosidl_typesupport_c.so[0m
[9.906s] [ 22%] Built target amber_b1_interfaces__rosidl_typesupport_c
[9.940s] [ 25%] [34m[1mGenerating C introspection for ROS interfaces[0m
[11.099s] [35m[1mScanning dependencies of target amber_b1_interfaces__rosidl_typesupport_introspection_c[0m
[11.159s] [ 29%] [32mBuilding C object CMakeFiles/amber_b1_interfaces__rosidl_typesupport_introspection_c.dir/rosidl_typesupport_introspection_c/amber_b1_interfaces/srv/detail/mode__type_support.c.o[0m
[11.302s] [ 32%] [32m[1mLinking C shared library libamber_b1_interfaces__rosidl_typesupport_introspection_c.so[0m
[11.410s] [ 32%] Built target amber_b1_interfaces__rosidl_typesupport_introspection_c
[11.468s] [ 35%] [34m[1mGenerating C++ introspection for ROS interfaces[0m
[12.614s] [35m[1mScanning dependencies of target amber_b1_interfaces__rosidl_typesupport_introspection_cpp[0m
[12.662s] [ 38%] [32mBuilding CXX object CMakeFiles/amber_b1_interfaces__rosidl_typesupport_introspection_cpp.dir/rosidl_typesupport_introspection_cpp/amber_b1_interfaces/srv/detail/mode__type_support.cpp.o[0m
[14.556s] [ 41%] [32m[1mLinking CXX shared library libamber_b1_interfaces__rosidl_typesupport_introspection_cpp.so[0m
[14.918s] [ 41%] Built target amber_b1_interfaces__rosidl_typesupport_introspection_cpp
[14.964s] [ 45%] [34m[1mGenerating C++ type support dispatch for ROS interfaces[0m
[15.935s] [35m[1mScanning dependencies of target amber_b1_interfaces__rosidl_typesupport_cpp[0m
[15.975s] [ 48%] [32mBuilding CXX object CMakeFiles/amber_b1_interfaces__rosidl_typesupport_cpp.dir/rosidl_typesupport_cpp/amber_b1_interfaces/srv/mode__type_support.cpp.o[0m
[17.403s] [ 51%] [32m[1mLinking CXX shared library libamber_b1_interfaces__rosidl_typesupport_cpp.so[0m
[17.520s] [ 51%] Built target amber_b1_interfaces__rosidl_typesupport_cpp
[17.577s] [35m[1mScanning dependencies of target amber_b1_interfaces__rosidl_typesupport_fastrtps_cpp[0m
[17.635s] [ 54%] [32mBuilding CXX object CMakeFiles/amber_b1_interfaces__rosidl_typesupport_fastrtps_cpp.dir/rosidl_typesupport_fastrtps_cpp/amber_b1_interfaces/srv/detail/dds_fastrtps/mode__type_support.cpp.o[0m
[20.331s] [ 58%] [32m[1mLinking CXX shared library libamber_b1_interfaces__rosidl_typesupport_fastrtps_cpp.so[0m
[20.848s] [ 61%] Built target amber_b1_interfaces__rosidl_typesupport_fastrtps_cpp
[20.922s] [35m[1mScanning dependencies of target amber_b1_interfaces__rosidl_typesupport_fastrtps_c[0m
[20.991s] [ 64%] [32mBuilding CXX object CMakeFiles/amber_b1_interfaces__rosidl_typesupport_fastrtps_c.dir/rosidl_typesupport_fastrtps_c/amber_b1_interfaces/srv/detail/mode__type_support_c.cpp.o[0m
[24.013s] [ 67%] [32m[1mLinking CXX shared library libamber_b1_interfaces__rosidl_typesupport_fastrtps_c.so[0m
[24.453s] [ 70%] Built target amber_b1_interfaces__rosidl_typesupport_fastrtps_c
[24.516s] [ 70%] Built target amber_b1_interfaces
[24.604s] [ 74%] [34m[1mGenerating Python code for ROS interfaces[0m
[27.390s] [ 74%] Built target amber_b1_interfaces__py
[27.427s] [35m[1mScanning dependencies of target amber_b1_interfaces__python[0m
[27.514s] [ 77%] [32mBuilding C object CMakeFiles/amber_b1_interfaces__python.dir/rosidl_generator_py/amber_b1_interfaces/srv/_mode_s.c.o[0m
[28.111s] [ 80%] [32m[1mLinking C shared library rosidl_generator_py/amber_b1_interfaces/libamber_b1_interfaces__python.so[0m
[28.307s] [ 80%] Built target amber_b1_interfaces__python
[28.429s] [35m[1mScanning dependencies of target amber_b1_interfaces__rosidl_typesupport_c__pyext[0m
[28.511s] [ 83%] [32mBuilding C object CMakeFiles/amber_b1_interfaces__rosidl_typesupport_c__pyext.dir/rosidl_generator_py/amber_b1_interfaces/_amber_b1_interfaces_s.ep.rosidl_typesupport_c.c.o[0m
[29.186s] [ 87%] [32m[1mLinking C shared library rosidl_generator_py/amber_b1_interfaces/amber_b1_interfaces_s__rosidl_typesupport_c.cpython-38-x86_64-linux-gnu.so[0m
[29.306s] [ 87%] Built target amber_b1_interfaces__rosidl_typesupport_c__pyext
[29.370s] [35m[1mScanning dependencies of target amber_b1_interfaces__rosidl_typesupport_introspection_c__pyext[0m
[29.427s] [ 90%] [32mBuilding C object CMakeFiles/amber_b1_interfaces__rosidl_typesupport_introspection_c__pyext.dir/rosidl_generator_py/amber_b1_interfaces/_amber_b1_interfaces_s.ep.rosidl_typesupport_introspection_c.c.o[0m
[29.779s] [ 93%] [32m[1mLinking C shared library rosidl_generator_py/amber_b1_interfaces/amber_b1_interfaces_s__rosidl_typesupport_introspection_c.cpython-38-x86_64-linux-gnu.so[0m
[29.905s] [ 93%] Built target amber_b1_interfaces__rosidl_typesupport_introspection_c__pyext
[29.962s] [35m[1mScanning dependencies of target amber_b1_interfaces__rosidl_typesupport_fastrtps_c__pyext[0m
[30.028s] [ 96%] [32mBuilding C object CMakeFiles/amber_b1_interfaces__rosidl_typesupport_fastrtps_c__pyext.dir/rosidl_generator_py/amber_b1_interfaces/_amber_b1_interfaces_s.ep.rosidl_typesupport_fastrtps_c.c.o[0m
[30.375s] [100%] [32m[1mLinking CXX shared library rosidl_generator_py/amber_b1_interfaces/amber_b1_interfaces_s__rosidl_typesupport_fastrtps_c.cpython-38-x86_64-linux-gnu.so[0m
[30.609s] [100%] Built target amber_b1_interfaces__rosidl_typesupport_fastrtps_c__pyext
[30.646s] Invoked command in '/home/amber/ros2_ws/build/amber_b1_interfaces' returned '0': CMAKE_PREFIX_PATH=/opt/ros/foxy /usr/bin/cmake --build /home/amber/ros2_ws/build/amber_b1_interfaces -- -j2 -l2
[30.862s] Invoking command in '/home/amber/ros2_ws/build/amber_b1_interfaces': CMAKE_PREFIX_PATH=/opt/ros/foxy /usr/bin/cmake --install /home/amber/ros2_ws/build/amber_b1_interfaces
[30.900s] -- Install configuration: ""
[30.923s] -- Up-to-date: /home/amber/ros2_ws/install/amber_b1_interfaces/share/ament_index/resource_index/rosidl_interfaces/amber_b1_interfaces
[30.925s] -- Up-to-date: /home/amber/ros2_ws/install/amber_b1_interfaces/include/amber_b1_interfaces
[30.926s] -- Up-to-date: /home/amber/ros2_ws/install/amber_b1_interfaces/include/amber_b1_interfaces/srv
[30.927s] -- Up-to-date: /home/amber/ros2_ws/install/amber_b1_interfaces/include/amber_b1_interfaces/srv/detail
[30.929s] -- Installing: /home/amber/ros2_ws/install/amber_b1_interfaces/include/amber_b1_interfaces/srv/detail/mode__functions.h
[30.931s] -- Installing: /home/amber/ros2_ws/install/amber_b1_interfaces/include/amber_b1_interfaces/srv/detail/mode__type_support.h
[30.932s] -- Installing: /home/amber/ros2_ws/install/amber_b1_interfaces/include/amber_b1_interfaces/srv/detail/mode__functions.c
[30.935s] -- Installing: /home/amber/ros2_ws/install/amber_b1_interfaces/include/amber_b1_interfaces/srv/detail/mode__struct.h
[30.936s] -- Installing: /home/amber/ros2_ws/install/amber_b1_interfaces/include/amber_b1_interfaces/srv/mode.h
[30.937s] -- Up-to-date: /home/amber/ros2_ws/install/amber_b1_interfaces/include/amber_b1_interfaces/msg
[30.939s] -- Up-to-date: /home/amber/ros2_ws/install/amber_b1_interfaces/include/amber_b1_interfaces/msg/rosidl_generator_c__visibility_control.h
[30.940s] -- Up-to-date: /home/amber/ros2_ws/install/amber_b1_interfaces/share/amber_b1_interfaces/environment/library_path.sh
[30.941s] -- Installing: /home/amber/ros2_ws/install/amber_b1_interfaces/share/amber_b1_interfaces/environment/library_path.dsv
[30.945s] -- Installing: /home/amber/ros2_ws/install/amber_b1_interfaces/lib/libamber_b1_interfaces__rosidl_generator_c.so
[30.947s] -- Set runtime path of "/home/amber/ros2_ws/install/amber_b1_interfaces/lib/libamber_b1_interfaces__rosidl_generator_c.so" to ""
[30.949s] -- Up-to-date: /home/amber/ros2_ws/install/amber_b1_interfaces/include/amber_b1_interfaces
[30.949s] -- Up-to-date: /home/amber/ros2_ws/install/amber_b1_interfaces/include/amber_b1_interfaces/srv
[30.950s] -- Up-to-date: /home/amber/ros2_ws/install/amber_b1_interfaces/include/amber_b1_interfaces/srv/detail
[30.951s] -- Up-to-date: /home/amber/ros2_ws/install/amber_b1_interfaces/include/amber_b1_interfaces/srv/detail/mode__rosidl_typesupport_fastrtps_c.h
[30.952s] -- Up-to-date: /home/amber/ros2_ws/install/amber_b1_interfaces/include/amber_b1_interfaces/msg
[30.953s] -- Up-to-date: /home/amber/ros2_ws/install/amber_b1_interfaces/include/amber_b1_interfaces/msg/rosidl_typesupport_fastrtps_c__visibility_control.h
[30.955s] -- Installing: /home/amber/ros2_ws/install/amber_b1_interfaces/lib/libamber_b1_interfaces__rosidl_typesupport_fastrtps_c.so
[30.957s] -- Set runtime path of "/home/amber/ros2_ws/install/amber_b1_interfaces/lib/libamber_b1_interfaces__rosidl_typesupport_fastrtps_c.so" to ""
[30.959s] -- Up-to-date: /home/amber/ros2_ws/install/amber_b1_interfaces/include/amber_b1_interfaces
[30.960s] -- Up-to-date: /home/amber/ros2_ws/install/amber_b1_interfaces/include/amber_b1_interfaces/srv
[30.961s] -- Up-to-date: /home/amber/ros2_ws/install/amber_b1_interfaces/include/amber_b1_interfaces/srv/detail
[30.961s] -- Up-to-date: /home/amber/ros2_ws/install/amber_b1_interfaces/include/amber_b1_interfaces/srv/detail/mode__rosidl_typesupport_fastrtps_cpp.hpp
[30.962s] -- Up-to-date: /home/amber/ros2_ws/install/amber_b1_interfaces/include/amber_b1_interfaces/srv/detail/dds_fastrtps
[30.964s] -- Up-to-date: /home/amber/ros2_ws/install/amber_b1_interfaces/include/amber_b1_interfaces/msg
[30.965s] -- Up-to-date: /home/amber/ros2_ws/install/amber_b1_interfaces/include/amber_b1_interfaces/msg/rosidl_typesupport_fastrtps_cpp__visibility_control.h
[30.966s] -- Installing: /home/amber/ros2_ws/install/amber_b1_interfaces/lib/libamber_b1_interfaces__rosidl_typesupport_fastrtps_cpp.so
[30.969s] -- Set runtime path of "/home/amber/ros2_ws/install/amber_b1_interfaces/lib/libamber_b1_interfaces__rosidl_typesupport_fastrtps_cpp.so" to ""
[30.972s] -- Up-to-date: /home/amber/ros2_ws/install/amber_b1_interfaces/include/amber_b1_interfaces
[30.974s] -- Up-to-date: /home/amber/ros2_ws/install/amber_b1_interfaces/include/amber_b1_interfaces/srv
[30.975s] -- Up-to-date: /home/amber/ros2_ws/install/amber_b1_interfaces/include/amber_b1_interfaces/srv/detail
[30.975s] -- Installing: /home/amber/ros2_ws/install/amber_b1_interfaces/include/amber_b1_interfaces/srv/detail/mode__rosidl_typesupport_introspection_c.h
[30.977s] -- Installing: /home/amber/ros2_ws/install/amber_b1_interfaces/include/amber_b1_interfaces/srv/detail/mode__type_support.c
[30.979s] -- Up-to-date: /home/amber/ros2_ws/install/amber_b1_interfaces/include/amber_b1_interfaces/msg
[30.980s] -- Up-to-date: /home/amber/ros2_ws/install/amber_b1_interfaces/include/amber_b1_interfaces/msg/rosidl_typesupport_introspection_c__visibility_control.h
[30.984s] -- Installing: /home/amber/ros2_ws/install/amber_b1_interfaces/lib/libamber_b1_interfaces__rosidl_typesupport_introspection_c.so
[30.986s] -- Set runtime path of "/home/amber/ros2_ws/install/amber_b1_interfaces/lib/libamber_b1_interfaces__rosidl_typesupport_introspection_c.so" to ""
[30.988s] -- Installing: /home/amber/ros2_ws/install/amber_b1_interfaces/lib/libamber_b1_interfaces__rosidl_typesupport_c.so
[30.990s] -- Set runtime path of "/home/amber/ros2_ws/install/amber_b1_interfaces/lib/libamber_b1_interfaces__rosidl_typesupport_c.so" to ""
[30.991s] -- Up-to-date: /home/amber/ros2_ws/install/amber_b1_interfaces/include/amber_b1_interfaces
[30.992s] -- Up-to-date: /home/amber/ros2_ws/install/amber_b1_interfaces/include/amber_b1_interfaces/srv
[30.993s] -- Up-to-date: /home/amber/ros2_ws/install/amber_b1_interfaces/include/amber_b1_interfaces/srv/detail
[30.994s] -- Installing: /home/amber/ros2_ws/install/amber_b1_interfaces/include/amber_b1_interfaces/srv/detail/mode__builder.hpp
[30.996s] -- Installing: /home/amber/ros2_ws/install/amber_b1_interfaces/include/amber_b1_interfaces/srv/detail/mode__traits.hpp
[30.997s] -- Installing: /home/amber/ros2_ws/install/amber_b1_interfaces/include/amber_b1_interfaces/srv/detail/mode__struct.hpp
[30.999s] -- Installing: /home/amber/ros2_ws/install/amber_b1_interfaces/include/amber_b1_interfaces/srv/detail/mode__type_support.hpp
[31.000s] -- Installing: /home/amber/ros2_ws/install/amber_b1_interfaces/include/amber_b1_interfaces/srv/mode.hpp
[31.001s] -- Up-to-date: /home/amber/ros2_ws/install/amber_b1_interfaces/include/amber_b1_interfaces/msg
[31.002s] -- Installing: /home/amber/ros2_ws/install/amber_b1_interfaces/include/amber_b1_interfaces/msg/rosidl_generator_cpp__visibility_control.hpp
[31.004s] -- Up-to-date: /home/amber/ros2_ws/install/amber_b1_interfaces/include/amber_b1_interfaces
[31.005s] -- Up-to-date: /home/amber/ros2_ws/install/amber_b1_interfaces/include/amber_b1_interfaces/srv
[31.006s] -- Up-to-date: /home/amber/ros2_ws/install/amber_b1_interfaces/include/amber_b1_interfaces/srv/detail
[31.006s] -- Installing: /home/amber/ros2_ws/install/amber_b1_interfaces/include/amber_b1_interfaces/srv/detail/mode__rosidl_typesupport_introspection_cpp.hpp
[31.008s] -- Installing: /home/amber/ros2_ws/install/amber_b1_interfaces/include/amber_b1_interfaces/srv/detail/mode__type_support.cpp
[31.011s] -- Installing: /home/amber/ros2_ws/install/amber_b1_interfaces/lib/libamber_b1_interfaces__rosidl_typesupport_introspection_cpp.so
[31.014s] -- Set runtime path of "/home/amber/ros2_ws/install/amber_b1_interfaces/lib/libamber_b1_interfaces__rosidl_typesupport_introspection_cpp.so" to ""
[31.015s] -- Installing: /home/amber/ros2_ws/install/amber_b1_interfaces/lib/libamber_b1_interfaces__rosidl_typesupport_cpp.so
[31.017s] -- Set runtime path of "/home/amber/ros2_ws/install/amber_b1_interfaces/lib/libamber_b1_interfaces__rosidl_typesupport_cpp.so" to ""
[31.019s] -- Up-to-date: /home/amber/ros2_ws/install/amber_b1_interfaces/share/amber_b1_interfaces/environment/pythonpath.sh
[31.020s] -- Installing: /home/amber/ros2_ws/install/amber_b1_interfaces/share/amber_b1_interfaces/environment/pythonpath.dsv
[31.022s] -- Installing: /home/amber/ros2_ws/install/amber_b1_interfaces/lib/python3.8/site-packages/amber_b1_interfaces/__init__.py
[31.179s] Compiling '/home/amber/ros2_ws/install/amber_b1_interfaces/lib/python3.8/site-packages/amber_b1_interfaces/__init__.py'...
[31.205s] -- Up-to-date: /home/amber/ros2_ws/install/amber_b1_interfaces/lib/python3.8/site-packages/amber_b1_interfaces/srv
[31.206s] -- Installing: /home/amber/ros2_ws/install/amber_b1_interfaces/lib/python3.8/site-packages/amber_b1_interfaces/srv/_mode_s.c
[31.206s] -- Installing: /home/amber/ros2_ws/install/amber_b1_interfaces/lib/python3.8/site-packages/amber_b1_interfaces/srv/_mode.py
[31.208s] -- Installing: /home/amber/ros2_ws/install/amber_b1_interfaces/lib/python3.8/site-packages/amber_b1_interfaces/srv/__init__.py
[31.212s] -- Installing: /home/amber/ros2_ws/install/amber_b1_interfaces/lib/python3.8/site-packages/amber_b1_interfaces/amber_b1_interfaces_s__rosidl_typesupport_fastrtps_c.cpython-38-x86_64-linux-gnu.so
[31.215s] -- Set runtime path of "/home/amber/ros2_ws/install/amber_b1_interfaces/lib/python3.8/site-packages/amber_b1_interfaces/amber_b1_interfaces_s__rosidl_typesupport_fastrtps_c.cpython-38-x86_64-linux-gnu.so" to ""
[31.217s] -- Installing: /home/amber/ros2_ws/install/amber_b1_interfaces/lib/python3.8/site-packages/amber_b1_interfaces/amber_b1_interfaces_s__rosidl_typesupport_introspection_c.cpython-38-x86_64-linux-gnu.so
[31.220s] -- Set runtime path of "/home/amber/ros2_ws/install/amber_b1_interfaces/lib/python3.8/site-packages/amber_b1_interfaces/amber_b1_interfaces_s__rosidl_typesupport_introspection_c.cpython-38-x86_64-linux-gnu.so" to ""
[31.223s] -- Installing: /home/amber/ros2_ws/install/amber_b1_interfaces/lib/python3.8/site-packages/amber_b1_interfaces/amber_b1_interfaces_s__rosidl_typesupport_c.cpython-38-x86_64-linux-gnu.so
[31.225s] -- Set runtime path of "/home/amber/ros2_ws/install/amber_b1_interfaces/lib/python3.8/site-packages/amber_b1_interfaces/amber_b1_interfaces_s__rosidl_typesupport_c.cpython-38-x86_64-linux-gnu.so" to ""
[31.227s] -- Installing: /home/amber/ros2_ws/install/amber_b1_interfaces/lib/libamber_b1_interfaces__python.so
[31.230s] -- Set runtime path of "/home/amber/ros2_ws/install/amber_b1_interfaces/lib/libamber_b1_interfaces__python.so" to ""
[31.241s] -- Up-to-date: /home/amber/ros2_ws/install/amber_b1_interfaces/share/amber_b1_interfaces/srv/Mode.idl
[31.243s] -- Up-to-date: /home/amber/ros2_ws/install/amber_b1_interfaces/share/amber_b1_interfaces/srv/Mode.srv
[31.245s] -- Up-to-date: /home/amber/ros2_ws/install/amber_b1_interfaces/share/amber_b1_interfaces/srv/Mode_Request.msg
[31.245s] -- Up-to-date: /home/amber/ros2_ws/install/amber_b1_interfaces/share/amber_b1_interfaces/srv/Mode_Response.msg
[31.246s] -- Up-to-date: /home/amber/ros2_ws/install/amber_b1_interfaces/share/ament_index/resource_index/package_run_dependencies/amber_b1_interfaces
[31.246s] -- Up-to-date: /home/amber/ros2_ws/install/amber_b1_interfaces/share/ament_index/resource_index/parent_prefix_path/amber_b1_interfaces
[31.246s] -- Installing: /home/amber/ros2_ws/install/amber_b1_interfaces/share/amber_b1_interfaces/environment/ament_prefix_path.sh
[31.249s] -- Installing: /home/amber/ros2_ws/install/amber_b1_interfaces/share/amber_b1_interfaces/environment/ament_prefix_path.dsv
[31.249s] -- Installing: /home/amber/ros2_ws/install/amber_b1_interfaces/share/amber_b1_interfaces/environment/path.sh
[31.251s] -- Installing: /home/amber/ros2_ws/install/amber_b1_interfaces/share/amber_b1_interfaces/environment/path.dsv
[31.252s] -- Up-to-date: /home/amber/ros2_ws/install/amber_b1_interfaces/share/amber_b1_interfaces/local_setup.bash
[31.252s] -- Up-to-date: /home/amber/ros2_ws/install/amber_b1_interfaces/share/amber_b1_interfaces/local_setup.sh
[31.254s] -- Up-to-date: /home/amber/ros2_ws/install/amber_b1_interfaces/share/amber_b1_interfaces/local_setup.zsh
[31.254s] -- Installing: /home/amber/ros2_ws/install/amber_b1_interfaces/share/amber_b1_interfaces/local_setup.dsv
[31.254s] -- Installing: /home/amber/ros2_ws/install/amber_b1_interfaces/share/amber_b1_interfaces/package.dsv
[31.257s] -- Up-to-date: /home/amber/ros2_ws/install/amber_b1_interfaces/share/ament_index/resource_index/packages/amber_b1_interfaces
[31.259s] -- Old export file "/home/amber/ros2_ws/install/amber_b1_interfaces/share/amber_b1_interfaces/cmake/amber_b1_interfaces__rosidl_generator_cExport.cmake" will be replaced.  Removing files [/home/amber/ros2_ws/install/amber_b1_interfaces/share/amber_b1_interfaces/cmake/amber_b1_interfaces__rosidl_generator_cExport-noconfig.cmake].
[31.260s] -- Installing: /home/amber/ros2_ws/install/amber_b1_interfaces/share/amber_b1_interfaces/cmake/amber_b1_interfaces__rosidl_generator_cExport.cmake
[31.262s] -- Installing: /home/amber/ros2_ws/install/amber_b1_interfaces/share/amber_b1_interfaces/cmake/amber_b1_interfaces__rosidl_generator_cExport-noconfig.cmake
[31.265s] -- Up-to-date: /home/amber/ros2_ws/install/amber_b1_interfaces/share/amber_b1_interfaces/cmake/amber_b1_interfaces__rosidl_typesupport_introspection_cExport.cmake
[31.267s] -- Installing: /home/amber/ros2_ws/install/amber_b1_interfaces/share/amber_b1_interfaces/cmake/amber_b1_interfaces__rosidl_typesupport_introspection_cExport-noconfig.cmake
[31.269s] -- Up-to-date: /home/amber/ros2_ws/install/amber_b1_interfaces/share/amber_b1_interfaces/cmake/amber_b1_interfaces__rosidl_typesupport_cExport.cmake
[31.273s] -- Installing: /home/amber/ros2_ws/install/amber_b1_interfaces/share/amber_b1_interfaces/cmake/amber_b1_interfaces__rosidl_typesupport_cExport-noconfig.cmake
[31.274s] -- Up-to-date: /home/amber/ros2_ws/install/amber_b1_interfaces/share/amber_b1_interfaces/cmake/amber_b1_interfaces__rosidl_generator_cppExport.cmake
[31.275s] -- Up-to-date: /home/amber/ros2_ws/install/amber_b1_interfaces/share/amber_b1_interfaces/cmake/amber_b1_interfaces__rosidl_typesupport_introspection_cppExport.cmake
[31.277s] -- Installing: /home/amber/ros2_ws/install/amber_b1_interfaces/share/amber_b1_interfaces/cmake/amber_b1_interfaces__rosidl_typesupport_introspection_cppExport-noconfig.cmake
[31.278s] -- Up-to-date: /home/amber/ros2_ws/install/amber_b1_interfaces/share/amber_b1_interfaces/cmake/amber_b1_interfaces__rosidl_typesupport_cppExport.cmake
[31.279s] -- Installing: /home/amber/ros2_ws/install/amber_b1_interfaces/share/amber_b1_interfaces/cmake/amber_b1_interfaces__rosidl_typesupport_cppExport-noconfig.cmake
[31.280s] -- Up-to-date: /home/amber/ros2_ws/install/amber_b1_interfaces/share/amber_b1_interfaces/cmake/rosidl_cmake-extras.cmake
[31.283s] -- Up-to-date: /home/amber/ros2_ws/install/amber_b1_interfaces/share/amber_b1_interfaces/cmake/ament_cmake_export_dependencies-extras.cmake
[31.285s] -- Up-to-date: /home/amber/ros2_ws/install/amber_b1_interfaces/share/amber_b1_interfaces/cmake/ament_cmake_export_libraries-extras.cmake
[31.285s] -- Installing: /home/amber/ros2_ws/install/amber_b1_interfaces/share/amber_b1_interfaces/cmake/ament_cmake_export_targets-extras.cmake
[31.286s] -- Up-to-date: /home/amber/ros2_ws/install/amber_b1_interfaces/share/amber_b1_interfaces/cmake/ament_cmake_export_include_directories-extras.cmake
[31.287s] -- Up-to-date: /home/amber/ros2_ws/install/amber_b1_interfaces/share/amber_b1_interfaces/cmake/rosidl_cmake_export_typesupport_libraries-extras.cmake
[31.289s] -- Up-to-date: /home/amber/ros2_ws/install/amber_b1_interfaces/share/amber_b1_interfaces/cmake/rosidl_cmake_export_typesupport_targets-extras.cmake
[31.289s] -- Up-to-date: /home/amber/ros2_ws/install/amber_b1_interfaces/share/amber_b1_interfaces/cmake/amber_b1_interfacesConfig.cmake
[31.295s] -- Up-to-date: /home/amber/ros2_ws/install/amber_b1_interfaces/share/amber_b1_interfaces/cmake/amber_b1_interfacesConfig-version.cmake
[31.296s] -- Up-to-date: /home/amber/ros2_ws/install/amber_b1_interfaces/share/amber_b1_interfaces/package.xml
[31.297s] Invoked command in '/home/amber/ros2_ws/build/amber_b1_interfaces' returned '0': CMAKE_PREFIX_PATH=/opt/ros/foxy /usr/bin/cmake --install /home/amber/ros2_ws/build/amber_b1_interfaces
