[0.039s] Invoking command in '/home/amber/ros2_ws/build/amber_b1_gui_node': AMENT_PREFIX_PATH=/home/amber/ros2_ws/install/amber_b1_interfaces:${AMENT_PREFIX_PATH} CMAKE_PREFIX_PATH=/home/amber/ros2_ws/install/amber_b1_interfaces:/opt/ros/foxy LD_LIBRARY_PATH=/home/amber/ros2_ws/install/amber_b1_interfaces/lib:${LD_LIBRARY_PATH} PYTHONPATH=/home/amber/ros2_ws/install/amber_b1_interfaces/lib/python3.8/site-packages:${PYTHONPATH} /usr/bin/cmake /home/amber/ros2_ws/src/amber_b1/amber_b1_gui_node -DCMAKE_INSTALL_PREFIX=/home/amber/ros2_ws/install/amber_b1_gui_node
[0.205s] -- The C compiler identification is GNU 9.3.0
[0.405s] -- The CXX compiler identification is GNU 9.3.0
[0.416s] -- Check for working C compiler: /usr/bin/cc
[0.599s] -- Check for working C compiler: /usr/bin/cc -- works
[0.601s] -- Detecting C compiler ABI info
[0.790s] -- Detecting C compiler ABI info - done
[0.825s] -- Detecting C compile features
[0.826s] -- Detecting C compile features - done
[0.833s] -- Check for working CXX compiler: /usr/bin/c++
[1.053s] -- Check for working CXX compiler: /usr/bin/c++ -- works
[1.056s] -- Detecting CXX compiler ABI info
[1.267s] -- Detecting CXX compiler ABI info - done
[1.302s] -- Detecting CXX compile features
[1.303s] -- Detecting CXX compile features - done
[1.308s] -- Found ament_cmake: 0.9.9 (/opt/ros/foxy/share/ament_cmake/cmake)
[1.359s] -- Found PythonInterp: /usr/bin/python3 (found suitable version "3.8.10", minimum required is "3") 
[1.360s] -- Using PYTHON_EXECUTABLE: /usr/bin/python3
[1.969s] -- Found rclcpp: 2.4.0 (/opt/ros/foxy/share/rclcpp/cmake)
[2.074s] -- Using all available rosidl_typesupport_c: rosidl_typesupport_fastrtps_c;rosidl_typesupport_introspection_c
[2.089s] -- Found rosidl_adapter: 1.2.1 (/opt/ros/foxy/share/rosidl_adapter/cmake)
[2.242s] -- Found OpenSSL: /usr/lib/x86_64-linux-gnu/libcrypto.so (found version "1.1.1f")  
[2.290s] -- Found FastRTPS: /opt/ros/foxy/include  
[2.471s] -- Using all available rosidl_typesupport_cpp: rosidl_typesupport_fastrtps_cpp;rosidl_typesupport_introspection_cpp
[2.636s] -- Found rmw_implementation_cmake: 1.0.3 (/opt/ros/foxy/share/rmw_implementation_cmake/cmake)
[2.640s] -- Using RMW implementation 'rmw_fastrtps_cpp' as default
[2.643s] -- Looking for pthread.h
[2.851s] -- Looking for pthread.h - found
[2.851s] -- Performing Test CMAKE_HAVE_LIBC_PTHREAD
[3.076s] -- Performing Test CMAKE_HAVE_LIBC_PTHREAD - Failed
[3.076s] -- Looking for pthread_create in pthreads
[3.208s] -- Looking for pthread_create in pthreads - not found
[3.209s] -- Looking for pthread_create in pthread
[3.392s] -- Looking for pthread_create in pthread - found
[3.395s] -- Found Threads: TRUE  
[3.853s] -- Found eigen3_cmake_module: 0.1.1 (/opt/ros/foxy/share/eigen3_cmake_module/cmake)
[3.860s] -- Found Eigen3: TRUE (found version "3.3.7") 
[3.863s] -- Found amber_b1_interfaces: 0.0.0 (/home/amber/ros2_ws/install/amber_b1_interfaces/share/amber_b1_interfaces/cmake)
[3.884s] -- Found trajectory_msgs: 2.0.4 (/opt/ros/foxy/share/trajectory_msgs/cmake)
[4.227s] -- Found sensor_msgs: 2.0.4 (/opt/ros/foxy/share/sensor_msgs/cmake)
[4.437s] -- Found geometry2: 0.13.12 (/opt/ros/foxy/share/geometry2/cmake)
[4.445s] -- Found ament_lint_auto: 0.9.6 (/opt/ros/foxy/share/ament_lint_auto/cmake)
[4.656s] -- Added test 'copyright' to check source files copyright and LICENSE
[4.659s] -- Added test 'cppcheck' to perform static code analysis on C / C++ code
[4.660s] -- Configured cppcheck include dirs: /home/amber/ros2_ws/src/amber_b1/amber_b1_gui_node/include
[4.661s] -- Configured cppcheck exclude dirs and/or files: 
[4.663s] -- Added test 'cpplint' to check C / C++ code against the Google style
[4.664s] -- Configured cpplint exclude dirs and/or files: 
[4.665s] -- Added test 'flake8' to check Python code syntax and style conventions
[4.667s] -- Added test 'lint_cmake' to check CMake code style
[4.669s] -- Added test 'pep257' to check Python code against some of the style conventions in PEP 257
[4.672s] -- Added test 'uncrustify' to check C / C++ code style
[4.672s] -- Configured uncrustify additional arguments: 
[4.674s] -- Added test 'xmllint' to check XML markup files
[4.680s] -- Configuring done
[4.711s] -- Generating done
[4.716s] -- Build files have been written to: /home/amber/ros2_ws/build/amber_b1_gui_node
