[0.052s] Invoking command in '/home/amber/ros2_ws/build/amber_b1_hardware': CMAKE_PREFIX_PATH=/home/amber/ros2_ws/install/amber_b1_interfaces:/home/amber/ros2_ws/install/amber_b1_joint_control_demo:/home/amber/ros2_ws/install/amber_b1_description:/opt/ros/foxy /usr/bin/cmake --build /home/amber/ros2_ws/build/amber_b1_hardware -- -j4 -l4
[0.190s] [100%] Built target amber_b1_hardware
[0.215s] Invoked command in '/home/amber/ros2_ws/build/amber_b1_hardware' returned '0': CMAKE_PREFIX_PATH=/home/amber/ros2_ws/install/amber_b1_interfaces:/home/amber/ros2_ws/install/amber_b1_joint_control_demo:/home/amber/ros2_ws/install/amber_b1_description:/opt/ros/foxy /usr/bin/cmake --build /home/amber/ros2_ws/build/amber_b1_hardware -- -j4 -l4
[0.285s] Invoking command in '/home/amber/ros2_ws/build/amber_b1_hardware': CMAKE_PREFIX_PATH=/home/amber/ros2_ws/install/amber_b1_interfaces:/home/amber/ros2_ws/install/amber_b1_joint_control_demo:/home/amber/ros2_ws/install/amber_b1_description:/opt/ros/foxy /usr/bin/cmake --install /home/amber/ros2_ws/build/amber_b1_hardware
[0.303s] -- Install configuration: ""
[0.304s] -- Up-to-date: /home/amber/ros2_ws/install/amber_b1_hardware/share/amber_b1_hardware/amber_b1_hardware.xml
[0.305s] -- Up-to-date: /home/amber/ros2_ws/install/amber_b1_hardware/lib/libamber_b1_hardware.so
[0.306s] -- Up-to-date: /home/amber/ros2_ws/install/amber_b1_hardware/include
[0.306s] -- Up-to-date: /home/amber/ros2_ws/install/amber_b1_hardware/include/amber_b1_hardware
[0.307s] -- Up-to-date: /home/amber/ros2_ws/install/amber_b1_hardware/include/amber_b1_hardware/visibility_control.h
[0.308s] -- Up-to-date: /home/amber/ros2_ws/install/amber_b1_hardware/include/amber_b1_hardware/rt_spi.h
[0.308s] -- Up-to-date: /home/amber/ros2_ws/install/amber_b1_hardware/include/amber_b1_hardware/amber_b1_interface.hpp
[0.309s] -- Up-to-date: /home/amber/ros2_ws/install/amber_b1_hardware/share/amber_b1_hardware/environment/library_path.sh
[0.309s] -- Up-to-date: /home/amber/ros2_ws/install/amber_b1_hardware/share/amber_b1_hardware/environment/library_path.dsv
[0.310s] -- Up-to-date: /home/amber/ros2_ws/install/amber_b1_hardware/share/ament_index/resource_index/package_run_dependencies/amber_b1_hardware
[0.310s] -- Up-to-date: /home/amber/ros2_ws/install/amber_b1_hardware/share/ament_index/resource_index/parent_prefix_path/amber_b1_hardware
[0.310s] -- Up-to-date: /home/amber/ros2_ws/install/amber_b1_hardware/share/amber_b1_hardware/environment/ament_prefix_path.sh
[0.311s] -- Up-to-date: /home/amber/ros2_ws/install/amber_b1_hardware/share/amber_b1_hardware/environment/ament_prefix_path.dsv
[0.311s] -- Up-to-date: /home/amber/ros2_ws/install/amber_b1_hardware/share/amber_b1_hardware/environment/path.sh
[0.312s] -- Up-to-date: /home/amber/ros2_ws/install/amber_b1_hardware/share/amber_b1_hardware/environment/path.dsv
[0.312s] -- Up-to-date: /home/amber/ros2_ws/install/amber_b1_hardware/share/amber_b1_hardware/local_setup.bash
[0.313s] -- Up-to-date: /home/amber/ros2_ws/install/amber_b1_hardware/share/amber_b1_hardware/local_setup.sh
[0.313s] -- Up-to-date: /home/amber/ros2_ws/install/amber_b1_hardware/share/amber_b1_hardware/local_setup.zsh
[0.314s] -- Up-to-date: /home/amber/ros2_ws/install/amber_b1_hardware/share/amber_b1_hardware/local_setup.dsv
[0.315s] -- Installing: /home/amber/ros2_ws/install/amber_b1_hardware/share/amber_b1_hardware/package.dsv
[0.320s] -- Up-to-date: /home/amber/ros2_ws/install/amber_b1_hardware/share/ament_index/resource_index/packages/amber_b1_hardware
[0.320s] -- Up-to-date: /home/amber/ros2_ws/install/amber_b1_hardware/share/ament_index/resource_index/hardware_interface__pluginlib__plugin/amber_b1_hardware
[0.320s] -- Up-to-date: /home/amber/ros2_ws/install/amber_b1_hardware/share/amber_b1_hardware/cmake/ament_cmake_export_include_directories-extras.cmake
[0.321s] -- Up-to-date: /home/amber/ros2_ws/install/amber_b1_hardware/share/amber_b1_hardware/cmake/ament_cmake_export_libraries-extras.cmake
[0.321s] -- Up-to-date: /home/amber/ros2_ws/install/amber_b1_hardware/share/amber_b1_hardware/cmake/ament_cmake_export_dependencies-extras.cmake
[0.322s] -- Up-to-date: /home/amber/ros2_ws/install/amber_b1_hardware/share/amber_b1_hardware/cmake/amber_b1_hardwareConfig.cmake
[0.322s] -- Up-to-date: /home/amber/ros2_ws/install/amber_b1_hardware/share/amber_b1_hardware/cmake/amber_b1_hardwareConfig-version.cmake
[0.323s] -- Up-to-date: /home/amber/ros2_ws/install/amber_b1_hardware/share/amber_b1_hardware/package.xml
[0.323s] Invoked command in '/home/amber/ros2_ws/build/amber_b1_hardware' returned '0': CMAKE_PREFIX_PATH=/home/amber/ros2_ws/install/amber_b1_interfaces:/home/amber/ros2_ws/install/amber_b1_joint_control_demo:/home/amber/ros2_ws/install/amber_b1_description:/opt/ros/foxy /usr/bin/cmake --install /home/amber/ros2_ws/build/amber_b1_hardware
