[0.057s] Invoking command in '/home/amber/ros2_ws/build/amber_b1_joint_control_demo': CMAKE_PREFIX_PATH=${CMAKE_PREFIX_PATH}:/opt/ros/foxy /usr/bin/cmake --build /home/amber/ros2_ws/build/amber_b1_joint_control_demo -- -j2 -l2
[0.351s] [100%] Built target joint_control_demo
[0.396s] Invoked command in '/home/amber/ros2_ws/build/amber_b1_joint_control_demo' returned '0': CMAKE_PREFIX_PATH=${CMAKE_PREFIX_PATH}:/opt/ros/foxy /usr/bin/cmake --build /home/amber/ros2_ws/build/amber_b1_joint_control_demo -- -j2 -l2
[0.559s] Invoking command in '/home/amber/ros2_ws/build/amber_b1_joint_control_demo': CMAKE_PREFIX_PATH=${CMAKE_PREFIX_PATH}:/opt/ros/foxy /usr/bin/cmake --install /home/amber/ros2_ws/build/amber_b1_joint_control_demo
[0.594s] -- Install configuration: ""
[0.600s] -- Up-to-date: /home/amber/ros2_ws/install/amber_b1_joint_control_demo/lib/amber_b1_joint_control_demo/joint_control_demo
[0.601s] -- Up-to-date: /home/amber/ros2_ws/install/amber_b1_joint_control_demo/share/ament_index/resource_index/package_run_dependencies/amber_b1_joint_control_demo
[0.602s] -- Up-to-date: /home/amber/ros2_ws/install/amber_b1_joint_control_demo/share/ament_index/resource_index/parent_prefix_path/amber_b1_joint_control_demo
[0.603s] -- Up-to-date: /home/amber/ros2_ws/install/amber_b1_joint_control_demo/share/amber_b1_joint_control_demo/environment/ament_prefix_path.sh
[0.603s] -- Up-to-date: /home/amber/ros2_ws/install/amber_b1_joint_control_demo/share/amber_b1_joint_control_demo/environment/ament_prefix_path.dsv
[0.604s] -- Up-to-date: /home/amber/ros2_ws/install/amber_b1_joint_control_demo/share/amber_b1_joint_control_demo/environment/path.sh
[0.605s] -- Up-to-date: /home/amber/ros2_ws/install/amber_b1_joint_control_demo/share/amber_b1_joint_control_demo/environment/path.dsv
[0.605s] -- Up-to-date: /home/amber/ros2_ws/install/amber_b1_joint_control_demo/share/amber_b1_joint_control_demo/local_setup.bash
[0.606s] -- Up-to-date: /home/amber/ros2_ws/install/amber_b1_joint_control_demo/share/amber_b1_joint_control_demo/local_setup.sh
[0.606s] -- Up-to-date: /home/amber/ros2_ws/install/amber_b1_joint_control_demo/share/amber_b1_joint_control_demo/local_setup.zsh
[0.607s] -- Up-to-date: /home/amber/ros2_ws/install/amber_b1_joint_control_demo/share/amber_b1_joint_control_demo/local_setup.dsv
[0.608s] -- Installing: /home/amber/ros2_ws/install/amber_b1_joint_control_demo/share/amber_b1_joint_control_demo/package.dsv
[0.608s] -- Up-to-date: /home/amber/ros2_ws/install/amber_b1_joint_control_demo/share/ament_index/resource_index/packages/amber_b1_joint_control_demo
[0.608s] -- Up-to-date: /home/amber/ros2_ws/install/amber_b1_joint_control_demo/share/amber_b1_joint_control_demo/cmake/amber_b1_joint_control_demoConfig.cmake
[0.609s] -- Up-to-date: /home/amber/ros2_ws/install/amber_b1_joint_control_demo/share/amber_b1_joint_control_demo/cmake/amber_b1_joint_control_demoConfig-version.cmake
[0.609s] -- Up-to-date: /home/amber/ros2_ws/install/amber_b1_joint_control_demo/share/amber_b1_joint_control_demo/package.xml
[0.618s] Invoked command in '/home/amber/ros2_ws/build/amber_b1_joint_control_demo' returned '0': CMAKE_PREFIX_PATH=${CMAKE_PREFIX_PATH}:/opt/ros/foxy /usr/bin/cmake --install /home/amber/ros2_ws/build/amber_b1_joint_control_demo
