[0.728s] DEBUG:colcon:Command line arguments: ['/usr/bin/colcon', 'build']
[0.729s] DEBUG:colcon:Parsed command line arguments: Namespace(allow_overriding=[], ament_cmake_args=None, base_paths=['.'], build_base='build', catkin_cmake_args=None, catkin_skip_building_tests=False, cmake_args=None, cmake_clean_cache=False, cmake_clean_first=False, cmake_force_configure=False, cmake_target=None, cmake_target_skip_unavailable=False, continue_on_error=False, event_handlers=None, executor='parallel', ignore_user_meta=False, install_base='install', log_base=None, log_level=None, main=<bound method BuildVerb.main of <colcon_core.verb.build.BuildVerb object at 0x7fe85da16880>>, merge_install=False, metas=['./colcon.meta'], packages_above=None, packages_above_and_dependencies=None, packages_above_depth=None, packages_end=None, packages_ignore=None, packages_ignore_regex=None, packages_select=None, packages_select_build_failed=False, packages_select_by_dep=None, packages_select_regex=None, packages_select_test_failures=False, packages_skip=None, packages_skip_build_finished=False, packages_skip_by_dep=None, packages_skip_regex=None, packages_skip_test_passed=False, packages_skip_up_to=None, packages_start=None, packages_up_to=None, packages_up_to_regex=None, parallel_workers=2, paths=None, symlink_install=False, test_result_base=None, verb_extension=<colcon_core.verb.build.BuildVerb object at 0x7fe85da16880>, verb_name='build', verb_parser=<colcon_defaults.argument_parser.defaults.DefaultArgumentsDecorator object at 0x7fe85d9a34c0>)
[0.759s] Level 1:colcon.colcon_core.package_discovery:discover_packages(colcon_meta) check parameters
[0.759s] Level 1:colcon.colcon_core.package_discovery:discover_packages(recursive) check parameters
[0.759s] Level 1:colcon.colcon_core.package_discovery:discover_packages(ignore) check parameters
[0.759s] Level 1:colcon.colcon_core.package_discovery:discover_packages(path) check parameters
[0.760s] Level 1:colcon.colcon_core.package_discovery:discover_packages(colcon_meta) discover
[0.760s] Level 1:colcon.colcon_core.package_discovery:discover_packages(recursive) discover
[0.760s] INFO:colcon.colcon_core.package_discovery:Crawling recursively for packages in '/home/amber/ros2_ws'
[0.762s] Level 1:colcon.colcon_core.package_identification:_identify(.) by extensions ['ignore', 'ignore_ament_install']
[0.763s] Level 1:colcon.colcon_core.package_identification:_identify(.) by extension 'ignore'
[0.763s] Level 1:colcon.colcon_core.package_identification:_identify(.) by extension 'ignore_ament_install'
[0.763s] Level 1:colcon.colcon_core.package_identification:_identify(.) by extensions ['colcon_pkg']
[0.764s] Level 1:colcon.colcon_core.package_identification:_identify(.) by extension 'colcon_pkg'
[0.764s] Level 1:colcon.colcon_core.package_identification:_identify(.) by extensions ['colcon_meta']
[0.764s] Level 1:colcon.colcon_core.package_identification:_identify(.) by extension 'colcon_meta'
[0.764s] Level 1:colcon.colcon_core.package_identification:_identify(.) by extensions ['ros']
[0.764s] Level 1:colcon.colcon_core.package_identification:_identify(.) by extension 'ros'
[0.821s] Level 1:colcon.colcon_core.package_identification:_identify(.) by extensions ['cmake', 'python']
[0.822s] Level 1:colcon.colcon_core.package_identification:_identify(.) by extension 'cmake'
[0.822s] Level 1:colcon.colcon_core.package_identification:_identify(.) by extension 'python'
[0.822s] Level 1:colcon.colcon_core.package_identification:_identify(.) by extensions ['python_setup_py']
[0.822s] Level 1:colcon.colcon_core.package_identification:_identify(.) by extension 'python_setup_py'
[0.823s] Level 1:colcon.colcon_core.package_identification:_identify(build) by extensions ['ignore', 'ignore_ament_install']
[0.824s] Level 1:colcon.colcon_core.package_identification:_identify(build) by extension 'ignore'
[0.824s] Level 1:colcon.colcon_core.package_identification:_identify(build) ignored
[0.826s] Level 1:colcon.colcon_core.package_identification:_identify(install) by extensions ['ignore', 'ignore_ament_install']
[0.827s] Level 1:colcon.colcon_core.package_identification:_identify(install) by extension 'ignore'
[0.827s] Level 1:colcon.colcon_core.package_identification:_identify(install) ignored
[0.827s] Level 1:colcon.colcon_core.package_identification:_identify(log) by extensions ['ignore', 'ignore_ament_install']
[0.828s] Level 1:colcon.colcon_core.package_identification:_identify(log) by extension 'ignore'
[0.829s] Level 1:colcon.colcon_core.package_identification:_identify(log) ignored
[0.829s] Level 1:colcon.colcon_core.package_identification:_identify(src) by extensions ['ignore', 'ignore_ament_install']
[0.830s] Level 1:colcon.colcon_core.package_identification:_identify(src) by extension 'ignore'
[0.830s] Level 1:colcon.colcon_core.package_identification:_identify(src) by extension 'ignore_ament_install'
[0.830s] Level 1:colcon.colcon_core.package_identification:_identify(src) by extensions ['colcon_pkg']
[0.830s] Level 1:colcon.colcon_core.package_identification:_identify(src) by extension 'colcon_pkg'
[0.831s] Level 1:colcon.colcon_core.package_identification:_identify(src) by extensions ['colcon_meta']
[0.831s] Level 1:colcon.colcon_core.package_identification:_identify(src) by extension 'colcon_meta'
[0.831s] Level 1:colcon.colcon_core.package_identification:_identify(src) by extensions ['ros']
[0.831s] Level 1:colcon.colcon_core.package_identification:_identify(src) by extension 'ros'
[0.832s] Level 1:colcon.colcon_core.package_identification:_identify(src) by extensions ['cmake', 'python']
[0.832s] Level 1:colcon.colcon_core.package_identification:_identify(src) by extension 'cmake'
[0.832s] Level 1:colcon.colcon_core.package_identification:_identify(src) by extension 'python'
[0.832s] Level 1:colcon.colcon_core.package_identification:_identify(src) by extensions ['python_setup_py']
[0.832s] Level 1:colcon.colcon_core.package_identification:_identify(src) by extension 'python_setup_py'
[0.834s] Level 1:colcon.colcon_core.package_identification:_identify(src/amber_b1) by extensions ['ignore', 'ignore_ament_install']
[0.835s] Level 1:colcon.colcon_core.package_identification:_identify(src/amber_b1) by extension 'ignore'
[0.835s] Level 1:colcon.colcon_core.package_identification:_identify(src/amber_b1) by extension 'ignore_ament_install'
[0.836s] Level 1:colcon.colcon_core.package_identification:_identify(src/amber_b1) by extensions ['colcon_pkg']
[0.836s] Level 1:colcon.colcon_core.package_identification:_identify(src/amber_b1) by extension 'colcon_pkg'
[0.836s] Level 1:colcon.colcon_core.package_identification:_identify(src/amber_b1) by extensions ['colcon_meta']
[0.836s] Level 1:colcon.colcon_core.package_identification:_identify(src/amber_b1) by extension 'colcon_meta'
[0.836s] Level 1:colcon.colcon_core.package_identification:_identify(src/amber_b1) by extensions ['ros']
[0.836s] Level 1:colcon.colcon_core.package_identification:_identify(src/amber_b1) by extension 'ros'
[0.837s] Level 1:colcon.colcon_core.package_identification:_identify(src/amber_b1) by extensions ['cmake', 'python']
[0.837s] Level 1:colcon.colcon_core.package_identification:_identify(src/amber_b1) by extension 'cmake'
[0.837s] Level 1:colcon.colcon_core.package_identification:_identify(src/amber_b1) by extension 'python'
[0.837s] Level 1:colcon.colcon_core.package_identification:_identify(src/amber_b1) by extensions ['python_setup_py']
[0.838s] Level 1:colcon.colcon_core.package_identification:_identify(src/amber_b1) by extension 'python_setup_py'
[0.839s] Level 1:colcon.colcon_core.package_identification:_identify(src/amber_b1/amber_b1_bringup) by extensions ['ignore', 'ignore_ament_install']
[0.839s] Level 1:colcon.colcon_core.package_identification:_identify(src/amber_b1/amber_b1_bringup) by extension 'ignore'
[0.840s] Level 1:colcon.colcon_core.package_identification:_identify(src/amber_b1/amber_b1_bringup) by extension 'ignore_ament_install'
[0.840s] Level 1:colcon.colcon_core.package_identification:_identify(src/amber_b1/amber_b1_bringup) by extensions ['colcon_pkg']
[0.840s] Level 1:colcon.colcon_core.package_identification:_identify(src/amber_b1/amber_b1_bringup) by extension 'colcon_pkg'
[0.840s] Level 1:colcon.colcon_core.package_identification:_identify(src/amber_b1/amber_b1_bringup) by extensions ['colcon_meta']
[0.841s] Level 1:colcon.colcon_core.package_identification:_identify(src/amber_b1/amber_b1_bringup) by extension 'colcon_meta'
[0.842s] Level 1:colcon.colcon_core.package_identification:_identify(src/amber_b1/amber_b1_bringup) by extensions ['ros']
[0.842s] Level 1:colcon.colcon_core.package_identification:_identify(src/amber_b1/amber_b1_bringup) by extension 'ros'
[0.855s] DEBUG:colcon.colcon_core.package_identification:Package 'src/amber_b1/amber_b1_bringup' with type 'ros.ament_cmake' and name 'amber_b1_bringup'
[0.856s] Level 1:colcon.colcon_core.package_identification:_identify(src/amber_b1/amber_b1_description) by extensions ['ignore', 'ignore_ament_install']
[0.859s] Level 1:colcon.colcon_core.package_identification:_identify(src/amber_b1/amber_b1_description) by extension 'ignore'
[0.862s] Level 1:colcon.colcon_core.package_identification:_identify(src/amber_b1/amber_b1_description) by extension 'ignore_ament_install'
[0.863s] Level 1:colcon.colcon_core.package_identification:_identify(src/amber_b1/amber_b1_description) by extensions ['colcon_pkg']
[0.865s] Level 1:colcon.colcon_core.package_identification:_identify(src/amber_b1/amber_b1_description) by extension 'colcon_pkg'
[0.868s] Level 1:colcon.colcon_core.package_identification:_identify(src/amber_b1/amber_b1_description) by extensions ['colcon_meta']
[0.869s] Level 1:colcon.colcon_core.package_identification:_identify(src/amber_b1/amber_b1_description) by extension 'colcon_meta'
[0.869s] Level 1:colcon.colcon_core.package_identification:_identify(src/amber_b1/amber_b1_description) by extensions ['ros']
[0.870s] Level 1:colcon.colcon_core.package_identification:_identify(src/amber_b1/amber_b1_description) by extension 'ros'
[0.872s] DEBUG:colcon.colcon_core.package_identification:Package 'src/amber_b1/amber_b1_description' with type 'ros.ament_cmake' and name 'amber_b1_description'
[0.873s] Level 1:colcon.colcon_core.package_identification:_identify(src/amber_b1/amber_b1_gui_node) by extensions ['ignore', 'ignore_ament_install']
[0.876s] Level 1:colcon.colcon_core.package_identification:_identify(src/amber_b1/amber_b1_gui_node) by extension 'ignore'
[0.876s] Level 1:colcon.colcon_core.package_identification:_identify(src/amber_b1/amber_b1_gui_node) by extension 'ignore_ament_install'
[0.877s] Level 1:colcon.colcon_core.package_identification:_identify(src/amber_b1/amber_b1_gui_node) by extensions ['colcon_pkg']
[0.877s] Level 1:colcon.colcon_core.package_identification:_identify(src/amber_b1/amber_b1_gui_node) by extension 'colcon_pkg'
[0.877s] Level 1:colcon.colcon_core.package_identification:_identify(src/amber_b1/amber_b1_gui_node) by extensions ['colcon_meta']
[0.877s] Level 1:colcon.colcon_core.package_identification:_identify(src/amber_b1/amber_b1_gui_node) by extension 'colcon_meta'
[0.878s] Level 1:colcon.colcon_core.package_identification:_identify(src/amber_b1/amber_b1_gui_node) by extensions ['ros']
[0.878s] Level 1:colcon.colcon_core.package_identification:_identify(src/amber_b1/amber_b1_gui_node) by extension 'ros'
[0.885s] DEBUG:colcon.colcon_core.package_identification:Package 'src/amber_b1/amber_b1_gui_node' with type 'ros.ament_cmake' and name 'amber_b1_gui_node'
[0.885s] Level 1:colcon.colcon_core.package_identification:_identify(src/amber_b1/amber_b1_hardware) by extensions ['ignore', 'ignore_ament_install']
[0.886s] Level 1:colcon.colcon_core.package_identification:_identify(src/amber_b1/amber_b1_hardware) by extension 'ignore'
[0.886s] Level 1:colcon.colcon_core.package_identification:_identify(src/amber_b1/amber_b1_hardware) by extension 'ignore_ament_install'
[0.886s] Level 1:colcon.colcon_core.package_identification:_identify(src/amber_b1/amber_b1_hardware) by extensions ['colcon_pkg']
[0.886s] Level 1:colcon.colcon_core.package_identification:_identify(src/amber_b1/amber_b1_hardware) by extension 'colcon_pkg'
[0.887s] Level 1:colcon.colcon_core.package_identification:_identify(src/amber_b1/amber_b1_hardware) by extensions ['colcon_meta']
[0.887s] Level 1:colcon.colcon_core.package_identification:_identify(src/amber_b1/amber_b1_hardware) by extension 'colcon_meta'
[0.888s] Level 1:colcon.colcon_core.package_identification:_identify(src/amber_b1/amber_b1_hardware) by extensions ['ros']
[0.888s] Level 1:colcon.colcon_core.package_identification:_identify(src/amber_b1/amber_b1_hardware) by extension 'ros'
[0.894s] DEBUG:colcon.colcon_core.package_identification:Package 'src/amber_b1/amber_b1_hardware' with type 'ros.ament_cmake' and name 'amber_b1_hardware'
[0.895s] Level 1:colcon.colcon_core.package_identification:_identify(src/amber_b1/amber_b1_interfaces) by extensions ['ignore', 'ignore_ament_install']
[0.895s] Level 1:colcon.colcon_core.package_identification:_identify(src/amber_b1/amber_b1_interfaces) by extension 'ignore'
[0.895s] Level 1:colcon.colcon_core.package_identification:_identify(src/amber_b1/amber_b1_interfaces) by extension 'ignore_ament_install'
[0.896s] Level 1:colcon.colcon_core.package_identification:_identify(src/amber_b1/amber_b1_interfaces) by extensions ['colcon_pkg']
[0.896s] Level 1:colcon.colcon_core.package_identification:_identify(src/amber_b1/amber_b1_interfaces) by extension 'colcon_pkg'
[0.896s] Level 1:colcon.colcon_core.package_identification:_identify(src/amber_b1/amber_b1_interfaces) by extensions ['colcon_meta']
[0.896s] Level 1:colcon.colcon_core.package_identification:_identify(src/amber_b1/amber_b1_interfaces) by extension 'colcon_meta'
[0.900s] Level 1:colcon.colcon_core.package_identification:_identify(src/amber_b1/amber_b1_interfaces) by extensions ['ros']
[0.900s] Level 1:colcon.colcon_core.package_identification:_identify(src/amber_b1/amber_b1_interfaces) by extension 'ros'
[0.903s] DEBUG:colcon.colcon_core.package_identification:Package 'src/amber_b1/amber_b1_interfaces' with type 'ros.ament_cmake' and name 'amber_b1_interfaces'
[0.903s] Level 1:colcon.colcon_core.package_identification:_identify(src/amber_b1/amber_b1_joint_control_demo) by extensions ['ignore', 'ignore_ament_install']
[0.904s] Level 1:colcon.colcon_core.package_identification:_identify(src/amber_b1/amber_b1_joint_control_demo) by extension 'ignore'
[0.904s] Level 1:colcon.colcon_core.package_identification:_identify(src/amber_b1/amber_b1_joint_control_demo) by extension 'ignore_ament_install'
[0.904s] Level 1:colcon.colcon_core.package_identification:_identify(src/amber_b1/amber_b1_joint_control_demo) by extensions ['colcon_pkg']
[0.904s] Level 1:colcon.colcon_core.package_identification:_identify(src/amber_b1/amber_b1_joint_control_demo) by extension 'colcon_pkg'
[0.904s] Level 1:colcon.colcon_core.package_identification:_identify(src/amber_b1/amber_b1_joint_control_demo) by extensions ['colcon_meta']
[0.905s] Level 1:colcon.colcon_core.package_identification:_identify(src/amber_b1/amber_b1_joint_control_demo) by extension 'colcon_meta'
[0.907s] Level 1:colcon.colcon_core.package_identification:_identify(src/amber_b1/amber_b1_joint_control_demo) by extensions ['ros']
[0.908s] Level 1:colcon.colcon_core.package_identification:_identify(src/amber_b1/amber_b1_joint_control_demo) by extension 'ros'
[0.910s] DEBUG:colcon.colcon_core.package_identification:Package 'src/amber_b1/amber_b1_joint_control_demo' with type 'ros.ament_cmake' and name 'amber_b1_joint_control_demo'
[0.910s] Level 1:colcon.colcon_core.package_discovery:discover_packages(recursive) using defaults
[0.911s] Level 1:colcon.colcon_core.package_discovery:discover_packages(ignore) discover
[0.911s] Level 1:colcon.colcon_core.package_discovery:discover_packages(ignore) using defaults
[0.911s] Level 1:colcon.colcon_core.package_discovery:discover_packages(path) discover
[0.911s] Level 1:colcon.colcon_core.package_discovery:discover_packages(path) using defaults
[1.010s] Level 5:colcon.colcon_core.verb:set package 'amber_b1_bringup' build argument 'cmake_args' from command line to 'None'
[1.011s] Level 5:colcon.colcon_core.verb:set package 'amber_b1_bringup' build argument 'cmake_target' from command line to 'None'
[1.011s] Level 5:colcon.colcon_core.verb:set package 'amber_b1_bringup' build argument 'cmake_target_skip_unavailable' from command line to 'False'
[1.011s] Level 5:colcon.colcon_core.verb:set package 'amber_b1_bringup' build argument 'cmake_clean_cache' from command line to 'False'
[1.011s] Level 5:colcon.colcon_core.verb:set package 'amber_b1_bringup' build argument 'cmake_clean_first' from command line to 'False'
[1.011s] Level 5:colcon.colcon_core.verb:set package 'amber_b1_bringup' build argument 'cmake_force_configure' from command line to 'False'
[1.011s] Level 5:colcon.colcon_core.verb:set package 'amber_b1_bringup' build argument 'ament_cmake_args' from command line to 'None'
[1.011s] Level 5:colcon.colcon_core.verb:set package 'amber_b1_bringup' build argument 'catkin_cmake_args' from command line to 'None'
[1.011s] Level 5:colcon.colcon_core.verb:set package 'amber_b1_bringup' build argument 'catkin_skip_building_tests' from command line to 'False'
[1.012s] DEBUG:colcon.colcon_core.verb:Building package 'amber_b1_bringup' with the following arguments: {'ament_cmake_args': None, 'build_base': '/home/amber/ros2_ws/build/amber_b1_bringup', 'catkin_cmake_args': None, 'catkin_skip_building_tests': False, 'cmake_args': None, 'cmake_clean_cache': False, 'cmake_clean_first': False, 'cmake_force_configure': False, 'cmake_target': None, 'cmake_target_skip_unavailable': False, 'install_base': '/home/amber/ros2_ws/install/amber_b1_bringup', 'merge_install': False, 'path': '/home/amber/ros2_ws/src/amber_b1/amber_b1_bringup', 'symlink_install': False, 'test_result_base': None}
[1.015s] Level 5:colcon.colcon_core.verb:set package 'amber_b1_description' build argument 'cmake_args' from command line to 'None'
[1.015s] Level 5:colcon.colcon_core.verb:set package 'amber_b1_description' build argument 'cmake_target' from command line to 'None'
[1.015s] Level 5:colcon.colcon_core.verb:set package 'amber_b1_description' build argument 'cmake_target_skip_unavailable' from command line to 'False'
[1.016s] Level 5:colcon.colcon_core.verb:set package 'amber_b1_description' build argument 'cmake_clean_cache' from command line to 'False'
[1.016s] Level 5:colcon.colcon_core.verb:set package 'amber_b1_description' build argument 'cmake_clean_first' from command line to 'False'
[1.016s] Level 5:colcon.colcon_core.verb:set package 'amber_b1_description' build argument 'cmake_force_configure' from command line to 'False'
[1.016s] Level 5:colcon.colcon_core.verb:set package 'amber_b1_description' build argument 'ament_cmake_args' from command line to 'None'
[1.016s] Level 5:colcon.colcon_core.verb:set package 'amber_b1_description' build argument 'catkin_cmake_args' from command line to 'None'
[1.016s] Level 5:colcon.colcon_core.verb:set package 'amber_b1_description' build argument 'catkin_skip_building_tests' from command line to 'False'
[1.016s] DEBUG:colcon.colcon_core.verb:Building package 'amber_b1_description' with the following arguments: {'ament_cmake_args': None, 'build_base': '/home/amber/ros2_ws/build/amber_b1_description', 'catkin_cmake_args': None, 'catkin_skip_building_tests': False, 'cmake_args': None, 'cmake_clean_cache': False, 'cmake_clean_first': False, 'cmake_force_configure': False, 'cmake_target': None, 'cmake_target_skip_unavailable': False, 'install_base': '/home/amber/ros2_ws/install/amber_b1_description', 'merge_install': False, 'path': '/home/amber/ros2_ws/src/amber_b1/amber_b1_description', 'symlink_install': False, 'test_result_base': None}
[1.020s] Level 5:colcon.colcon_core.verb:set package 'amber_b1_interfaces' build argument 'cmake_args' from command line to 'None'
[1.020s] Level 5:colcon.colcon_core.verb:set package 'amber_b1_interfaces' build argument 'cmake_target' from command line to 'None'
[1.020s] Level 5:colcon.colcon_core.verb:set package 'amber_b1_interfaces' build argument 'cmake_target_skip_unavailable' from command line to 'False'
[1.020s] Level 5:colcon.colcon_core.verb:set package 'amber_b1_interfaces' build argument 'cmake_clean_cache' from command line to 'False'
[1.020s] Level 5:colcon.colcon_core.verb:set package 'amber_b1_interfaces' build argument 'cmake_clean_first' from command line to 'False'
[1.020s] Level 5:colcon.colcon_core.verb:set package 'amber_b1_interfaces' build argument 'cmake_force_configure' from command line to 'False'
[1.020s] Level 5:colcon.colcon_core.verb:set package 'amber_b1_interfaces' build argument 'ament_cmake_args' from command line to 'None'
[1.021s] Level 5:colcon.colcon_core.verb:set package 'amber_b1_interfaces' build argument 'catkin_cmake_args' from command line to 'None'
[1.021s] Level 5:colcon.colcon_core.verb:set package 'amber_b1_interfaces' build argument 'catkin_skip_building_tests' from command line to 'False'
[1.021s] DEBUG:colcon.colcon_core.verb:Building package 'amber_b1_interfaces' with the following arguments: {'ament_cmake_args': None, 'build_base': '/home/amber/ros2_ws/build/amber_b1_interfaces', 'catkin_cmake_args': None, 'catkin_skip_building_tests': False, 'cmake_args': None, 'cmake_clean_cache': False, 'cmake_clean_first': False, 'cmake_force_configure': False, 'cmake_target': None, 'cmake_target_skip_unavailable': False, 'install_base': '/home/amber/ros2_ws/install/amber_b1_interfaces', 'merge_install': False, 'path': '/home/amber/ros2_ws/src/amber_b1/amber_b1_interfaces', 'symlink_install': False, 'test_result_base': None}
[1.023s] Level 5:colcon.colcon_core.verb:set package 'amber_b1_joint_control_demo' build argument 'cmake_args' from command line to 'None'
[1.024s] Level 5:colcon.colcon_core.verb:set package 'amber_b1_joint_control_demo' build argument 'cmake_target' from command line to 'None'
[1.024s] Level 5:colcon.colcon_core.verb:set package 'amber_b1_joint_control_demo' build argument 'cmake_target_skip_unavailable' from command line to 'False'
[1.025s] Level 5:colcon.colcon_core.verb:set package 'amber_b1_joint_control_demo' build argument 'cmake_clean_cache' from command line to 'False'
[1.025s] Level 5:colcon.colcon_core.verb:set package 'amber_b1_joint_control_demo' build argument 'cmake_clean_first' from command line to 'False'
[1.025s] Level 5:colcon.colcon_core.verb:set package 'amber_b1_joint_control_demo' build argument 'cmake_force_configure' from command line to 'False'
[1.025s] Level 5:colcon.colcon_core.verb:set package 'amber_b1_joint_control_demo' build argument 'ament_cmake_args' from command line to 'None'
[1.025s] Level 5:colcon.colcon_core.verb:set package 'amber_b1_joint_control_demo' build argument 'catkin_cmake_args' from command line to 'None'
[1.025s] Level 5:colcon.colcon_core.verb:set package 'amber_b1_joint_control_demo' build argument 'catkin_skip_building_tests' from command line to 'False'
[1.025s] DEBUG:colcon.colcon_core.verb:Building package 'amber_b1_joint_control_demo' with the following arguments: {'ament_cmake_args': None, 'build_base': '/home/amber/ros2_ws/build/amber_b1_joint_control_demo', 'catkin_cmake_args': None, 'catkin_skip_building_tests': False, 'cmake_args': None, 'cmake_clean_cache': False, 'cmake_clean_first': False, 'cmake_force_configure': False, 'cmake_target': None, 'cmake_target_skip_unavailable': False, 'install_base': '/home/amber/ros2_ws/install/amber_b1_joint_control_demo', 'merge_install': False, 'path': '/home/amber/ros2_ws/src/amber_b1/amber_b1_joint_control_demo', 'symlink_install': False, 'test_result_base': None}
[1.028s] Level 5:colcon.colcon_core.verb:set package 'amber_b1_gui_node' build argument 'cmake_args' from command line to 'None'
[1.028s] Level 5:colcon.colcon_core.verb:set package 'amber_b1_gui_node' build argument 'cmake_target' from command line to 'None'
[1.028s] Level 5:colcon.colcon_core.verb:set package 'amber_b1_gui_node' build argument 'cmake_target_skip_unavailable' from command line to 'False'
[1.028s] Level 5:colcon.colcon_core.verb:set package 'amber_b1_gui_node' build argument 'cmake_clean_cache' from command line to 'False'
[1.028s] Level 5:colcon.colcon_core.verb:set package 'amber_b1_gui_node' build argument 'cmake_clean_first' from command line to 'False'
[1.029s] Level 5:colcon.colcon_core.verb:set package 'amber_b1_gui_node' build argument 'cmake_force_configure' from command line to 'False'
[1.029s] Level 5:colcon.colcon_core.verb:set package 'amber_b1_gui_node' build argument 'ament_cmake_args' from command line to 'None'
[1.029s] Level 5:colcon.colcon_core.verb:set package 'amber_b1_gui_node' build argument 'catkin_cmake_args' from command line to 'None'
[1.029s] Level 5:colcon.colcon_core.verb:set package 'amber_b1_gui_node' build argument 'catkin_skip_building_tests' from command line to 'False'
[1.029s] DEBUG:colcon.colcon_core.verb:Building package 'amber_b1_gui_node' with the following arguments: {'ament_cmake_args': None, 'build_base': '/home/amber/ros2_ws/build/amber_b1_gui_node', 'catkin_cmake_args': None, 'catkin_skip_building_tests': False, 'cmake_args': None, 'cmake_clean_cache': False, 'cmake_clean_first': False, 'cmake_force_configure': False, 'cmake_target': None, 'cmake_target_skip_unavailable': False, 'install_base': '/home/amber/ros2_ws/install/amber_b1_gui_node', 'merge_install': False, 'path': '/home/amber/ros2_ws/src/amber_b1/amber_b1_gui_node', 'symlink_install': False, 'test_result_base': None}
[1.032s] Level 5:colcon.colcon_core.verb:set package 'amber_b1_hardware' build argument 'cmake_args' from command line to 'None'
[1.033s] Level 5:colcon.colcon_core.verb:set package 'amber_b1_hardware' build argument 'cmake_target' from command line to 'None'
[1.033s] Level 5:colcon.colcon_core.verb:set package 'amber_b1_hardware' build argument 'cmake_target_skip_unavailable' from command line to 'False'
[1.033s] Level 5:colcon.colcon_core.verb:set package 'amber_b1_hardware' build argument 'cmake_clean_cache' from command line to 'False'
[1.033s] Level 5:colcon.colcon_core.verb:set package 'amber_b1_hardware' build argument 'cmake_clean_first' from command line to 'False'
[1.033s] Level 5:colcon.colcon_core.verb:set package 'amber_b1_hardware' build argument 'cmake_force_configure' from command line to 'False'
[1.033s] Level 5:colcon.colcon_core.verb:set package 'amber_b1_hardware' build argument 'ament_cmake_args' from command line to 'None'
[1.033s] Level 5:colcon.colcon_core.verb:set package 'amber_b1_hardware' build argument 'catkin_cmake_args' from command line to 'None'
[1.033s] Level 5:colcon.colcon_core.verb:set package 'amber_b1_hardware' build argument 'catkin_skip_building_tests' from command line to 'False'
[1.034s] DEBUG:colcon.colcon_core.verb:Building package 'amber_b1_hardware' with the following arguments: {'ament_cmake_args': None, 'build_base': '/home/amber/ros2_ws/build/amber_b1_hardware', 'catkin_cmake_args': None, 'catkin_skip_building_tests': False, 'cmake_args': None, 'cmake_clean_cache': False, 'cmake_clean_first': False, 'cmake_force_configure': False, 'cmake_target': None, 'cmake_target_skip_unavailable': False, 'install_base': '/home/amber/ros2_ws/install/amber_b1_hardware', 'merge_install': False, 'path': '/home/amber/ros2_ws/src/amber_b1/amber_b1_hardware', 'symlink_install': False, 'test_result_base': None}
[1.051s] WARNING:colcon.colcon_core.verb:Some selected packages are already built in one or more underlay workspaces:
	'amber_b1_bringup' is in: /home/amber/ros2_ws/install/amber_b1_bringup
	'amber_b1_description' is in: /home/amber/ros2_ws/install/amber_b1_description
	'amber_b1_interfaces' is in: /home/amber/ros2_ws/install/amber_b1_interfaces
	'amber_b1_joint_control_demo' is in: /home/amber/ros2_ws/install/amber_b1_joint_control_demo
	'amber_b1_gui_node' is in: /home/amber/ros2_ws/install/amber_b1_gui_node
	'amber_b1_hardware' is in: /home/amber/ros2_ws/install/amber_b1_hardware
If a package in a merged underlay workspace is overridden and it installs headers, then all packages in the overlay must sort their include directories by workspace order. Failure to do so may result in build failures or undefined behavior at run time.
If the overridden package is used by another package in any underlay, then the overriding package in the overlay must be API and ABI compatible or undefined behavior at run time may occur.

If you understand the risks and want to override a package anyways, add the following to the command line:
	--allow-overriding amber_b1_bringup amber_b1_description amber_b1_gui_node amber_b1_hardware amber_b1_interfaces amber_b1_joint_control_demo

This may be promoted to an error in a future release of colcon-core.
[1.053s] INFO:colcon.colcon_core.executor:Executing jobs using 'parallel' executor
[1.064s] DEBUG:colcon.colcon_parallel_executor.executor.parallel:run_until_complete
[1.065s] INFO:colcon.colcon_ros.task.ament_cmake.build:Building ROS package in '/home/amber/ros2_ws/src/amber_b1/amber_b1_interfaces' with build type 'ament_cmake'
[1.066s] INFO:colcon.colcon_cmake.task.cmake.build:Building CMake package in '/home/amber/ros2_ws/src/amber_b1/amber_b1_interfaces'
[1.092s] INFO:colcon.colcon_core.plugin_system:Skipping extension 'colcon_core.shell.bat': Not used on non-Windows systems
[1.093s] INFO:colcon.colcon_core.shell:Skip shell extension 'powershell' for command environment: Not usable outside of PowerShell
[1.093s] DEBUG:colcon.colcon_core.shell:Skip shell extension 'dsv' for command environment
[1.127s] INFO:colcon.colcon_ros.task.ament_cmake.build:Building ROS package in '/home/amber/ros2_ws/src/amber_b1/amber_b1_bringup' with build type 'ament_cmake'
[1.128s] INFO:colcon.colcon_cmake.task.cmake.build:Building CMake package in '/home/amber/ros2_ws/src/amber_b1/amber_b1_bringup'
[1.131s] INFO:colcon.colcon_core.shell:Skip shell extension 'powershell' for command environment: Not usable outside of PowerShell
[1.132s] DEBUG:colcon.colcon_core.shell:Skip shell extension 'dsv' for command environment
[1.190s] DEBUG:colcon.colcon_core.event_handler.log_command:Invoking command in '/home/amber/ros2_ws/build/amber_b1_interfaces': CMAKE_PREFIX_PATH=${CMAKE_PREFIX_PATH}:/opt/ros/foxy /usr/bin/cmake --build /home/amber/ros2_ws/build/amber_b1_interfaces -- -j2 -l2
[1.266s] DEBUG:colcon.colcon_core.event_handler.log_command:Invoking command in '/home/amber/ros2_ws/build/amber_b1_bringup': CMAKE_PREFIX_PATH=${CMAKE_PREFIX_PATH}:/opt/ros/foxy /usr/bin/cmake --build /home/amber/ros2_ws/build/amber_b1_bringup -- -j2 -l2
[1.661s] DEBUG:colcon.colcon_core.event_handler.log_command:Invoked command in '/home/amber/ros2_ws/build/amber_b1_bringup' returned '0': CMAKE_PREFIX_PATH=${CMAKE_PREFIX_PATH}:/opt/ros/foxy /usr/bin/cmake --build /home/amber/ros2_ws/build/amber_b1_bringup -- -j2 -l2
[1.915s] DEBUG:colcon.colcon_core.event_handler.log_command:Invoking command in '/home/amber/ros2_ws/build/amber_b1_bringup': CMAKE_PREFIX_PATH=${CMAKE_PREFIX_PATH}:/opt/ros/foxy /usr/bin/cmake --install /home/amber/ros2_ws/build/amber_b1_bringup
[1.949s] Level 1:colcon.colcon_core.environment:create_environment_scripts_only(amber_b1_bringup)
[2.005s] Level 1:colcon.colcon_core.environment:checking '/home/amber/ros2_ws/install/amber_b1_bringup' for CMake module files
[2.014s] Level 1:colcon.colcon_core.environment:checking '/home/amber/ros2_ws/install/amber_b1_bringup' for CMake config files
[2.015s] Level 1:colcon.colcon_core.shell:create_environment_hook('amber_b1_bringup', 'cmake_prefix_path')
[2.017s] INFO:colcon.colcon_core.shell:Creating environment hook '/home/amber/ros2_ws/install/amber_b1_bringup/share/amber_b1_bringup/hook/cmake_prefix_path.ps1'
[2.022s] INFO:colcon.colcon_core.shell:Creating environment descriptor '/home/amber/ros2_ws/install/amber_b1_bringup/share/amber_b1_bringup/hook/cmake_prefix_path.dsv'
[2.037s] DEBUG:colcon.colcon_core.event_handler.log_command:Invoked command in '/home/amber/ros2_ws/build/amber_b1_bringup' returned '0': CMAKE_PREFIX_PATH=${CMAKE_PREFIX_PATH}:/opt/ros/foxy /usr/bin/cmake --install /home/amber/ros2_ws/build/amber_b1_bringup
[2.039s] INFO:colcon.colcon_core.shell:Creating environment hook '/home/amber/ros2_ws/install/amber_b1_bringup/share/amber_b1_bringup/hook/cmake_prefix_path.sh'
[2.049s] Level 1:colcon.colcon_core.environment:checking '/home/amber/ros2_ws/install/amber_b1_bringup/bin'
[2.053s] Level 1:colcon.colcon_core.environment:checking '/home/amber/ros2_ws/install/amber_b1_bringup/lib/pkgconfig/amber_b1_bringup.pc'
[2.053s] Level 1:colcon.colcon_core.environment:checking '/home/amber/ros2_ws/install/amber_b1_bringup/lib/python3.8/site-packages'
[2.056s] INFO:colcon.colcon_core.shell:Creating package script '/home/amber/ros2_ws/install/amber_b1_bringup/share/amber_b1_bringup/package.ps1'
[2.062s] INFO:colcon.colcon_core.shell:Creating package descriptor '/home/amber/ros2_ws/install/amber_b1_bringup/share/amber_b1_bringup/package.dsv'
[2.066s] INFO:colcon.colcon_core.shell:Creating package script '/home/amber/ros2_ws/install/amber_b1_bringup/share/amber_b1_bringup/package.sh'
[2.070s] INFO:colcon.colcon_core.shell:Creating package script '/home/amber/ros2_ws/install/amber_b1_bringup/share/amber_b1_bringup/package.bash'
[2.074s] INFO:colcon.colcon_core.shell:Creating package script '/home/amber/ros2_ws/install/amber_b1_bringup/share/amber_b1_bringup/package.zsh'
[2.077s] Level 1:colcon.colcon_core.environment:create_file_with_runtime_dependencies(/home/amber/ros2_ws/install/amber_b1_bringup/share/colcon-core/packages/amber_b1_bringup)
[2.173s] Level 1:colcon.colcon_core.environment:create_environment_scripts_only(amber_b1_bringup)
[2.177s] Level 1:colcon.colcon_core.environment:checking '/home/amber/ros2_ws/install/amber_b1_bringup' for CMake module files
[2.179s] Level 1:colcon.colcon_core.environment:checking '/home/amber/ros2_ws/install/amber_b1_bringup' for CMake config files
[2.180s] Level 1:colcon.colcon_core.shell:create_environment_hook('amber_b1_bringup', 'cmake_prefix_path')
[2.182s] INFO:colcon.colcon_core.shell:Creating environment hook '/home/amber/ros2_ws/install/amber_b1_bringup/share/amber_b1_bringup/hook/cmake_prefix_path.ps1'
[2.184s] INFO:colcon.colcon_core.shell:Creating environment descriptor '/home/amber/ros2_ws/install/amber_b1_bringup/share/amber_b1_bringup/hook/cmake_prefix_path.dsv'
[2.186s] INFO:colcon.colcon_core.shell:Creating environment hook '/home/amber/ros2_ws/install/amber_b1_bringup/share/amber_b1_bringup/hook/cmake_prefix_path.sh'
[2.189s] Level 1:colcon.colcon_core.environment:checking '/home/amber/ros2_ws/install/amber_b1_bringup/bin'
[2.189s] Level 1:colcon.colcon_core.environment:checking '/home/amber/ros2_ws/install/amber_b1_bringup/lib/pkgconfig/amber_b1_bringup.pc'
[2.189s] Level 1:colcon.colcon_core.environment:checking '/home/amber/ros2_ws/install/amber_b1_bringup/lib/python3.8/site-packages'
[2.192s] INFO:colcon.colcon_core.shell:Creating package script '/home/amber/ros2_ws/install/amber_b1_bringup/share/amber_b1_bringup/package.ps1'
[2.196s] INFO:colcon.colcon_core.shell:Creating package descriptor '/home/amber/ros2_ws/install/amber_b1_bringup/share/amber_b1_bringup/package.dsv'
[2.198s] INFO:colcon.colcon_core.shell:Creating package script '/home/amber/ros2_ws/install/amber_b1_bringup/share/amber_b1_bringup/package.sh'
[2.205s] INFO:colcon.colcon_core.shell:Creating package script '/home/amber/ros2_ws/install/amber_b1_bringup/share/amber_b1_bringup/package.bash'
[2.208s] INFO:colcon.colcon_core.shell:Creating package script '/home/amber/ros2_ws/install/amber_b1_bringup/share/amber_b1_bringup/package.zsh'
[2.211s] Level 1:colcon.colcon_core.environment:create_file_with_runtime_dependencies(/home/amber/ros2_ws/install/amber_b1_bringup/share/colcon-core/packages/amber_b1_bringup)
[2.215s] INFO:colcon.colcon_ros.task.ament_cmake.build:Building ROS package in '/home/amber/ros2_ws/src/amber_b1/amber_b1_description' with build type 'ament_cmake'
[2.216s] INFO:colcon.colcon_cmake.task.cmake.build:Building CMake package in '/home/amber/ros2_ws/src/amber_b1/amber_b1_description'
[2.218s] INFO:colcon.colcon_core.shell:Skip shell extension 'powershell' for command environment: Not usable outside of PowerShell
[2.219s] DEBUG:colcon.colcon_core.shell:Skip shell extension 'dsv' for command environment
[2.264s] DEBUG:colcon.colcon_core.event_handler.log_command:Invoking command in '/home/amber/ros2_ws/build/amber_b1_description': CMAKE_PREFIX_PATH=${CMAKE_PREFIX_PATH}:/opt/ros/foxy /usr/bin/cmake --build /home/amber/ros2_ws/build/amber_b1_description -- -j2 -l2
[2.432s] DEBUG:colcon.colcon_core.event_handler.log_command:Invoked command in '/home/amber/ros2_ws/build/amber_b1_description' returned '0': CMAKE_PREFIX_PATH=${CMAKE_PREFIX_PATH}:/opt/ros/foxy /usr/bin/cmake --build /home/amber/ros2_ws/build/amber_b1_description -- -j2 -l2
[2.523s] DEBUG:colcon.colcon_core.event_handler.log_command:Invoking command in '/home/amber/ros2_ws/build/amber_b1_description': CMAKE_PREFIX_PATH=${CMAKE_PREFIX_PATH}:/opt/ros/foxy /usr/bin/cmake --install /home/amber/ros2_ws/build/amber_b1_description
[2.561s] Level 1:colcon.colcon_core.environment:create_environment_scripts_only(amber_b1_description)
[2.565s] Level 1:colcon.colcon_core.environment:checking '/home/amber/ros2_ws/install/amber_b1_description' for CMake module files
[2.570s] Level 1:colcon.colcon_core.environment:checking '/home/amber/ros2_ws/install/amber_b1_description' for CMake config files
[2.586s] Level 1:colcon.colcon_core.shell:create_environment_hook('amber_b1_description', 'cmake_prefix_path')
[2.589s] INFO:colcon.colcon_core.shell:Creating environment hook '/home/amber/ros2_ws/install/amber_b1_description/share/amber_b1_description/hook/cmake_prefix_path.ps1'
[2.593s] INFO:colcon.colcon_core.shell:Creating environment descriptor '/home/amber/ros2_ws/install/amber_b1_description/share/amber_b1_description/hook/cmake_prefix_path.dsv'
[2.597s] INFO:colcon.colcon_core.shell:Creating environment hook '/home/amber/ros2_ws/install/amber_b1_description/share/amber_b1_description/hook/cmake_prefix_path.sh'
[2.605s] Level 1:colcon.colcon_core.environment:checking '/home/amber/ros2_ws/install/amber_b1_description/bin'
[2.606s] Level 1:colcon.colcon_core.environment:checking '/home/amber/ros2_ws/install/amber_b1_description/lib/pkgconfig/amber_b1_description.pc'
[2.608s] Level 1:colcon.colcon_core.environment:checking '/home/amber/ros2_ws/install/amber_b1_description/lib/python3.8/site-packages'
[2.608s] DEBUG:colcon.colcon_core.event_handler.log_command:Invoked command in '/home/amber/ros2_ws/build/amber_b1_description' returned '0': CMAKE_PREFIX_PATH=${CMAKE_PREFIX_PATH}:/opt/ros/foxy /usr/bin/cmake --install /home/amber/ros2_ws/build/amber_b1_description
[2.611s] INFO:colcon.colcon_core.shell:Creating package script '/home/amber/ros2_ws/install/amber_b1_description/share/amber_b1_description/package.ps1'
[2.614s] INFO:colcon.colcon_core.shell:Creating package descriptor '/home/amber/ros2_ws/install/amber_b1_description/share/amber_b1_description/package.dsv'
[2.616s] INFO:colcon.colcon_core.shell:Creating package script '/home/amber/ros2_ws/install/amber_b1_description/share/amber_b1_description/package.sh'
[2.621s] INFO:colcon.colcon_core.shell:Creating package script '/home/amber/ros2_ws/install/amber_b1_description/share/amber_b1_description/package.bash'
[2.622s] INFO:colcon.colcon_core.shell:Creating package script '/home/amber/ros2_ws/install/amber_b1_description/share/amber_b1_description/package.zsh'
[2.626s] Level 1:colcon.colcon_core.environment:create_file_with_runtime_dependencies(/home/amber/ros2_ws/install/amber_b1_description/share/colcon-core/packages/amber_b1_description)
[2.699s] Level 1:colcon.colcon_core.environment:create_environment_scripts_only(amber_b1_description)
[2.703s] Level 1:colcon.colcon_core.environment:checking '/home/amber/ros2_ws/install/amber_b1_description' for CMake module files
[2.705s] Level 1:colcon.colcon_core.environment:checking '/home/amber/ros2_ws/install/amber_b1_description' for CMake config files
[2.707s] Level 1:colcon.colcon_core.shell:create_environment_hook('amber_b1_description', 'cmake_prefix_path')
[2.709s] INFO:colcon.colcon_core.shell:Creating environment hook '/home/amber/ros2_ws/install/amber_b1_description/share/amber_b1_description/hook/cmake_prefix_path.ps1'
[2.714s] INFO:colcon.colcon_core.shell:Creating environment descriptor '/home/amber/ros2_ws/install/amber_b1_description/share/amber_b1_description/hook/cmake_prefix_path.dsv'
[2.715s] INFO:colcon.colcon_core.shell:Creating environment hook '/home/amber/ros2_ws/install/amber_b1_description/share/amber_b1_description/hook/cmake_prefix_path.sh'
[2.720s] Level 1:colcon.colcon_core.environment:checking '/home/amber/ros2_ws/install/amber_b1_description/bin'
[2.721s] Level 1:colcon.colcon_core.environment:checking '/home/amber/ros2_ws/install/amber_b1_description/lib/pkgconfig/amber_b1_description.pc'
[2.722s] Level 1:colcon.colcon_core.environment:checking '/home/amber/ros2_ws/install/amber_b1_description/lib/python3.8/site-packages'
[2.724s] INFO:colcon.colcon_core.shell:Creating package script '/home/amber/ros2_ws/install/amber_b1_description/share/amber_b1_description/package.ps1'
[2.728s] INFO:colcon.colcon_core.shell:Creating package descriptor '/home/amber/ros2_ws/install/amber_b1_description/share/amber_b1_description/package.dsv'
[2.730s] INFO:colcon.colcon_core.shell:Creating package script '/home/amber/ros2_ws/install/amber_b1_description/share/amber_b1_description/package.sh'
[2.733s] INFO:colcon.colcon_core.shell:Creating package script '/home/amber/ros2_ws/install/amber_b1_description/share/amber_b1_description/package.bash'
[2.736s] INFO:colcon.colcon_core.shell:Creating package script '/home/amber/ros2_ws/install/amber_b1_description/share/amber_b1_description/package.zsh'
[2.739s] Level 1:colcon.colcon_core.environment:create_file_with_runtime_dependencies(/home/amber/ros2_ws/install/amber_b1_description/share/colcon-core/packages/amber_b1_description)
[2.740s] INFO:colcon.colcon_ros.task.ament_cmake.build:Building ROS package in '/home/amber/ros2_ws/src/amber_b1/amber_b1_joint_control_demo' with build type 'ament_cmake'
[2.741s] INFO:colcon.colcon_cmake.task.cmake.build:Building CMake package in '/home/amber/ros2_ws/src/amber_b1/amber_b1_joint_control_demo'
[2.744s] INFO:colcon.colcon_core.shell:Skip shell extension 'powershell' for command environment: Not usable outside of PowerShell
[2.744s] DEBUG:colcon.colcon_core.shell:Skip shell extension 'dsv' for command environment
[2.791s] DEBUG:colcon.colcon_core.event_handler.log_command:Invoking command in '/home/amber/ros2_ws/build/amber_b1_joint_control_demo': CMAKE_PREFIX_PATH=${CMAKE_PREFIX_PATH}:/opt/ros/foxy /usr/bin/cmake --build /home/amber/ros2_ws/build/amber_b1_joint_control_demo -- -j2 -l2
[3.081s] DEBUG:colcon.colcon_core.event_handler.log_command:Invoked command in '/home/amber/ros2_ws/build/amber_b1_joint_control_demo' returned '0': CMAKE_PREFIX_PATH=${CMAKE_PREFIX_PATH}:/opt/ros/foxy /usr/bin/cmake --build /home/amber/ros2_ws/build/amber_b1_joint_control_demo -- -j2 -l2
[3.141s] DEBUG:colcon.colcon_core.event_handler.log_command:Invoked command in '/home/amber/ros2_ws/build/amber_b1_interfaces' returned '0': CMAKE_PREFIX_PATH=${CMAKE_PREFIX_PATH}:/opt/ros/foxy /usr/bin/cmake --build /home/amber/ros2_ws/build/amber_b1_interfaces -- -j2 -l2
[3.211s] DEBUG:colcon.colcon_core.event_handler.log_command:Invoking command in '/home/amber/ros2_ws/build/amber_b1_joint_control_demo': CMAKE_PREFIX_PATH=${CMAKE_PREFIX_PATH}:/opt/ros/foxy /usr/bin/cmake --install /home/amber/ros2_ws/build/amber_b1_joint_control_demo
[3.277s] Level 1:colcon.colcon_core.environment:create_environment_scripts_only(amber_b1_joint_control_demo)
[3.282s] Level 1:colcon.colcon_core.environment:checking '/home/amber/ros2_ws/install/amber_b1_joint_control_demo' for CMake module files
[3.285s] DEBUG:colcon.colcon_core.event_handler.log_command:Invoked command in '/home/amber/ros2_ws/build/amber_b1_joint_control_demo' returned '0': CMAKE_PREFIX_PATH=${CMAKE_PREFIX_PATH}:/opt/ros/foxy /usr/bin/cmake --install /home/amber/ros2_ws/build/amber_b1_joint_control_demo
[3.287s] Level 1:colcon.colcon_core.environment:checking '/home/amber/ros2_ws/install/amber_b1_joint_control_demo' for CMake config files
[3.288s] Level 1:colcon.colcon_core.shell:create_environment_hook('amber_b1_joint_control_demo', 'cmake_prefix_path')
[3.292s] INFO:colcon.colcon_core.shell:Creating environment hook '/home/amber/ros2_ws/install/amber_b1_joint_control_demo/share/amber_b1_joint_control_demo/hook/cmake_prefix_path.ps1'
[3.294s] INFO:colcon.colcon_core.shell:Creating environment descriptor '/home/amber/ros2_ws/install/amber_b1_joint_control_demo/share/amber_b1_joint_control_demo/hook/cmake_prefix_path.dsv'
[3.300s] INFO:colcon.colcon_core.shell:Creating environment hook '/home/amber/ros2_ws/install/amber_b1_joint_control_demo/share/amber_b1_joint_control_demo/hook/cmake_prefix_path.sh'
[3.304s] Level 1:colcon.colcon_core.environment:checking '/home/amber/ros2_ws/install/amber_b1_joint_control_demo/lib'
[3.306s] Level 1:colcon.colcon_core.environment:checking '/home/amber/ros2_ws/install/amber_b1_joint_control_demo/bin'
[3.306s] Level 1:colcon.colcon_core.environment:checking '/home/amber/ros2_ws/install/amber_b1_joint_control_demo/lib/pkgconfig/amber_b1_joint_control_demo.pc'
[3.307s] Level 1:colcon.colcon_core.environment:checking '/home/amber/ros2_ws/install/amber_b1_joint_control_demo/lib/python3.8/site-packages'
[3.311s] INFO:colcon.colcon_core.shell:Creating package script '/home/amber/ros2_ws/install/amber_b1_joint_control_demo/share/amber_b1_joint_control_demo/package.ps1'
[3.315s] INFO:colcon.colcon_core.shell:Creating package descriptor '/home/amber/ros2_ws/install/amber_b1_joint_control_demo/share/amber_b1_joint_control_demo/package.dsv'
[3.319s] INFO:colcon.colcon_core.shell:Creating package script '/home/amber/ros2_ws/install/amber_b1_joint_control_demo/share/amber_b1_joint_control_demo/package.sh'
[3.322s] INFO:colcon.colcon_core.shell:Creating package script '/home/amber/ros2_ws/install/amber_b1_joint_control_demo/share/amber_b1_joint_control_demo/package.bash'
[3.326s] INFO:colcon.colcon_core.shell:Creating package script '/home/amber/ros2_ws/install/amber_b1_joint_control_demo/share/amber_b1_joint_control_demo/package.zsh'
[3.330s] Level 1:colcon.colcon_core.environment:create_file_with_runtime_dependencies(/home/amber/ros2_ws/install/amber_b1_joint_control_demo/share/colcon-core/packages/amber_b1_joint_control_demo)
[3.378s] DEBUG:colcon.colcon_core.event_handler.log_command:Invoking command in '/home/amber/ros2_ws/build/amber_b1_interfaces': CMAKE_PREFIX_PATH=${CMAKE_PREFIX_PATH}:/opt/ros/foxy /usr/bin/cmake --install /home/amber/ros2_ws/build/amber_b1_interfaces
[3.447s] Level 1:colcon.colcon_core.environment:create_environment_scripts_only(amber_b1_joint_control_demo)
[3.451s] Level 1:colcon.colcon_core.environment:checking '/home/amber/ros2_ws/install/amber_b1_joint_control_demo' for CMake module files
[3.461s] Level 1:colcon.colcon_core.environment:checking '/home/amber/ros2_ws/install/amber_b1_joint_control_demo' for CMake config files
[3.466s] Level 1:colcon.colcon_core.shell:create_environment_hook('amber_b1_joint_control_demo', 'cmake_prefix_path')
[3.469s] INFO:colcon.colcon_core.shell:Creating environment hook '/home/amber/ros2_ws/install/amber_b1_joint_control_demo/share/amber_b1_joint_control_demo/hook/cmake_prefix_path.ps1'
[3.479s] INFO:colcon.colcon_core.shell:Creating environment descriptor '/home/amber/ros2_ws/install/amber_b1_joint_control_demo/share/amber_b1_joint_control_demo/hook/cmake_prefix_path.dsv'
[3.486s] INFO:colcon.colcon_core.shell:Creating environment hook '/home/amber/ros2_ws/install/amber_b1_joint_control_demo/share/amber_b1_joint_control_demo/hook/cmake_prefix_path.sh'
[3.491s] Level 1:colcon.colcon_core.environment:checking '/home/amber/ros2_ws/install/amber_b1_joint_control_demo/lib'
[3.492s] Level 1:colcon.colcon_core.environment:checking '/home/amber/ros2_ws/install/amber_b1_joint_control_demo/bin'
[3.492s] Level 1:colcon.colcon_core.environment:checking '/home/amber/ros2_ws/install/amber_b1_joint_control_demo/lib/pkgconfig/amber_b1_joint_control_demo.pc'
[3.492s] Level 1:colcon.colcon_core.environment:checking '/home/amber/ros2_ws/install/amber_b1_joint_control_demo/lib/python3.8/site-packages'
[3.500s] INFO:colcon.colcon_core.shell:Creating package script '/home/amber/ros2_ws/install/amber_b1_joint_control_demo/share/amber_b1_joint_control_demo/package.ps1'
[3.502s] INFO:colcon.colcon_core.shell:Creating package descriptor '/home/amber/ros2_ws/install/amber_b1_joint_control_demo/share/amber_b1_joint_control_demo/package.dsv'
[3.504s] INFO:colcon.colcon_core.shell:Creating package script '/home/amber/ros2_ws/install/amber_b1_joint_control_demo/share/amber_b1_joint_control_demo/package.sh'
[3.507s] INFO:colcon.colcon_core.shell:Creating package script '/home/amber/ros2_ws/install/amber_b1_joint_control_demo/share/amber_b1_joint_control_demo/package.bash'
[3.510s] INFO:colcon.colcon_core.shell:Creating package script '/home/amber/ros2_ws/install/amber_b1_joint_control_demo/share/amber_b1_joint_control_demo/package.zsh'
[3.512s] Level 1:colcon.colcon_core.environment:create_file_with_runtime_dependencies(/home/amber/ros2_ws/install/amber_b1_joint_control_demo/share/colcon-core/packages/amber_b1_joint_control_demo)
[3.659s] Level 1:colcon.colcon_core.environment:create_environment_scripts_only(amber_b1_interfaces)
[3.663s] Level 1:colcon.colcon_core.environment:checking '/home/amber/ros2_ws/install/amber_b1_interfaces' for CMake module files
[3.670s] Level 1:colcon.colcon_core.environment:checking '/home/amber/ros2_ws/install/amber_b1_interfaces' for CMake config files
[3.677s] Level 1:colcon.colcon_core.shell:create_environment_hook('amber_b1_interfaces', 'cmake_prefix_path')
[3.680s] INFO:colcon.colcon_core.shell:Creating environment hook '/home/amber/ros2_ws/install/amber_b1_interfaces/share/amber_b1_interfaces/hook/cmake_prefix_path.ps1'
[3.685s] INFO:colcon.colcon_core.shell:Creating environment descriptor '/home/amber/ros2_ws/install/amber_b1_interfaces/share/amber_b1_interfaces/hook/cmake_prefix_path.dsv'
[3.690s] DEBUG:colcon.colcon_core.event_handler.log_command:Invoked command in '/home/amber/ros2_ws/build/amber_b1_interfaces' returned '0': CMAKE_PREFIX_PATH=${CMAKE_PREFIX_PATH}:/opt/ros/foxy /usr/bin/cmake --install /home/amber/ros2_ws/build/amber_b1_interfaces
[3.691s] INFO:colcon.colcon_core.shell:Creating environment hook '/home/amber/ros2_ws/install/amber_b1_interfaces/share/amber_b1_interfaces/hook/cmake_prefix_path.sh'
[3.698s] Level 1:colcon.colcon_core.environment:checking '/home/amber/ros2_ws/install/amber_b1_interfaces/lib'
[3.699s] Level 1:colcon.colcon_core.shell:create_environment_hook('amber_b1_interfaces', 'ld_library_path_lib')
[3.701s] INFO:colcon.colcon_core.shell:Creating environment hook '/home/amber/ros2_ws/install/amber_b1_interfaces/share/amber_b1_interfaces/hook/ld_library_path_lib.ps1'
[3.703s] INFO:colcon.colcon_core.shell:Creating environment descriptor '/home/amber/ros2_ws/install/amber_b1_interfaces/share/amber_b1_interfaces/hook/ld_library_path_lib.dsv'
[3.706s] INFO:colcon.colcon_core.shell:Creating environment hook '/home/amber/ros2_ws/install/amber_b1_interfaces/share/amber_b1_interfaces/hook/ld_library_path_lib.sh'
[3.708s] Level 1:colcon.colcon_core.environment:checking '/home/amber/ros2_ws/install/amber_b1_interfaces/bin'
[3.708s] Level 1:colcon.colcon_core.environment:checking '/home/amber/ros2_ws/install/amber_b1_interfaces/lib/pkgconfig/amber_b1_interfaces.pc'
[3.709s] Level 1:colcon.colcon_core.environment:checking '/home/amber/ros2_ws/install/amber_b1_interfaces/lib/python3.8/site-packages'
[3.709s] Level 1:colcon.colcon_core.shell:create_environment_hook('amber_b1_interfaces', 'pythonpath')
[3.711s] INFO:colcon.colcon_core.shell:Creating environment hook '/home/amber/ros2_ws/install/amber_b1_interfaces/share/amber_b1_interfaces/hook/pythonpath.ps1'
[3.713s] INFO:colcon.colcon_core.shell:Creating environment descriptor '/home/amber/ros2_ws/install/amber_b1_interfaces/share/amber_b1_interfaces/hook/pythonpath.dsv'
[3.716s] INFO:colcon.colcon_core.shell:Creating environment hook '/home/amber/ros2_ws/install/amber_b1_interfaces/share/amber_b1_interfaces/hook/pythonpath.sh'
[3.721s] INFO:colcon.colcon_core.shell:Creating package script '/home/amber/ros2_ws/install/amber_b1_interfaces/share/amber_b1_interfaces/package.ps1'
[3.724s] INFO:colcon.colcon_core.shell:Creating package descriptor '/home/amber/ros2_ws/install/amber_b1_interfaces/share/amber_b1_interfaces/package.dsv'
[3.727s] INFO:colcon.colcon_core.shell:Creating package script '/home/amber/ros2_ws/install/amber_b1_interfaces/share/amber_b1_interfaces/package.sh'
[3.731s] INFO:colcon.colcon_core.shell:Creating package script '/home/amber/ros2_ws/install/amber_b1_interfaces/share/amber_b1_interfaces/package.bash'
[3.733s] INFO:colcon.colcon_core.shell:Creating package script '/home/amber/ros2_ws/install/amber_b1_interfaces/share/amber_b1_interfaces/package.zsh'
[3.736s] Level 1:colcon.colcon_core.environment:create_file_with_runtime_dependencies(/home/amber/ros2_ws/install/amber_b1_interfaces/share/colcon-core/packages/amber_b1_interfaces)
[3.924s] Level 1:colcon.colcon_core.environment:create_environment_scripts_only(amber_b1_interfaces)
[3.929s] Level 1:colcon.colcon_core.environment:checking '/home/amber/ros2_ws/install/amber_b1_interfaces' for CMake module files
[3.931s] Level 1:colcon.colcon_core.environment:checking '/home/amber/ros2_ws/install/amber_b1_interfaces' for CMake config files
[3.934s] Level 1:colcon.colcon_core.shell:create_environment_hook('amber_b1_interfaces', 'cmake_prefix_path')
[3.935s] INFO:colcon.colcon_core.shell:Creating environment hook '/home/amber/ros2_ws/install/amber_b1_interfaces/share/amber_b1_interfaces/hook/cmake_prefix_path.ps1'
[3.939s] INFO:colcon.colcon_core.shell:Creating environment descriptor '/home/amber/ros2_ws/install/amber_b1_interfaces/share/amber_b1_interfaces/hook/cmake_prefix_path.dsv'
[3.941s] INFO:colcon.colcon_core.shell:Creating environment hook '/home/amber/ros2_ws/install/amber_b1_interfaces/share/amber_b1_interfaces/hook/cmake_prefix_path.sh'
[3.945s] Level 1:colcon.colcon_core.environment:checking '/home/amber/ros2_ws/install/amber_b1_interfaces/lib'
[3.945s] Level 1:colcon.colcon_core.shell:create_environment_hook('amber_b1_interfaces', 'ld_library_path_lib')
[3.948s] INFO:colcon.colcon_core.shell:Creating environment hook '/home/amber/ros2_ws/install/amber_b1_interfaces/share/amber_b1_interfaces/hook/ld_library_path_lib.ps1'
[3.950s] INFO:colcon.colcon_core.shell:Creating environment descriptor '/home/amber/ros2_ws/install/amber_b1_interfaces/share/amber_b1_interfaces/hook/ld_library_path_lib.dsv'
[3.953s] INFO:colcon.colcon_core.shell:Creating environment hook '/home/amber/ros2_ws/install/amber_b1_interfaces/share/amber_b1_interfaces/hook/ld_library_path_lib.sh'
[3.955s] Level 1:colcon.colcon_core.environment:checking '/home/amber/ros2_ws/install/amber_b1_interfaces/bin'
[3.955s] Level 1:colcon.colcon_core.environment:checking '/home/amber/ros2_ws/install/amber_b1_interfaces/lib/pkgconfig/amber_b1_interfaces.pc'
[3.956s] Level 1:colcon.colcon_core.environment:checking '/home/amber/ros2_ws/install/amber_b1_interfaces/lib/python3.8/site-packages'
[3.956s] Level 1:colcon.colcon_core.shell:create_environment_hook('amber_b1_interfaces', 'pythonpath')
[3.960s] INFO:colcon.colcon_core.shell:Creating environment hook '/home/amber/ros2_ws/install/amber_b1_interfaces/share/amber_b1_interfaces/hook/pythonpath.ps1'
[3.964s] INFO:colcon.colcon_core.shell:Creating environment descriptor '/home/amber/ros2_ws/install/amber_b1_interfaces/share/amber_b1_interfaces/hook/pythonpath.dsv'
[3.966s] INFO:colcon.colcon_core.shell:Creating environment hook '/home/amber/ros2_ws/install/amber_b1_interfaces/share/amber_b1_interfaces/hook/pythonpath.sh'
[3.971s] INFO:colcon.colcon_core.shell:Creating package script '/home/amber/ros2_ws/install/amber_b1_interfaces/share/amber_b1_interfaces/package.ps1'
[3.975s] INFO:colcon.colcon_core.shell:Creating package descriptor '/home/amber/ros2_ws/install/amber_b1_interfaces/share/amber_b1_interfaces/package.dsv'
[3.980s] INFO:colcon.colcon_core.shell:Creating package script '/home/amber/ros2_ws/install/amber_b1_interfaces/share/amber_b1_interfaces/package.sh'
[3.983s] INFO:colcon.colcon_core.shell:Creating package script '/home/amber/ros2_ws/install/amber_b1_interfaces/share/amber_b1_interfaces/package.bash'
[3.986s] INFO:colcon.colcon_core.shell:Creating package script '/home/amber/ros2_ws/install/amber_b1_interfaces/share/amber_b1_interfaces/package.zsh'
[3.990s] Level 1:colcon.colcon_core.environment:create_file_with_runtime_dependencies(/home/amber/ros2_ws/install/amber_b1_interfaces/share/colcon-core/packages/amber_b1_interfaces)
[3.992s] INFO:colcon.colcon_ros.task.ament_cmake.build:Building ROS package in '/home/amber/ros2_ws/src/amber_b1/amber_b1_gui_node' with build type 'ament_cmake'
[3.996s] INFO:colcon.colcon_cmake.task.cmake.build:Building CMake package in '/home/amber/ros2_ws/src/amber_b1/amber_b1_gui_node'
[3.999s] INFO:colcon.colcon_core.shell:Skip shell extension 'powershell' for command environment: Not usable outside of PowerShell
[4.000s] DEBUG:colcon.colcon_core.shell:Skip shell extension 'dsv' for command environment
[4.027s] INFO:colcon.colcon_ros.task.ament_cmake.build:Building ROS package in '/home/amber/ros2_ws/src/amber_b1/amber_b1_hardware' with build type 'ament_cmake'
[4.028s] INFO:colcon.colcon_cmake.task.cmake.build:Building CMake package in '/home/amber/ros2_ws/src/amber_b1/amber_b1_hardware'
[4.031s] INFO:colcon.colcon_core.shell:Skip shell extension 'powershell' for command environment: Not usable outside of PowerShell
[4.032s] DEBUG:colcon.colcon_core.shell:Skip shell extension 'dsv' for command environment
[4.085s] DEBUG:colcon.colcon_core.event_handler.log_command:Invoking command in '/home/amber/ros2_ws/build/amber_b1_gui_node': CMAKE_PREFIX_PATH=/home/amber/ros2_ws/install/amber_b1_interfaces:/home/amber/ros2_ws/install/amber_b1_joint_control_demo:/home/amber/ros2_ws/install/amber_b1_hardware:/home/amber/ros2_ws/install/amber_b1_gui_node:/home/amber/ros2_ws/install/amber_b1_description:/home/amber/ros2_ws/install/amber_b1_bringup:/opt/ros/foxy LD_LIBRARY_PATH=/home/amber/ros2_ws/install/amber_b1_interfaces/lib:/home/amber/ros2_ws/install/amber_b1_hardware/lib:/opt/ros/foxy/opt/yaml_cpp_vendor/lib:/opt/ros/foxy/opt/rviz_ogre_vendor/lib:/opt/ros/foxy/lib/x86_64-linux-gnu:/opt/ros/foxy/lib /usr/bin/cmake --build /home/amber/ros2_ws/build/amber_b1_gui_node -- -j2 -l2
[4.136s] DEBUG:colcon.colcon_core.event_handler.log_command:Invoking command in '/home/amber/ros2_ws/build/amber_b1_hardware': CMAKE_PREFIX_PATH=/home/amber/ros2_ws/install/amber_b1_interfaces:/home/amber/ros2_ws/install/amber_b1_joint_control_demo:/home/amber/ros2_ws/install/amber_b1_hardware:/home/amber/ros2_ws/install/amber_b1_gui_node:/home/amber/ros2_ws/install/amber_b1_description:/home/amber/ros2_ws/install/amber_b1_bringup:/opt/ros/foxy LD_LIBRARY_PATH=/home/amber/ros2_ws/install/amber_b1_interfaces/lib:/home/amber/ros2_ws/install/amber_b1_hardware/lib:/opt/ros/foxy/opt/yaml_cpp_vendor/lib:/opt/ros/foxy/opt/rviz_ogre_vendor/lib:/opt/ros/foxy/lib/x86_64-linux-gnu:/opt/ros/foxy/lib /usr/bin/cmake --build /home/amber/ros2_ws/build/amber_b1_hardware -- -j2 -l2
[4.357s] DEBUG:colcon.colcon_core.event_handler.log_command:Invoked command in '/home/amber/ros2_ws/build/amber_b1_gui_node' returned '0': CMAKE_PREFIX_PATH=/home/amber/ros2_ws/install/amber_b1_interfaces:/home/amber/ros2_ws/install/amber_b1_joint_control_demo:/home/amber/ros2_ws/install/amber_b1_hardware:/home/amber/ros2_ws/install/amber_b1_gui_node:/home/amber/ros2_ws/install/amber_b1_description:/home/amber/ros2_ws/install/amber_b1_bringup:/opt/ros/foxy LD_LIBRARY_PATH=/home/amber/ros2_ws/install/amber_b1_interfaces/lib:/home/amber/ros2_ws/install/amber_b1_hardware/lib:/opt/ros/foxy/opt/yaml_cpp_vendor/lib:/opt/ros/foxy/opt/rviz_ogre_vendor/lib:/opt/ros/foxy/lib/x86_64-linux-gnu:/opt/ros/foxy/lib /usr/bin/cmake --build /home/amber/ros2_ws/build/amber_b1_gui_node -- -j2 -l2
[4.390s] DEBUG:colcon.colcon_core.event_handler.log_command:Invoked command in '/home/amber/ros2_ws/build/amber_b1_hardware' returned '0': CMAKE_PREFIX_PATH=/home/amber/ros2_ws/install/amber_b1_interfaces:/home/amber/ros2_ws/install/amber_b1_joint_control_demo:/home/amber/ros2_ws/install/amber_b1_hardware:/home/amber/ros2_ws/install/amber_b1_gui_node:/home/amber/ros2_ws/install/amber_b1_description:/home/amber/ros2_ws/install/amber_b1_bringup:/opt/ros/foxy LD_LIBRARY_PATH=/home/amber/ros2_ws/install/amber_b1_interfaces/lib:/home/amber/ros2_ws/install/amber_b1_hardware/lib:/opt/ros/foxy/opt/yaml_cpp_vendor/lib:/opt/ros/foxy/opt/rviz_ogre_vendor/lib:/opt/ros/foxy/lib/x86_64-linux-gnu:/opt/ros/foxy/lib /usr/bin/cmake --build /home/amber/ros2_ws/build/amber_b1_hardware -- -j2 -l2
[4.524s] DEBUG:colcon.colcon_core.event_handler.log_command:Invoking command in '/home/amber/ros2_ws/build/amber_b1_hardware': CMAKE_PREFIX_PATH=/home/amber/ros2_ws/install/amber_b1_interfaces:/home/amber/ros2_ws/install/amber_b1_joint_control_demo:/home/amber/ros2_ws/install/amber_b1_hardware:/home/amber/ros2_ws/install/amber_b1_gui_node:/home/amber/ros2_ws/install/amber_b1_description:/home/amber/ros2_ws/install/amber_b1_bringup:/opt/ros/foxy LD_LIBRARY_PATH=/home/amber/ros2_ws/install/amber_b1_interfaces/lib:/home/amber/ros2_ws/install/amber_b1_hardware/lib:/opt/ros/foxy/opt/yaml_cpp_vendor/lib:/opt/ros/foxy/opt/rviz_ogre_vendor/lib:/opt/ros/foxy/lib/x86_64-linux-gnu:/opt/ros/foxy/lib /usr/bin/cmake --install /home/amber/ros2_ws/build/amber_b1_hardware
[4.552s] DEBUG:colcon.colcon_core.event_handler.log_command:Invoking command in '/home/amber/ros2_ws/build/amber_b1_gui_node': CMAKE_PREFIX_PATH=/home/amber/ros2_ws/install/amber_b1_interfaces:/home/amber/ros2_ws/install/amber_b1_joint_control_demo:/home/amber/ros2_ws/install/amber_b1_hardware:/home/amber/ros2_ws/install/amber_b1_gui_node:/home/amber/ros2_ws/install/amber_b1_description:/home/amber/ros2_ws/install/amber_b1_bringup:/opt/ros/foxy LD_LIBRARY_PATH=/home/amber/ros2_ws/install/amber_b1_interfaces/lib:/home/amber/ros2_ws/install/amber_b1_hardware/lib:/opt/ros/foxy/opt/yaml_cpp_vendor/lib:/opt/ros/foxy/opt/rviz_ogre_vendor/lib:/opt/ros/foxy/lib/x86_64-linux-gnu:/opt/ros/foxy/lib /usr/bin/cmake --install /home/amber/ros2_ws/build/amber_b1_gui_node
[4.582s] Level 1:colcon.colcon_core.environment:create_environment_scripts_only(amber_b1_hardware)
[4.586s] Level 1:colcon.colcon_core.environment:checking '/home/amber/ros2_ws/install/amber_b1_hardware' for CMake module files
[4.592s] Level 1:colcon.colcon_core.environment:checking '/home/amber/ros2_ws/install/amber_b1_hardware' for CMake config files
[4.596s] Level 1:colcon.colcon_core.shell:create_environment_hook('amber_b1_hardware', 'cmake_prefix_path')
[4.598s] INFO:colcon.colcon_core.shell:Creating environment hook '/home/amber/ros2_ws/install/amber_b1_hardware/share/amber_b1_hardware/hook/cmake_prefix_path.ps1'
[4.602s] DEBUG:colcon.colcon_core.event_handler.log_command:Invoked command in '/home/amber/ros2_ws/build/amber_b1_hardware' returned '0': CMAKE_PREFIX_PATH=/home/amber/ros2_ws/install/amber_b1_interfaces:/home/amber/ros2_ws/install/amber_b1_joint_control_demo:/home/amber/ros2_ws/install/amber_b1_hardware:/home/amber/ros2_ws/install/amber_b1_gui_node:/home/amber/ros2_ws/install/amber_b1_description:/home/amber/ros2_ws/install/amber_b1_bringup:/opt/ros/foxy LD_LIBRARY_PATH=/home/amber/ros2_ws/install/amber_b1_interfaces/lib:/home/amber/ros2_ws/install/amber_b1_hardware/lib:/opt/ros/foxy/opt/yaml_cpp_vendor/lib:/opt/ros/foxy/opt/rviz_ogre_vendor/lib:/opt/ros/foxy/lib/x86_64-linux-gnu:/opt/ros/foxy/lib /usr/bin/cmake --install /home/amber/ros2_ws/build/amber_b1_hardware
[4.604s] INFO:colcon.colcon_core.shell:Creating environment descriptor '/home/amber/ros2_ws/install/amber_b1_hardware/share/amber_b1_hardware/hook/cmake_prefix_path.dsv'
[4.605s] INFO:colcon.colcon_core.shell:Creating environment hook '/home/amber/ros2_ws/install/amber_b1_hardware/share/amber_b1_hardware/hook/cmake_prefix_path.sh'
[4.608s] Level 1:colcon.colcon_core.environment:checking '/home/amber/ros2_ws/install/amber_b1_hardware/lib'
[4.608s] Level 1:colcon.colcon_core.shell:create_environment_hook('amber_b1_hardware', 'ld_library_path_lib')
[4.610s] INFO:colcon.colcon_core.shell:Creating environment hook '/home/amber/ros2_ws/install/amber_b1_hardware/share/amber_b1_hardware/hook/ld_library_path_lib.ps1'
[4.624s] INFO:colcon.colcon_core.shell:Creating environment descriptor '/home/amber/ros2_ws/install/amber_b1_hardware/share/amber_b1_hardware/hook/ld_library_path_lib.dsv'
[4.627s] INFO:colcon.colcon_core.shell:Creating environment hook '/home/amber/ros2_ws/install/amber_b1_hardware/share/amber_b1_hardware/hook/ld_library_path_lib.sh'
[4.633s] Level 1:colcon.colcon_core.environment:checking '/home/amber/ros2_ws/install/amber_b1_hardware/bin'
[4.633s] Level 1:colcon.colcon_core.environment:checking '/home/amber/ros2_ws/install/amber_b1_hardware/lib/pkgconfig/amber_b1_hardware.pc'
[4.634s] Level 1:colcon.colcon_core.environment:checking '/home/amber/ros2_ws/install/amber_b1_hardware/lib/python3.8/site-packages'
[4.638s] INFO:colcon.colcon_core.shell:Creating package script '/home/amber/ros2_ws/install/amber_b1_hardware/share/amber_b1_hardware/package.ps1'
[4.643s] INFO:colcon.colcon_core.shell:Creating package descriptor '/home/amber/ros2_ws/install/amber_b1_hardware/share/amber_b1_hardware/package.dsv'
[4.646s] INFO:colcon.colcon_core.shell:Creating package script '/home/amber/ros2_ws/install/amber_b1_hardware/share/amber_b1_hardware/package.sh'
[4.649s] INFO:colcon.colcon_core.shell:Creating package script '/home/amber/ros2_ws/install/amber_b1_hardware/share/amber_b1_hardware/package.bash'
[4.653s] INFO:colcon.colcon_core.shell:Creating package script '/home/amber/ros2_ws/install/amber_b1_hardware/share/amber_b1_hardware/package.zsh'
[4.655s] Level 1:colcon.colcon_core.environment:create_file_with_runtime_dependencies(/home/amber/ros2_ws/install/amber_b1_hardware/share/colcon-core/packages/amber_b1_hardware)
[4.674s] Level 1:colcon.colcon_core.environment:create_environment_scripts_only(amber_b1_gui_node)
[4.679s] Level 1:colcon.colcon_core.environment:checking '/home/amber/ros2_ws/install/amber_b1_gui_node' for CMake module files
[4.680s] DEBUG:colcon.colcon_core.event_handler.log_command:Invoked command in '/home/amber/ros2_ws/build/amber_b1_gui_node' returned '0': CMAKE_PREFIX_PATH=/home/amber/ros2_ws/install/amber_b1_interfaces:/home/amber/ros2_ws/install/amber_b1_joint_control_demo:/home/amber/ros2_ws/install/amber_b1_hardware:/home/amber/ros2_ws/install/amber_b1_gui_node:/home/amber/ros2_ws/install/amber_b1_description:/home/amber/ros2_ws/install/amber_b1_bringup:/opt/ros/foxy LD_LIBRARY_PATH=/home/amber/ros2_ws/install/amber_b1_interfaces/lib:/home/amber/ros2_ws/install/amber_b1_hardware/lib:/opt/ros/foxy/opt/yaml_cpp_vendor/lib:/opt/ros/foxy/opt/rviz_ogre_vendor/lib:/opt/ros/foxy/lib/x86_64-linux-gnu:/opt/ros/foxy/lib /usr/bin/cmake --install /home/amber/ros2_ws/build/amber_b1_gui_node
[4.684s] Level 1:colcon.colcon_core.environment:checking '/home/amber/ros2_ws/install/amber_b1_gui_node' for CMake config files
[4.685s] Level 1:colcon.colcon_core.shell:create_environment_hook('amber_b1_gui_node', 'cmake_prefix_path')
[4.687s] INFO:colcon.colcon_core.shell:Creating environment hook '/home/amber/ros2_ws/install/amber_b1_gui_node/share/amber_b1_gui_node/hook/cmake_prefix_path.ps1'
[4.690s] INFO:colcon.colcon_core.shell:Creating environment descriptor '/home/amber/ros2_ws/install/amber_b1_gui_node/share/amber_b1_gui_node/hook/cmake_prefix_path.dsv'
[4.692s] INFO:colcon.colcon_core.shell:Creating environment hook '/home/amber/ros2_ws/install/amber_b1_gui_node/share/amber_b1_gui_node/hook/cmake_prefix_path.sh'
[4.700s] Level 1:colcon.colcon_core.environment:checking '/home/amber/ros2_ws/install/amber_b1_gui_node/lib'
[4.700s] Level 1:colcon.colcon_core.environment:checking '/home/amber/ros2_ws/install/amber_b1_gui_node/bin'
[4.701s] Level 1:colcon.colcon_core.environment:checking '/home/amber/ros2_ws/install/amber_b1_gui_node/lib/pkgconfig/amber_b1_gui_node.pc'
[4.701s] Level 1:colcon.colcon_core.environment:checking '/home/amber/ros2_ws/install/amber_b1_gui_node/lib/python3.8/site-packages'
[4.707s] INFO:colcon.colcon_core.shell:Creating package script '/home/amber/ros2_ws/install/amber_b1_gui_node/share/amber_b1_gui_node/package.ps1'
[4.710s] INFO:colcon.colcon_core.shell:Creating package descriptor '/home/amber/ros2_ws/install/amber_b1_gui_node/share/amber_b1_gui_node/package.dsv'
[4.713s] INFO:colcon.colcon_core.shell:Creating package script '/home/amber/ros2_ws/install/amber_b1_gui_node/share/amber_b1_gui_node/package.sh'
[4.716s] INFO:colcon.colcon_core.shell:Creating package script '/home/amber/ros2_ws/install/amber_b1_gui_node/share/amber_b1_gui_node/package.bash'
[4.718s] INFO:colcon.colcon_core.shell:Creating package script '/home/amber/ros2_ws/install/amber_b1_gui_node/share/amber_b1_gui_node/package.zsh'
[4.720s] Level 1:colcon.colcon_core.environment:create_file_with_runtime_dependencies(/home/amber/ros2_ws/install/amber_b1_gui_node/share/colcon-core/packages/amber_b1_gui_node)
[4.773s] Level 1:colcon.colcon_core.environment:create_environment_scripts_only(amber_b1_hardware)
[4.777s] Level 1:colcon.colcon_core.environment:checking '/home/amber/ros2_ws/install/amber_b1_hardware' for CMake module files
[4.780s] Level 1:colcon.colcon_core.environment:checking '/home/amber/ros2_ws/install/amber_b1_hardware' for CMake config files
[4.782s] Level 1:colcon.colcon_core.shell:create_environment_hook('amber_b1_hardware', 'cmake_prefix_path')
[4.786s] INFO:colcon.colcon_core.shell:Creating environment hook '/home/amber/ros2_ws/install/amber_b1_hardware/share/amber_b1_hardware/hook/cmake_prefix_path.ps1'
[4.789s] INFO:colcon.colcon_core.shell:Creating environment descriptor '/home/amber/ros2_ws/install/amber_b1_hardware/share/amber_b1_hardware/hook/cmake_prefix_path.dsv'
[4.792s] INFO:colcon.colcon_core.shell:Creating environment hook '/home/amber/ros2_ws/install/amber_b1_hardware/share/amber_b1_hardware/hook/cmake_prefix_path.sh'
[4.798s] Level 1:colcon.colcon_core.environment:checking '/home/amber/ros2_ws/install/amber_b1_hardware/lib'
[4.798s] Level 1:colcon.colcon_core.shell:create_environment_hook('amber_b1_hardware', 'ld_library_path_lib')
[4.801s] INFO:colcon.colcon_core.shell:Creating environment hook '/home/amber/ros2_ws/install/amber_b1_hardware/share/amber_b1_hardware/hook/ld_library_path_lib.ps1'
[4.803s] INFO:colcon.colcon_core.shell:Creating environment descriptor '/home/amber/ros2_ws/install/amber_b1_hardware/share/amber_b1_hardware/hook/ld_library_path_lib.dsv'
[4.806s] INFO:colcon.colcon_core.shell:Creating environment hook '/home/amber/ros2_ws/install/amber_b1_hardware/share/amber_b1_hardware/hook/ld_library_path_lib.sh'
[4.808s] Level 1:colcon.colcon_core.environment:checking '/home/amber/ros2_ws/install/amber_b1_hardware/bin'
[4.809s] Level 1:colcon.colcon_core.environment:checking '/home/amber/ros2_ws/install/amber_b1_hardware/lib/pkgconfig/amber_b1_hardware.pc'
[4.809s] Level 1:colcon.colcon_core.environment:checking '/home/amber/ros2_ws/install/amber_b1_hardware/lib/python3.8/site-packages'
[4.813s] INFO:colcon.colcon_core.shell:Creating package script '/home/amber/ros2_ws/install/amber_b1_hardware/share/amber_b1_hardware/package.ps1'
[4.817s] INFO:colcon.colcon_core.shell:Creating package descriptor '/home/amber/ros2_ws/install/amber_b1_hardware/share/amber_b1_hardware/package.dsv'
[4.819s] INFO:colcon.colcon_core.shell:Creating package script '/home/amber/ros2_ws/install/amber_b1_hardware/share/amber_b1_hardware/package.sh'
[4.823s] INFO:colcon.colcon_core.shell:Creating package script '/home/amber/ros2_ws/install/amber_b1_hardware/share/amber_b1_hardware/package.bash'
[4.826s] INFO:colcon.colcon_core.shell:Creating package script '/home/amber/ros2_ws/install/amber_b1_hardware/share/amber_b1_hardware/package.zsh'
[4.828s] Level 1:colcon.colcon_core.environment:create_file_with_runtime_dependencies(/home/amber/ros2_ws/install/amber_b1_hardware/share/colcon-core/packages/amber_b1_hardware)
[4.889s] Level 1:colcon.colcon_core.environment:create_environment_scripts_only(amber_b1_gui_node)
[4.893s] Level 1:colcon.colcon_core.environment:checking '/home/amber/ros2_ws/install/amber_b1_gui_node' for CMake module files
[4.895s] Level 1:colcon.colcon_core.environment:checking '/home/amber/ros2_ws/install/amber_b1_gui_node' for CMake config files
[4.896s] Level 1:colcon.colcon_core.shell:create_environment_hook('amber_b1_gui_node', 'cmake_prefix_path')
[4.899s] INFO:colcon.colcon_core.shell:Creating environment hook '/home/amber/ros2_ws/install/amber_b1_gui_node/share/amber_b1_gui_node/hook/cmake_prefix_path.ps1'
[4.901s] INFO:colcon.colcon_core.shell:Creating environment descriptor '/home/amber/ros2_ws/install/amber_b1_gui_node/share/amber_b1_gui_node/hook/cmake_prefix_path.dsv'
[4.904s] INFO:colcon.colcon_core.shell:Creating environment hook '/home/amber/ros2_ws/install/amber_b1_gui_node/share/amber_b1_gui_node/hook/cmake_prefix_path.sh'
[4.910s] Level 1:colcon.colcon_core.environment:checking '/home/amber/ros2_ws/install/amber_b1_gui_node/lib'
[4.911s] Level 1:colcon.colcon_core.environment:checking '/home/amber/ros2_ws/install/amber_b1_gui_node/bin'
[4.911s] Level 1:colcon.colcon_core.environment:checking '/home/amber/ros2_ws/install/amber_b1_gui_node/lib/pkgconfig/amber_b1_gui_node.pc'
[4.911s] Level 1:colcon.colcon_core.environment:checking '/home/amber/ros2_ws/install/amber_b1_gui_node/lib/python3.8/site-packages'
[4.914s] INFO:colcon.colcon_core.shell:Creating package script '/home/amber/ros2_ws/install/amber_b1_gui_node/share/amber_b1_gui_node/package.ps1'
[4.918s] INFO:colcon.colcon_core.shell:Creating package descriptor '/home/amber/ros2_ws/install/amber_b1_gui_node/share/amber_b1_gui_node/package.dsv'
[4.921s] INFO:colcon.colcon_core.shell:Creating package script '/home/amber/ros2_ws/install/amber_b1_gui_node/share/amber_b1_gui_node/package.sh'
[4.926s] INFO:colcon.colcon_core.shell:Creating package script '/home/amber/ros2_ws/install/amber_b1_gui_node/share/amber_b1_gui_node/package.bash'
[4.929s] INFO:colcon.colcon_core.shell:Creating package script '/home/amber/ros2_ws/install/amber_b1_gui_node/share/amber_b1_gui_node/package.zsh'
[4.931s] Level 1:colcon.colcon_core.environment:create_file_with_runtime_dependencies(/home/amber/ros2_ws/install/amber_b1_gui_node/share/colcon-core/packages/amber_b1_gui_node)
[4.936s] DEBUG:colcon.colcon_parallel_executor.executor.parallel:closing loop
[4.936s] DEBUG:colcon.colcon_parallel_executor.executor.parallel:loop closed
[4.936s] DEBUG:colcon.colcon_parallel_executor.executor.parallel:run_until_complete finished with '0'
[4.936s] DEBUG:colcon.colcon_core.event_reactor:joining thread
[4.966s] INFO:colcon.colcon_core.plugin_system:Skipping extension 'colcon_notification.desktop_notification.terminal_notifier': Not used on non-Darwin systems
[4.966s] INFO:colcon.colcon_core.plugin_system:Skipping extension 'colcon_notification.desktop_notification.win32': Not used on non-Windows systems
[4.966s] INFO:colcon.colcon_notification.desktop_notification:Sending desktop notification using 'notify2'
[5.043s] DEBUG:colcon.colcon_core.event_reactor:joined thread
[5.045s] INFO:colcon.colcon_core.shell:Creating prefix script '/home/amber/ros2_ws/install/local_setup.ps1'
[5.056s] INFO:colcon.colcon_core.shell:Creating prefix util module '/home/amber/ros2_ws/install/_local_setup_util_ps1.py'
[5.063s] INFO:colcon.colcon_core.shell:Creating prefix chain script '/home/amber/ros2_ws/install/setup.ps1'
[5.072s] INFO:colcon.colcon_core.shell:Creating prefix script '/home/amber/ros2_ws/install/local_setup.sh'
[5.080s] INFO:colcon.colcon_core.shell:Creating prefix util module '/home/amber/ros2_ws/install/_local_setup_util_sh.py'
[5.084s] INFO:colcon.colcon_core.shell:Creating prefix chain script '/home/amber/ros2_ws/install/setup.sh'
[5.093s] INFO:colcon.colcon_core.shell:Creating prefix script '/home/amber/ros2_ws/install/local_setup.bash'
[5.096s] INFO:colcon.colcon_core.shell:Creating prefix chain script '/home/amber/ros2_ws/install/setup.bash'
[5.106s] INFO:colcon.colcon_core.shell:Creating prefix script '/home/amber/ros2_ws/install/local_setup.zsh'
[5.115s] INFO:colcon.colcon_core.shell:Creating prefix chain script '/home/amber/ros2_ws/install/setup.zsh'
