[0.644s] DEBUG:colcon:Command line arguments: ['/usr/bin/colcon', 'build']
[0.644s] DEBUG:colcon:Parsed command line arguments: Namespace(allow_overriding=[], ament_cmake_args=None, base_paths=['.'], build_base='build', catkin_cmake_args=None, catkin_skip_building_tests=False, cmake_args=None, cmake_clean_cache=False, cmake_clean_first=False, cmake_force_configure=False, cmake_target=None, cmake_target_skip_unavailable=False, continue_on_error=False, event_handlers=None, executor='parallel', ignore_user_meta=False, install_base='install', log_base=None, log_level=None, main=<bound method BuildVerb.main of <colcon_core.verb.build.BuildVerb object at 0x7f5d668f0a60>>, merge_install=False, metas=['./colcon.meta'], packages_above=None, packages_above_and_dependencies=None, packages_above_depth=None, packages_end=None, packages_ignore=None, packages_ignore_regex=None, packages_select=None, packages_select_build_failed=False, packages_select_by_dep=None, packages_select_regex=None, packages_select_test_failures=False, packages_skip=None, packages_skip_build_finished=False, packages_skip_by_dep=None, packages_skip_regex=None, packages_skip_test_passed=False, packages_skip_up_to=None, packages_start=None, packages_up_to=None, packages_up_to_regex=None, parallel_workers=4, paths=None, symlink_install=False, test_result_base=None, verb_extension=<colcon_core.verb.build.BuildVerb object at 0x7f5d668f0a60>, verb_name='build', verb_parser=<colcon_defaults.argument_parser.defaults.DefaultArgumentsDecorator object at 0x7f5d6687d040>)
[0.672s] Level 1:colcon.colcon_core.package_discovery:discover_packages(colcon_meta) check parameters
[0.672s] Level 1:colcon.colcon_core.package_discovery:discover_packages(recursive) check parameters
[0.673s] Level 1:colcon.colcon_core.package_discovery:discover_packages(ignore) check parameters
[0.673s] Level 1:colcon.colcon_core.package_discovery:discover_packages(path) check parameters
[0.673s] Level 1:colcon.colcon_core.package_discovery:discover_packages(colcon_meta) discover
[0.673s] Level 1:colcon.colcon_core.package_discovery:discover_packages(recursive) discover
[0.673s] INFO:colcon.colcon_core.package_discovery:Crawling recursively for packages in '/home/amber/ros2_ws'
[0.673s] Level 1:colcon.colcon_core.package_identification:_identify(.) by extensions ['ignore', 'ignore_ament_install']
[0.674s] Level 1:colcon.colcon_core.package_identification:_identify(.) by extension 'ignore'
[0.674s] Level 1:colcon.colcon_core.package_identification:_identify(.) by extension 'ignore_ament_install'
[0.674s] Level 1:colcon.colcon_core.package_identification:_identify(.) by extensions ['colcon_pkg']
[0.674s] Level 1:colcon.colcon_core.package_identification:_identify(.) by extension 'colcon_pkg'
[0.675s] Level 1:colcon.colcon_core.package_identification:_identify(.) by extensions ['colcon_meta']
[0.675s] Level 1:colcon.colcon_core.package_identification:_identify(.) by extension 'colcon_meta'
[0.675s] Level 1:colcon.colcon_core.package_identification:_identify(.) by extensions ['ros']
[0.675s] Level 1:colcon.colcon_core.package_identification:_identify(.) by extension 'ros'
[0.715s] Level 1:colcon.colcon_core.package_identification:_identify(.) by extensions ['cmake', 'python']
[0.715s] Level 1:colcon.colcon_core.package_identification:_identify(.) by extension 'cmake'
[0.715s] Level 1:colcon.colcon_core.package_identification:_identify(.) by extension 'python'
[0.715s] Level 1:colcon.colcon_core.package_identification:_identify(.) by extensions ['python_setup_py']
[0.715s] Level 1:colcon.colcon_core.package_identification:_identify(.) by extension 'python_setup_py'
[0.716s] Level 1:colcon.colcon_core.package_identification:_identify(build) by extensions ['ignore', 'ignore_ament_install']
[0.716s] Level 1:colcon.colcon_core.package_identification:_identify(build) by extension 'ignore'
[0.716s] Level 1:colcon.colcon_core.package_identification:_identify(build) ignored
[0.717s] Level 1:colcon.colcon_core.package_identification:_identify(install) by extensions ['ignore', 'ignore_ament_install']
[0.717s] Level 1:colcon.colcon_core.package_identification:_identify(install) by extension 'ignore'
[0.717s] Level 1:colcon.colcon_core.package_identification:_identify(install) ignored
[0.718s] Level 1:colcon.colcon_core.package_identification:_identify(log) by extensions ['ignore', 'ignore_ament_install']
[0.718s] Level 1:colcon.colcon_core.package_identification:_identify(log) by extension 'ignore'
[0.718s] Level 1:colcon.colcon_core.package_identification:_identify(log) ignored
[0.719s] Level 1:colcon.colcon_core.package_identification:_identify(src) by extensions ['ignore', 'ignore_ament_install']
[0.719s] Level 1:colcon.colcon_core.package_identification:_identify(src) by extension 'ignore'
[0.720s] Level 1:colcon.colcon_core.package_identification:_identify(src) by extension 'ignore_ament_install'
[0.720s] Level 1:colcon.colcon_core.package_identification:_identify(src) by extensions ['colcon_pkg']
[0.720s] Level 1:colcon.colcon_core.package_identification:_identify(src) by extension 'colcon_pkg'
[0.720s] Level 1:colcon.colcon_core.package_identification:_identify(src) by extensions ['colcon_meta']
[0.720s] Level 1:colcon.colcon_core.package_identification:_identify(src) by extension 'colcon_meta'
[0.720s] Level 1:colcon.colcon_core.package_identification:_identify(src) by extensions ['ros']
[0.720s] Level 1:colcon.colcon_core.package_identification:_identify(src) by extension 'ros'
[0.721s] Level 1:colcon.colcon_core.package_identification:_identify(src) by extensions ['cmake', 'python']
[0.721s] Level 1:colcon.colcon_core.package_identification:_identify(src) by extension 'cmake'
[0.721s] Level 1:colcon.colcon_core.package_identification:_identify(src) by extension 'python'
[0.721s] Level 1:colcon.colcon_core.package_identification:_identify(src) by extensions ['python_setup_py']
[0.721s] Level 1:colcon.colcon_core.package_identification:_identify(src) by extension 'python_setup_py'
[0.725s] Level 1:colcon.colcon_core.package_identification:_identify(src/amber_b1) by extensions ['ignore', 'ignore_ament_install']
[0.725s] Level 1:colcon.colcon_core.package_identification:_identify(src/amber_b1) by extension 'ignore'
[0.725s] Level 1:colcon.colcon_core.package_identification:_identify(src/amber_b1) by extension 'ignore_ament_install'
[0.725s] Level 1:colcon.colcon_core.package_identification:_identify(src/amber_b1) by extensions ['colcon_pkg']
[0.726s] Level 1:colcon.colcon_core.package_identification:_identify(src/amber_b1) by extension 'colcon_pkg'
[0.726s] Level 1:colcon.colcon_core.package_identification:_identify(src/amber_b1) by extensions ['colcon_meta']
[0.726s] Level 1:colcon.colcon_core.package_identification:_identify(src/amber_b1) by extension 'colcon_meta'
[0.726s] Level 1:colcon.colcon_core.package_identification:_identify(src/amber_b1) by extensions ['ros']
[0.726s] Level 1:colcon.colcon_core.package_identification:_identify(src/amber_b1) by extension 'ros'
[0.726s] Level 1:colcon.colcon_core.package_identification:_identify(src/amber_b1) by extensions ['cmake', 'python']
[0.726s] Level 1:colcon.colcon_core.package_identification:_identify(src/amber_b1) by extension 'cmake'
[0.727s] Level 1:colcon.colcon_core.package_identification:_identify(src/amber_b1) by extension 'python'
[0.727s] Level 1:colcon.colcon_core.package_identification:_identify(src/amber_b1) by extensions ['python_setup_py']
[0.727s] Level 1:colcon.colcon_core.package_identification:_identify(src/amber_b1) by extension 'python_setup_py'
[0.728s] Level 1:colcon.colcon_core.package_identification:_identify(src/amber_b1/amber_b1_bringup) by extensions ['ignore', 'ignore_ament_install']
[0.728s] Level 1:colcon.colcon_core.package_identification:_identify(src/amber_b1/amber_b1_bringup) by extension 'ignore'
[0.728s] Level 1:colcon.colcon_core.package_identification:_identify(src/amber_b1/amber_b1_bringup) by extension 'ignore_ament_install'
[0.728s] Level 1:colcon.colcon_core.package_identification:_identify(src/amber_b1/amber_b1_bringup) by extensions ['colcon_pkg']
[0.729s] Level 1:colcon.colcon_core.package_identification:_identify(src/amber_b1/amber_b1_bringup) by extension 'colcon_pkg'
[0.729s] Level 1:colcon.colcon_core.package_identification:_identify(src/amber_b1/amber_b1_bringup) by extensions ['colcon_meta']
[0.729s] Level 1:colcon.colcon_core.package_identification:_identify(src/amber_b1/amber_b1_bringup) by extension 'colcon_meta'
[0.729s] Level 1:colcon.colcon_core.package_identification:_identify(src/amber_b1/amber_b1_bringup) by extensions ['ros']
[0.729s] Level 1:colcon.colcon_core.package_identification:_identify(src/amber_b1/amber_b1_bringup) by extension 'ros'
[0.738s] DEBUG:colcon.colcon_core.package_identification:Package 'src/amber_b1/amber_b1_bringup' with type 'ros.ament_cmake' and name 'amber_b1_bringup'
[0.739s] Level 1:colcon.colcon_core.package_identification:_identify(src/amber_b1/amber_b1_description) by extensions ['ignore', 'ignore_ament_install']
[0.739s] Level 1:colcon.colcon_core.package_identification:_identify(src/amber_b1/amber_b1_description) by extension 'ignore'
[0.740s] Level 1:colcon.colcon_core.package_identification:_identify(src/amber_b1/amber_b1_description) by extension 'ignore_ament_install'
[0.740s] Level 1:colcon.colcon_core.package_identification:_identify(src/amber_b1/amber_b1_description) by extensions ['colcon_pkg']
[0.740s] Level 1:colcon.colcon_core.package_identification:_identify(src/amber_b1/amber_b1_description) by extension 'colcon_pkg'
[0.740s] Level 1:colcon.colcon_core.package_identification:_identify(src/amber_b1/amber_b1_description) by extensions ['colcon_meta']
[0.740s] Level 1:colcon.colcon_core.package_identification:_identify(src/amber_b1/amber_b1_description) by extension 'colcon_meta'
[0.740s] Level 1:colcon.colcon_core.package_identification:_identify(src/amber_b1/amber_b1_description) by extensions ['ros']
[0.741s] Level 1:colcon.colcon_core.package_identification:_identify(src/amber_b1/amber_b1_description) by extension 'ros'
[0.743s] DEBUG:colcon.colcon_core.package_identification:Package 'src/amber_b1/amber_b1_description' with type 'ros.ament_cmake' and name 'amber_b1_description'
[0.744s] Level 1:colcon.colcon_core.package_identification:_identify(src/amber_b1/amber_b1_gui_node) by extensions ['ignore', 'ignore_ament_install']
[0.744s] Level 1:colcon.colcon_core.package_identification:_identify(src/amber_b1/amber_b1_gui_node) by extension 'ignore'
[0.744s] Level 1:colcon.colcon_core.package_identification:_identify(src/amber_b1/amber_b1_gui_node) by extension 'ignore_ament_install'
[0.744s] Level 1:colcon.colcon_core.package_identification:_identify(src/amber_b1/amber_b1_gui_node) by extensions ['colcon_pkg']
[0.745s] Level 1:colcon.colcon_core.package_identification:_identify(src/amber_b1/amber_b1_gui_node) by extension 'colcon_pkg'
[0.745s] Level 1:colcon.colcon_core.package_identification:_identify(src/amber_b1/amber_b1_gui_node) by extensions ['colcon_meta']
[0.745s] Level 1:colcon.colcon_core.package_identification:_identify(src/amber_b1/amber_b1_gui_node) by extension 'colcon_meta'
[0.745s] Level 1:colcon.colcon_core.package_identification:_identify(src/amber_b1/amber_b1_gui_node) by extensions ['ros']
[0.745s] Level 1:colcon.colcon_core.package_identification:_identify(src/amber_b1/amber_b1_gui_node) by extension 'ros'
[0.749s] DEBUG:colcon.colcon_core.package_identification:Package 'src/amber_b1/amber_b1_gui_node' with type 'ros.ament_cmake' and name 'amber_b1_gui_node'
[0.750s] Level 1:colcon.colcon_core.package_identification:_identify(src/amber_b1/amber_b1_hardware) by extensions ['ignore', 'ignore_ament_install']
[0.750s] Level 1:colcon.colcon_core.package_identification:_identify(src/amber_b1/amber_b1_hardware) by extension 'ignore'
[0.751s] Level 1:colcon.colcon_core.package_identification:_identify(src/amber_b1/amber_b1_hardware) by extension 'ignore_ament_install'
[0.751s] Level 1:colcon.colcon_core.package_identification:_identify(src/amber_b1/amber_b1_hardware) by extensions ['colcon_pkg']
[0.751s] Level 1:colcon.colcon_core.package_identification:_identify(src/amber_b1/amber_b1_hardware) by extension 'colcon_pkg'
[0.751s] Level 1:colcon.colcon_core.package_identification:_identify(src/amber_b1/amber_b1_hardware) by extensions ['colcon_meta']
[0.751s] Level 1:colcon.colcon_core.package_identification:_identify(src/amber_b1/amber_b1_hardware) by extension 'colcon_meta'
[0.751s] Level 1:colcon.colcon_core.package_identification:_identify(src/amber_b1/amber_b1_hardware) by extensions ['ros']
[0.751s] Level 1:colcon.colcon_core.package_identification:_identify(src/amber_b1/amber_b1_hardware) by extension 'ros'
[0.754s] DEBUG:colcon.colcon_core.package_identification:Package 'src/amber_b1/amber_b1_hardware' with type 'ros.ament_cmake' and name 'amber_b1_hardware'
[0.755s] Level 1:colcon.colcon_core.package_identification:_identify(src/amber_b1/amber_b1_interfaces) by extensions ['ignore', 'ignore_ament_install']
[0.756s] Level 1:colcon.colcon_core.package_identification:_identify(src/amber_b1/amber_b1_interfaces) by extension 'ignore'
[0.756s] Level 1:colcon.colcon_core.package_identification:_identify(src/amber_b1/amber_b1_interfaces) by extension 'ignore_ament_install'
[0.756s] Level 1:colcon.colcon_core.package_identification:_identify(src/amber_b1/amber_b1_interfaces) by extensions ['colcon_pkg']
[0.756s] Level 1:colcon.colcon_core.package_identification:_identify(src/amber_b1/amber_b1_interfaces) by extension 'colcon_pkg'
[0.757s] Level 1:colcon.colcon_core.package_identification:_identify(src/amber_b1/amber_b1_interfaces) by extensions ['colcon_meta']
[0.757s] Level 1:colcon.colcon_core.package_identification:_identify(src/amber_b1/amber_b1_interfaces) by extension 'colcon_meta'
[0.757s] Level 1:colcon.colcon_core.package_identification:_identify(src/amber_b1/amber_b1_interfaces) by extensions ['ros']
[0.757s] Level 1:colcon.colcon_core.package_identification:_identify(src/amber_b1/amber_b1_interfaces) by extension 'ros'
[0.759s] DEBUG:colcon.colcon_core.package_identification:Package 'src/amber_b1/amber_b1_interfaces' with type 'ros.ament_cmake' and name 'amber_b1_interfaces'
[0.760s] Level 1:colcon.colcon_core.package_identification:_identify(src/amber_b1/amber_b1_joint_control_demo) by extensions ['ignore', 'ignore_ament_install']
[0.761s] Level 1:colcon.colcon_core.package_identification:_identify(src/amber_b1/amber_b1_joint_control_demo) by extension 'ignore'
[0.761s] Level 1:colcon.colcon_core.package_identification:_identify(src/amber_b1/amber_b1_joint_control_demo) by extension 'ignore_ament_install'
[0.761s] Level 1:colcon.colcon_core.package_identification:_identify(src/amber_b1/amber_b1_joint_control_demo) by extensions ['colcon_pkg']
[0.761s] Level 1:colcon.colcon_core.package_identification:_identify(src/amber_b1/amber_b1_joint_control_demo) by extension 'colcon_pkg'
[0.761s] Level 1:colcon.colcon_core.package_identification:_identify(src/amber_b1/amber_b1_joint_control_demo) by extensions ['colcon_meta']
[0.761s] Level 1:colcon.colcon_core.package_identification:_identify(src/amber_b1/amber_b1_joint_control_demo) by extension 'colcon_meta'
[0.761s] Level 1:colcon.colcon_core.package_identification:_identify(src/amber_b1/amber_b1_joint_control_demo) by extensions ['ros']
[0.762s] Level 1:colcon.colcon_core.package_identification:_identify(src/amber_b1/amber_b1_joint_control_demo) by extension 'ros'
[0.764s] DEBUG:colcon.colcon_core.package_identification:Package 'src/amber_b1/amber_b1_joint_control_demo' with type 'ros.ament_cmake' and name 'amber_b1_joint_control_demo'
[0.765s] Level 1:colcon.colcon_core.package_discovery:discover_packages(recursive) using defaults
[0.765s] Level 1:colcon.colcon_core.package_discovery:discover_packages(ignore) discover
[0.765s] Level 1:colcon.colcon_core.package_discovery:discover_packages(ignore) using defaults
[0.765s] Level 1:colcon.colcon_core.package_discovery:discover_packages(path) discover
[0.765s] Level 1:colcon.colcon_core.package_discovery:discover_packages(path) using defaults
[0.835s] Level 5:colcon.colcon_core.verb:set package 'amber_b1_bringup' build argument 'cmake_args' from command line to 'None'
[0.836s] Level 5:colcon.colcon_core.verb:set package 'amber_b1_bringup' build argument 'cmake_target' from command line to 'None'
[0.836s] Level 5:colcon.colcon_core.verb:set package 'amber_b1_bringup' build argument 'cmake_target_skip_unavailable' from command line to 'False'
[0.836s] Level 5:colcon.colcon_core.verb:set package 'amber_b1_bringup' build argument 'cmake_clean_cache' from command line to 'False'
[0.836s] Level 5:colcon.colcon_core.verb:set package 'amber_b1_bringup' build argument 'cmake_clean_first' from command line to 'False'
[0.836s] Level 5:colcon.colcon_core.verb:set package 'amber_b1_bringup' build argument 'cmake_force_configure' from command line to 'False'
[0.836s] Level 5:colcon.colcon_core.verb:set package 'amber_b1_bringup' build argument 'ament_cmake_args' from command line to 'None'
[0.836s] Level 5:colcon.colcon_core.verb:set package 'amber_b1_bringup' build argument 'catkin_cmake_args' from command line to 'None'
[0.836s] Level 5:colcon.colcon_core.verb:set package 'amber_b1_bringup' build argument 'catkin_skip_building_tests' from command line to 'False'
[0.836s] DEBUG:colcon.colcon_core.verb:Building package 'amber_b1_bringup' with the following arguments: {'ament_cmake_args': None, 'build_base': '/home/amber/ros2_ws/build/amber_b1_bringup', 'catkin_cmake_args': None, 'catkin_skip_building_tests': False, 'cmake_args': None, 'cmake_clean_cache': False, 'cmake_clean_first': False, 'cmake_force_configure': False, 'cmake_target': None, 'cmake_target_skip_unavailable': False, 'install_base': '/home/amber/ros2_ws/install/amber_b1_bringup', 'merge_install': False, 'path': '/home/amber/ros2_ws/src/amber_b1/amber_b1_bringup', 'symlink_install': False, 'test_result_base': None}
[0.839s] Level 5:colcon.colcon_core.verb:set package 'amber_b1_description' build argument 'cmake_args' from command line to 'None'
[0.839s] Level 5:colcon.colcon_core.verb:set package 'amber_b1_description' build argument 'cmake_target' from command line to 'None'
[0.839s] Level 5:colcon.colcon_core.verb:set package 'amber_b1_description' build argument 'cmake_target_skip_unavailable' from command line to 'False'
[0.839s] Level 5:colcon.colcon_core.verb:set package 'amber_b1_description' build argument 'cmake_clean_cache' from command line to 'False'
[0.839s] Level 5:colcon.colcon_core.verb:set package 'amber_b1_description' build argument 'cmake_clean_first' from command line to 'False'
[0.839s] Level 5:colcon.colcon_core.verb:set package 'amber_b1_description' build argument 'cmake_force_configure' from command line to 'False'
[0.839s] Level 5:colcon.colcon_core.verb:set package 'amber_b1_description' build argument 'ament_cmake_args' from command line to 'None'
[0.839s] Level 5:colcon.colcon_core.verb:set package 'amber_b1_description' build argument 'catkin_cmake_args' from command line to 'None'
[0.839s] Level 5:colcon.colcon_core.verb:set package 'amber_b1_description' build argument 'catkin_skip_building_tests' from command line to 'False'
[0.839s] DEBUG:colcon.colcon_core.verb:Building package 'amber_b1_description' with the following arguments: {'ament_cmake_args': None, 'build_base': '/home/amber/ros2_ws/build/amber_b1_description', 'catkin_cmake_args': None, 'catkin_skip_building_tests': False, 'cmake_args': None, 'cmake_clean_cache': False, 'cmake_clean_first': False, 'cmake_force_configure': False, 'cmake_target': None, 'cmake_target_skip_unavailable': False, 'install_base': '/home/amber/ros2_ws/install/amber_b1_description', 'merge_install': False, 'path': '/home/amber/ros2_ws/src/amber_b1/amber_b1_description', 'symlink_install': False, 'test_result_base': None}
[0.842s] Level 5:colcon.colcon_core.verb:set package 'amber_b1_interfaces' build argument 'cmake_args' from command line to 'None'
[0.842s] Level 5:colcon.colcon_core.verb:set package 'amber_b1_interfaces' build argument 'cmake_target' from command line to 'None'
[0.842s] Level 5:colcon.colcon_core.verb:set package 'amber_b1_interfaces' build argument 'cmake_target_skip_unavailable' from command line to 'False'
[0.842s] Level 5:colcon.colcon_core.verb:set package 'amber_b1_interfaces' build argument 'cmake_clean_cache' from command line to 'False'
[0.842s] Level 5:colcon.colcon_core.verb:set package 'amber_b1_interfaces' build argument 'cmake_clean_first' from command line to 'False'
[0.843s] Level 5:colcon.colcon_core.verb:set package 'amber_b1_interfaces' build argument 'cmake_force_configure' from command line to 'False'
[0.843s] Level 5:colcon.colcon_core.verb:set package 'amber_b1_interfaces' build argument 'ament_cmake_args' from command line to 'None'
[0.843s] Level 5:colcon.colcon_core.verb:set package 'amber_b1_interfaces' build argument 'catkin_cmake_args' from command line to 'None'
[0.843s] Level 5:colcon.colcon_core.verb:set package 'amber_b1_interfaces' build argument 'catkin_skip_building_tests' from command line to 'False'
[0.843s] DEBUG:colcon.colcon_core.verb:Building package 'amber_b1_interfaces' with the following arguments: {'ament_cmake_args': None, 'build_base': '/home/amber/ros2_ws/build/amber_b1_interfaces', 'catkin_cmake_args': None, 'catkin_skip_building_tests': False, 'cmake_args': None, 'cmake_clean_cache': False, 'cmake_clean_first': False, 'cmake_force_configure': False, 'cmake_target': None, 'cmake_target_skip_unavailable': False, 'install_base': '/home/amber/ros2_ws/install/amber_b1_interfaces', 'merge_install': False, 'path': '/home/amber/ros2_ws/src/amber_b1/amber_b1_interfaces', 'symlink_install': False, 'test_result_base': None}
[0.845s] Level 5:colcon.colcon_core.verb:set package 'amber_b1_joint_control_demo' build argument 'cmake_args' from command line to 'None'
[0.845s] Level 5:colcon.colcon_core.verb:set package 'amber_b1_joint_control_demo' build argument 'cmake_target' from command line to 'None'
[0.845s] Level 5:colcon.colcon_core.verb:set package 'amber_b1_joint_control_demo' build argument 'cmake_target_skip_unavailable' from command line to 'False'
[0.845s] Level 5:colcon.colcon_core.verb:set package 'amber_b1_joint_control_demo' build argument 'cmake_clean_cache' from command line to 'False'
[0.845s] Level 5:colcon.colcon_core.verb:set package 'amber_b1_joint_control_demo' build argument 'cmake_clean_first' from command line to 'False'
[0.846s] Level 5:colcon.colcon_core.verb:set package 'amber_b1_joint_control_demo' build argument 'cmake_force_configure' from command line to 'False'
[0.846s] Level 5:colcon.colcon_core.verb:set package 'amber_b1_joint_control_demo' build argument 'ament_cmake_args' from command line to 'None'
[0.846s] Level 5:colcon.colcon_core.verb:set package 'amber_b1_joint_control_demo' build argument 'catkin_cmake_args' from command line to 'None'
[0.846s] Level 5:colcon.colcon_core.verb:set package 'amber_b1_joint_control_demo' build argument 'catkin_skip_building_tests' from command line to 'False'
[0.846s] DEBUG:colcon.colcon_core.verb:Building package 'amber_b1_joint_control_demo' with the following arguments: {'ament_cmake_args': None, 'build_base': '/home/amber/ros2_ws/build/amber_b1_joint_control_demo', 'catkin_cmake_args': None, 'catkin_skip_building_tests': False, 'cmake_args': None, 'cmake_clean_cache': False, 'cmake_clean_first': False, 'cmake_force_configure': False, 'cmake_target': None, 'cmake_target_skip_unavailable': False, 'install_base': '/home/amber/ros2_ws/install/amber_b1_joint_control_demo', 'merge_install': False, 'path': '/home/amber/ros2_ws/src/amber_b1/amber_b1_joint_control_demo', 'symlink_install': False, 'test_result_base': None}
[0.848s] Level 5:colcon.colcon_core.verb:set package 'amber_b1_gui_node' build argument 'cmake_args' from command line to 'None'
[0.848s] Level 5:colcon.colcon_core.verb:set package 'amber_b1_gui_node' build argument 'cmake_target' from command line to 'None'
[0.848s] Level 5:colcon.colcon_core.verb:set package 'amber_b1_gui_node' build argument 'cmake_target_skip_unavailable' from command line to 'False'
[0.849s] Level 5:colcon.colcon_core.verb:set package 'amber_b1_gui_node' build argument 'cmake_clean_cache' from command line to 'False'
[0.849s] Level 5:colcon.colcon_core.verb:set package 'amber_b1_gui_node' build argument 'cmake_clean_first' from command line to 'False'
[0.849s] Level 5:colcon.colcon_core.verb:set package 'amber_b1_gui_node' build argument 'cmake_force_configure' from command line to 'False'
[0.849s] Level 5:colcon.colcon_core.verb:set package 'amber_b1_gui_node' build argument 'ament_cmake_args' from command line to 'None'
[0.849s] Level 5:colcon.colcon_core.verb:set package 'amber_b1_gui_node' build argument 'catkin_cmake_args' from command line to 'None'
[0.849s] Level 5:colcon.colcon_core.verb:set package 'amber_b1_gui_node' build argument 'catkin_skip_building_tests' from command line to 'False'
[0.849s] DEBUG:colcon.colcon_core.verb:Building package 'amber_b1_gui_node' with the following arguments: {'ament_cmake_args': None, 'build_base': '/home/amber/ros2_ws/build/amber_b1_gui_node', 'catkin_cmake_args': None, 'catkin_skip_building_tests': False, 'cmake_args': None, 'cmake_clean_cache': False, 'cmake_clean_first': False, 'cmake_force_configure': False, 'cmake_target': None, 'cmake_target_skip_unavailable': False, 'install_base': '/home/amber/ros2_ws/install/amber_b1_gui_node', 'merge_install': False, 'path': '/home/amber/ros2_ws/src/amber_b1/amber_b1_gui_node', 'symlink_install': False, 'test_result_base': None}
[0.851s] Level 5:colcon.colcon_core.verb:set package 'amber_b1_hardware' build argument 'cmake_args' from command line to 'None'
[0.851s] Level 5:colcon.colcon_core.verb:set package 'amber_b1_hardware' build argument 'cmake_target' from command line to 'None'
[0.852s] Level 5:colcon.colcon_core.verb:set package 'amber_b1_hardware' build argument 'cmake_target_skip_unavailable' from command line to 'False'
[0.852s] Level 5:colcon.colcon_core.verb:set package 'amber_b1_hardware' build argument 'cmake_clean_cache' from command line to 'False'
[0.852s] Level 5:colcon.colcon_core.verb:set package 'amber_b1_hardware' build argument 'cmake_clean_first' from command line to 'False'
[0.852s] Level 5:colcon.colcon_core.verb:set package 'amber_b1_hardware' build argument 'cmake_force_configure' from command line to 'False'
[0.852s] Level 5:colcon.colcon_core.verb:set package 'amber_b1_hardware' build argument 'ament_cmake_args' from command line to 'None'
[0.852s] Level 5:colcon.colcon_core.verb:set package 'amber_b1_hardware' build argument 'catkin_cmake_args' from command line to 'None'
[0.852s] Level 5:colcon.colcon_core.verb:set package 'amber_b1_hardware' build argument 'catkin_skip_building_tests' from command line to 'False'
[0.852s] DEBUG:colcon.colcon_core.verb:Building package 'amber_b1_hardware' with the following arguments: {'ament_cmake_args': None, 'build_base': '/home/amber/ros2_ws/build/amber_b1_hardware', 'catkin_cmake_args': None, 'catkin_skip_building_tests': False, 'cmake_args': None, 'cmake_clean_cache': False, 'cmake_clean_first': False, 'cmake_force_configure': False, 'cmake_target': None, 'cmake_target_skip_unavailable': False, 'install_base': '/home/amber/ros2_ws/install/amber_b1_hardware', 'merge_install': False, 'path': '/home/amber/ros2_ws/src/amber_b1/amber_b1_hardware', 'symlink_install': False, 'test_result_base': None}
[0.866s] INFO:colcon.colcon_core.executor:Executing jobs using 'parallel' executor
[0.872s] DEBUG:colcon.colcon_parallel_executor.executor.parallel:run_until_complete
[0.873s] INFO:colcon.colcon_ros.task.ament_cmake.build:Building ROS package in '/home/amber/ros2_ws/src/amber_b1/amber_b1_interfaces' with build type 'ament_cmake'
[0.874s] INFO:colcon.colcon_cmake.task.cmake.build:Building CMake package in '/home/amber/ros2_ws/src/amber_b1/amber_b1_interfaces'
[0.895s] INFO:colcon.colcon_core.plugin_system:Skipping extension 'colcon_core.shell.bat': Not used on non-Windows systems
[0.896s] INFO:colcon.colcon_core.shell:Skip shell extension 'powershell' for command environment: Not usable outside of PowerShell
[0.896s] DEBUG:colcon.colcon_core.shell:Skip shell extension 'dsv' for command environment
[0.908s] INFO:colcon.colcon_ros.task.ament_cmake.build:Building ROS package in '/home/amber/ros2_ws/src/amber_b1/amber_b1_bringup' with build type 'ament_cmake'
[0.909s] INFO:colcon.colcon_cmake.task.cmake.build:Building CMake package in '/home/amber/ros2_ws/src/amber_b1/amber_b1_bringup'
[0.911s] INFO:colcon.colcon_core.shell:Skip shell extension 'powershell' for command environment: Not usable outside of PowerShell
[0.911s] DEBUG:colcon.colcon_core.shell:Skip shell extension 'dsv' for command environment
[0.925s] INFO:colcon.colcon_ros.task.ament_cmake.build:Building ROS package in '/home/amber/ros2_ws/src/amber_b1/amber_b1_description' with build type 'ament_cmake'
[0.926s] INFO:colcon.colcon_cmake.task.cmake.build:Building CMake package in '/home/amber/ros2_ws/src/amber_b1/amber_b1_description'
[0.928s] INFO:colcon.colcon_core.shell:Skip shell extension 'powershell' for command environment: Not usable outside of PowerShell
[0.929s] DEBUG:colcon.colcon_core.shell:Skip shell extension 'dsv' for command environment
[0.940s] INFO:colcon.colcon_ros.task.ament_cmake.build:Building ROS package in '/home/amber/ros2_ws/src/amber_b1/amber_b1_joint_control_demo' with build type 'ament_cmake'
[0.941s] INFO:colcon.colcon_cmake.task.cmake.build:Building CMake package in '/home/amber/ros2_ws/src/amber_b1/amber_b1_joint_control_demo'
[0.943s] INFO:colcon.colcon_core.shell:Skip shell extension 'powershell' for command environment: Not usable outside of PowerShell
[0.944s] DEBUG:colcon.colcon_core.shell:Skip shell extension 'dsv' for command environment
[0.977s] DEBUG:colcon.colcon_core.event_handler.log_command:Invoking command in '/home/amber/ros2_ws/build/amber_b1_interfaces': CMAKE_PREFIX_PATH=/opt/ros/foxy /usr/bin/cmake --build /home/amber/ros2_ws/build/amber_b1_interfaces -- -j4 -l4
[1.006s] DEBUG:colcon.colcon_core.event_handler.log_command:Invoking command in '/home/amber/ros2_ws/build/amber_b1_bringup': CMAKE_PREFIX_PATH=/opt/ros/foxy /usr/bin/cmake --build /home/amber/ros2_ws/build/amber_b1_bringup -- -j4 -l4
[1.026s] DEBUG:colcon.colcon_core.event_handler.log_command:Invoking command in '/home/amber/ros2_ws/build/amber_b1_description': CMAKE_PREFIX_PATH=/opt/ros/foxy /usr/bin/cmake --build /home/amber/ros2_ws/build/amber_b1_description -- -j4 -l4
[1.042s] DEBUG:colcon.colcon_core.event_handler.log_command:Invoking command in '/home/amber/ros2_ws/build/amber_b1_joint_control_demo': CMAKE_PREFIX_PATH=/opt/ros/foxy /usr/bin/cmake --build /home/amber/ros2_ws/build/amber_b1_joint_control_demo -- -j4 -l4
[1.210s] DEBUG:colcon.colcon_core.event_handler.log_command:Invoked command in '/home/amber/ros2_ws/build/amber_b1_description' returned '0': CMAKE_PREFIX_PATH=/opt/ros/foxy /usr/bin/cmake --build /home/amber/ros2_ws/build/amber_b1_description -- -j4 -l4
[1.226s] DEBUG:colcon.colcon_core.event_handler.log_command:Invoked command in '/home/amber/ros2_ws/build/amber_b1_bringup' returned '0': CMAKE_PREFIX_PATH=/opt/ros/foxy /usr/bin/cmake --build /home/amber/ros2_ws/build/amber_b1_bringup -- -j4 -l4
[1.371s] DEBUG:colcon.colcon_core.event_handler.log_command:Invoking command in '/home/amber/ros2_ws/build/amber_b1_description': CMAKE_PREFIX_PATH=/opt/ros/foxy /usr/bin/cmake --install /home/amber/ros2_ws/build/amber_b1_description
[1.383s] DEBUG:colcon.colcon_core.event_handler.log_command:Invoking command in '/home/amber/ros2_ws/build/amber_b1_bringup': CMAKE_PREFIX_PATH=/opt/ros/foxy /usr/bin/cmake --install /home/amber/ros2_ws/build/amber_b1_bringup
[1.392s] DEBUG:colcon.colcon_core.event_handler.log_command:Invoked command in '/home/amber/ros2_ws/build/amber_b1_joint_control_demo' returned '0': CMAKE_PREFIX_PATH=/opt/ros/foxy /usr/bin/cmake --build /home/amber/ros2_ws/build/amber_b1_joint_control_demo -- -j4 -l4
[1.422s] Level 1:colcon.colcon_core.environment:create_environment_scripts_only(amber_b1_description)
[1.444s] DEBUG:colcon.colcon_core.event_handler.log_command:Invoked command in '/home/amber/ros2_ws/build/amber_b1_description' returned '0': CMAKE_PREFIX_PATH=/opt/ros/foxy /usr/bin/cmake --install /home/amber/ros2_ws/build/amber_b1_description
[1.464s] Level 1:colcon.colcon_core.environment:checking '/home/amber/ros2_ws/install/amber_b1_description' for CMake module files
[1.467s] Level 1:colcon.colcon_core.environment:checking '/home/amber/ros2_ws/install/amber_b1_description' for CMake config files
[1.468s] Level 1:colcon.colcon_core.shell:create_environment_hook('amber_b1_description', 'cmake_prefix_path')
[1.470s] INFO:colcon.colcon_core.shell:Creating environment hook '/home/amber/ros2_ws/install/amber_b1_description/share/amber_b1_description/hook/cmake_prefix_path.ps1'
[1.473s] INFO:colcon.colcon_core.shell:Creating environment descriptor '/home/amber/ros2_ws/install/amber_b1_description/share/amber_b1_description/hook/cmake_prefix_path.dsv'
[1.476s] INFO:colcon.colcon_core.shell:Creating environment hook '/home/amber/ros2_ws/install/amber_b1_description/share/amber_b1_description/hook/cmake_prefix_path.sh'
[1.480s] Level 1:colcon.colcon_core.environment:checking '/home/amber/ros2_ws/install/amber_b1_description/bin'
[1.480s] Level 1:colcon.colcon_core.environment:checking '/home/amber/ros2_ws/install/amber_b1_description/lib/pkgconfig/amber_b1_description.pc'
[1.481s] Level 1:colcon.colcon_core.environment:checking '/home/amber/ros2_ws/install/amber_b1_description/lib/python3.8/site-packages'
[1.482s] INFO:colcon.colcon_core.shell:Creating package script '/home/amber/ros2_ws/install/amber_b1_description/share/amber_b1_description/package.ps1'
[1.487s] INFO:colcon.colcon_core.shell:Creating package descriptor '/home/amber/ros2_ws/install/amber_b1_description/share/amber_b1_description/package.dsv'
[1.489s] INFO:colcon.colcon_core.shell:Creating package script '/home/amber/ros2_ws/install/amber_b1_description/share/amber_b1_description/package.sh'
[1.492s] INFO:colcon.colcon_core.shell:Creating package script '/home/amber/ros2_ws/install/amber_b1_description/share/amber_b1_description/package.bash'
[1.495s] INFO:colcon.colcon_core.shell:Creating package script '/home/amber/ros2_ws/install/amber_b1_description/share/amber_b1_description/package.zsh'
[1.499s] Level 1:colcon.colcon_core.environment:create_file_with_runtime_dependencies(/home/amber/ros2_ws/install/amber_b1_description/share/colcon-core/packages/amber_b1_description)
[1.514s] DEBUG:colcon.colcon_core.event_handler.log_command:Invoking command in '/home/amber/ros2_ws/build/amber_b1_joint_control_demo': CMAKE_PREFIX_PATH=/opt/ros/foxy /usr/bin/cmake --install /home/amber/ros2_ws/build/amber_b1_joint_control_demo
[1.524s] Level 1:colcon.colcon_core.environment:create_environment_scripts_only(amber_b1_bringup)
[1.526s] DEBUG:colcon.colcon_core.event_handler.log_command:Invoked command in '/home/amber/ros2_ws/build/amber_b1_bringup' returned '0': CMAKE_PREFIX_PATH=/opt/ros/foxy /usr/bin/cmake --install /home/amber/ros2_ws/build/amber_b1_bringup
[1.530s] Level 1:colcon.colcon_core.environment:checking '/home/amber/ros2_ws/install/amber_b1_bringup' for CMake module files
[1.533s] Level 1:colcon.colcon_core.environment:checking '/home/amber/ros2_ws/install/amber_b1_bringup' for CMake config files
[1.534s] Level 1:colcon.colcon_core.shell:create_environment_hook('amber_b1_bringup', 'cmake_prefix_path')
[1.536s] INFO:colcon.colcon_core.shell:Creating environment hook '/home/amber/ros2_ws/install/amber_b1_bringup/share/amber_b1_bringup/hook/cmake_prefix_path.ps1'
[1.538s] INFO:colcon.colcon_core.shell:Creating environment descriptor '/home/amber/ros2_ws/install/amber_b1_bringup/share/amber_b1_bringup/hook/cmake_prefix_path.dsv'
[1.539s] INFO:colcon.colcon_core.shell:Creating environment hook '/home/amber/ros2_ws/install/amber_b1_bringup/share/amber_b1_bringup/hook/cmake_prefix_path.sh'
[1.542s] Level 1:colcon.colcon_core.environment:checking '/home/amber/ros2_ws/install/amber_b1_bringup/bin'
[1.543s] Level 1:colcon.colcon_core.environment:checking '/home/amber/ros2_ws/install/amber_b1_bringup/lib/pkgconfig/amber_b1_bringup.pc'
[1.543s] Level 1:colcon.colcon_core.environment:checking '/home/amber/ros2_ws/install/amber_b1_bringup/lib/python3.8/site-packages'
[1.546s] INFO:colcon.colcon_core.shell:Creating package script '/home/amber/ros2_ws/install/amber_b1_bringup/share/amber_b1_bringup/package.ps1'
[1.550s] INFO:colcon.colcon_core.shell:Creating package descriptor '/home/amber/ros2_ws/install/amber_b1_bringup/share/amber_b1_bringup/package.dsv'
[1.559s] INFO:colcon.colcon_core.shell:Creating package script '/home/amber/ros2_ws/install/amber_b1_bringup/share/amber_b1_bringup/package.sh'
[1.564s] INFO:colcon.colcon_core.shell:Creating package script '/home/amber/ros2_ws/install/amber_b1_bringup/share/amber_b1_bringup/package.bash'
[1.566s] INFO:colcon.colcon_core.shell:Creating package script '/home/amber/ros2_ws/install/amber_b1_bringup/share/amber_b1_bringup/package.zsh'
[1.567s] Level 1:colcon.colcon_core.environment:create_file_with_runtime_dependencies(/home/amber/ros2_ws/install/amber_b1_bringup/share/colcon-core/packages/amber_b1_bringup)
[1.581s] Level 1:colcon.colcon_core.environment:create_environment_scripts_only(amber_b1_description)
[1.585s] Level 1:colcon.colcon_core.environment:checking '/home/amber/ros2_ws/install/amber_b1_description' for CMake module files
[1.588s] Level 1:colcon.colcon_core.environment:checking '/home/amber/ros2_ws/install/amber_b1_description' for CMake config files
[1.589s] Level 1:colcon.colcon_core.shell:create_environment_hook('amber_b1_description', 'cmake_prefix_path')
[1.591s] INFO:colcon.colcon_core.shell:Creating environment hook '/home/amber/ros2_ws/install/amber_b1_description/share/amber_b1_description/hook/cmake_prefix_path.ps1'
[1.594s] INFO:colcon.colcon_core.shell:Creating environment descriptor '/home/amber/ros2_ws/install/amber_b1_description/share/amber_b1_description/hook/cmake_prefix_path.dsv'
[1.596s] INFO:colcon.colcon_core.shell:Creating environment hook '/home/amber/ros2_ws/install/amber_b1_description/share/amber_b1_description/hook/cmake_prefix_path.sh'
[1.599s] Level 1:colcon.colcon_core.environment:checking '/home/amber/ros2_ws/install/amber_b1_description/bin'
[1.599s] Level 1:colcon.colcon_core.environment:checking '/home/amber/ros2_ws/install/amber_b1_description/lib/pkgconfig/amber_b1_description.pc'
[1.599s] Level 1:colcon.colcon_core.environment:checking '/home/amber/ros2_ws/install/amber_b1_description/lib/python3.8/site-packages'
[1.601s] INFO:colcon.colcon_core.shell:Creating package script '/home/amber/ros2_ws/install/amber_b1_description/share/amber_b1_description/package.ps1'
[1.604s] INFO:colcon.colcon_core.shell:Creating package descriptor '/home/amber/ros2_ws/install/amber_b1_description/share/amber_b1_description/package.dsv'
[1.606s] INFO:colcon.colcon_core.shell:Creating package script '/home/amber/ros2_ws/install/amber_b1_description/share/amber_b1_description/package.sh'
[1.608s] INFO:colcon.colcon_core.shell:Creating package script '/home/amber/ros2_ws/install/amber_b1_description/share/amber_b1_description/package.bash'
[1.610s] INFO:colcon.colcon_core.shell:Creating package script '/home/amber/ros2_ws/install/amber_b1_description/share/amber_b1_description/package.zsh'
[1.612s] Level 1:colcon.colcon_core.environment:create_file_with_runtime_dependencies(/home/amber/ros2_ws/install/amber_b1_description/share/colcon-core/packages/amber_b1_description)
[1.614s] Level 1:colcon.colcon_core.environment:create_environment_scripts_only(amber_b1_joint_control_demo)
[1.617s] DEBUG:colcon.colcon_core.event_handler.log_command:Invoked command in '/home/amber/ros2_ws/build/amber_b1_joint_control_demo' returned '0': CMAKE_PREFIX_PATH=/opt/ros/foxy /usr/bin/cmake --install /home/amber/ros2_ws/build/amber_b1_joint_control_demo
[1.620s] Level 1:colcon.colcon_core.environment:checking '/home/amber/ros2_ws/install/amber_b1_joint_control_demo' for CMake module files
[1.622s] Level 1:colcon.colcon_core.environment:checking '/home/amber/ros2_ws/install/amber_b1_joint_control_demo' for CMake config files
[1.623s] Level 1:colcon.colcon_core.shell:create_environment_hook('amber_b1_joint_control_demo', 'cmake_prefix_path')
[1.625s] INFO:colcon.colcon_core.shell:Creating environment hook '/home/amber/ros2_ws/install/amber_b1_joint_control_demo/share/amber_b1_joint_control_demo/hook/cmake_prefix_path.ps1'
[1.627s] INFO:colcon.colcon_core.shell:Creating environment descriptor '/home/amber/ros2_ws/install/amber_b1_joint_control_demo/share/amber_b1_joint_control_demo/hook/cmake_prefix_path.dsv'
[1.629s] INFO:colcon.colcon_core.shell:Creating environment hook '/home/amber/ros2_ws/install/amber_b1_joint_control_demo/share/amber_b1_joint_control_demo/hook/cmake_prefix_path.sh'
[1.631s] Level 1:colcon.colcon_core.environment:checking '/home/amber/ros2_ws/install/amber_b1_joint_control_demo/lib'
[1.632s] Level 1:colcon.colcon_core.environment:checking '/home/amber/ros2_ws/install/amber_b1_joint_control_demo/bin'
[1.632s] Level 1:colcon.colcon_core.environment:checking '/home/amber/ros2_ws/install/amber_b1_joint_control_demo/lib/pkgconfig/amber_b1_joint_control_demo.pc'
[1.632s] Level 1:colcon.colcon_core.environment:checking '/home/amber/ros2_ws/install/amber_b1_joint_control_demo/lib/python3.8/site-packages'
[1.634s] INFO:colcon.colcon_core.shell:Creating package script '/home/amber/ros2_ws/install/amber_b1_joint_control_demo/share/amber_b1_joint_control_demo/package.ps1'
[1.636s] INFO:colcon.colcon_core.shell:Creating package descriptor '/home/amber/ros2_ws/install/amber_b1_joint_control_demo/share/amber_b1_joint_control_demo/package.dsv'
[1.638s] INFO:colcon.colcon_core.shell:Creating package script '/home/amber/ros2_ws/install/amber_b1_joint_control_demo/share/amber_b1_joint_control_demo/package.sh'
[1.639s] INFO:colcon.colcon_core.shell:Creating package script '/home/amber/ros2_ws/install/amber_b1_joint_control_demo/share/amber_b1_joint_control_demo/package.bash'
[1.641s] INFO:colcon.colcon_core.shell:Creating package script '/home/amber/ros2_ws/install/amber_b1_joint_control_demo/share/amber_b1_joint_control_demo/package.zsh'
[1.643s] Level 1:colcon.colcon_core.environment:create_file_with_runtime_dependencies(/home/amber/ros2_ws/install/amber_b1_joint_control_demo/share/colcon-core/packages/amber_b1_joint_control_demo)
[1.655s] Level 1:colcon.colcon_core.environment:create_environment_scripts_only(amber_b1_bringup)
[1.658s] Level 1:colcon.colcon_core.environment:checking '/home/amber/ros2_ws/install/amber_b1_bringup' for CMake module files
[1.662s] Level 1:colcon.colcon_core.environment:checking '/home/amber/ros2_ws/install/amber_b1_bringup' for CMake config files
[1.663s] Level 1:colcon.colcon_core.shell:create_environment_hook('amber_b1_bringup', 'cmake_prefix_path')
[1.666s] INFO:colcon.colcon_core.shell:Creating environment hook '/home/amber/ros2_ws/install/amber_b1_bringup/share/amber_b1_bringup/hook/cmake_prefix_path.ps1'
[1.668s] INFO:colcon.colcon_core.shell:Creating environment descriptor '/home/amber/ros2_ws/install/amber_b1_bringup/share/amber_b1_bringup/hook/cmake_prefix_path.dsv'
[1.669s] INFO:colcon.colcon_core.shell:Creating environment hook '/home/amber/ros2_ws/install/amber_b1_bringup/share/amber_b1_bringup/hook/cmake_prefix_path.sh'
[1.672s] Level 1:colcon.colcon_core.environment:checking '/home/amber/ros2_ws/install/amber_b1_bringup/bin'
[1.672s] Level 1:colcon.colcon_core.environment:checking '/home/amber/ros2_ws/install/amber_b1_bringup/lib/pkgconfig/amber_b1_bringup.pc'
[1.673s] Level 1:colcon.colcon_core.environment:checking '/home/amber/ros2_ws/install/amber_b1_bringup/lib/python3.8/site-packages'
[1.675s] INFO:colcon.colcon_core.shell:Creating package script '/home/amber/ros2_ws/install/amber_b1_bringup/share/amber_b1_bringup/package.ps1'
[1.677s] INFO:colcon.colcon_core.shell:Creating package descriptor '/home/amber/ros2_ws/install/amber_b1_bringup/share/amber_b1_bringup/package.dsv'
[1.680s] INFO:colcon.colcon_core.shell:Creating package script '/home/amber/ros2_ws/install/amber_b1_bringup/share/amber_b1_bringup/package.sh'
[1.682s] INFO:colcon.colcon_core.shell:Creating package script '/home/amber/ros2_ws/install/amber_b1_bringup/share/amber_b1_bringup/package.bash'
[1.684s] INFO:colcon.colcon_core.shell:Creating package script '/home/amber/ros2_ws/install/amber_b1_bringup/share/amber_b1_bringup/package.zsh'
[1.686s] Level 1:colcon.colcon_core.environment:create_file_with_runtime_dependencies(/home/amber/ros2_ws/install/amber_b1_bringup/share/colcon-core/packages/amber_b1_bringup)
[1.745s] Level 1:colcon.colcon_core.environment:create_environment_scripts_only(amber_b1_joint_control_demo)
[1.748s] Level 1:colcon.colcon_core.environment:checking '/home/amber/ros2_ws/install/amber_b1_joint_control_demo' for CMake module files
[1.751s] Level 1:colcon.colcon_core.environment:checking '/home/amber/ros2_ws/install/amber_b1_joint_control_demo' for CMake config files
[1.752s] Level 1:colcon.colcon_core.shell:create_environment_hook('amber_b1_joint_control_demo', 'cmake_prefix_path')
[1.753s] INFO:colcon.colcon_core.shell:Creating environment hook '/home/amber/ros2_ws/install/amber_b1_joint_control_demo/share/amber_b1_joint_control_demo/hook/cmake_prefix_path.ps1'
[1.755s] INFO:colcon.colcon_core.shell:Creating environment descriptor '/home/amber/ros2_ws/install/amber_b1_joint_control_demo/share/amber_b1_joint_control_demo/hook/cmake_prefix_path.dsv'
[1.756s] INFO:colcon.colcon_core.shell:Creating environment hook '/home/amber/ros2_ws/install/amber_b1_joint_control_demo/share/amber_b1_joint_control_demo/hook/cmake_prefix_path.sh'
[1.759s] Level 1:colcon.colcon_core.environment:checking '/home/amber/ros2_ws/install/amber_b1_joint_control_demo/lib'
[1.759s] Level 1:colcon.colcon_core.environment:checking '/home/amber/ros2_ws/install/amber_b1_joint_control_demo/bin'
[1.759s] Level 1:colcon.colcon_core.environment:checking '/home/amber/ros2_ws/install/amber_b1_joint_control_demo/lib/pkgconfig/amber_b1_joint_control_demo.pc'
[1.759s] Level 1:colcon.colcon_core.environment:checking '/home/amber/ros2_ws/install/amber_b1_joint_control_demo/lib/python3.8/site-packages'
[1.761s] INFO:colcon.colcon_core.shell:Creating package script '/home/amber/ros2_ws/install/amber_b1_joint_control_demo/share/amber_b1_joint_control_demo/package.ps1'
[1.763s] INFO:colcon.colcon_core.shell:Creating package descriptor '/home/amber/ros2_ws/install/amber_b1_joint_control_demo/share/amber_b1_joint_control_demo/package.dsv'
[1.765s] INFO:colcon.colcon_core.shell:Creating package script '/home/amber/ros2_ws/install/amber_b1_joint_control_demo/share/amber_b1_joint_control_demo/package.sh'
[1.767s] INFO:colcon.colcon_core.shell:Creating package script '/home/amber/ros2_ws/install/amber_b1_joint_control_demo/share/amber_b1_joint_control_demo/package.bash'
[1.769s] INFO:colcon.colcon_core.shell:Creating package script '/home/amber/ros2_ws/install/amber_b1_joint_control_demo/share/amber_b1_joint_control_demo/package.zsh'
[1.770s] Level 1:colcon.colcon_core.environment:create_file_with_runtime_dependencies(/home/amber/ros2_ws/install/amber_b1_joint_control_demo/share/colcon-core/packages/amber_b1_joint_control_demo)
[1.780s] DEBUG:colcon.colcon_core.event_handler.log_command:Invoked command in '/home/amber/ros2_ws/build/amber_b1_interfaces' returned '0': CMAKE_PREFIX_PATH=/opt/ros/foxy /usr/bin/cmake --build /home/amber/ros2_ws/build/amber_b1_interfaces -- -j4 -l4
[1.902s] DEBUG:colcon.colcon_core.event_handler.log_command:Invoking command in '/home/amber/ros2_ws/build/amber_b1_interfaces': CMAKE_PREFIX_PATH=/opt/ros/foxy /usr/bin/cmake --install /home/amber/ros2_ws/build/amber_b1_interfaces
[2.104s] Level 1:colcon.colcon_core.environment:create_environment_scripts_only(amber_b1_interfaces)
[2.107s] Level 1:colcon.colcon_core.environment:checking '/home/amber/ros2_ws/install/amber_b1_interfaces' for CMake module files
[2.109s] DEBUG:colcon.colcon_core.event_handler.log_command:Invoked command in '/home/amber/ros2_ws/build/amber_b1_interfaces' returned '0': CMAKE_PREFIX_PATH=/opt/ros/foxy /usr/bin/cmake --install /home/amber/ros2_ws/build/amber_b1_interfaces
[2.111s] Level 1:colcon.colcon_core.environment:checking '/home/amber/ros2_ws/install/amber_b1_interfaces' for CMake config files
[2.112s] Level 1:colcon.colcon_core.shell:create_environment_hook('amber_b1_interfaces', 'cmake_prefix_path')
[2.113s] INFO:colcon.colcon_core.shell:Creating environment hook '/home/amber/ros2_ws/install/amber_b1_interfaces/share/amber_b1_interfaces/hook/cmake_prefix_path.ps1'
[2.116s] INFO:colcon.colcon_core.shell:Creating environment descriptor '/home/amber/ros2_ws/install/amber_b1_interfaces/share/amber_b1_interfaces/hook/cmake_prefix_path.dsv'
[2.118s] INFO:colcon.colcon_core.shell:Creating environment hook '/home/amber/ros2_ws/install/amber_b1_interfaces/share/amber_b1_interfaces/hook/cmake_prefix_path.sh'
[2.120s] Level 1:colcon.colcon_core.environment:checking '/home/amber/ros2_ws/install/amber_b1_interfaces/lib'
[2.121s] Level 1:colcon.colcon_core.shell:create_environment_hook('amber_b1_interfaces', 'ld_library_path_lib')
[2.122s] INFO:colcon.colcon_core.shell:Creating environment hook '/home/amber/ros2_ws/install/amber_b1_interfaces/share/amber_b1_interfaces/hook/ld_library_path_lib.ps1'
[2.124s] INFO:colcon.colcon_core.shell:Creating environment descriptor '/home/amber/ros2_ws/install/amber_b1_interfaces/share/amber_b1_interfaces/hook/ld_library_path_lib.dsv'
[2.126s] INFO:colcon.colcon_core.shell:Creating environment hook '/home/amber/ros2_ws/install/amber_b1_interfaces/share/amber_b1_interfaces/hook/ld_library_path_lib.sh'
[2.127s] Level 1:colcon.colcon_core.environment:checking '/home/amber/ros2_ws/install/amber_b1_interfaces/bin'
[2.128s] Level 1:colcon.colcon_core.environment:checking '/home/amber/ros2_ws/install/amber_b1_interfaces/lib/pkgconfig/amber_b1_interfaces.pc'
[2.128s] Level 1:colcon.colcon_core.environment:checking '/home/amber/ros2_ws/install/amber_b1_interfaces/lib/python3.8/site-packages'
[2.128s] Level 1:colcon.colcon_core.shell:create_environment_hook('amber_b1_interfaces', 'pythonpath')
[2.130s] INFO:colcon.colcon_core.shell:Creating environment hook '/home/amber/ros2_ws/install/amber_b1_interfaces/share/amber_b1_interfaces/hook/pythonpath.ps1'
[2.132s] INFO:colcon.colcon_core.shell:Creating environment descriptor '/home/amber/ros2_ws/install/amber_b1_interfaces/share/amber_b1_interfaces/hook/pythonpath.dsv'
[2.133s] INFO:colcon.colcon_core.shell:Creating environment hook '/home/amber/ros2_ws/install/amber_b1_interfaces/share/amber_b1_interfaces/hook/pythonpath.sh'
[2.137s] INFO:colcon.colcon_core.shell:Creating package script '/home/amber/ros2_ws/install/amber_b1_interfaces/share/amber_b1_interfaces/package.ps1'
[2.139s] INFO:colcon.colcon_core.shell:Creating package descriptor '/home/amber/ros2_ws/install/amber_b1_interfaces/share/amber_b1_interfaces/package.dsv'
[2.141s] INFO:colcon.colcon_core.shell:Creating package script '/home/amber/ros2_ws/install/amber_b1_interfaces/share/amber_b1_interfaces/package.sh'
[2.143s] INFO:colcon.colcon_core.shell:Creating package script '/home/amber/ros2_ws/install/amber_b1_interfaces/share/amber_b1_interfaces/package.bash'
[2.145s] INFO:colcon.colcon_core.shell:Creating package script '/home/amber/ros2_ws/install/amber_b1_interfaces/share/amber_b1_interfaces/package.zsh'
[2.146s] Level 1:colcon.colcon_core.environment:create_file_with_runtime_dependencies(/home/amber/ros2_ws/install/amber_b1_interfaces/share/colcon-core/packages/amber_b1_interfaces)
[2.266s] Level 1:colcon.colcon_core.environment:create_environment_scripts_only(amber_b1_interfaces)
[2.269s] Level 1:colcon.colcon_core.environment:checking '/home/amber/ros2_ws/install/amber_b1_interfaces' for CMake module files
[2.272s] Level 1:colcon.colcon_core.environment:checking '/home/amber/ros2_ws/install/amber_b1_interfaces' for CMake config files
[2.273s] Level 1:colcon.colcon_core.shell:create_environment_hook('amber_b1_interfaces', 'cmake_prefix_path')
[2.274s] INFO:colcon.colcon_core.shell:Creating environment hook '/home/amber/ros2_ws/install/amber_b1_interfaces/share/amber_b1_interfaces/hook/cmake_prefix_path.ps1'
[2.277s] INFO:colcon.colcon_core.shell:Creating environment descriptor '/home/amber/ros2_ws/install/amber_b1_interfaces/share/amber_b1_interfaces/hook/cmake_prefix_path.dsv'
[2.278s] INFO:colcon.colcon_core.shell:Creating environment hook '/home/amber/ros2_ws/install/amber_b1_interfaces/share/amber_b1_interfaces/hook/cmake_prefix_path.sh'
[2.281s] Level 1:colcon.colcon_core.environment:checking '/home/amber/ros2_ws/install/amber_b1_interfaces/lib'
[2.281s] Level 1:colcon.colcon_core.shell:create_environment_hook('amber_b1_interfaces', 'ld_library_path_lib')
[2.282s] INFO:colcon.colcon_core.shell:Creating environment hook '/home/amber/ros2_ws/install/amber_b1_interfaces/share/amber_b1_interfaces/hook/ld_library_path_lib.ps1'
[2.284s] INFO:colcon.colcon_core.shell:Creating environment descriptor '/home/amber/ros2_ws/install/amber_b1_interfaces/share/amber_b1_interfaces/hook/ld_library_path_lib.dsv'
[2.285s] INFO:colcon.colcon_core.shell:Creating environment hook '/home/amber/ros2_ws/install/amber_b1_interfaces/share/amber_b1_interfaces/hook/ld_library_path_lib.sh'
[2.287s] Level 1:colcon.colcon_core.environment:checking '/home/amber/ros2_ws/install/amber_b1_interfaces/bin'
[2.287s] Level 1:colcon.colcon_core.environment:checking '/home/amber/ros2_ws/install/amber_b1_interfaces/lib/pkgconfig/amber_b1_interfaces.pc'
[2.287s] Level 1:colcon.colcon_core.environment:checking '/home/amber/ros2_ws/install/amber_b1_interfaces/lib/python3.8/site-packages'
[2.288s] Level 1:colcon.colcon_core.shell:create_environment_hook('amber_b1_interfaces', 'pythonpath')
[2.289s] INFO:colcon.colcon_core.shell:Creating environment hook '/home/amber/ros2_ws/install/amber_b1_interfaces/share/amber_b1_interfaces/hook/pythonpath.ps1'
[2.292s] INFO:colcon.colcon_core.shell:Creating environment descriptor '/home/amber/ros2_ws/install/amber_b1_interfaces/share/amber_b1_interfaces/hook/pythonpath.dsv'
[2.293s] INFO:colcon.colcon_core.shell:Creating environment hook '/home/amber/ros2_ws/install/amber_b1_interfaces/share/amber_b1_interfaces/hook/pythonpath.sh'
[2.298s] INFO:colcon.colcon_core.shell:Creating package script '/home/amber/ros2_ws/install/amber_b1_interfaces/share/amber_b1_interfaces/package.ps1'
[2.301s] INFO:colcon.colcon_core.shell:Creating package descriptor '/home/amber/ros2_ws/install/amber_b1_interfaces/share/amber_b1_interfaces/package.dsv'
[2.303s] INFO:colcon.colcon_core.shell:Creating package script '/home/amber/ros2_ws/install/amber_b1_interfaces/share/amber_b1_interfaces/package.sh'
[2.305s] INFO:colcon.colcon_core.shell:Creating package script '/home/amber/ros2_ws/install/amber_b1_interfaces/share/amber_b1_interfaces/package.bash'
[2.307s] INFO:colcon.colcon_core.shell:Creating package script '/home/amber/ros2_ws/install/amber_b1_interfaces/share/amber_b1_interfaces/package.zsh'
[2.309s] Level 1:colcon.colcon_core.environment:create_file_with_runtime_dependencies(/home/amber/ros2_ws/install/amber_b1_interfaces/share/colcon-core/packages/amber_b1_interfaces)
[2.310s] INFO:colcon.colcon_ros.task.ament_cmake.build:Building ROS package in '/home/amber/ros2_ws/src/amber_b1/amber_b1_gui_node' with build type 'ament_cmake'
[2.311s] INFO:colcon.colcon_cmake.task.cmake.build:Building CMake package in '/home/amber/ros2_ws/src/amber_b1/amber_b1_gui_node'
[2.312s] INFO:colcon.colcon_core.shell:Skip shell extension 'powershell' for command environment: Not usable outside of PowerShell
[2.313s] DEBUG:colcon.colcon_core.shell:Skip shell extension 'dsv' for command environment
[2.330s] INFO:colcon.colcon_ros.task.ament_cmake.build:Building ROS package in '/home/amber/ros2_ws/src/amber_b1/amber_b1_hardware' with build type 'ament_cmake'
[2.331s] INFO:colcon.colcon_cmake.task.cmake.build:Building CMake package in '/home/amber/ros2_ws/src/amber_b1/amber_b1_hardware'
[2.333s] INFO:colcon.colcon_core.shell:Skip shell extension 'powershell' for command environment: Not usable outside of PowerShell
[2.334s] DEBUG:colcon.colcon_core.shell:Skip shell extension 'dsv' for command environment
[2.369s] DEBUG:colcon.colcon_core.event_handler.log_command:Invoking command in '/home/amber/ros2_ws/build/amber_b1_gui_node': AMENT_PREFIX_PATH=/home/amber/ros2_ws/install/amber_b1_interfaces:${AMENT_PREFIX_PATH} CMAKE_PREFIX_PATH=/home/amber/ros2_ws/install/amber_b1_interfaces:/opt/ros/foxy LD_LIBRARY_PATH=/home/amber/ros2_ws/install/amber_b1_interfaces/lib:${LD_LIBRARY_PATH} PYTHONPATH=/home/amber/ros2_ws/install/amber_b1_interfaces/lib/python3.8/site-packages:${PYTHONPATH} /usr/bin/cmake --build /home/amber/ros2_ws/build/amber_b1_gui_node -- -j4 -l4
[2.389s] DEBUG:colcon.colcon_core.event_handler.log_command:Invoking command in '/home/amber/ros2_ws/build/amber_b1_hardware': AMENT_PREFIX_PATH=/home/amber/ros2_ws/install/amber_b1_interfaces:${AMENT_PREFIX_PATH} CMAKE_PREFIX_PATH=/home/amber/ros2_ws/install/amber_b1_interfaces:/opt/ros/foxy LD_LIBRARY_PATH=/home/amber/ros2_ws/install/amber_b1_interfaces/lib:${LD_LIBRARY_PATH} PYTHONPATH=/home/amber/ros2_ws/install/amber_b1_interfaces/lib/python3.8/site-packages:${PYTHONPATH} /usr/bin/cmake --build /home/amber/ros2_ws/build/amber_b1_hardware -- -j4 -l4
[2.581s] DEBUG:colcon.colcon_core.event_handler.log_command:Invoked command in '/home/amber/ros2_ws/build/amber_b1_hardware' returned '0': AMENT_PREFIX_PATH=/home/amber/ros2_ws/install/amber_b1_interfaces:${AMENT_PREFIX_PATH} CMAKE_PREFIX_PATH=/home/amber/ros2_ws/install/amber_b1_interfaces:/opt/ros/foxy LD_LIBRARY_PATH=/home/amber/ros2_ws/install/amber_b1_interfaces/lib:${LD_LIBRARY_PATH} PYTHONPATH=/home/amber/ros2_ws/install/amber_b1_interfaces/lib/python3.8/site-packages:${PYTHONPATH} /usr/bin/cmake --build /home/amber/ros2_ws/build/amber_b1_hardware -- -j4 -l4
[2.597s] DEBUG:colcon.colcon_core.event_handler.log_command:Invoked command in '/home/amber/ros2_ws/build/amber_b1_gui_node' returned '0': AMENT_PREFIX_PATH=/home/amber/ros2_ws/install/amber_b1_interfaces:${AMENT_PREFIX_PATH} CMAKE_PREFIX_PATH=/home/amber/ros2_ws/install/amber_b1_interfaces:/opt/ros/foxy LD_LIBRARY_PATH=/home/amber/ros2_ws/install/amber_b1_interfaces/lib:${LD_LIBRARY_PATH} PYTHONPATH=/home/amber/ros2_ws/install/amber_b1_interfaces/lib/python3.8/site-packages:${PYTHONPATH} /usr/bin/cmake --build /home/amber/ros2_ws/build/amber_b1_gui_node -- -j4 -l4
[2.654s] DEBUG:colcon.colcon_core.event_handler.log_command:Invoking command in '/home/amber/ros2_ws/build/amber_b1_hardware': AMENT_PREFIX_PATH=/home/amber/ros2_ws/install/amber_b1_interfaces:${AMENT_PREFIX_PATH} CMAKE_PREFIX_PATH=/home/amber/ros2_ws/install/amber_b1_interfaces:/opt/ros/foxy LD_LIBRARY_PATH=/home/amber/ros2_ws/install/amber_b1_interfaces/lib:${LD_LIBRARY_PATH} PYTHONPATH=/home/amber/ros2_ws/install/amber_b1_interfaces/lib/python3.8/site-packages:${PYTHONPATH} /usr/bin/cmake --install /home/amber/ros2_ws/build/amber_b1_hardware
[2.688s] DEBUG:colcon.colcon_core.event_handler.log_command:Invoking command in '/home/amber/ros2_ws/build/amber_b1_gui_node': AMENT_PREFIX_PATH=/home/amber/ros2_ws/install/amber_b1_interfaces:${AMENT_PREFIX_PATH} CMAKE_PREFIX_PATH=/home/amber/ros2_ws/install/amber_b1_interfaces:/opt/ros/foxy LD_LIBRARY_PATH=/home/amber/ros2_ws/install/amber_b1_interfaces/lib:${LD_LIBRARY_PATH} PYTHONPATH=/home/amber/ros2_ws/install/amber_b1_interfaces/lib/python3.8/site-packages:${PYTHONPATH} /usr/bin/cmake --install /home/amber/ros2_ws/build/amber_b1_gui_node
[2.716s] Level 1:colcon.colcon_core.environment:create_environment_scripts_only(amber_b1_hardware)
[2.719s] Level 1:colcon.colcon_core.environment:checking '/home/amber/ros2_ws/install/amber_b1_hardware' for CMake module files
[2.728s] Level 1:colcon.colcon_core.environment:checking '/home/amber/ros2_ws/install/amber_b1_hardware' for CMake config files
[2.732s] Level 1:colcon.colcon_core.shell:create_environment_hook('amber_b1_hardware', 'cmake_prefix_path')
[2.733s] INFO:colcon.colcon_core.shell:Creating environment hook '/home/amber/ros2_ws/install/amber_b1_hardware/share/amber_b1_hardware/hook/cmake_prefix_path.ps1'
[2.738s] INFO:colcon.colcon_core.shell:Creating environment descriptor '/home/amber/ros2_ws/install/amber_b1_hardware/share/amber_b1_hardware/hook/cmake_prefix_path.dsv'
[2.740s] INFO:colcon.colcon_core.shell:Creating environment hook '/home/amber/ros2_ws/install/amber_b1_hardware/share/amber_b1_hardware/hook/cmake_prefix_path.sh'
[2.744s] DEBUG:colcon.colcon_core.event_handler.log_command:Invoked command in '/home/amber/ros2_ws/build/amber_b1_hardware' returned '0': AMENT_PREFIX_PATH=/home/amber/ros2_ws/install/amber_b1_interfaces:${AMENT_PREFIX_PATH} CMAKE_PREFIX_PATH=/home/amber/ros2_ws/install/amber_b1_interfaces:/opt/ros/foxy LD_LIBRARY_PATH=/home/amber/ros2_ws/install/amber_b1_interfaces/lib:${LD_LIBRARY_PATH} PYTHONPATH=/home/amber/ros2_ws/install/amber_b1_interfaces/lib/python3.8/site-packages:${PYTHONPATH} /usr/bin/cmake --install /home/amber/ros2_ws/build/amber_b1_hardware
[2.747s] Level 1:colcon.colcon_core.environment:checking '/home/amber/ros2_ws/install/amber_b1_hardware/lib'
[2.748s] Level 1:colcon.colcon_core.shell:create_environment_hook('amber_b1_hardware', 'ld_library_path_lib')
[2.749s] INFO:colcon.colcon_core.shell:Creating environment hook '/home/amber/ros2_ws/install/amber_b1_hardware/share/amber_b1_hardware/hook/ld_library_path_lib.ps1'
[2.751s] INFO:colcon.colcon_core.shell:Creating environment descriptor '/home/amber/ros2_ws/install/amber_b1_hardware/share/amber_b1_hardware/hook/ld_library_path_lib.dsv'
[2.753s] INFO:colcon.colcon_core.shell:Creating environment hook '/home/amber/ros2_ws/install/amber_b1_hardware/share/amber_b1_hardware/hook/ld_library_path_lib.sh'
[2.755s] Level 1:colcon.colcon_core.environment:checking '/home/amber/ros2_ws/install/amber_b1_hardware/bin'
[2.755s] Level 1:colcon.colcon_core.environment:checking '/home/amber/ros2_ws/install/amber_b1_hardware/lib/pkgconfig/amber_b1_hardware.pc'
[2.755s] Level 1:colcon.colcon_core.environment:checking '/home/amber/ros2_ws/install/amber_b1_hardware/lib/python3.8/site-packages'
[2.757s] INFO:colcon.colcon_core.shell:Creating package script '/home/amber/ros2_ws/install/amber_b1_hardware/share/amber_b1_hardware/package.ps1'
[2.759s] INFO:colcon.colcon_core.shell:Creating package descriptor '/home/amber/ros2_ws/install/amber_b1_hardware/share/amber_b1_hardware/package.dsv'
[2.761s] INFO:colcon.colcon_core.shell:Creating package script '/home/amber/ros2_ws/install/amber_b1_hardware/share/amber_b1_hardware/package.sh'
[2.763s] INFO:colcon.colcon_core.shell:Creating package script '/home/amber/ros2_ws/install/amber_b1_hardware/share/amber_b1_hardware/package.bash'
[2.765s] INFO:colcon.colcon_core.shell:Creating package script '/home/amber/ros2_ws/install/amber_b1_hardware/share/amber_b1_hardware/package.zsh'
[2.766s] Level 1:colcon.colcon_core.environment:create_file_with_runtime_dependencies(/home/amber/ros2_ws/install/amber_b1_hardware/share/colcon-core/packages/amber_b1_hardware)
[2.777s] Level 1:colcon.colcon_core.environment:create_environment_scripts_only(amber_b1_gui_node)
[2.780s] Level 1:colcon.colcon_core.environment:checking '/home/amber/ros2_ws/install/amber_b1_gui_node' for CMake module files
[2.783s] DEBUG:colcon.colcon_core.event_handler.log_command:Invoked command in '/home/amber/ros2_ws/build/amber_b1_gui_node' returned '0': AMENT_PREFIX_PATH=/home/amber/ros2_ws/install/amber_b1_interfaces:${AMENT_PREFIX_PATH} CMAKE_PREFIX_PATH=/home/amber/ros2_ws/install/amber_b1_interfaces:/opt/ros/foxy LD_LIBRARY_PATH=/home/amber/ros2_ws/install/amber_b1_interfaces/lib:${LD_LIBRARY_PATH} PYTHONPATH=/home/amber/ros2_ws/install/amber_b1_interfaces/lib/python3.8/site-packages:${PYTHONPATH} /usr/bin/cmake --install /home/amber/ros2_ws/build/amber_b1_gui_node
[2.785s] Level 1:colcon.colcon_core.environment:checking '/home/amber/ros2_ws/install/amber_b1_gui_node' for CMake config files
[2.786s] Level 1:colcon.colcon_core.shell:create_environment_hook('amber_b1_gui_node', 'cmake_prefix_path')
[2.788s] INFO:colcon.colcon_core.shell:Creating environment hook '/home/amber/ros2_ws/install/amber_b1_gui_node/share/amber_b1_gui_node/hook/cmake_prefix_path.ps1'
[2.790s] INFO:colcon.colcon_core.shell:Creating environment descriptor '/home/amber/ros2_ws/install/amber_b1_gui_node/share/amber_b1_gui_node/hook/cmake_prefix_path.dsv'
[2.792s] INFO:colcon.colcon_core.shell:Creating environment hook '/home/amber/ros2_ws/install/amber_b1_gui_node/share/amber_b1_gui_node/hook/cmake_prefix_path.sh'
[2.796s] Level 1:colcon.colcon_core.environment:checking '/home/amber/ros2_ws/install/amber_b1_gui_node/lib'
[2.797s] Level 1:colcon.colcon_core.environment:checking '/home/amber/ros2_ws/install/amber_b1_gui_node/bin'
[2.797s] Level 1:colcon.colcon_core.environment:checking '/home/amber/ros2_ws/install/amber_b1_gui_node/lib/pkgconfig/amber_b1_gui_node.pc'
[2.798s] Level 1:colcon.colcon_core.environment:checking '/home/amber/ros2_ws/install/amber_b1_gui_node/lib/python3.8/site-packages'
[2.800s] INFO:colcon.colcon_core.shell:Creating package script '/home/amber/ros2_ws/install/amber_b1_gui_node/share/amber_b1_gui_node/package.ps1'
[2.802s] INFO:colcon.colcon_core.shell:Creating package descriptor '/home/amber/ros2_ws/install/amber_b1_gui_node/share/amber_b1_gui_node/package.dsv'
[2.804s] INFO:colcon.colcon_core.shell:Creating package script '/home/amber/ros2_ws/install/amber_b1_gui_node/share/amber_b1_gui_node/package.sh'
[2.807s] INFO:colcon.colcon_core.shell:Creating package script '/home/amber/ros2_ws/install/amber_b1_gui_node/share/amber_b1_gui_node/package.bash'
[2.809s] INFO:colcon.colcon_core.shell:Creating package script '/home/amber/ros2_ws/install/amber_b1_gui_node/share/amber_b1_gui_node/package.zsh'
[2.810s] Level 1:colcon.colcon_core.environment:create_file_with_runtime_dependencies(/home/amber/ros2_ws/install/amber_b1_gui_node/share/colcon-core/packages/amber_b1_gui_node)
[2.839s] Level 1:colcon.colcon_core.environment:create_environment_scripts_only(amber_b1_hardware)
[2.842s] Level 1:colcon.colcon_core.environment:checking '/home/amber/ros2_ws/install/amber_b1_hardware' for CMake module files
[2.844s] Level 1:colcon.colcon_core.environment:checking '/home/amber/ros2_ws/install/amber_b1_hardware' for CMake config files
[2.844s] Level 1:colcon.colcon_core.shell:create_environment_hook('amber_b1_hardware', 'cmake_prefix_path')
[2.846s] INFO:colcon.colcon_core.shell:Creating environment hook '/home/amber/ros2_ws/install/amber_b1_hardware/share/amber_b1_hardware/hook/cmake_prefix_path.ps1'
[2.848s] INFO:colcon.colcon_core.shell:Creating environment descriptor '/home/amber/ros2_ws/install/amber_b1_hardware/share/amber_b1_hardware/hook/cmake_prefix_path.dsv'
[2.850s] INFO:colcon.colcon_core.shell:Creating environment hook '/home/amber/ros2_ws/install/amber_b1_hardware/share/amber_b1_hardware/hook/cmake_prefix_path.sh'
[2.852s] Level 1:colcon.colcon_core.environment:checking '/home/amber/ros2_ws/install/amber_b1_hardware/lib'
[2.853s] Level 1:colcon.colcon_core.shell:create_environment_hook('amber_b1_hardware', 'ld_library_path_lib')
[2.855s] INFO:colcon.colcon_core.shell:Creating environment hook '/home/amber/ros2_ws/install/amber_b1_hardware/share/amber_b1_hardware/hook/ld_library_path_lib.ps1'
[2.857s] INFO:colcon.colcon_core.shell:Creating environment descriptor '/home/amber/ros2_ws/install/amber_b1_hardware/share/amber_b1_hardware/hook/ld_library_path_lib.dsv'
[2.859s] INFO:colcon.colcon_core.shell:Creating environment hook '/home/amber/ros2_ws/install/amber_b1_hardware/share/amber_b1_hardware/hook/ld_library_path_lib.sh'
[2.861s] Level 1:colcon.colcon_core.environment:checking '/home/amber/ros2_ws/install/amber_b1_hardware/bin'
[2.861s] Level 1:colcon.colcon_core.environment:checking '/home/amber/ros2_ws/install/amber_b1_hardware/lib/pkgconfig/amber_b1_hardware.pc'
[2.861s] Level 1:colcon.colcon_core.environment:checking '/home/amber/ros2_ws/install/amber_b1_hardware/lib/python3.8/site-packages'
[2.864s] INFO:colcon.colcon_core.shell:Creating package script '/home/amber/ros2_ws/install/amber_b1_hardware/share/amber_b1_hardware/package.ps1'
[2.866s] INFO:colcon.colcon_core.shell:Creating package descriptor '/home/amber/ros2_ws/install/amber_b1_hardware/share/amber_b1_hardware/package.dsv'
[2.868s] INFO:colcon.colcon_core.shell:Creating package script '/home/amber/ros2_ws/install/amber_b1_hardware/share/amber_b1_hardware/package.sh'
[2.871s] INFO:colcon.colcon_core.shell:Creating package script '/home/amber/ros2_ws/install/amber_b1_hardware/share/amber_b1_hardware/package.bash'
[2.873s] INFO:colcon.colcon_core.shell:Creating package script '/home/amber/ros2_ws/install/amber_b1_hardware/share/amber_b1_hardware/package.zsh'
[2.874s] Level 1:colcon.colcon_core.environment:create_file_with_runtime_dependencies(/home/amber/ros2_ws/install/amber_b1_hardware/share/colcon-core/packages/amber_b1_hardware)
[2.901s] Level 1:colcon.colcon_core.environment:create_environment_scripts_only(amber_b1_gui_node)
[2.904s] Level 1:colcon.colcon_core.environment:checking '/home/amber/ros2_ws/install/amber_b1_gui_node' for CMake module files
[2.906s] Level 1:colcon.colcon_core.environment:checking '/home/amber/ros2_ws/install/amber_b1_gui_node' for CMake config files
[2.907s] Level 1:colcon.colcon_core.shell:create_environment_hook('amber_b1_gui_node', 'cmake_prefix_path')
[2.910s] INFO:colcon.colcon_core.shell:Creating environment hook '/home/amber/ros2_ws/install/amber_b1_gui_node/share/amber_b1_gui_node/hook/cmake_prefix_path.ps1'
[2.912s] INFO:colcon.colcon_core.shell:Creating environment descriptor '/home/amber/ros2_ws/install/amber_b1_gui_node/share/amber_b1_gui_node/hook/cmake_prefix_path.dsv'
[2.913s] INFO:colcon.colcon_core.shell:Creating environment hook '/home/amber/ros2_ws/install/amber_b1_gui_node/share/amber_b1_gui_node/hook/cmake_prefix_path.sh'
[2.916s] Level 1:colcon.colcon_core.environment:checking '/home/amber/ros2_ws/install/amber_b1_gui_node/lib'
[2.916s] Level 1:colcon.colcon_core.environment:checking '/home/amber/ros2_ws/install/amber_b1_gui_node/bin'
[2.917s] Level 1:colcon.colcon_core.environment:checking '/home/amber/ros2_ws/install/amber_b1_gui_node/lib/pkgconfig/amber_b1_gui_node.pc'
[2.917s] Level 1:colcon.colcon_core.environment:checking '/home/amber/ros2_ws/install/amber_b1_gui_node/lib/python3.8/site-packages'
[2.919s] INFO:colcon.colcon_core.shell:Creating package script '/home/amber/ros2_ws/install/amber_b1_gui_node/share/amber_b1_gui_node/package.ps1'
[2.921s] INFO:colcon.colcon_core.shell:Creating package descriptor '/home/amber/ros2_ws/install/amber_b1_gui_node/share/amber_b1_gui_node/package.dsv'
[2.923s] INFO:colcon.colcon_core.shell:Creating package script '/home/amber/ros2_ws/install/amber_b1_gui_node/share/amber_b1_gui_node/package.sh'
[2.925s] INFO:colcon.colcon_core.shell:Creating package script '/home/amber/ros2_ws/install/amber_b1_gui_node/share/amber_b1_gui_node/package.bash'
[2.926s] INFO:colcon.colcon_core.shell:Creating package script '/home/amber/ros2_ws/install/amber_b1_gui_node/share/amber_b1_gui_node/package.zsh'
[2.928s] Level 1:colcon.colcon_core.environment:create_file_with_runtime_dependencies(/home/amber/ros2_ws/install/amber_b1_gui_node/share/colcon-core/packages/amber_b1_gui_node)
[2.929s] DEBUG:colcon.colcon_parallel_executor.executor.parallel:closing loop
[2.931s] DEBUG:colcon.colcon_parallel_executor.executor.parallel:loop closed
[2.932s] DEBUG:colcon.colcon_parallel_executor.executor.parallel:run_until_complete finished with '0'
[2.932s] DEBUG:colcon.colcon_core.event_reactor:joining thread
[2.960s] INFO:colcon.colcon_core.plugin_system:Skipping extension 'colcon_notification.desktop_notification.terminal_notifier': Not used on non-Darwin systems
[2.960s] INFO:colcon.colcon_core.plugin_system:Skipping extension 'colcon_notification.desktop_notification.win32': Not used on non-Windows systems
[2.960s] INFO:colcon.colcon_notification.desktop_notification:Sending desktop notification using 'notify2'
[3.025s] DEBUG:colcon.colcon_core.event_reactor:joined thread
[3.027s] INFO:colcon.colcon_core.shell:Creating prefix script '/home/amber/ros2_ws/install/local_setup.ps1'
[3.040s] INFO:colcon.colcon_core.shell:Creating prefix util module '/home/amber/ros2_ws/install/_local_setup_util_ps1.py'
[3.045s] INFO:colcon.colcon_core.shell:Creating prefix chain script '/home/amber/ros2_ws/install/setup.ps1'
[3.049s] INFO:colcon.colcon_core.shell:Creating prefix script '/home/amber/ros2_ws/install/local_setup.sh'
[3.052s] INFO:colcon.colcon_core.shell:Creating prefix util module '/home/amber/ros2_ws/install/_local_setup_util_sh.py'
[3.053s] INFO:colcon.colcon_core.shell:Creating prefix chain script '/home/amber/ros2_ws/install/setup.sh'
[3.058s] INFO:colcon.colcon_core.shell:Creating prefix script '/home/amber/ros2_ws/install/local_setup.bash'
[3.060s] INFO:colcon.colcon_core.shell:Creating prefix chain script '/home/amber/ros2_ws/install/setup.bash'
[3.064s] INFO:colcon.colcon_core.shell:Creating prefix script '/home/amber/ros2_ws/install/local_setup.zsh'
[3.066s] INFO:colcon.colcon_core.shell:Creating prefix chain script '/home/amber/ros2_ws/install/setup.zsh'
