[0.135s] Invoking command in '/home/amber/ros2_ws/build/amber_b1_bringup': CMAKE_PREFIX_PATH=${CMAKE_PREFIX_PATH}:/opt/ros/foxy /usr/bin/cmake --build /home/amber/ros2_ws/build/amber_b1_bringup -- -j2 -l2
[0.528s] Invoked command in '/home/amber/ros2_ws/build/amber_b1_bringup' returned '0': CMAKE_PREFIX_PATH=${CMAKE_PREFIX_PATH}:/opt/ros/foxy /usr/bin/cmake --build /home/amber/ros2_ws/build/amber_b1_bringup -- -j2 -l2
[0.782s] Invoking command in '/home/amber/ros2_ws/build/amber_b1_bringup': CMAKE_PREFIX_PATH=${CMAKE_PREFIX_PATH}:/opt/ros/foxy /usr/bin/cmake --install /home/amber/ros2_ws/build/amber_b1_bringup
[0.814s] -- Install configuration: ""
[0.814s] -- Up-to-date: /home/amber/ros2_ws/install/amber_b1_bringup/share/amber_b1_bringup/config
[0.816s] -- Up-to-date: /home/amber/ros2_ws/install/amber_b1_bringup/share/amber_b1_bringup/config/amber_b1_trajectory_publisher_cpp.yaml
[0.826s] -- Up-to-date: /home/amber/ros2_ws/install/amber_b1_bringup/share/amber_b1_bringup/config/amber_b1_controllers.yaml
[0.828s] -- Up-to-date: /home/amber/ros2_ws/install/amber_b1_bringup/share/amber_b1_bringup/launch
[0.829s] -- Up-to-date: /home/amber/ros2_ws/install/amber_b1_bringup/share/amber_b1_bringup/launch/amber_b1.launch.py
[0.829s] -- Up-to-date: /home/amber/ros2_ws/install/amber_b1_bringup/share/amber_b1_bringup/launch/test_joint_trajectory_controller_cpp.launch.py
[0.831s] -- Up-to-date: /home/amber/ros2_ws/install/amber_b1_bringup/share/amber_b1_bringup/launch/amber_b1_hw.launch.py
[0.831s] -- Up-to-date: /home/amber/ros2_ws/install/amber_b1_bringup/share/amber_b1_bringup/launch/amber_b1_fake.launch.py
[0.833s] -- Up-to-date: /home/amber/ros2_ws/install/amber_b1_bringup/share/amber_b1_bringup/launch/amber_b1_rviz_launch.py
[0.861s] -- Up-to-date: /home/amber/ros2_ws/install/amber_b1_bringup/share/amber_b1_bringup/launch/amber_b1_hw_gui.launch.py
[0.861s] -- Up-to-date: /home/amber/ros2_ws/install/amber_b1_bringup/share/amber_b1_bringup/launch/amber_b1_fake_gui.launch.py
[0.862s] -- Up-to-date: /home/amber/ros2_ws/install/amber_b1_bringup/share/ament_index/resource_index/package_run_dependencies/amber_b1_bringup
[0.874s] -- Up-to-date: /home/amber/ros2_ws/install/amber_b1_bringup/share/ament_index/resource_index/parent_prefix_path/amber_b1_bringup
[0.874s] -- Up-to-date: /home/amber/ros2_ws/install/amber_b1_bringup/share/amber_b1_bringup/environment/ament_prefix_path.sh
[0.879s] -- Up-to-date: /home/amber/ros2_ws/install/amber_b1_bringup/share/amber_b1_bringup/environment/ament_prefix_path.dsv
[0.880s] -- Up-to-date: /home/amber/ros2_ws/install/amber_b1_bringup/share/amber_b1_bringup/environment/path.sh
[0.880s] -- Up-to-date: /home/amber/ros2_ws/install/amber_b1_bringup/share/amber_b1_bringup/environment/path.dsv
[0.880s] -- Up-to-date: /home/amber/ros2_ws/install/amber_b1_bringup/share/amber_b1_bringup/local_setup.bash
[0.895s] -- Up-to-date: /home/amber/ros2_ws/install/amber_b1_bringup/share/amber_b1_bringup/local_setup.sh
[0.898s] -- Up-to-date: /home/amber/ros2_ws/install/amber_b1_bringup/share/amber_b1_bringup/local_setup.zsh
[0.899s] -- Up-to-date: /home/amber/ros2_ws/install/amber_b1_bringup/share/amber_b1_bringup/local_setup.dsv
[0.900s] -- Installing: /home/amber/ros2_ws/install/amber_b1_bringup/share/amber_b1_bringup/package.dsv
[0.900s] -- Up-to-date: /home/amber/ros2_ws/install/amber_b1_bringup/share/ament_index/resource_index/packages/amber_b1_bringup
[0.902s] -- Up-to-date: /home/amber/ros2_ws/install/amber_b1_bringup/share/amber_b1_bringup/cmake/amber_b1_bringupConfig.cmake
[0.904s] -- Up-to-date: /home/amber/ros2_ws/install/amber_b1_bringup/share/amber_b1_bringup/cmake/amber_b1_bringupConfig-version.cmake
[0.904s] -- Up-to-date: /home/amber/ros2_ws/install/amber_b1_bringup/share/amber_b1_bringup/package.xml
[0.907s] Invoked command in '/home/amber/ros2_ws/build/amber_b1_bringup' returned '0': CMAKE_PREFIX_PATH=${CMAKE_PREFIX_PATH}:/opt/ros/foxy /usr/bin/cmake --install /home/amber/ros2_ws/build/amber_b1_bringup
