-- Found ament_cmake: 0.9.12 (/opt/ros/foxy/share/ament_cmake/cmake)
-- Using PYTHON_EXECUTABLE: /usr/bin/python3
-- Found rclcpp: 2.4.3 (/opt/ros/foxy/share/rclcpp/cmake)
-- Using all available rosidl_typesupport_c: rosidl_typesupport_fastrtps_c;rosidl_typesupport_introspection_c
-- Found rosidl_adapter: 1.3.1 (/opt/ros/foxy/share/rosidl_adapter/cmake)
-- Using all available rosidl_typesupport_cpp: rosidl_typesupport_fastrtps_cpp;rosidl_typesupport_introspection_cpp
-- Found rmw_implementation_cmake: 1.0.4 (/opt/ros/foxy/share/rmw_implementation_cmake/cmake)
-- Using RMW implementation 'rmw_fastrtps_cpp' as default
-- Found eigen3_cmake_module: 0.1.1 (/opt/ros/foxy/share/eigen3_cmake_module/cmake)
-- Found amber_b1_interfaces: 0.0.0 (/home/amber/ros2_ws/install/amber_b1_interfaces/share/amber_b1_interfaces/cmake)
-- Found trajectory_msgs: 2.0.5 (/opt/ros/foxy/share/trajectory_msgs/cmake)
-- Found sensor_msgs: 2.0.5 (/opt/ros/foxy/share/sensor_msgs/cmake)
-- Found geometry2: 0.13.14 (/opt/ros/foxy/share/geometry2/cmake)
-- Found ament_lint_auto: 0.9.8 (/opt/ros/foxy/share/ament_lint_auto/cmake)
-- Added test 'copyright' to check source files copyright and LICENSE
-- Added test 'cppcheck' to perform static code analysis on C / C++ code
-- Configured cppcheck include dirs: /home/amber/ros2_ws/src/amber_b1/amber_b1_gui_node/include
-- Configured cppcheck exclude dirs and/or files: 
-- Added test 'cpplint' to check C / C++ code against the Google style
-- Configured cpplint exclude dirs and/or files: 
-- Added test 'flake8' to check Python code syntax and style conventions
-- Added test 'lint_cmake' to check CMake code style
-- Added test 'pep257' to check Python code against some of the style conventions in PEP 257
-- Added test 'uncrustify' to check C / C++ code style
-- Configured uncrustify additional arguments: 
-- Added test 'xmllint' to check XML markup files
-- Configuring done
-- Generating done
-- Build files have been written to: /home/amber/ros2_ws/build/amber_b1_gui_node
[35m[1mScanning dependencies of target gui_node[0m
[ 12%] [32mBuilding CXX object CMakeFiles/gui_node.dir/src/gui_node.cpp.o[0m
[ 25%] [32mBuilding CXX object CMakeFiles/gui_node.dir/src/kinematic.cpp.o[0m
[ 37%] [32m[1mLinking CXX executable gui_node[0m
[100%] Built target gui_node
-- Install configuration: ""
-- Installing: /home/amber/ros2_ws/install/amber_b1_gui_node/lib/amber_b1_gui_node/gui_node
-- Set runtime path of "/home/amber/ros2_ws/install/amber_b1_gui_node/lib/amber_b1_gui_node/gui_node" to ""
-- Up-to-date: /home/amber/ros2_ws/install/amber_b1_gui_node/share/amber_b1_gui_node/launch
-- Up-to-date: /home/amber/ros2_ws/install/amber_b1_gui_node/share/amber_b1_gui_node/launch/amber_b1_gui.launch.py
-- Up-to-date: /home/amber/ros2_ws/install/amber_b1_gui_node/include
-- Up-to-date: /home/amber/ros2_ws/install/amber_b1_gui_node/include/amber_b1_gui_node
-- Up-to-date: /home/amber/ros2_ws/install/amber_b1_gui_node/include/amber_b1_gui_node/rt_nonfinite.h
-- Up-to-date: /home/amber/ros2_ws/install/amber_b1_gui_node/include/amber_b1_gui_node/kinematic.h
-- Up-to-date: /home/amber/ros2_ws/install/amber_b1_gui_node/include/amber_b1_gui_node/ForwardKinematics.h
-- Up-to-date: /home/amber/ros2_ws/install/amber_b1_gui_node/include/amber_b1_gui_node/InverseKinematics.h
-- Up-to-date: /home/amber/ros2_ws/install/amber_b1_gui_node/include/amber_b1_gui_node/InverseKinematics_types.h
-- Up-to-date: /home/amber/ros2_ws/install/amber_b1_gui_node/include/amber_b1_gui_node/rtwtypes.h
-- Up-to-date: /home/amber/ros2_ws/install/amber_b1_gui_node/include/amber_b1_gui_node/TrajectoryGenerator.h
-- Up-to-date: /home/amber/ros2_ws/install/amber_b1_gui_node/include/amber_b1_gui_node/udp.h
-- Up-to-date: /home/amber/ros2_ws/install/amber_b1_gui_node/include/amber_b1_gui_node/rt_defines.h
-- Up-to-date: /home/amber/ros2_ws/install/amber_b1_gui_node/share/ament_index/resource_index/package_run_dependencies/amber_b1_gui_node
-- Up-to-date: /home/amber/ros2_ws/install/amber_b1_gui_node/share/ament_index/resource_index/parent_prefix_path/amber_b1_gui_node
-- Installing: /home/amber/ros2_ws/install/amber_b1_gui_node/share/amber_b1_gui_node/environment/ament_prefix_path.sh
-- Installing: /home/amber/ros2_ws/install/amber_b1_gui_node/share/amber_b1_gui_node/environment/ament_prefix_path.dsv
-- Installing: /home/amber/ros2_ws/install/amber_b1_gui_node/share/amber_b1_gui_node/environment/path.sh
-- Installing: /home/amber/ros2_ws/install/amber_b1_gui_node/share/amber_b1_gui_node/environment/path.dsv
-- Up-to-date: /home/amber/ros2_ws/install/amber_b1_gui_node/share/amber_b1_gui_node/local_setup.bash
-- Up-to-date: /home/amber/ros2_ws/install/amber_b1_gui_node/share/amber_b1_gui_node/local_setup.sh
-- Up-to-date: /home/amber/ros2_ws/install/amber_b1_gui_node/share/amber_b1_gui_node/local_setup.zsh
-- Installing: /home/amber/ros2_ws/install/amber_b1_gui_node/share/amber_b1_gui_node/local_setup.dsv
-- Installing: /home/amber/ros2_ws/install/amber_b1_gui_node/share/amber_b1_gui_node/package.dsv
-- Up-to-date: /home/amber/ros2_ws/install/amber_b1_gui_node/share/ament_index/resource_index/packages/amber_b1_gui_node
-- Up-to-date: /home/amber/ros2_ws/install/amber_b1_gui_node/share/amber_b1_gui_node/cmake/amber_b1_gui_nodeConfig.cmake
-- Up-to-date: /home/amber/ros2_ws/install/amber_b1_gui_node/share/amber_b1_gui_node/cmake/amber_b1_gui_nodeConfig-version.cmake
-- Up-to-date: /home/amber/ros2_ws/install/amber_b1_gui_node/share/amber_b1_gui_node/package.xml
