[0.106s] Invoking command in '/home/amber/ros2_ws/build/amber_b1_bringup': CMAKE_PREFIX_PATH=/opt/ros/foxy /usr/bin/cmake --build /home/amber/ros2_ws/build/amber_b1_bringup -- -j2 -l2
[0.534s] Invoked command in '/home/amber/ros2_ws/build/amber_b1_bringup' returned '0': CMAKE_PREFIX_PATH=/opt/ros/foxy /usr/bin/cmake --build /home/amber/ros2_ws/build/amber_b1_bringup -- -j2 -l2
[0.677s] Invoking command in '/home/amber/ros2_ws/build/amber_b1_bringup': CMAKE_PREFIX_PATH=/opt/ros/foxy /usr/bin/cmake --install /home/amber/ros2_ws/build/amber_b1_bringup
[0.719s] -- Install configuration: ""
[0.720s] -- Up-to-date: /home/amber/ros2_ws/install/amber_b1_bringup/share/amber_b1_bringup/config
[0.722s] -- Up-to-date: /home/amber/ros2_ws/install/amber_b1_bringup/share/amber_b1_bringup/config/amber_b1_trajectory_publisher_cpp.yaml
[0.723s] -- Up-to-date: /home/amber/ros2_ws/install/amber_b1_bringup/share/amber_b1_bringup/config/amber_b1_controllers.yaml
[0.723s] -- Up-to-date: /home/amber/ros2_ws/install/amber_b1_bringup/share/amber_b1_bringup/launch
[0.724s] -- Up-to-date: /home/amber/ros2_ws/install/amber_b1_bringup/share/amber_b1_bringup/launch/amber_b1.launch.py
[0.725s] -- Up-to-date: /home/amber/ros2_ws/install/amber_b1_bringup/share/amber_b1_bringup/launch/test_joint_trajectory_controller_cpp.launch.py
[0.725s] -- Up-to-date: /home/amber/ros2_ws/install/amber_b1_bringup/share/amber_b1_bringup/launch/amber_b1_hw.launch.py
[0.726s] -- Up-to-date: /home/amber/ros2_ws/install/amber_b1_bringup/share/amber_b1_bringup/launch/amber_b1_fake.launch.py
[0.726s] -- Up-to-date: /home/amber/ros2_ws/install/amber_b1_bringup/share/amber_b1_bringup/launch/amber_b1_rviz_launch.py
[0.728s] -- Up-to-date: /home/amber/ros2_ws/install/amber_b1_bringup/share/amber_b1_bringup/launch/amber_b1_hw_gui.launch.py
[0.728s] -- Up-to-date: /home/amber/ros2_ws/install/amber_b1_bringup/share/amber_b1_bringup/launch/amber_b1_fake_gui.launch.py
[0.730s] -- Up-to-date: /home/amber/ros2_ws/install/amber_b1_bringup/share/ament_index/resource_index/package_run_dependencies/amber_b1_bringup
[0.732s] -- Up-to-date: /home/amber/ros2_ws/install/amber_b1_bringup/share/ament_index/resource_index/parent_prefix_path/amber_b1_bringup
[0.734s] -- Up-to-date: /home/amber/ros2_ws/install/amber_b1_bringup/share/amber_b1_bringup/environment/ament_prefix_path.sh
[0.735s] -- Up-to-date: /home/amber/ros2_ws/install/amber_b1_bringup/share/amber_b1_bringup/environment/ament_prefix_path.dsv
[0.735s] -- Up-to-date: /home/amber/ros2_ws/install/amber_b1_bringup/share/amber_b1_bringup/environment/path.sh
[0.737s] -- Up-to-date: /home/amber/ros2_ws/install/amber_b1_bringup/share/amber_b1_bringup/environment/path.dsv
[0.737s] -- Up-to-date: /home/amber/ros2_ws/install/amber_b1_bringup/share/amber_b1_bringup/local_setup.bash
[0.739s] -- Up-to-date: /home/amber/ros2_ws/install/amber_b1_bringup/share/amber_b1_bringup/local_setup.sh
[0.739s] -- Up-to-date: /home/amber/ros2_ws/install/amber_b1_bringup/share/amber_b1_bringup/local_setup.zsh
[0.740s] -- Up-to-date: /home/amber/ros2_ws/install/amber_b1_bringup/share/amber_b1_bringup/local_setup.dsv
[0.740s] -- Installing: /home/amber/ros2_ws/install/amber_b1_bringup/share/amber_b1_bringup/package.dsv
[0.743s] -- Up-to-date: /home/amber/ros2_ws/install/amber_b1_bringup/share/ament_index/resource_index/packages/amber_b1_bringup
[0.745s] -- Up-to-date: /home/amber/ros2_ws/install/amber_b1_bringup/share/amber_b1_bringup/cmake/amber_b1_bringupConfig.cmake
[0.745s] -- Up-to-date: /home/amber/ros2_ws/install/amber_b1_bringup/share/amber_b1_bringup/cmake/amber_b1_bringupConfig-version.cmake
[0.747s] -- Up-to-date: /home/amber/ros2_ws/install/amber_b1_bringup/share/amber_b1_bringup/package.xml
[0.756s] Invoked command in '/home/amber/ros2_ws/build/amber_b1_bringup' returned '0': CMAKE_PREFIX_PATH=/opt/ros/foxy /usr/bin/cmake --install /home/amber/ros2_ws/build/amber_b1_bringup
