[0.050s] Invoking command in '/home/amber/ros2_ws/build/amber_b1_gui_node': AMENT_PREFIX_PATH=/home/amber/ros2_ws/install/amber_b1_interfaces:${AMENT_PREFIX_PATH} CMAKE_PREFIX_PATH=/home/amber/ros2_ws/install/amber_b1_interfaces:/opt/ros/foxy LD_LIBRARY_PATH=/home/amber/ros2_ws/install/amber_b1_interfaces/lib:${LD_LIBRARY_PATH} PYTHONPATH=/home/amber/ros2_ws/install/amber_b1_interfaces/lib/python3.8/site-packages:${PYTHONPATH} /usr/bin/cmake --build /home/amber/ros2_ws/build/amber_b1_gui_node -- -j4 -l4
[0.251s] [100%] Built target gui_node
[0.278s] Invoked command in '/home/amber/ros2_ws/build/amber_b1_gui_node' returned '0': AMENT_PREFIX_PATH=/home/amber/ros2_ws/install/amber_b1_interfaces:${AMENT_PREFIX_PATH} CMAKE_PREFIX_PATH=/home/amber/ros2_ws/install/amber_b1_interfaces:/opt/ros/foxy LD_LIBRARY_PATH=/home/amber/ros2_ws/install/amber_b1_interfaces/lib:${LD_LIBRARY_PATH} PYTHONPATH=/home/amber/ros2_ws/install/amber_b1_interfaces/lib/python3.8/site-packages:${PYTHONPATH} /usr/bin/cmake --build /home/amber/ros2_ws/build/amber_b1_gui_node -- -j4 -l4
[0.368s] Invoking command in '/home/amber/ros2_ws/build/amber_b1_gui_node': AMENT_PREFIX_PATH=/home/amber/ros2_ws/install/amber_b1_interfaces:${AMENT_PREFIX_PATH} CMAKE_PREFIX_PATH=/home/amber/ros2_ws/install/amber_b1_interfaces:/opt/ros/foxy LD_LIBRARY_PATH=/home/amber/ros2_ws/install/amber_b1_interfaces/lib:${LD_LIBRARY_PATH} PYTHONPATH=/home/amber/ros2_ws/install/amber_b1_interfaces/lib/python3.8/site-packages:${PYTHONPATH} /usr/bin/cmake --install /home/amber/ros2_ws/build/amber_b1_gui_node
[0.404s] -- Install configuration: ""
[0.405s] -- Up-to-date: /home/amber/ros2_ws/install/amber_b1_gui_node/lib/amber_b1_gui_node/gui_node
[0.408s] -- Up-to-date: /home/amber/ros2_ws/install/amber_b1_gui_node/share/amber_b1_gui_node/launch
[0.409s] -- Up-to-date: /home/amber/ros2_ws/install/amber_b1_gui_node/share/amber_b1_gui_node/launch/amber_b1_gui.launch.py
[0.409s] -- Up-to-date: /home/amber/ros2_ws/install/amber_b1_gui_node/include
[0.410s] -- Up-to-date: /home/amber/ros2_ws/install/amber_b1_gui_node/include/amber_b1_gui_node
[0.410s] -- Up-to-date: /home/amber/ros2_ws/install/amber_b1_gui_node/include/amber_b1_gui_node/TrajectoryGenerator.h
[0.411s] -- Up-to-date: /home/amber/ros2_ws/install/amber_b1_gui_node/include/amber_b1_gui_node/ForwardKinematics.h
[0.411s] -- Up-to-date: /home/amber/ros2_ws/install/amber_b1_gui_node/include/amber_b1_gui_node/rt_nonfinite.h
[0.412s] -- Up-to-date: /home/amber/ros2_ws/install/amber_b1_gui_node/include/amber_b1_gui_node/rt_defines.h
[0.412s] -- Up-to-date: /home/amber/ros2_ws/install/amber_b1_gui_node/include/amber_b1_gui_node/kinematic.h
[0.413s] -- Up-to-date: /home/amber/ros2_ws/install/amber_b1_gui_node/include/amber_b1_gui_node/rtwtypes.h
[0.413s] -- Up-to-date: /home/amber/ros2_ws/install/amber_b1_gui_node/include/amber_b1_gui_node/InverseKinematics.h
[0.416s] -- Up-to-date: /home/amber/ros2_ws/install/amber_b1_gui_node/include/amber_b1_gui_node/udp.h
[0.417s] -- Up-to-date: /home/amber/ros2_ws/install/amber_b1_gui_node/include/amber_b1_gui_node/InverseKinematics_types.h
[0.417s] -- Up-to-date: /home/amber/ros2_ws/install/amber_b1_gui_node/share/ament_index/resource_index/package_run_dependencies/amber_b1_gui_node
[0.418s] -- Up-to-date: /home/amber/ros2_ws/install/amber_b1_gui_node/share/ament_index/resource_index/parent_prefix_path/amber_b1_gui_node
[0.418s] -- Up-to-date: /home/amber/ros2_ws/install/amber_b1_gui_node/share/amber_b1_gui_node/environment/ament_prefix_path.sh
[0.419s] -- Up-to-date: /home/amber/ros2_ws/install/amber_b1_gui_node/share/amber_b1_gui_node/environment/ament_prefix_path.dsv
[0.419s] -- Up-to-date: /home/amber/ros2_ws/install/amber_b1_gui_node/share/amber_b1_gui_node/environment/path.sh
[0.420s] -- Up-to-date: /home/amber/ros2_ws/install/amber_b1_gui_node/share/amber_b1_gui_node/environment/path.dsv
[0.421s] -- Up-to-date: /home/amber/ros2_ws/install/amber_b1_gui_node/share/amber_b1_gui_node/local_setup.bash
[0.422s] -- Up-to-date: /home/amber/ros2_ws/install/amber_b1_gui_node/share/amber_b1_gui_node/local_setup.sh
[0.423s] -- Up-to-date: /home/amber/ros2_ws/install/amber_b1_gui_node/share/amber_b1_gui_node/local_setup.zsh
[0.425s] -- Up-to-date: /home/amber/ros2_ws/install/amber_b1_gui_node/share/amber_b1_gui_node/local_setup.dsv
[0.426s] -- Installing: /home/amber/ros2_ws/install/amber_b1_gui_node/share/amber_b1_gui_node/package.dsv
[0.426s] -- Up-to-date: /home/amber/ros2_ws/install/amber_b1_gui_node/share/ament_index/resource_index/packages/amber_b1_gui_node
[0.427s] -- Up-to-date: /home/amber/ros2_ws/install/amber_b1_gui_node/share/amber_b1_gui_node/cmake/amber_b1_gui_nodeConfig.cmake
[0.428s] -- Up-to-date: /home/amber/ros2_ws/install/amber_b1_gui_node/share/amber_b1_gui_node/cmake/amber_b1_gui_nodeConfig-version.cmake
[0.431s] -- Up-to-date: /home/amber/ros2_ws/install/amber_b1_gui_node/share/amber_b1_gui_node/package.xml
[0.464s] Invoked command in '/home/amber/ros2_ws/build/amber_b1_gui_node' returned '0': AMENT_PREFIX_PATH=/home/amber/ros2_ws/install/amber_b1_interfaces:${AMENT_PREFIX_PATH} CMAKE_PREFIX_PATH=/home/amber/ros2_ws/install/amber_b1_interfaces:/opt/ros/foxy LD_LIBRARY_PATH=/home/amber/ros2_ws/install/amber_b1_interfaces/lib:${LD_LIBRARY_PATH} PYTHONPATH=/home/amber/ros2_ws/install/amber_b1_interfaces/lib/python3.8/site-packages:${PYTHONPATH} /usr/bin/cmake --install /home/amber/ros2_ws/build/amber_b1_gui_node
