[0.091s] Invoking command in '/home/amber/ros2_ws/build/amber_b1_hardware': CMAKE_PREFIX_PATH=/home/amber/ros2_ws/install/amber_b1_interfaces:/home/amber/ros2_ws/install/amber_b1_joint_control_demo:/home/amber/ros2_ws/install/amber_b1_hardware:/home/amber/ros2_ws/install/amber_b1_gui_node:/home/amber/ros2_ws/install/amber_b1_description:/home/amber/ros2_ws/install/amber_b1_bringup:/opt/ros/foxy LD_LIBRARY_PATH=/home/amber/ros2_ws/install/amber_b1_interfaces/lib:/home/amber/ros2_ws/install/amber_b1_hardware/lib:/opt/ros/foxy/opt/yaml_cpp_vendor/lib:/opt/ros/foxy/opt/rviz_ogre_vendor/lib:/opt/ros/foxy/lib/x86_64-linux-gnu:/opt/ros/foxy/lib /usr/bin/cmake --build /home/amber/ros2_ws/build/amber_b1_hardware -- -j2 -l2
[0.300s] [100%] Built target amber_b1_hardware
[0.340s] Invoked command in '/home/amber/ros2_ws/build/amber_b1_hardware' returned '0': CMAKE_PREFIX_PATH=/home/amber/ros2_ws/install/amber_b1_interfaces:/home/amber/ros2_ws/install/amber_b1_joint_control_demo:/home/amber/ros2_ws/install/amber_b1_hardware:/home/amber/ros2_ws/install/amber_b1_gui_node:/home/amber/ros2_ws/install/amber_b1_description:/home/amber/ros2_ws/install/amber_b1_bringup:/opt/ros/foxy LD_LIBRARY_PATH=/home/amber/ros2_ws/install/amber_b1_interfaces/lib:/home/amber/ros2_ws/install/amber_b1_hardware/lib:/opt/ros/foxy/opt/yaml_cpp_vendor/lib:/opt/ros/foxy/opt/rviz_ogre_vendor/lib:/opt/ros/foxy/lib/x86_64-linux-gnu:/opt/ros/foxy/lib /usr/bin/cmake --build /home/amber/ros2_ws/build/amber_b1_hardware -- -j2 -l2
[0.461s] Invoking command in '/home/amber/ros2_ws/build/amber_b1_hardware': CMAKE_PREFIX_PATH=/home/amber/ros2_ws/install/amber_b1_interfaces:/home/amber/ros2_ws/install/amber_b1_joint_control_demo:/home/amber/ros2_ws/install/amber_b1_hardware:/home/amber/ros2_ws/install/amber_b1_gui_node:/home/amber/ros2_ws/install/amber_b1_description:/home/amber/ros2_ws/install/amber_b1_bringup:/opt/ros/foxy LD_LIBRARY_PATH=/home/amber/ros2_ws/install/amber_b1_interfaces/lib:/home/amber/ros2_ws/install/amber_b1_hardware/lib:/opt/ros/foxy/opt/yaml_cpp_vendor/lib:/opt/ros/foxy/opt/rviz_ogre_vendor/lib:/opt/ros/foxy/lib/x86_64-linux-gnu:/opt/ros/foxy/lib /usr/bin/cmake --install /home/amber/ros2_ws/build/amber_b1_hardware
[0.501s] -- Install configuration: ""
[0.501s] -- Up-to-date: /home/amber/ros2_ws/install/amber_b1_hardware/share/amber_b1_hardware/amber_b1_hardware.xml
[0.502s] -- Up-to-date: /home/amber/ros2_ws/install/amber_b1_hardware/lib/libamber_b1_hardware.so
[0.502s] -- Up-to-date: /home/amber/ros2_ws/install/amber_b1_hardware/include
[0.503s] -- Up-to-date: /home/amber/ros2_ws/install/amber_b1_hardware/include/amber_b1_hardware
[0.503s] -- Up-to-date: /home/amber/ros2_ws/install/amber_b1_hardware/include/amber_b1_hardware/rt_spi.h
[0.503s] -- Up-to-date: /home/amber/ros2_ws/install/amber_b1_hardware/include/amber_b1_hardware/amber_b1_interface.hpp
[0.504s] -- Up-to-date: /home/amber/ros2_ws/install/amber_b1_hardware/include/amber_b1_hardware/visibility_control.h
[0.505s] -- Up-to-date: /home/amber/ros2_ws/install/amber_b1_hardware/share/amber_b1_hardware/environment/library_path.sh
[0.506s] -- Up-to-date: /home/amber/ros2_ws/install/amber_b1_hardware/share/amber_b1_hardware/environment/library_path.dsv
[0.506s] -- Up-to-date: /home/amber/ros2_ws/install/amber_b1_hardware/share/ament_index/resource_index/package_run_dependencies/amber_b1_hardware
[0.507s] -- Up-to-date: /home/amber/ros2_ws/install/amber_b1_hardware/share/ament_index/resource_index/parent_prefix_path/amber_b1_hardware
[0.507s] -- Up-to-date: /home/amber/ros2_ws/install/amber_b1_hardware/share/amber_b1_hardware/environment/ament_prefix_path.sh
[0.507s] -- Up-to-date: /home/amber/ros2_ws/install/amber_b1_hardware/share/amber_b1_hardware/environment/ament_prefix_path.dsv
[0.507s] -- Up-to-date: /home/amber/ros2_ws/install/amber_b1_hardware/share/amber_b1_hardware/environment/path.sh
[0.508s] -- Up-to-date: /home/amber/ros2_ws/install/amber_b1_hardware/share/amber_b1_hardware/environment/path.dsv
[0.508s] -- Up-to-date: /home/amber/ros2_ws/install/amber_b1_hardware/share/amber_b1_hardware/local_setup.bash
[0.508s] -- Up-to-date: /home/amber/ros2_ws/install/amber_b1_hardware/share/amber_b1_hardware/local_setup.sh
[0.508s] -- Up-to-date: /home/amber/ros2_ws/install/amber_b1_hardware/share/amber_b1_hardware/local_setup.zsh
[0.521s] -- Up-to-date: /home/amber/ros2_ws/install/amber_b1_hardware/share/amber_b1_hardware/local_setup.dsv
[0.522s] -- Installing: /home/amber/ros2_ws/install/amber_b1_hardware/share/amber_b1_hardware/package.dsv
[0.522s] -- Up-to-date: /home/amber/ros2_ws/install/amber_b1_hardware/share/ament_index/resource_index/packages/amber_b1_hardware
[0.522s] -- Up-to-date: /home/amber/ros2_ws/install/amber_b1_hardware/share/ament_index/resource_index/hardware_interface__pluginlib__plugin/amber_b1_hardware
[0.523s] -- Up-to-date: /home/amber/ros2_ws/install/amber_b1_hardware/share/amber_b1_hardware/cmake/ament_cmake_export_include_directories-extras.cmake
[0.523s] -- Up-to-date: /home/amber/ros2_ws/install/amber_b1_hardware/share/amber_b1_hardware/cmake/ament_cmake_export_libraries-extras.cmake
[0.524s] -- Up-to-date: /home/amber/ros2_ws/install/amber_b1_hardware/share/amber_b1_hardware/cmake/ament_cmake_export_dependencies-extras.cmake
[0.524s] -- Up-to-date: /home/amber/ros2_ws/install/amber_b1_hardware/share/amber_b1_hardware/cmake/amber_b1_hardwareConfig.cmake
[0.525s] -- Up-to-date: /home/amber/ros2_ws/install/amber_b1_hardware/share/amber_b1_hardware/cmake/amber_b1_hardwareConfig-version.cmake
[0.531s] -- Up-to-date: /home/amber/ros2_ws/install/amber_b1_hardware/share/amber_b1_hardware/package.xml
[0.532s] Invoked command in '/home/amber/ros2_ws/build/amber_b1_hardware' returned '0': CMAKE_PREFIX_PATH=/home/amber/ros2_ws/install/amber_b1_interfaces:/home/amber/ros2_ws/install/amber_b1_joint_control_demo:/home/amber/ros2_ws/install/amber_b1_hardware:/home/amber/ros2_ws/install/amber_b1_gui_node:/home/amber/ros2_ws/install/amber_b1_description:/home/amber/ros2_ws/install/amber_b1_bringup:/opt/ros/foxy LD_LIBRARY_PATH=/home/amber/ros2_ws/install/amber_b1_interfaces/lib:/home/amber/ros2_ws/install/amber_b1_hardware/lib:/opt/ros/foxy/opt/yaml_cpp_vendor/lib:/opt/ros/foxy/opt/rviz_ogre_vendor/lib:/opt/ros/foxy/lib/x86_64-linux-gnu:/opt/ros/foxy/lib /usr/bin/cmake --install /home/amber/ros2_ws/build/amber_b1_hardware
