-- Install configuration: ""
-- Up-to-date: /home/amber/ros2_ws/install/amber_b1_bringup/share/amber_b1_bringup/config
-- Up-to-date: /home/amber/ros2_ws/install/amber_b1_bringup/share/amber_b1_bringup/config/amber_b1_trajectory_publisher_cpp.yaml
-- Up-to-date: /home/amber/ros2_ws/install/amber_b1_bringup/share/amber_b1_bringup/config/amber_b1_controllers.yaml
-- Up-to-date: /home/amber/ros2_ws/install/amber_b1_bringup/share/amber_b1_bringup/launch
-- Up-to-date: /home/amber/ros2_ws/install/amber_b1_bringup/share/amber_b1_bringup/launch/amber_b1.launch.py
-- Up-to-date: /home/amber/ros2_ws/install/amber_b1_bringup/share/amber_b1_bringup/launch/test_joint_trajectory_controller_cpp.launch.py
-- Up-to-date: /home/amber/ros2_ws/install/amber_b1_bringup/share/amber_b1_bringup/launch/amber_b1_hw.launch.py
-- Up-to-date: /home/amber/ros2_ws/install/amber_b1_bringup/share/amber_b1_bringup/launch/amber_b1_fake.launch.py
-- Up-to-date: /home/amber/ros2_ws/install/amber_b1_bringup/share/amber_b1_bringup/launch/amber_b1_rviz_launch.py
-- Up-to-date: /home/amber/ros2_ws/install/amber_b1_bringup/share/amber_b1_bringup/launch/amber_b1_hw_gui.launch.py
-- Up-to-date: /home/amber/ros2_ws/install/amber_b1_bringup/share/amber_b1_bringup/launch/amber_b1_fake_gui.launch.py
-- Up-to-date: /home/amber/ros2_ws/install/amber_b1_bringup/share/ament_index/resource_index/package_run_dependencies/amber_b1_bringup
-- Up-to-date: /home/amber/ros2_ws/install/amber_b1_bringup/share/ament_index/resource_index/parent_prefix_path/amber_b1_bringup
-- Up-to-date: /home/amber/ros2_ws/install/amber_b1_bringup/share/amber_b1_bringup/environment/ament_prefix_path.sh
-- Up-to-date: /home/amber/ros2_ws/install/amber_b1_bringup/share/amber_b1_bringup/environment/ament_prefix_path.dsv
-- Up-to-date: /home/amber/ros2_ws/install/amber_b1_bringup/share/amber_b1_bringup/environment/path.sh
-- Up-to-date: /home/amber/ros2_ws/install/amber_b1_bringup/share/amber_b1_bringup/environment/path.dsv
-- Up-to-date: /home/amber/ros2_ws/install/amber_b1_bringup/share/amber_b1_bringup/local_setup.bash
-- Up-to-date: /home/amber/ros2_ws/install/amber_b1_bringup/share/amber_b1_bringup/local_setup.sh
-- Up-to-date: /home/amber/ros2_ws/install/amber_b1_bringup/share/amber_b1_bringup/local_setup.zsh
-- Up-to-date: /home/amber/ros2_ws/install/amber_b1_bringup/share/amber_b1_bringup/local_setup.dsv
-- Installing: /home/amber/ros2_ws/install/amber_b1_bringup/share/amber_b1_bringup/package.dsv
-- Up-to-date: /home/amber/ros2_ws/install/amber_b1_bringup/share/ament_index/resource_index/packages/amber_b1_bringup
-- Up-to-date: /home/amber/ros2_ws/install/amber_b1_bringup/share/amber_b1_bringup/cmake/amber_b1_bringupConfig.cmake
-- Up-to-date: /home/amber/ros2_ws/install/amber_b1_bringup/share/amber_b1_bringup/cmake/amber_b1_bringupConfig-version.cmake
-- Up-to-date: /home/amber/ros2_ws/install/amber_b1_bringup/share/amber_b1_bringup/package.xml
