[0.728s] DEBUG:colcon:Command line arguments: ['/usr/bin/colcon', 'build', '--packages-select', 'amber_b1_hardware']
[0.728s] DEBUG:colcon:Parsed command line arguments: Namespace(allow_overriding=[], ament_cmake_args=None, base_paths=['.'], build_base='build', catkin_cmake_args=None, catkin_skip_building_tests=False, cmake_args=None, cmake_clean_cache=False, cmake_clean_first=False, cmake_force_configure=False, cmake_target=None, cmake_target_skip_unavailable=False, continue_on_error=False, event_handlers=None, executor='parallel', ignore_user_meta=False, install_base='install', log_base=None, log_level=None, main=<bound method BuildVerb.main of <colcon_core.verb.build.BuildVerb object at 0x7f9414844040>>, merge_install=False, metas=['./colcon.meta'], packages_above=None, packages_above_and_dependencies=None, packages_above_depth=None, packages_end=None, packages_ignore=None, packages_ignore_regex=None, packages_select=['amber_b1_hardware'], packages_select_build_failed=False, packages_select_by_dep=None, packages_select_regex=None, packages_select_test_failures=False, packages_skip=None, packages_skip_build_finished=False, packages_skip_by_dep=None, packages_skip_regex=None, packages_skip_test_passed=False, packages_skip_up_to=None, packages_start=None, packages_up_to=None, packages_up_to_regex=None, parallel_workers=2, paths=None, symlink_install=False, test_result_base=None, verb_extension=<colcon_core.verb.build.BuildVerb object at 0x7f9414844040>, verb_name='build', verb_parser=<colcon_defaults.argument_parser.defaults.DefaultArgumentsDecorator object at 0x7f94148445b0>)
[0.756s] Level 1:colcon.colcon_core.package_discovery:discover_packages(colcon_meta) check parameters
[0.757s] Level 1:colcon.colcon_core.package_discovery:discover_packages(recursive) check parameters
[0.758s] Level 1:colcon.colcon_core.package_discovery:discover_packages(ignore) check parameters
[0.758s] Level 1:colcon.colcon_core.package_discovery:discover_packages(path) check parameters
[0.758s] Level 1:colcon.colcon_core.package_discovery:discover_packages(colcon_meta) discover
[0.758s] Level 1:colcon.colcon_core.package_discovery:discover_packages(recursive) discover
[0.758s] INFO:colcon.colcon_core.package_discovery:Crawling recursively for packages in '/home/amber/ros2_ws'
[0.759s] Level 1:colcon.colcon_core.package_identification:_identify(.) by extensions ['ignore', 'ignore_ament_install']
[0.759s] Level 1:colcon.colcon_core.package_identification:_identify(.) by extension 'ignore'
[0.760s] Level 1:colcon.colcon_core.package_identification:_identify(.) by extension 'ignore_ament_install'
[0.760s] Level 1:colcon.colcon_core.package_identification:_identify(.) by extensions ['colcon_pkg']
[0.760s] Level 1:colcon.colcon_core.package_identification:_identify(.) by extension 'colcon_pkg'
[0.760s] Level 1:colcon.colcon_core.package_identification:_identify(.) by extensions ['colcon_meta']
[0.760s] Level 1:colcon.colcon_core.package_identification:_identify(.) by extension 'colcon_meta'
[0.761s] Level 1:colcon.colcon_core.package_identification:_identify(.) by extensions ['ros']
[0.761s] Level 1:colcon.colcon_core.package_identification:_identify(.) by extension 'ros'
[0.810s] Level 1:colcon.colcon_core.package_identification:_identify(.) by extensions ['cmake', 'python']
[0.810s] Level 1:colcon.colcon_core.package_identification:_identify(.) by extension 'cmake'
[0.811s] Level 1:colcon.colcon_core.package_identification:_identify(.) by extension 'python'
[0.811s] Level 1:colcon.colcon_core.package_identification:_identify(.) by extensions ['python_setup_py']
[0.811s] Level 1:colcon.colcon_core.package_identification:_identify(.) by extension 'python_setup_py'
[0.811s] Level 1:colcon.colcon_core.package_identification:_identify(build) by extensions ['ignore', 'ignore_ament_install']
[0.812s] Level 1:colcon.colcon_core.package_identification:_identify(build) by extension 'ignore'
[0.812s] Level 1:colcon.colcon_core.package_identification:_identify(build) ignored
[0.812s] Level 1:colcon.colcon_core.package_identification:_identify(install) by extensions ['ignore', 'ignore_ament_install']
[0.813s] Level 1:colcon.colcon_core.package_identification:_identify(install) by extension 'ignore'
[0.813s] Level 1:colcon.colcon_core.package_identification:_identify(install) ignored
[0.813s] Level 1:colcon.colcon_core.package_identification:_identify(log) by extensions ['ignore', 'ignore_ament_install']
[0.814s] Level 1:colcon.colcon_core.package_identification:_identify(log) by extension 'ignore'
[0.814s] Level 1:colcon.colcon_core.package_identification:_identify(log) ignored
[0.815s] Level 1:colcon.colcon_core.package_identification:_identify(src) by extensions ['ignore', 'ignore_ament_install']
[0.815s] Level 1:colcon.colcon_core.package_identification:_identify(src) by extension 'ignore'
[0.815s] Level 1:colcon.colcon_core.package_identification:_identify(src) by extension 'ignore_ament_install'
[0.815s] Level 1:colcon.colcon_core.package_identification:_identify(src) by extensions ['colcon_pkg']
[0.816s] Level 1:colcon.colcon_core.package_identification:_identify(src) by extension 'colcon_pkg'
[0.816s] Level 1:colcon.colcon_core.package_identification:_identify(src) by extensions ['colcon_meta']
[0.816s] Level 1:colcon.colcon_core.package_identification:_identify(src) by extension 'colcon_meta'
[0.816s] Level 1:colcon.colcon_core.package_identification:_identify(src) by extensions ['ros']
[0.816s] Level 1:colcon.colcon_core.package_identification:_identify(src) by extension 'ros'
[0.816s] Level 1:colcon.colcon_core.package_identification:_identify(src) by extensions ['cmake', 'python']
[0.816s] Level 1:colcon.colcon_core.package_identification:_identify(src) by extension 'cmake'
[0.817s] Level 1:colcon.colcon_core.package_identification:_identify(src) by extension 'python'
[0.817s] Level 1:colcon.colcon_core.package_identification:_identify(src) by extensions ['python_setup_py']
[0.817s] Level 1:colcon.colcon_core.package_identification:_identify(src) by extension 'python_setup_py'
[0.817s] Level 1:colcon.colcon_core.package_identification:_identify(src/amber_b1) by extensions ['ignore', 'ignore_ament_install']
[0.817s] Level 1:colcon.colcon_core.package_identification:_identify(src/amber_b1) by extension 'ignore'
[0.818s] Level 1:colcon.colcon_core.package_identification:_identify(src/amber_b1) by extension 'ignore_ament_install'
[0.818s] Level 1:colcon.colcon_core.package_identification:_identify(src/amber_b1) by extensions ['colcon_pkg']
[0.818s] Level 1:colcon.colcon_core.package_identification:_identify(src/amber_b1) by extension 'colcon_pkg'
[0.818s] Level 1:colcon.colcon_core.package_identification:_identify(src/amber_b1) by extensions ['colcon_meta']
[0.818s] Level 1:colcon.colcon_core.package_identification:_identify(src/amber_b1) by extension 'colcon_meta'
[0.819s] Level 1:colcon.colcon_core.package_identification:_identify(src/amber_b1) by extensions ['ros']
[0.819s] Level 1:colcon.colcon_core.package_identification:_identify(src/amber_b1) by extension 'ros'
[0.820s] Level 1:colcon.colcon_core.package_identification:_identify(src/amber_b1) by extensions ['cmake', 'python']
[0.820s] Level 1:colcon.colcon_core.package_identification:_identify(src/amber_b1) by extension 'cmake'
[0.820s] Level 1:colcon.colcon_core.package_identification:_identify(src/amber_b1) by extension 'python'
[0.820s] Level 1:colcon.colcon_core.package_identification:_identify(src/amber_b1) by extensions ['python_setup_py']
[0.820s] Level 1:colcon.colcon_core.package_identification:_identify(src/amber_b1) by extension 'python_setup_py'
[0.821s] Level 1:colcon.colcon_core.package_identification:_identify(src/amber_b1/amber_b1_bringup) by extensions ['ignore', 'ignore_ament_install']
[0.821s] Level 1:colcon.colcon_core.package_identification:_identify(src/amber_b1/amber_b1_bringup) by extension 'ignore'
[0.821s] Level 1:colcon.colcon_core.package_identification:_identify(src/amber_b1/amber_b1_bringup) by extension 'ignore_ament_install'
[0.822s] Level 1:colcon.colcon_core.package_identification:_identify(src/amber_b1/amber_b1_bringup) by extensions ['colcon_pkg']
[0.822s] Level 1:colcon.colcon_core.package_identification:_identify(src/amber_b1/amber_b1_bringup) by extension 'colcon_pkg'
[0.822s] Level 1:colcon.colcon_core.package_identification:_identify(src/amber_b1/amber_b1_bringup) by extensions ['colcon_meta']
[0.822s] Level 1:colcon.colcon_core.package_identification:_identify(src/amber_b1/amber_b1_bringup) by extension 'colcon_meta'
[0.822s] Level 1:colcon.colcon_core.package_identification:_identify(src/amber_b1/amber_b1_bringup) by extensions ['ros']
[0.823s] Level 1:colcon.colcon_core.package_identification:_identify(src/amber_b1/amber_b1_bringup) by extension 'ros'
[0.836s] DEBUG:colcon.colcon_core.package_identification:Package 'src/amber_b1/amber_b1_bringup' with type 'ros.ament_cmake' and name 'amber_b1_bringup'
[0.837s] Level 1:colcon.colcon_core.package_identification:_identify(src/amber_b1/amber_b1_description) by extensions ['ignore', 'ignore_ament_install']
[0.837s] Level 1:colcon.colcon_core.package_identification:_identify(src/amber_b1/amber_b1_description) by extension 'ignore'
[0.837s] Level 1:colcon.colcon_core.package_identification:_identify(src/amber_b1/amber_b1_description) by extension 'ignore_ament_install'
[0.842s] Level 1:colcon.colcon_core.package_identification:_identify(src/amber_b1/amber_b1_description) by extensions ['colcon_pkg']
[0.843s] Level 1:colcon.colcon_core.package_identification:_identify(src/amber_b1/amber_b1_description) by extension 'colcon_pkg'
[0.843s] Level 1:colcon.colcon_core.package_identification:_identify(src/amber_b1/amber_b1_description) by extensions ['colcon_meta']
[0.843s] Level 1:colcon.colcon_core.package_identification:_identify(src/amber_b1/amber_b1_description) by extension 'colcon_meta'
[0.843s] Level 1:colcon.colcon_core.package_identification:_identify(src/amber_b1/amber_b1_description) by extensions ['ros']
[0.844s] Level 1:colcon.colcon_core.package_identification:_identify(src/amber_b1/amber_b1_description) by extension 'ros'
[0.847s] DEBUG:colcon.colcon_core.package_identification:Package 'src/amber_b1/amber_b1_description' with type 'ros.ament_cmake' and name 'amber_b1_description'
[0.848s] Level 1:colcon.colcon_core.package_identification:_identify(src/amber_b1/amber_b1_gui_node) by extensions ['ignore', 'ignore_ament_install']
[0.848s] Level 1:colcon.colcon_core.package_identification:_identify(src/amber_b1/amber_b1_gui_node) by extension 'ignore'
[0.849s] Level 1:colcon.colcon_core.package_identification:_identify(src/amber_b1/amber_b1_gui_node) by extension 'ignore_ament_install'
[0.850s] Level 1:colcon.colcon_core.package_identification:_identify(src/amber_b1/amber_b1_gui_node) by extensions ['colcon_pkg']
[0.850s] Level 1:colcon.colcon_core.package_identification:_identify(src/amber_b1/amber_b1_gui_node) by extension 'colcon_pkg'
[0.850s] Level 1:colcon.colcon_core.package_identification:_identify(src/amber_b1/amber_b1_gui_node) by extensions ['colcon_meta']
[0.851s] Level 1:colcon.colcon_core.package_identification:_identify(src/amber_b1/amber_b1_gui_node) by extension 'colcon_meta'
[0.851s] Level 1:colcon.colcon_core.package_identification:_identify(src/amber_b1/amber_b1_gui_node) by extensions ['ros']
[0.851s] Level 1:colcon.colcon_core.package_identification:_identify(src/amber_b1/amber_b1_gui_node) by extension 'ros'
[0.856s] DEBUG:colcon.colcon_core.package_identification:Package 'src/amber_b1/amber_b1_gui_node' with type 'ros.ament_cmake' and name 'amber_b1_gui_node'
[0.857s] Level 1:colcon.colcon_core.package_identification:_identify(src/amber_b1/amber_b1_hardware) by extensions ['ignore', 'ignore_ament_install']
[0.857s] Level 1:colcon.colcon_core.package_identification:_identify(src/amber_b1/amber_b1_hardware) by extension 'ignore'
[0.858s] Level 1:colcon.colcon_core.package_identification:_identify(src/amber_b1/amber_b1_hardware) by extension 'ignore_ament_install'
[0.858s] Level 1:colcon.colcon_core.package_identification:_identify(src/amber_b1/amber_b1_hardware) by extensions ['colcon_pkg']
[0.858s] Level 1:colcon.colcon_core.package_identification:_identify(src/amber_b1/amber_b1_hardware) by extension 'colcon_pkg'
[0.858s] Level 1:colcon.colcon_core.package_identification:_identify(src/amber_b1/amber_b1_hardware) by extensions ['colcon_meta']
[0.858s] Level 1:colcon.colcon_core.package_identification:_identify(src/amber_b1/amber_b1_hardware) by extension 'colcon_meta'
[0.859s] Level 1:colcon.colcon_core.package_identification:_identify(src/amber_b1/amber_b1_hardware) by extensions ['ros']
[0.859s] Level 1:colcon.colcon_core.package_identification:_identify(src/amber_b1/amber_b1_hardware) by extension 'ros'
[0.863s] DEBUG:colcon.colcon_core.package_identification:Package 'src/amber_b1/amber_b1_hardware' with type 'ros.ament_cmake' and name 'amber_b1_hardware'
[0.863s] Level 1:colcon.colcon_core.package_identification:_identify(src/amber_b1/amber_b1_interfaces) by extensions ['ignore', 'ignore_ament_install']
[0.864s] Level 1:colcon.colcon_core.package_identification:_identify(src/amber_b1/amber_b1_interfaces) by extension 'ignore'
[0.864s] Level 1:colcon.colcon_core.package_identification:_identify(src/amber_b1/amber_b1_interfaces) by extension 'ignore_ament_install'
[0.865s] Level 1:colcon.colcon_core.package_identification:_identify(src/amber_b1/amber_b1_interfaces) by extensions ['colcon_pkg']
[0.865s] Level 1:colcon.colcon_core.package_identification:_identify(src/amber_b1/amber_b1_interfaces) by extension 'colcon_pkg'
[0.865s] Level 1:colcon.colcon_core.package_identification:_identify(src/amber_b1/amber_b1_interfaces) by extensions ['colcon_meta']
[0.865s] Level 1:colcon.colcon_core.package_identification:_identify(src/amber_b1/amber_b1_interfaces) by extension 'colcon_meta'
[0.866s] Level 1:colcon.colcon_core.package_identification:_identify(src/amber_b1/amber_b1_interfaces) by extensions ['ros']
[0.866s] Level 1:colcon.colcon_core.package_identification:_identify(src/amber_b1/amber_b1_interfaces) by extension 'ros'
[0.869s] DEBUG:colcon.colcon_core.package_identification:Package 'src/amber_b1/amber_b1_interfaces' with type 'ros.ament_cmake' and name 'amber_b1_interfaces'
[0.871s] Level 1:colcon.colcon_core.package_identification:_identify(src/amber_b1/amber_b1_joint_control_demo) by extensions ['ignore', 'ignore_ament_install']
[0.871s] Level 1:colcon.colcon_core.package_identification:_identify(src/amber_b1/amber_b1_joint_control_demo) by extension 'ignore'
[0.872s] Level 1:colcon.colcon_core.package_identification:_identify(src/amber_b1/amber_b1_joint_control_demo) by extension 'ignore_ament_install'
[0.872s] Level 1:colcon.colcon_core.package_identification:_identify(src/amber_b1/amber_b1_joint_control_demo) by extensions ['colcon_pkg']
[0.873s] Level 1:colcon.colcon_core.package_identification:_identify(src/amber_b1/amber_b1_joint_control_demo) by extension 'colcon_pkg'
[0.873s] Level 1:colcon.colcon_core.package_identification:_identify(src/amber_b1/amber_b1_joint_control_demo) by extensions ['colcon_meta']
[0.873s] Level 1:colcon.colcon_core.package_identification:_identify(src/amber_b1/amber_b1_joint_control_demo) by extension 'colcon_meta'
[0.874s] Level 1:colcon.colcon_core.package_identification:_identify(src/amber_b1/amber_b1_joint_control_demo) by extensions ['ros']
[0.875s] Level 1:colcon.colcon_core.package_identification:_identify(src/amber_b1/amber_b1_joint_control_demo) by extension 'ros'
[0.878s] DEBUG:colcon.colcon_core.package_identification:Package 'src/amber_b1/amber_b1_joint_control_demo' with type 'ros.ament_cmake' and name 'amber_b1_joint_control_demo'
[0.878s] Level 1:colcon.colcon_core.package_discovery:discover_packages(recursive) using defaults
[0.878s] Level 1:colcon.colcon_core.package_discovery:discover_packages(ignore) discover
[0.878s] Level 1:colcon.colcon_core.package_discovery:discover_packages(ignore) using defaults
[0.878s] Level 1:colcon.colcon_core.package_discovery:discover_packages(path) discover
[0.878s] Level 1:colcon.colcon_core.package_discovery:discover_packages(path) using defaults
[0.957s] INFO:colcon.colcon_core.package_selection:Skipping not selected package 'amber_b1_bringup' in 'src/amber_b1/amber_b1_bringup'
[0.957s] INFO:colcon.colcon_core.package_selection:Skipping not selected package 'amber_b1_description' in 'src/amber_b1/amber_b1_description'
[0.958s] INFO:colcon.colcon_core.package_selection:Skipping not selected package 'amber_b1_interfaces' in 'src/amber_b1/amber_b1_interfaces'
[0.958s] INFO:colcon.colcon_core.package_selection:Skipping not selected package 'amber_b1_joint_control_demo' in 'src/amber_b1/amber_b1_joint_control_demo'
[0.958s] INFO:colcon.colcon_core.package_selection:Skipping not selected package 'amber_b1_gui_node' in 'src/amber_b1/amber_b1_gui_node'
[0.960s] Level 5:colcon.colcon_core.verb:set package 'amber_b1_hardware' build argument 'cmake_args' from command line to 'None'
[0.961s] Level 5:colcon.colcon_core.verb:set package 'amber_b1_hardware' build argument 'cmake_target' from command line to 'None'
[0.962s] Level 5:colcon.colcon_core.verb:set package 'amber_b1_hardware' build argument 'cmake_target_skip_unavailable' from command line to 'False'
[0.962s] Level 5:colcon.colcon_core.verb:set package 'amber_b1_hardware' build argument 'cmake_clean_cache' from command line to 'False'
[0.962s] Level 5:colcon.colcon_core.verb:set package 'amber_b1_hardware' build argument 'cmake_clean_first' from command line to 'False'
[0.962s] Level 5:colcon.colcon_core.verb:set package 'amber_b1_hardware' build argument 'cmake_force_configure' from command line to 'False'
[0.962s] Level 5:colcon.colcon_core.verb:set package 'amber_b1_hardware' build argument 'ament_cmake_args' from command line to 'None'
[0.962s] Level 5:colcon.colcon_core.verb:set package 'amber_b1_hardware' build argument 'catkin_cmake_args' from command line to 'None'
[0.962s] Level 5:colcon.colcon_core.verb:set package 'amber_b1_hardware' build argument 'catkin_skip_building_tests' from command line to 'False'
[0.962s] DEBUG:colcon.colcon_core.verb:Building package 'amber_b1_hardware' with the following arguments: {'ament_cmake_args': None, 'build_base': '/home/amber/ros2_ws/build/amber_b1_hardware', 'catkin_cmake_args': None, 'catkin_skip_building_tests': False, 'cmake_args': None, 'cmake_clean_cache': False, 'cmake_clean_first': False, 'cmake_force_configure': False, 'cmake_target': None, 'cmake_target_skip_unavailable': False, 'install_base': '/home/amber/ros2_ws/install/amber_b1_hardware', 'merge_install': False, 'path': '/home/amber/ros2_ws/src/amber_b1/amber_b1_hardware', 'symlink_install': False, 'test_result_base': None}
[0.981s] WARNING:colcon.colcon_core.verb:Some selected packages are already built in one or more underlay workspaces:
	'amber_b1_hardware' is in: /home/amber/ros2_ws/install/amber_b1_hardware
If a package in a merged underlay workspace is overridden and it installs headers, then all packages in the overlay must sort their include directories by workspace order. Failure to do so may result in build failures or undefined behavior at run time.
If the overridden package is used by another package in any underlay, then the overriding package in the overlay must be API and ABI compatible or undefined behavior at run time may occur.

If you understand the risks and want to override a package anyways, add the following to the command line:
	--allow-overriding amber_b1_hardware

This may be promoted to an error in a future release of colcon-core.
[0.983s] INFO:colcon.colcon_core.executor:Executing jobs using 'parallel' executor
[0.991s] DEBUG:colcon.colcon_parallel_executor.executor.parallel:run_until_complete
[1.001s] INFO:colcon.colcon_ros.task.ament_cmake.build:Building ROS package in '/home/amber/ros2_ws/src/amber_b1/amber_b1_hardware' with build type 'ament_cmake'
[1.002s] INFO:colcon.colcon_cmake.task.cmake.build:Building CMake package in '/home/amber/ros2_ws/src/amber_b1/amber_b1_hardware'
[1.031s] INFO:colcon.colcon_core.plugin_system:Skipping extension 'colcon_core.shell.bat': Not used on non-Windows systems
[1.032s] INFO:colcon.colcon_core.shell:Skip shell extension 'powershell' for command environment: Not usable outside of PowerShell
[1.032s] DEBUG:colcon.colcon_core.shell:Skip shell extension 'dsv' for command environment
[1.089s] DEBUG:colcon.colcon_core.event_handler.log_command:Invoking command in '/home/amber/ros2_ws/build/amber_b1_hardware': CMAKE_PREFIX_PATH=/home/amber/ros2_ws/install/amber_b1_interfaces:/home/amber/ros2_ws/install/amber_b1_joint_control_demo:/home/amber/ros2_ws/install/amber_b1_hardware:/home/amber/ros2_ws/install/amber_b1_gui_node:/home/amber/ros2_ws/install/amber_b1_description:/home/amber/ros2_ws/install/amber_b1_bringup:/opt/ros/foxy LD_LIBRARY_PATH=/home/amber/ros2_ws/install/amber_b1_interfaces/lib:/home/amber/ros2_ws/install/amber_b1_hardware/lib:/opt/ros/foxy/opt/yaml_cpp_vendor/lib:/opt/ros/foxy/opt/rviz_ogre_vendor/lib:/opt/ros/foxy/lib/x86_64-linux-gnu:/opt/ros/foxy/lib /usr/bin/cmake --build /home/amber/ros2_ws/build/amber_b1_hardware -- -j2 -l2
[7.368s] DEBUG:colcon.colcon_core.event_handler.log_command:Invoked command in '/home/amber/ros2_ws/build/amber_b1_hardware' returned '0': CMAKE_PREFIX_PATH=/home/amber/ros2_ws/install/amber_b1_interfaces:/home/amber/ros2_ws/install/amber_b1_joint_control_demo:/home/amber/ros2_ws/install/amber_b1_hardware:/home/amber/ros2_ws/install/amber_b1_gui_node:/home/amber/ros2_ws/install/amber_b1_description:/home/amber/ros2_ws/install/amber_b1_bringup:/opt/ros/foxy LD_LIBRARY_PATH=/home/amber/ros2_ws/install/amber_b1_interfaces/lib:/home/amber/ros2_ws/install/amber_b1_hardware/lib:/opt/ros/foxy/opt/yaml_cpp_vendor/lib:/opt/ros/foxy/opt/rviz_ogre_vendor/lib:/opt/ros/foxy/lib/x86_64-linux-gnu:/opt/ros/foxy/lib /usr/bin/cmake --build /home/amber/ros2_ws/build/amber_b1_hardware -- -j2 -l2
[7.520s] DEBUG:colcon.colcon_core.event_handler.log_command:Invoking command in '/home/amber/ros2_ws/build/amber_b1_hardware': CMAKE_PREFIX_PATH=/home/amber/ros2_ws/install/amber_b1_interfaces:/home/amber/ros2_ws/install/amber_b1_joint_control_demo:/home/amber/ros2_ws/install/amber_b1_hardware:/home/amber/ros2_ws/install/amber_b1_gui_node:/home/amber/ros2_ws/install/amber_b1_description:/home/amber/ros2_ws/install/amber_b1_bringup:/opt/ros/foxy LD_LIBRARY_PATH=/home/amber/ros2_ws/install/amber_b1_interfaces/lib:/home/amber/ros2_ws/install/amber_b1_hardware/lib:/opt/ros/foxy/opt/yaml_cpp_vendor/lib:/opt/ros/foxy/opt/rviz_ogre_vendor/lib:/opt/ros/foxy/lib/x86_64-linux-gnu:/opt/ros/foxy/lib /usr/bin/cmake --install /home/amber/ros2_ws/build/amber_b1_hardware
[7.565s] Level 1:colcon.colcon_core.environment:create_environment_scripts_only(amber_b1_hardware)
[7.581s] DEBUG:colcon.colcon_core.event_handler.log_command:Invoked command in '/home/amber/ros2_ws/build/amber_b1_hardware' returned '0': CMAKE_PREFIX_PATH=/home/amber/ros2_ws/install/amber_b1_interfaces:/home/amber/ros2_ws/install/amber_b1_joint_control_demo:/home/amber/ros2_ws/install/amber_b1_hardware:/home/amber/ros2_ws/install/amber_b1_gui_node:/home/amber/ros2_ws/install/amber_b1_description:/home/amber/ros2_ws/install/amber_b1_bringup:/opt/ros/foxy LD_LIBRARY_PATH=/home/amber/ros2_ws/install/amber_b1_interfaces/lib:/home/amber/ros2_ws/install/amber_b1_hardware/lib:/opt/ros/foxy/opt/yaml_cpp_vendor/lib:/opt/ros/foxy/opt/rviz_ogre_vendor/lib:/opt/ros/foxy/lib/x86_64-linux-gnu:/opt/ros/foxy/lib /usr/bin/cmake --install /home/amber/ros2_ws/build/amber_b1_hardware
[7.596s] Level 1:colcon.colcon_core.environment:checking '/home/amber/ros2_ws/install/amber_b1_hardware' for CMake module files
[7.598s] Level 1:colcon.colcon_core.environment:checking '/home/amber/ros2_ws/install/amber_b1_hardware' for CMake config files
[7.599s] Level 1:colcon.colcon_core.shell:create_environment_hook('amber_b1_hardware', 'cmake_prefix_path')
[7.601s] INFO:colcon.colcon_core.shell:Creating environment hook '/home/amber/ros2_ws/install/amber_b1_hardware/share/amber_b1_hardware/hook/cmake_prefix_path.ps1'
[7.604s] INFO:colcon.colcon_core.shell:Creating environment descriptor '/home/amber/ros2_ws/install/amber_b1_hardware/share/amber_b1_hardware/hook/cmake_prefix_path.dsv'
[7.607s] INFO:colcon.colcon_core.shell:Creating environment hook '/home/amber/ros2_ws/install/amber_b1_hardware/share/amber_b1_hardware/hook/cmake_prefix_path.sh'
[7.611s] Level 1:colcon.colcon_core.environment:checking '/home/amber/ros2_ws/install/amber_b1_hardware/lib'
[7.612s] Level 1:colcon.colcon_core.shell:create_environment_hook('amber_b1_hardware', 'ld_library_path_lib')
[7.613s] INFO:colcon.colcon_core.shell:Creating environment hook '/home/amber/ros2_ws/install/amber_b1_hardware/share/amber_b1_hardware/hook/ld_library_path_lib.ps1'
[7.616s] INFO:colcon.colcon_core.shell:Creating environment descriptor '/home/amber/ros2_ws/install/amber_b1_hardware/share/amber_b1_hardware/hook/ld_library_path_lib.dsv'
[7.617s] INFO:colcon.colcon_core.shell:Creating environment hook '/home/amber/ros2_ws/install/amber_b1_hardware/share/amber_b1_hardware/hook/ld_library_path_lib.sh'
[7.620s] Level 1:colcon.colcon_core.environment:checking '/home/amber/ros2_ws/install/amber_b1_hardware/bin'
[7.621s] Level 1:colcon.colcon_core.environment:checking '/home/amber/ros2_ws/install/amber_b1_hardware/lib/pkgconfig/amber_b1_hardware.pc'
[7.621s] Level 1:colcon.colcon_core.environment:checking '/home/amber/ros2_ws/install/amber_b1_hardware/lib/python3.8/site-packages'
[7.623s] INFO:colcon.colcon_core.shell:Creating package script '/home/amber/ros2_ws/install/amber_b1_hardware/share/amber_b1_hardware/package.ps1'
[7.627s] INFO:colcon.colcon_core.shell:Creating package descriptor '/home/amber/ros2_ws/install/amber_b1_hardware/share/amber_b1_hardware/package.dsv'
[7.629s] INFO:colcon.colcon_core.shell:Creating package script '/home/amber/ros2_ws/install/amber_b1_hardware/share/amber_b1_hardware/package.sh'
[7.633s] INFO:colcon.colcon_core.shell:Creating package script '/home/amber/ros2_ws/install/amber_b1_hardware/share/amber_b1_hardware/package.bash'
[7.638s] INFO:colcon.colcon_core.shell:Creating package script '/home/amber/ros2_ws/install/amber_b1_hardware/share/amber_b1_hardware/package.zsh'
[7.642s] Level 1:colcon.colcon_core.environment:create_file_with_runtime_dependencies(/home/amber/ros2_ws/install/amber_b1_hardware/share/colcon-core/packages/amber_b1_hardware)
[7.745s] Level 1:colcon.colcon_core.environment:create_environment_scripts_only(amber_b1_hardware)
[7.749s] Level 1:colcon.colcon_core.environment:checking '/home/amber/ros2_ws/install/amber_b1_hardware' for CMake module files
[7.753s] Level 1:colcon.colcon_core.environment:checking '/home/amber/ros2_ws/install/amber_b1_hardware' for CMake config files
[7.754s] Level 1:colcon.colcon_core.shell:create_environment_hook('amber_b1_hardware', 'cmake_prefix_path')
[7.756s] INFO:colcon.colcon_core.shell:Creating environment hook '/home/amber/ros2_ws/install/amber_b1_hardware/share/amber_b1_hardware/hook/cmake_prefix_path.ps1'
[7.759s] INFO:colcon.colcon_core.shell:Creating environment descriptor '/home/amber/ros2_ws/install/amber_b1_hardware/share/amber_b1_hardware/hook/cmake_prefix_path.dsv'
[7.761s] INFO:colcon.colcon_core.shell:Creating environment hook '/home/amber/ros2_ws/install/amber_b1_hardware/share/amber_b1_hardware/hook/cmake_prefix_path.sh'
[7.765s] Level 1:colcon.colcon_core.environment:checking '/home/amber/ros2_ws/install/amber_b1_hardware/lib'
[7.766s] Level 1:colcon.colcon_core.shell:create_environment_hook('amber_b1_hardware', 'ld_library_path_lib')
[7.769s] INFO:colcon.colcon_core.shell:Creating environment hook '/home/amber/ros2_ws/install/amber_b1_hardware/share/amber_b1_hardware/hook/ld_library_path_lib.ps1'
[7.770s] INFO:colcon.colcon_core.shell:Creating environment descriptor '/home/amber/ros2_ws/install/amber_b1_hardware/share/amber_b1_hardware/hook/ld_library_path_lib.dsv'
[7.772s] INFO:colcon.colcon_core.shell:Creating environment hook '/home/amber/ros2_ws/install/amber_b1_hardware/share/amber_b1_hardware/hook/ld_library_path_lib.sh'
[7.774s] Level 1:colcon.colcon_core.environment:checking '/home/amber/ros2_ws/install/amber_b1_hardware/bin'
[7.775s] Level 1:colcon.colcon_core.environment:checking '/home/amber/ros2_ws/install/amber_b1_hardware/lib/pkgconfig/amber_b1_hardware.pc'
[7.775s] Level 1:colcon.colcon_core.environment:checking '/home/amber/ros2_ws/install/amber_b1_hardware/lib/python3.8/site-packages'
[7.781s] INFO:colcon.colcon_core.shell:Creating package script '/home/amber/ros2_ws/install/amber_b1_hardware/share/amber_b1_hardware/package.ps1'
[7.788s] INFO:colcon.colcon_core.shell:Creating package descriptor '/home/amber/ros2_ws/install/amber_b1_hardware/share/amber_b1_hardware/package.dsv'
[7.792s] INFO:colcon.colcon_core.shell:Creating package script '/home/amber/ros2_ws/install/amber_b1_hardware/share/amber_b1_hardware/package.sh'
[7.796s] INFO:colcon.colcon_core.shell:Creating package script '/home/amber/ros2_ws/install/amber_b1_hardware/share/amber_b1_hardware/package.bash'
[7.798s] INFO:colcon.colcon_core.shell:Creating package script '/home/amber/ros2_ws/install/amber_b1_hardware/share/amber_b1_hardware/package.zsh'
[7.801s] Level 1:colcon.colcon_core.environment:create_file_with_runtime_dependencies(/home/amber/ros2_ws/install/amber_b1_hardware/share/colcon-core/packages/amber_b1_hardware)
[7.802s] DEBUG:colcon.colcon_parallel_executor.executor.parallel:closing loop
[7.804s] DEBUG:colcon.colcon_parallel_executor.executor.parallel:loop closed
[7.806s] DEBUG:colcon.colcon_parallel_executor.executor.parallel:run_until_complete finished with '0'
[7.806s] DEBUG:colcon.colcon_core.event_reactor:joining thread
[7.869s] INFO:colcon.colcon_core.plugin_system:Skipping extension 'colcon_notification.desktop_notification.terminal_notifier': Not used on non-Darwin systems
[7.870s] INFO:colcon.colcon_core.plugin_system:Skipping extension 'colcon_notification.desktop_notification.win32': Not used on non-Windows systems
[7.870s] INFO:colcon.colcon_notification.desktop_notification:Sending desktop notification using 'notify2'
[7.935s] DEBUG:colcon.colcon_core.event_reactor:joined thread
[7.938s] INFO:colcon.colcon_core.shell:Creating prefix script '/home/amber/ros2_ws/install/local_setup.ps1'
[7.942s] INFO:colcon.colcon_core.shell:Creating prefix util module '/home/amber/ros2_ws/install/_local_setup_util_ps1.py'
[7.947s] INFO:colcon.colcon_core.shell:Creating prefix chain script '/home/amber/ros2_ws/install/setup.ps1'
[7.953s] INFO:colcon.colcon_core.shell:Creating prefix script '/home/amber/ros2_ws/install/local_setup.sh'
[7.955s] INFO:colcon.colcon_core.shell:Creating prefix util module '/home/amber/ros2_ws/install/_local_setup_util_sh.py'
[7.959s] INFO:colcon.colcon_core.shell:Creating prefix chain script '/home/amber/ros2_ws/install/setup.sh'
[7.968s] INFO:colcon.colcon_core.shell:Creating prefix script '/home/amber/ros2_ws/install/local_setup.bash'
[7.970s] INFO:colcon.colcon_core.shell:Creating prefix chain script '/home/amber/ros2_ws/install/setup.bash'
[7.977s] INFO:colcon.colcon_core.shell:Creating prefix script '/home/amber/ros2_ws/install/local_setup.zsh'
[7.980s] INFO:colcon.colcon_core.shell:Creating prefix chain script '/home/amber/ros2_ws/install/setup.zsh'
