[0.084s] Invoking command in '/home/amber/ros2_ws/build/amber_b1_interfaces': CMAKE_PREFIX_PATH=/opt/ros/foxy /usr/bin/cmake /home/amber/ros2_ws/src/amber_b1/amber_b1_interfaces -DCMAKE_INSTALL_PREFIX=/home/amber/ros2_ws/install/amber_b1_interfaces
[0.308s] -- The C compiler identification is GNU 9.3.0
[0.510s] -- The CXX compiler identification is GNU 9.3.0
[0.545s] -- Check for working C compiler: /usr/bin/cc
[0.748s] -- Check for working C compiler: /usr/bin/cc -- works
[0.767s] -- Detecting C compiler ABI info
[0.968s] -- Detecting C compiler ABI info - done
[1.031s] -- Detecting C compile features
[1.032s] -- Detecting C compile features - done
[1.043s] -- Check for working CXX compiler: /usr/bin/c++
[1.270s] -- Check for working CXX compiler: /usr/bin/c++ -- works
[1.273s] -- Detecting CXX compiler ABI info
[1.523s] -- Detecting CXX compiler ABI info - done
[1.568s] -- Detecting CXX compile features
[1.570s] -- Detecting CXX compile features - done
[1.576s] -- Found ament_cmake: 0.9.9 (/opt/ros/foxy/share/ament_cmake/cmake)
[1.636s] -- Found PythonInterp: /usr/bin/python3 (found suitable version "3.8.10", minimum required is "3") 
[1.638s] -- Using PYTHON_EXECUTABLE: /usr/bin/python3
[2.261s] -- Found rosidl_default_generators: 1.0.1 (/opt/ros/foxy/share/rosidl_default_generators/cmake)
[2.269s] -- Using all available rosidl_typesupport_c: rosidl_typesupport_fastrtps_c;rosidl_typesupport_introspection_c
[2.288s] -- Found rosidl_adapter: 1.2.1 (/opt/ros/foxy/share/rosidl_adapter/cmake)
[2.500s] -- Found OpenSSL: /usr/lib/x86_64-linux-gnu/libcrypto.so (found version "1.1.1f")  
[2.552s] -- Found FastRTPS: /opt/ros/foxy/include  
[2.770s] -- Using all available rosidl_typesupport_cpp: rosidl_typesupport_fastrtps_cpp;rosidl_typesupport_introspection_cpp
[2.928s] -- Found PythonInterp: /usr/bin/python3 (found version "3.8.10") 
[3.330s] -- Found ament_cmake_ros: 0.9.2 (/opt/ros/foxy/share/ament_cmake_ros/cmake)
[3.504s] -- Using all available rosidl_typesupport_c: rosidl_typesupport_fastrtps_c;rosidl_typesupport_introspection_c
[3.523s] -- Using all available rosidl_typesupport_cpp: rosidl_typesupport_fastrtps_cpp;rosidl_typesupport_introspection_cpp
[3.570s] -- Found PythonInterp: /usr/bin/python3 (found suitable version "3.8.10", minimum required is "3.5") 
[3.572s] -- Found python_cmake_module: 0.8.1 (/opt/ros/foxy/share/python_cmake_module/cmake)
[3.630s] -- Found PythonLibs: /usr/lib/x86_64-linux-gnu/libpython3.8.so (found suitable version "3.8.10", minimum required is "3.5") 
[3.631s] -- Using PYTHON_EXECUTABLE: /usr/bin/python3
[3.631s] -- Using PYTHON_INCLUDE_DIRS: /usr/include/python3.8
[3.632s] -- Using PYTHON_LIBRARIES: /usr/lib/x86_64-linux-gnu/libpython3.8.so
[3.679s] -- Found PythonExtra: .so  
[3.805s] -- Found ament_lint_auto: 0.9.6 (/opt/ros/foxy/share/ament_lint_auto/cmake)
[3.851s] -- Added test 'copyright' to check source files copyright and LICENSE
[3.855s] -- Added test 'lint_cmake' to check CMake code style
[3.857s] -- Added test 'xmllint' to check XML markup files
[3.870s] -- Configuring done
[3.980s] -- Generating done
[3.987s] -- Build files have been written to: /home/amber/ros2_ws/build/amber_b1_interfaces
[4.002s] Invoked command in '/home/amber/ros2_ws/build/amber_b1_interfaces' returned '0': CMAKE_PREFIX_PATH=/opt/ros/foxy /usr/bin/cmake /home/amber/ros2_ws/src/amber_b1/amber_b1_interfaces -DCMAKE_INSTALL_PREFIX=/home/amber/ros2_ws/install/amber_b1_interfaces
[4.009s] Invoking command in '/home/amber/ros2_ws/build/amber_b1_interfaces': CMAKE_PREFIX_PATH=/opt/ros/foxy /usr/bin/cmake --build /home/amber/ros2_ws/build/amber_b1_interfaces -- -j4 -l4
[4.110s] [  3%] [34m[1mGenerating C code for ROS interfaces[0m
[4.111s] [35m[1mScanning dependencies of target amber_b1_interfaces__cpp[0m
[4.137s] [  6%] [34m[1mGenerating C++ code for ROS interfaces[0m
[5.057s] [  6%] Built target amber_b1_interfaces__cpp
[5.084s] [35m[1mScanning dependencies of target amber_b1_interfaces__rosidl_generator_c[0m
[5.086s] [  9%] [34m[1mGenerating C++ type support dispatch for ROS interfaces[0m
[5.101s] [ 12%] [34m[1mGenerating C++ type support for eProsima Fast-RTPS[0m
[5.109s] [ 16%] [34m[1mGenerating C++ introspection for ROS interfaces[0m
[5.138s] [ 19%] [32mBuilding C object CMakeFiles/amber_b1_interfaces__rosidl_generator_c.dir/rosidl_generator_c/amber_b1_interfaces/srv/detail/mode__functions.c.o[0m
[5.294s] [ 22%] [32m[1mLinking C shared library libamber_b1_interfaces__rosidl_generator_c.so[0m
[5.480s] [ 22%] Built target amber_b1_interfaces__rosidl_generator_c
[5.558s] [ 25%] [34m[1mGenerating C type support dispatch for ROS interfaces[0m
[6.103s] [35m[1mScanning dependencies of target amber_b1_interfaces__rosidl_typesupport_introspection_cpp[0m
[6.204s] [ 29%] [32mBuilding CXX object CMakeFiles/amber_b1_interfaces__rosidl_typesupport_introspection_cpp.dir/rosidl_typesupport_introspection_cpp/amber_b1_interfaces/srv/detail/mode__type_support.cpp.o[0m
[6.441s] [35m[1mScanning dependencies of target amber_b1_interfaces__rosidl_typesupport_cpp[0m
[6.464s] [35m[1mScanning dependencies of target amber_b1_interfaces__rosidl_typesupport_fastrtps_cpp[0m
[6.524s] [ 32%] [32mBuilding CXX object CMakeFiles/amber_b1_interfaces__rosidl_typesupport_cpp.dir/rosidl_typesupport_cpp/amber_b1_interfaces/srv/mode__type_support.cpp.o[0m
[6.546s] [ 35%] [32mBuilding CXX object CMakeFiles/amber_b1_interfaces__rosidl_typesupport_fastrtps_cpp.dir/rosidl_typesupport_fastrtps_cpp/amber_b1_interfaces/srv/detail/dds_fastrtps/mode__type_support.cpp.o[0m
[7.000s] [35m[1mScanning dependencies of target amber_b1_interfaces__rosidl_typesupport_c[0m
[7.110s] [ 38%] [32mBuilding CXX object CMakeFiles/amber_b1_interfaces__rosidl_typesupport_c.dir/rosidl_typesupport_c/amber_b1_interfaces/srv/mode__type_support.cpp.o[0m
[7.330s] [ 41%] [32m[1mLinking CXX shared library libamber_b1_interfaces__rosidl_typesupport_c.so[0m
[7.572s] [ 41%] Built target amber_b1_interfaces__rosidl_typesupport_c
[7.650s] [ 45%] [34m[1mGenerating C introspection for ROS interfaces[0m
[7.873s] [ 48%] [32m[1mLinking CXX shared library libamber_b1_interfaces__rosidl_typesupport_introspection_cpp.so[0m
[8.010s] [ 51%] [32m[1mLinking CXX shared library libamber_b1_interfaces__rosidl_typesupport_cpp.so[0m
[8.259s] [ 51%] Built target amber_b1_interfaces__rosidl_typesupport_cpp
[8.317s] [ 51%] Built target amber_b1_interfaces__rosidl_typesupport_introspection_cpp
[8.687s] [35m[1mScanning dependencies of target amber_b1_interfaces__rosidl_typesupport_introspection_c[0m
[8.744s] [ 54%] [32mBuilding C object CMakeFiles/amber_b1_interfaces__rosidl_typesupport_introspection_c.dir/rosidl_typesupport_introspection_c/amber_b1_interfaces/srv/detail/mode__type_support.c.o[0m
[8.852s] [ 58%] [32m[1mLinking C shared library libamber_b1_interfaces__rosidl_typesupport_introspection_c.so[0m
[8.926s] [ 58%] Built target amber_b1_interfaces__rosidl_typesupport_introspection_c
[8.994s] [ 61%] [32m[1mLinking CXX shared library libamber_b1_interfaces__rosidl_typesupport_fastrtps_cpp.so[0m
[9.324s] [ 61%] Built target amber_b1_interfaces__rosidl_typesupport_fastrtps_cpp
[9.348s] [ 64%] [34m[1mGenerating C type support for eProsima Fast-RTPS[0m
[10.134s] [35m[1mScanning dependencies of target amber_b1_interfaces__rosidl_typesupport_fastrtps_c[0m
[10.195s] [ 67%] [32mBuilding CXX object CMakeFiles/amber_b1_interfaces__rosidl_typesupport_fastrtps_c.dir/rosidl_typesupport_fastrtps_c/amber_b1_interfaces/srv/detail/mode__type_support_c.cpp.o[0m
[11.385s] [ 70%] [32m[1mLinking CXX shared library libamber_b1_interfaces__rosidl_typesupport_fastrtps_c.so[0m
[11.698s] [ 70%] Built target amber_b1_interfaces__rosidl_typesupport_fastrtps_c
[11.720s] [35m[1mScanning dependencies of target amber_b1_interfaces[0m
[11.744s] [ 70%] Built target amber_b1_interfaces
[11.767s] [35m[1mScanning dependencies of target amber_b1_interfaces__py[0m
[11.790s] [ 74%] [34m[1mGenerating Python code for ROS interfaces[0m
[13.430s] [ 74%] Built target amber_b1_interfaces__py
[13.453s] [35m[1mScanning dependencies of target amber_b1_interfaces__python[0m
[13.534s] [ 77%] [32mBuilding C object CMakeFiles/amber_b1_interfaces__python.dir/rosidl_generator_py/amber_b1_interfaces/srv/_mode_s.c.o[0m
[13.836s] [ 80%] [32m[1mLinking C shared library rosidl_generator_py/amber_b1_interfaces/libamber_b1_interfaces__python.so[0m
[13.962s] [ 80%] Built target amber_b1_interfaces__python
[13.987s] [35m[1mScanning dependencies of target amber_b1_interfaces__rosidl_typesupport_c__pyext[0m
[13.988s] [35m[1mScanning dependencies of target amber_b1_interfaces__rosidl_typesupport_introspection_c__pyext[0m
[13.989s] [35m[1mScanning dependencies of target amber_b1_interfaces__rosidl_typesupport_fastrtps_c__pyext[0m
[14.032s] [ 83%] [32mBuilding C object CMakeFiles/amber_b1_interfaces__rosidl_typesupport_introspection_c__pyext.dir/rosidl_generator_py/amber_b1_interfaces/_amber_b1_interfaces_s.ep.rosidl_typesupport_introspection_c.c.o[0m
[14.035s] [ 87%] [32mBuilding C object CMakeFiles/amber_b1_interfaces__rosidl_typesupport_c__pyext.dir/rosidl_generator_py/amber_b1_interfaces/_amber_b1_interfaces_s.ep.rosidl_typesupport_c.c.o[0m
[14.037s] [ 90%] [32mBuilding C object CMakeFiles/amber_b1_interfaces__rosidl_typesupport_fastrtps_c__pyext.dir/rosidl_generator_py/amber_b1_interfaces/_amber_b1_interfaces_s.ep.rosidl_typesupport_fastrtps_c.c.o[0m
[14.292s] [ 93%] [32m[1mLinking C shared library rosidl_generator_py/amber_b1_interfaces/amber_b1_interfaces_s__rosidl_typesupport_c.cpython-38-x86_64-linux-gnu.so[0m
[14.295s] [ 96%] [32m[1mLinking CXX shared library rosidl_generator_py/amber_b1_interfaces/amber_b1_interfaces_s__rosidl_typesupport_fastrtps_c.cpython-38-x86_64-linux-gnu.so[0m
[14.308s] [100%] [32m[1mLinking C shared library rosidl_generator_py/amber_b1_interfaces/amber_b1_interfaces_s__rosidl_typesupport_introspection_c.cpython-38-x86_64-linux-gnu.so[0m
[14.396s] [100%] Built target amber_b1_interfaces__rosidl_typesupport_c__pyext
[14.408s] [100%] Built target amber_b1_interfaces__rosidl_typesupport_introspection_c__pyext
[14.478s] [100%] Built target amber_b1_interfaces__rosidl_typesupport_fastrtps_c__pyext
