[0.074s] Invoking command in '/home/amber/ros2_ws/build/amber_b1_description': CMAKE_PREFIX_PATH=/opt/ros/foxy /usr/bin/cmake /home/amber/ros2_ws/src/amber_b1/amber_b1_description -DCMAKE_INSTALL_PREFIX=/home/amber/ros2_ws/install/amber_b1_description
[0.285s] -- The C compiler identification is GNU 9.3.0
[0.463s] -- The CXX compiler identification is GNU 9.3.0
[0.504s] -- Check for working C compiler: /usr/bin/cc
[0.717s] -- Check for working C compiler: /usr/bin/cc -- works
[0.725s] -- Detecting C compiler ABI info
[0.934s] -- Detecting C compiler ABI info - done
[0.988s] -- Detecting C compile features
[0.990s] -- Detecting C compile features - done
[0.998s] -- Check for working CXX compiler: /usr/bin/c++
[1.219s] -- Check for working CXX compiler: /usr/bin/c++ -- works
[1.227s] -- Detecting CXX compiler ABI info
[1.465s] -- Detecting CXX compiler ABI info - done
[1.504s] -- Detecting CXX compile features
[1.505s] -- Detecting CXX compile features - done
[1.510s] -- Found ament_cmake: 0.9.9 (/opt/ros/foxy/share/ament_cmake/cmake)
[1.564s] -- Found PythonInterp: /usr/bin/python3 (found suitable version "3.8.10", minimum required is "3") 
[1.565s] -- Using PYTHON_EXECUTABLE: /usr/bin/python3
[2.378s] -- Configuring done
[2.384s] -- Generating done
[2.387s] -- Build files have been written to: /home/amber/ros2_ws/build/amber_b1_description
[2.405s] Invoked command in '/home/amber/ros2_ws/build/amber_b1_description' returned '0': CMAKE_PREFIX_PATH=/opt/ros/foxy /usr/bin/cmake /home/amber/ros2_ws/src/amber_b1/amber_b1_description -DCMAKE_INSTALL_PREFIX=/home/amber/ros2_ws/install/amber_b1_description
[2.411s] Invoking command in '/home/amber/ros2_ws/build/amber_b1_description': CMAKE_PREFIX_PATH=/opt/ros/foxy /usr/bin/cmake --build /home/amber/ros2_ws/build/amber_b1_description -- -j4 -l4
[2.513s] Invoked command in '/home/amber/ros2_ws/build/amber_b1_description' returned '0': CMAKE_PREFIX_PATH=/opt/ros/foxy /usr/bin/cmake --build /home/amber/ros2_ws/build/amber_b1_description -- -j4 -l4
[2.601s] Invoking command in '/home/amber/ros2_ws/build/amber_b1_description': CMAKE_PREFIX_PATH=/opt/ros/foxy /usr/bin/cmake --install /home/amber/ros2_ws/build/amber_b1_description
[2.623s] -- Install configuration: ""
[2.623s] -- Installing: /home/amber/ros2_ws/install/amber_b1_description/share/amber_b1_description/config
[2.646s] -- Installing: /home/amber/ros2_ws/install/amber_b1_description/share/amber_b1_description/config/rviz.rviz
[2.647s] -- Installing: /home/amber/ros2_ws/install/amber_b1_description/share/amber_b1_description/meshes
[2.647s] -- Installing: /home/amber/ros2_ws/install/amber_b1_description/share/amber_b1_description/meshes/six_Link.STL
[2.692s] -- Installing: /home/amber/ros2_ws/install/amber_b1_description/share/amber_b1_description/meshes/seven_Link.STL
[2.694s] -- Installing: /home/amber/ros2_ws/install/amber_b1_description/share/amber_b1_description/meshes/base_link.STL
[2.701s] -- Installing: /home/amber/ros2_ws/install/amber_b1_description/share/amber_b1_description/meshes/five_Link.STL
[2.707s] -- Installing: /home/amber/ros2_ws/install/amber_b1_description/share/amber_b1_description/meshes/one_Link.STL
[2.714s] -- Installing: /home/amber/ros2_ws/install/amber_b1_description/share/amber_b1_description/meshes/two_Link.STL
[2.721s] -- Installing: /home/amber/ros2_ws/install/amber_b1_description/share/amber_b1_description/meshes/four_Link.STL
[2.727s] -- Installing: /home/amber/ros2_ws/install/amber_b1_description/share/amber_b1_description/meshes/three_Link.STL
[2.734s] -- Installing: /home/amber/ros2_ws/install/amber_b1_description/share/amber_b1_description/launch
[2.735s] -- Installing: /home/amber/ros2_ws/install/amber_b1_description/share/amber_b1_description/launch/view_robot_ex.launch.py
[2.736s] -- Installing: /home/amber/ros2_ws/install/amber_b1_description/share/amber_b1_description/launch/view_robot.launch.py
[2.736s] -- Installing: /home/amber/ros2_ws/install/amber_b1_description/share/amber_b1_description/urdf
[2.737s] -- Installing: /home/amber/ros2_ws/install/amber_b1_description/share/amber_b1_description/urdf/amber_b1.ros2_control.xacro
[2.737s] -- Installing: /home/amber/ros2_ws/install/amber_b1_description/share/amber_b1_description/urdf/amber_b1.urdf.xacro
[2.738s] -- Installing: /home/amber/ros2_ws/install/amber_b1_description/share/amber_b1_description/urdf/amber_b1.urdf
[2.738s] -- Installing: /home/amber/ros2_ws/install/amber_b1_description/share/amber_b1_description/urdf/amber_b1_description.urdf.xacro
[2.739s] -- Installing: /home/amber/ros2_ws/install/amber_b1_description/share/ament_index/resource_index/package_run_dependencies/amber_b1_description
[2.740s] -- Installing: /home/amber/ros2_ws/install/amber_b1_description/share/ament_index/resource_index/parent_prefix_path/amber_b1_description
[2.740s] -- Installing: /home/amber/ros2_ws/install/amber_b1_description/share/amber_b1_description/environment/ament_prefix_path.sh
[2.741s] -- Installing: /home/amber/ros2_ws/install/amber_b1_description/share/amber_b1_description/environment/ament_prefix_path.dsv
[2.741s] -- Installing: /home/amber/ros2_ws/install/amber_b1_description/share/amber_b1_description/environment/path.sh
[2.742s] -- Installing: /home/amber/ros2_ws/install/amber_b1_description/share/amber_b1_description/environment/path.dsv
[2.744s] -- Installing: /home/amber/ros2_ws/install/amber_b1_description/share/amber_b1_description/local_setup.bash
[2.746s] -- Installing: /home/amber/ros2_ws/install/amber_b1_description/share/amber_b1_description/local_setup.sh
[2.746s] -- Installing: /home/amber/ros2_ws/install/amber_b1_description/share/amber_b1_description/local_setup.zsh
[2.747s] -- Installing: /home/amber/ros2_ws/install/amber_b1_description/share/amber_b1_description/local_setup.dsv
[2.747s] -- Installing: /home/amber/ros2_ws/install/amber_b1_description/share/amber_b1_description/package.dsv
[2.760s] -- Installing: /home/amber/ros2_ws/install/amber_b1_description/share/ament_index/resource_index/packages/amber_b1_description
[2.761s] -- Installing: /home/amber/ros2_ws/install/amber_b1_description/share/amber_b1_description/cmake/amber_b1_descriptionConfig.cmake
[2.761s] -- Installing: /home/amber/ros2_ws/install/amber_b1_description/share/amber_b1_description/cmake/amber_b1_descriptionConfig-version.cmake
[2.762s] -- Installing: /home/amber/ros2_ws/install/amber_b1_description/share/amber_b1_description/package.xml
[2.762s] Invoked command in '/home/amber/ros2_ws/build/amber_b1_description' returned '0': CMAKE_PREFIX_PATH=/opt/ros/foxy /usr/bin/cmake --install /home/amber/ros2_ws/build/amber_b1_description
