[0.093s] Invoking command in '/home/amber/ros2_ws/build/amber_b1_bringup': CMAKE_PREFIX_PATH=/opt/ros/foxy /usr/bin/cmake --build /home/amber/ros2_ws/build/amber_b1_bringup -- -j4 -l4
[0.312s] Invoked command in '/home/amber/ros2_ws/build/amber_b1_bringup' returned '0': CMAKE_PREFIX_PATH=/opt/ros/foxy /usr/bin/cmake --build /home/amber/ros2_ws/build/amber_b1_bringup -- -j4 -l4
[0.466s] Invoking command in '/home/amber/ros2_ws/build/amber_b1_bringup': CMAKE_PREFIX_PATH=/opt/ros/foxy /usr/bin/cmake --install /home/amber/ros2_ws/build/amber_b1_bringup
[0.532s] -- Install configuration: ""
[0.532s] -- Up-to-date: /home/amber/ros2_ws/install/amber_b1_bringup/share/amber_b1_bringup/config
[0.533s] -- Up-to-date: /home/amber/ros2_ws/install/amber_b1_bringup/share/amber_b1_bringup/config/amber_b1_trajectory_publisher_cpp.yaml
[0.533s] -- Up-to-date: /home/amber/ros2_ws/install/amber_b1_bringup/share/amber_b1_bringup/config/amber_b1_controllers.yaml
[0.534s] -- Up-to-date: /home/amber/ros2_ws/install/amber_b1_bringup/share/amber_b1_bringup/launch
[0.534s] -- Up-to-date: /home/amber/ros2_ws/install/amber_b1_bringup/share/amber_b1_bringup/launch/test_joint_trajectory_controller_cpp.launch.py
[0.536s] -- Up-to-date: /home/amber/ros2_ws/install/amber_b1_bringup/share/amber_b1_bringup/launch/amber_b1.launch.py
[0.536s] -- Up-to-date: /home/amber/ros2_ws/install/amber_b1_bringup/share/amber_b1_bringup/launch/amber_b1_rviz_launch.py
[0.538s] -- Up-to-date: /home/amber/ros2_ws/install/amber_b1_bringup/share/amber_b1_bringup/launch/amber_b1_fake.launch.py
[0.539s] -- Up-to-date: /home/amber/ros2_ws/install/amber_b1_bringup/share/amber_b1_bringup/launch/amber_b1_hw_gui.launch.py
[0.539s] -- Up-to-date: /home/amber/ros2_ws/install/amber_b1_bringup/share/amber_b1_bringup/launch/amber_b1_fake_gui.launch.py
[0.540s] -- Up-to-date: /home/amber/ros2_ws/install/amber_b1_bringup/share/amber_b1_bringup/launch/amber_b1_hw.launch.py
[0.542s] -- Up-to-date: /home/amber/ros2_ws/install/amber_b1_bringup/share/ament_index/resource_index/package_run_dependencies/amber_b1_bringup
[0.543s] -- Up-to-date: /home/amber/ros2_ws/install/amber_b1_bringup/share/ament_index/resource_index/parent_prefix_path/amber_b1_bringup
[0.543s] -- Up-to-date: /home/amber/ros2_ws/install/amber_b1_bringup/share/amber_b1_bringup/environment/ament_prefix_path.sh
[0.544s] -- Up-to-date: /home/amber/ros2_ws/install/amber_b1_bringup/share/amber_b1_bringup/environment/ament_prefix_path.dsv
[0.544s] -- Up-to-date: /home/amber/ros2_ws/install/amber_b1_bringup/share/amber_b1_bringup/environment/path.sh
[0.545s] -- Up-to-date: /home/amber/ros2_ws/install/amber_b1_bringup/share/amber_b1_bringup/environment/path.dsv
[0.546s] -- Up-to-date: /home/amber/ros2_ws/install/amber_b1_bringup/share/amber_b1_bringup/local_setup.bash
[0.546s] -- Up-to-date: /home/amber/ros2_ws/install/amber_b1_bringup/share/amber_b1_bringup/local_setup.sh
[0.547s] -- Up-to-date: /home/amber/ros2_ws/install/amber_b1_bringup/share/amber_b1_bringup/local_setup.zsh
[0.548s] -- Up-to-date: /home/amber/ros2_ws/install/amber_b1_bringup/share/amber_b1_bringup/local_setup.dsv
[0.549s] -- Installing: /home/amber/ros2_ws/install/amber_b1_bringup/share/amber_b1_bringup/package.dsv
[0.549s] -- Up-to-date: /home/amber/ros2_ws/install/amber_b1_bringup/share/ament_index/resource_index/packages/amber_b1_bringup
[0.550s] -- Up-to-date: /home/amber/ros2_ws/install/amber_b1_bringup/share/amber_b1_bringup/cmake/amber_b1_bringupConfig.cmake
[0.553s] -- Up-to-date: /home/amber/ros2_ws/install/amber_b1_bringup/share/amber_b1_bringup/cmake/amber_b1_bringupConfig-version.cmake
[0.553s] -- Up-to-date: /home/amber/ros2_ws/install/amber_b1_bringup/share/amber_b1_bringup/package.xml
[0.613s] Invoked command in '/home/amber/ros2_ws/build/amber_b1_bringup' returned '0': CMAKE_PREFIX_PATH=/opt/ros/foxy /usr/bin/cmake --install /home/amber/ros2_ws/build/amber_b1_bringup
