[0.090s] Invoking command in '/home/amber/ros2_ws/build/amber_b1_joint_control_demo': CMAKE_PREFIX_PATH=${CMAKE_PREFIX_PATH}:/opt/ros/foxy /usr/bin/cmake --build /home/amber/ros2_ws/build/amber_b1_joint_control_demo -- -j4 -l4
[0.278s] [100%] Built target joint_control_demo
[0.314s] Invoked command in '/home/amber/ros2_ws/build/amber_b1_joint_control_demo' returned '0': CMAKE_PREFIX_PATH=${CMAKE_PREFIX_PATH}:/opt/ros/foxy /usr/bin/cmake --build /home/amber/ros2_ws/build/amber_b1_joint_control_demo -- -j4 -l4
[0.381s] Invoking command in '/home/amber/ros2_ws/build/amber_b1_joint_control_demo': CMAKE_PREFIX_PATH=${CMAKE_PREFIX_PATH}:/opt/ros/foxy /usr/bin/cmake --install /home/amber/ros2_ws/build/amber_b1_joint_control_demo
[0.444s] -- Install configuration: ""
[0.445s] -- Up-to-date: /home/amber/ros2_ws/install/amber_b1_joint_control_demo/lib/amber_b1_joint_control_demo/joint_control_demo
[0.445s] -- Up-to-date: /home/amber/ros2_ws/install/amber_b1_joint_control_demo/share/ament_index/resource_index/package_run_dependencies/amber_b1_joint_control_demo
[0.446s] -- Up-to-date: /home/amber/ros2_ws/install/amber_b1_joint_control_demo/share/ament_index/resource_index/parent_prefix_path/amber_b1_joint_control_demo
[0.447s] -- Up-to-date: /home/amber/ros2_ws/install/amber_b1_joint_control_demo/share/amber_b1_joint_control_demo/environment/ament_prefix_path.sh
[0.448s] -- Up-to-date: /home/amber/ros2_ws/install/amber_b1_joint_control_demo/share/amber_b1_joint_control_demo/environment/ament_prefix_path.dsv
[0.448s] -- Up-to-date: /home/amber/ros2_ws/install/amber_b1_joint_control_demo/share/amber_b1_joint_control_demo/environment/path.sh
[0.448s] -- Up-to-date: /home/amber/ros2_ws/install/amber_b1_joint_control_demo/share/amber_b1_joint_control_demo/environment/path.dsv
[0.449s] -- Up-to-date: /home/amber/ros2_ws/install/amber_b1_joint_control_demo/share/amber_b1_joint_control_demo/local_setup.bash
[0.449s] -- Up-to-date: /home/amber/ros2_ws/install/amber_b1_joint_control_demo/share/amber_b1_joint_control_demo/local_setup.sh
[0.450s] -- Up-to-date: /home/amber/ros2_ws/install/amber_b1_joint_control_demo/share/amber_b1_joint_control_demo/local_setup.zsh
[0.450s] -- Up-to-date: /home/amber/ros2_ws/install/amber_b1_joint_control_demo/share/amber_b1_joint_control_demo/local_setup.dsv
[0.450s] -- Installing: /home/amber/ros2_ws/install/amber_b1_joint_control_demo/share/amber_b1_joint_control_demo/package.dsv
[0.451s] -- Up-to-date: /home/amber/ros2_ws/install/amber_b1_joint_control_demo/share/ament_index/resource_index/packages/amber_b1_joint_control_demo
[0.451s] -- Up-to-date: /home/amber/ros2_ws/install/amber_b1_joint_control_demo/share/amber_b1_joint_control_demo/cmake/amber_b1_joint_control_demoConfig.cmake
[0.451s] -- Up-to-date: /home/amber/ros2_ws/install/amber_b1_joint_control_demo/share/amber_b1_joint_control_demo/cmake/amber_b1_joint_control_demoConfig-version.cmake
[0.452s] -- Up-to-date: /home/amber/ros2_ws/install/amber_b1_joint_control_demo/share/amber_b1_joint_control_demo/package.xml
[0.536s] Invoked command in '/home/amber/ros2_ws/build/amber_b1_joint_control_demo' returned '0': CMAKE_PREFIX_PATH=${CMAKE_PREFIX_PATH}:/opt/ros/foxy /usr/bin/cmake --install /home/amber/ros2_ws/build/amber_b1_joint_control_demo
