[0.065s] Invoking command in '/home/amber/ros2_ws/build/amber_b1_joint_control_demo': CMAKE_PREFIX_PATH=/opt/ros/foxy /usr/bin/cmake --build /home/amber/ros2_ws/build/amber_b1_joint_control_demo -- -j2 -l2
[0.332s] [100%] Built target joint_control_demo
[0.377s] Invoked command in '/home/amber/ros2_ws/build/amber_b1_joint_control_demo' returned '0': CMAKE_PREFIX_PATH=/opt/ros/foxy /usr/bin/cmake --build /home/amber/ros2_ws/build/amber_b1_joint_control_demo -- -j2 -l2
[0.512s] Invoking command in '/home/amber/ros2_ws/build/amber_b1_joint_control_demo': CMAKE_PREFIX_PATH=/opt/ros/foxy /usr/bin/cmake --install /home/amber/ros2_ws/build/amber_b1_joint_control_demo
[0.576s] -- Install configuration: ""
[0.580s] -- Up-to-date: /home/amber/ros2_ws/install/amber_b1_joint_control_demo/lib/amber_b1_joint_control_demo/joint_control_demo
[0.584s] -- Up-to-date: /home/amber/ros2_ws/install/amber_b1_joint_control_demo/share/ament_index/resource_index/package_run_dependencies/amber_b1_joint_control_demo
[0.586s] -- Up-to-date: /home/amber/ros2_ws/install/amber_b1_joint_control_demo/share/ament_index/resource_index/parent_prefix_path/amber_b1_joint_control_demo
[0.587s] -- Up-to-date: /home/amber/ros2_ws/install/amber_b1_joint_control_demo/share/amber_b1_joint_control_demo/environment/ament_prefix_path.sh
[0.589s] -- Up-to-date: /home/amber/ros2_ws/install/amber_b1_joint_control_demo/share/amber_b1_joint_control_demo/environment/ament_prefix_path.dsv
[0.591s] -- Up-to-date: /home/amber/ros2_ws/install/amber_b1_joint_control_demo/share/amber_b1_joint_control_demo/environment/path.sh
[0.592s] -- Up-to-date: /home/amber/ros2_ws/install/amber_b1_joint_control_demo/share/amber_b1_joint_control_demo/environment/path.dsv
[0.594s] -- Up-to-date: /home/amber/ros2_ws/install/amber_b1_joint_control_demo/share/amber_b1_joint_control_demo/local_setup.bash
[0.596s] -- Up-to-date: /home/amber/ros2_ws/install/amber_b1_joint_control_demo/share/amber_b1_joint_control_demo/local_setup.sh
[0.597s] -- Up-to-date: /home/amber/ros2_ws/install/amber_b1_joint_control_demo/share/amber_b1_joint_control_demo/local_setup.zsh
[0.604s] -- Up-to-date: /home/amber/ros2_ws/install/amber_b1_joint_control_demo/share/amber_b1_joint_control_demo/local_setup.dsv
[0.604s] -- Installing: /home/amber/ros2_ws/install/amber_b1_joint_control_demo/share/amber_b1_joint_control_demo/package.dsv
[0.606s] -- Up-to-date: /home/amber/ros2_ws/install/amber_b1_joint_control_demo/share/ament_index/resource_index/packages/amber_b1_joint_control_demo
[0.608s] -- Up-to-date: /home/amber/ros2_ws/install/amber_b1_joint_control_demo/share/amber_b1_joint_control_demo/cmake/amber_b1_joint_control_demoConfig.cmake
[0.609s] -- Up-to-date: /home/amber/ros2_ws/install/amber_b1_joint_control_demo/share/amber_b1_joint_control_demo/cmake/amber_b1_joint_control_demoConfig-version.cmake
[0.611s] -- Up-to-date: /home/amber/ros2_ws/install/amber_b1_joint_control_demo/share/amber_b1_joint_control_demo/package.xml
[0.617s] Invoked command in '/home/amber/ros2_ws/build/amber_b1_joint_control_demo' returned '0': CMAKE_PREFIX_PATH=/opt/ros/foxy /usr/bin/cmake --install /home/amber/ros2_ws/build/amber_b1_joint_control_demo
