-- Found ament_cmake: 0.9.12 (/opt/ros/foxy/share/ament_cmake/cmake)
-- Using PYTHON_EXECUTABLE: /usr/bin/python3
-- Found hardware_interface: 0.11.0 (/opt/ros/foxy/share/hardware_interface/cmake)
-- Using all available rosidl_typesupport_c: rosidl_typesupport_fastrtps_c;rosidl_typesupport_introspection_c
-- Found rosidl_adapter: 1.3.1 (/opt/ros/foxy/share/rosidl_adapter/cmake)
-- Using all available rosidl_typesupport_cpp: rosidl_typesupport_fastrtps_cpp;rosidl_typesupport_introspection_cpp
-- Found rclcpp: 2.4.3 (/opt/ros/foxy/share/rclcpp/cmake)
-- Found rmw_implementation_cmake: 1.0.4 (/opt/ros/foxy/share/rmw_implementation_cmake/cmake)
-- Using RMW implementation 'rmw_fastrtps_cpp' as default
-- Found amber_b1_interfaces: 0.0.0 (/home/amber/ros2_ws/install/amber_b1_interfaces/share/amber_b1_interfaces/cmake)
-- Found ament_lint_auto: 0.9.8 (/opt/ros/foxy/share/ament_lint_auto/cmake)
-- Added test 'copyright' to check source files copyright and LICENSE
-- Added test 'cppcheck' to perform static code analysis on C / C++ code
-- Configured cppcheck include dirs: /home/amber/ros2_ws/src/amber_b1/amber_b1_hardware/include
-- Configured cppcheck exclude dirs and/or files: 
-- Added test 'cpplint' to check C / C++ code against the Google style
-- Configured cpplint exclude dirs and/or files: 
-- Added test 'lint_cmake' to check CMake code style
-- Added test 'uncrustify' to check C / C++ code style
-- Configured uncrustify additional arguments: 
-- Added test 'xmllint' to check XML markup files
-- Configuring done
-- Generating done
-- Build files have been written to: /home/amber/ros2_ws/build/amber_b1_hardware
[35m[1mScanning dependencies of target amber_b1_hardware[0m
[ 33%] [32mBuilding CXX object CMakeFiles/amber_b1_hardware.dir/src/amber_b1_interface.cpp.o[0m
[ 66%] [32m[1mLinking CXX shared library libamber_b1_hardware.so[0m
[100%] Built target amber_b1_hardware
-- Install configuration: ""
-- Up-to-date: /home/amber/ros2_ws/install/amber_b1_hardware/share/amber_b1_hardware/amber_b1_hardware.xml
-- Installing: /home/amber/ros2_ws/install/amber_b1_hardware/lib/libamber_b1_hardware.so
-- Set runtime path of "/home/amber/ros2_ws/install/amber_b1_hardware/lib/libamber_b1_hardware.so" to ""
-- Up-to-date: /home/amber/ros2_ws/install/amber_b1_hardware/include
-- Up-to-date: /home/amber/ros2_ws/install/amber_b1_hardware/include/amber_b1_hardware
-- Up-to-date: /home/amber/ros2_ws/install/amber_b1_hardware/include/amber_b1_hardware/rt_spi.h
-- Up-to-date: /home/amber/ros2_ws/install/amber_b1_hardware/include/amber_b1_hardware/amber_b1_interface.hpp
-- Up-to-date: /home/amber/ros2_ws/install/amber_b1_hardware/include/amber_b1_hardware/visibility_control.h
-- Up-to-date: /home/amber/ros2_ws/install/amber_b1_hardware/share/amber_b1_hardware/launch
-- Up-to-date: /home/amber/ros2_ws/install/amber_b1_hardware/share/amber_b1_hardware/launch/robot_description_launch.launch.xml
-- Up-to-date: /home/amber/ros2_ws/install/amber_b1_hardware/share/amber_b1_hardware/environment/library_path.sh
-- Installing: /home/amber/ros2_ws/install/amber_b1_hardware/share/amber_b1_hardware/environment/library_path.dsv
-- Up-to-date: /home/amber/ros2_ws/install/amber_b1_hardware/share/ament_index/resource_index/package_run_dependencies/amber_b1_hardware
-- Installing: /home/amber/ros2_ws/install/amber_b1_hardware/share/ament_index/resource_index/parent_prefix_path/amber_b1_hardware
-- Installing: /home/amber/ros2_ws/install/amber_b1_hardware/share/amber_b1_hardware/environment/ament_prefix_path.sh
-- Installing: /home/amber/ros2_ws/install/amber_b1_hardware/share/amber_b1_hardware/environment/ament_prefix_path.dsv
-- Installing: /home/amber/ros2_ws/install/amber_b1_hardware/share/amber_b1_hardware/environment/path.sh
-- Installing: /home/amber/ros2_ws/install/amber_b1_hardware/share/amber_b1_hardware/environment/path.dsv
-- Up-to-date: /home/amber/ros2_ws/install/amber_b1_hardware/share/amber_b1_hardware/local_setup.bash
-- Up-to-date: /home/amber/ros2_ws/install/amber_b1_hardware/share/amber_b1_hardware/local_setup.sh
-- Up-to-date: /home/amber/ros2_ws/install/amber_b1_hardware/share/amber_b1_hardware/local_setup.zsh
-- Installing: /home/amber/ros2_ws/install/amber_b1_hardware/share/amber_b1_hardware/local_setup.dsv
-- Installing: /home/amber/ros2_ws/install/amber_b1_hardware/share/amber_b1_hardware/package.dsv
-- Up-to-date: /home/amber/ros2_ws/install/amber_b1_hardware/share/ament_index/resource_index/packages/amber_b1_hardware
-- Up-to-date: /home/amber/ros2_ws/install/amber_b1_hardware/share/ament_index/resource_index/hardware_interface__pluginlib__plugin/amber_b1_hardware
-- Up-to-date: /home/amber/ros2_ws/install/amber_b1_hardware/share/amber_b1_hardware/cmake/ament_cmake_export_include_directories-extras.cmake
-- Up-to-date: /home/amber/ros2_ws/install/amber_b1_hardware/share/amber_b1_hardware/cmake/ament_cmake_export_libraries-extras.cmake
-- Up-to-date: /home/amber/ros2_ws/install/amber_b1_hardware/share/amber_b1_hardware/cmake/ament_cmake_export_dependencies-extras.cmake
-- Up-to-date: /home/amber/ros2_ws/install/amber_b1_hardware/share/amber_b1_hardware/cmake/amber_b1_hardwareConfig.cmake
-- Up-to-date: /home/amber/ros2_ws/install/amber_b1_hardware/share/amber_b1_hardware/cmake/amber_b1_hardwareConfig-version.cmake
-- Up-to-date: /home/amber/ros2_ws/install/amber_b1_hardware/share/amber_b1_hardware/package.xml
