[0.099s] Invoking command in '/home/amber/ros2_ws/build/amber_b1_interfaces': CMAKE_PREFIX_PATH=${CMAKE_PREFIX_PATH}:/opt/ros/foxy /usr/bin/cmake --build /home/amber/ros2_ws/build/amber_b1_interfaces -- -j4 -l4
[0.253s] [  3%] Built target amber_b1_interfaces__cpp
[0.260s] [ 12%] Built target amber_b1_interfaces__rosidl_generator_c
[0.330s] [ 22%] Built target amber_b1_interfaces__rosidl_typesupport_fastrtps_cpp
[0.337s] [ 32%] Built target amber_b1_interfaces__rosidl_typesupport_introspection_cpp
[0.342s] [ 41%] Built target amber_b1_interfaces__rosidl_typesupport_cpp
[0.406s] [ 51%] Built target amber_b1_interfaces__rosidl_typesupport_c
[0.408s] [ 61%] Built target amber_b1_interfaces__rosidl_typesupport_introspection_c
[0.423s] [ 70%] Built target amber_b1_interfaces__rosidl_typesupport_fastrtps_c
[0.518s] [ 70%] Built target amber_b1_interfaces
[0.527s] [ 74%] Built target amber_b1_interfaces__py
[0.587s] [ 80%] Built target amber_b1_interfaces__python
[0.663s] [ 87%] Built target amber_b1_interfaces__rosidl_typesupport_introspection_c__pyext
[0.668s] [ 93%] Built target amber_b1_interfaces__rosidl_typesupport_c__pyext
[0.679s] [100%] Built target amber_b1_interfaces__rosidl_typesupport_fastrtps_c__pyext
[0.778s] Invoked command in '/home/amber/ros2_ws/build/amber_b1_interfaces' returned '0': CMAKE_PREFIX_PATH=${CMAKE_PREFIX_PATH}:/opt/ros/foxy /usr/bin/cmake --build /home/amber/ros2_ws/build/amber_b1_interfaces -- -j4 -l4
[0.898s] Invoking command in '/home/amber/ros2_ws/build/amber_b1_interfaces': CMAKE_PREFIX_PATH=${CMAKE_PREFIX_PATH}:/opt/ros/foxy /usr/bin/cmake --install /home/amber/ros2_ws/build/amber_b1_interfaces
[0.921s] -- Install configuration: ""
[0.921s] -- Up-to-date: /home/amber/ros2_ws/install/amber_b1_interfaces/share/ament_index/resource_index/rosidl_interfaces/amber_b1_interfaces
[0.922s] -- Up-to-date: /home/amber/ros2_ws/install/amber_b1_interfaces/include/amber_b1_interfaces
[0.922s] -- Up-to-date: /home/amber/ros2_ws/install/amber_b1_interfaces/include/amber_b1_interfaces/srv
[0.923s] -- Up-to-date: /home/amber/ros2_ws/install/amber_b1_interfaces/include/amber_b1_interfaces/srv/mode.h
[0.923s] -- Up-to-date: /home/amber/ros2_ws/install/amber_b1_interfaces/include/amber_b1_interfaces/srv/detail
[0.923s] -- Up-to-date: /home/amber/ros2_ws/install/amber_b1_interfaces/include/amber_b1_interfaces/srv/detail/mode__type_support.h
[0.924s] -- Up-to-date: /home/amber/ros2_ws/install/amber_b1_interfaces/include/amber_b1_interfaces/srv/detail/mode__functions.c
[0.924s] -- Up-to-date: /home/amber/ros2_ws/install/amber_b1_interfaces/include/amber_b1_interfaces/srv/detail/mode__functions.h
[0.925s] -- Up-to-date: /home/amber/ros2_ws/install/amber_b1_interfaces/include/amber_b1_interfaces/srv/detail/mode__struct.h
[0.925s] -- Up-to-date: /home/amber/ros2_ws/install/amber_b1_interfaces/include/amber_b1_interfaces/msg
[0.925s] -- Up-to-date: /home/amber/ros2_ws/install/amber_b1_interfaces/include/amber_b1_interfaces/msg/rosidl_generator_c__visibility_control.h
[0.926s] -- Up-to-date: /home/amber/ros2_ws/install/amber_b1_interfaces/share/amber_b1_interfaces/environment/library_path.sh
[0.926s] -- Up-to-date: /home/amber/ros2_ws/install/amber_b1_interfaces/share/amber_b1_interfaces/environment/library_path.dsv
[0.926s] -- Up-to-date: /home/amber/ros2_ws/install/amber_b1_interfaces/lib/libamber_b1_interfaces__rosidl_generator_c.so
[0.927s] -- Up-to-date: /home/amber/ros2_ws/install/amber_b1_interfaces/include/amber_b1_interfaces
[0.927s] -- Up-to-date: /home/amber/ros2_ws/install/amber_b1_interfaces/include/amber_b1_interfaces/srv
[0.927s] -- Up-to-date: /home/amber/ros2_ws/install/amber_b1_interfaces/include/amber_b1_interfaces/srv/detail
[0.928s] -- Up-to-date: /home/amber/ros2_ws/install/amber_b1_interfaces/include/amber_b1_interfaces/srv/detail/mode__rosidl_typesupport_fastrtps_c.h
[0.928s] -- Up-to-date: /home/amber/ros2_ws/install/amber_b1_interfaces/include/amber_b1_interfaces/msg
[0.928s] -- Up-to-date: /home/amber/ros2_ws/install/amber_b1_interfaces/include/amber_b1_interfaces/msg/rosidl_typesupport_fastrtps_c__visibility_control.h
[0.929s] -- Up-to-date: /home/amber/ros2_ws/install/amber_b1_interfaces/lib/libamber_b1_interfaces__rosidl_typesupport_fastrtps_c.so
[0.929s] -- Up-to-date: /home/amber/ros2_ws/install/amber_b1_interfaces/include/amber_b1_interfaces
[0.929s] -- Up-to-date: /home/amber/ros2_ws/install/amber_b1_interfaces/include/amber_b1_interfaces/srv
[0.929s] -- Up-to-date: /home/amber/ros2_ws/install/amber_b1_interfaces/include/amber_b1_interfaces/srv/detail
[0.930s] -- Up-to-date: /home/amber/ros2_ws/install/amber_b1_interfaces/include/amber_b1_interfaces/srv/detail/mode__rosidl_typesupport_fastrtps_cpp.hpp
[0.930s] -- Up-to-date: /home/amber/ros2_ws/install/amber_b1_interfaces/include/amber_b1_interfaces/srv/detail/dds_fastrtps
[0.930s] -- Up-to-date: /home/amber/ros2_ws/install/amber_b1_interfaces/include/amber_b1_interfaces/msg
[0.930s] -- Up-to-date: /home/amber/ros2_ws/install/amber_b1_interfaces/include/amber_b1_interfaces/msg/rosidl_typesupport_fastrtps_cpp__visibility_control.h
[0.930s] -- Up-to-date: /home/amber/ros2_ws/install/amber_b1_interfaces/lib/libamber_b1_interfaces__rosidl_typesupport_fastrtps_cpp.so
[0.931s] -- Up-to-date: /home/amber/ros2_ws/install/amber_b1_interfaces/include/amber_b1_interfaces
[0.931s] -- Up-to-date: /home/amber/ros2_ws/install/amber_b1_interfaces/include/amber_b1_interfaces/srv
[0.931s] -- Up-to-date: /home/amber/ros2_ws/install/amber_b1_interfaces/include/amber_b1_interfaces/srv/detail
[0.931s] -- Up-to-date: /home/amber/ros2_ws/install/amber_b1_interfaces/include/amber_b1_interfaces/srv/detail/mode__type_support.c
[0.931s] -- Up-to-date: /home/amber/ros2_ws/install/amber_b1_interfaces/include/amber_b1_interfaces/srv/detail/mode__rosidl_typesupport_introspection_c.h
[0.932s] -- Up-to-date: /home/amber/ros2_ws/install/amber_b1_interfaces/include/amber_b1_interfaces/msg
[0.932s] -- Up-to-date: /home/amber/ros2_ws/install/amber_b1_interfaces/include/amber_b1_interfaces/msg/rosidl_typesupport_introspection_c__visibility_control.h
[0.932s] -- Up-to-date: /home/amber/ros2_ws/install/amber_b1_interfaces/lib/libamber_b1_interfaces__rosidl_typesupport_introspection_c.so
[0.932s] -- Up-to-date: /home/amber/ros2_ws/install/amber_b1_interfaces/lib/libamber_b1_interfaces__rosidl_typesupport_c.so
[0.933s] -- Up-to-date: /home/amber/ros2_ws/install/amber_b1_interfaces/include/amber_b1_interfaces
[0.933s] -- Up-to-date: /home/amber/ros2_ws/install/amber_b1_interfaces/include/amber_b1_interfaces/srv
[0.933s] -- Up-to-date: /home/amber/ros2_ws/install/amber_b1_interfaces/include/amber_b1_interfaces/srv/detail
[0.933s] -- Up-to-date: /home/amber/ros2_ws/install/amber_b1_interfaces/include/amber_b1_interfaces/srv/detail/mode__struct.hpp
[0.933s] -- Up-to-date: /home/amber/ros2_ws/install/amber_b1_interfaces/include/amber_b1_interfaces/srv/detail/mode__traits.hpp
[0.934s] -- Up-to-date: /home/amber/ros2_ws/install/amber_b1_interfaces/include/amber_b1_interfaces/srv/detail/mode__builder.hpp
[0.934s] -- Up-to-date: /home/amber/ros2_ws/install/amber_b1_interfaces/include/amber_b1_interfaces/srv/mode.hpp
[0.934s] -- Up-to-date: /home/amber/ros2_ws/install/amber_b1_interfaces/include/amber_b1_interfaces
[0.934s] -- Up-to-date: /home/amber/ros2_ws/install/amber_b1_interfaces/include/amber_b1_interfaces/srv
[0.935s] -- Up-to-date: /home/amber/ros2_ws/install/amber_b1_interfaces/include/amber_b1_interfaces/srv/detail
[0.935s] -- Up-to-date: /home/amber/ros2_ws/install/amber_b1_interfaces/include/amber_b1_interfaces/srv/detail/mode__type_support.cpp
[0.935s] -- Up-to-date: /home/amber/ros2_ws/install/amber_b1_interfaces/include/amber_b1_interfaces/srv/detail/mode__rosidl_typesupport_introspection_cpp.hpp
[0.935s] -- Up-to-date: /home/amber/ros2_ws/install/amber_b1_interfaces/lib/libamber_b1_interfaces__rosidl_typesupport_introspection_cpp.so
[0.935s] -- Up-to-date: /home/amber/ros2_ws/install/amber_b1_interfaces/lib/libamber_b1_interfaces__rosidl_typesupport_cpp.so
[0.936s] -- Up-to-date: /home/amber/ros2_ws/install/amber_b1_interfaces/share/amber_b1_interfaces/environment/pythonpath.sh
[0.936s] -- Up-to-date: /home/amber/ros2_ws/install/amber_b1_interfaces/share/amber_b1_interfaces/environment/pythonpath.dsv
[0.936s] -- Up-to-date: /home/amber/ros2_ws/install/amber_b1_interfaces/lib/python3.8/site-packages/amber_b1_interfaces/__init__.py
[1.025s] -- Up-to-date: /home/amber/ros2_ws/install/amber_b1_interfaces/lib/python3.8/site-packages/amber_b1_interfaces/srv
[1.025s] -- Up-to-date: /home/amber/ros2_ws/install/amber_b1_interfaces/lib/python3.8/site-packages/amber_b1_interfaces/srv/_mode.py
[1.026s] -- Up-to-date: /home/amber/ros2_ws/install/amber_b1_interfaces/lib/python3.8/site-packages/amber_b1_interfaces/srv/_mode_s.c
[1.026s] -- Up-to-date: /home/amber/ros2_ws/install/amber_b1_interfaces/lib/python3.8/site-packages/amber_b1_interfaces/srv/__init__.py
[1.026s] -- Up-to-date: /home/amber/ros2_ws/install/amber_b1_interfaces/lib/python3.8/site-packages/amber_b1_interfaces/amber_b1_interfaces_s__rosidl_typesupport_fastrtps_c.cpython-38-x86_64-linux-gnu.so
[1.027s] -- Up-to-date: /home/amber/ros2_ws/install/amber_b1_interfaces/lib/python3.8/site-packages/amber_b1_interfaces/amber_b1_interfaces_s__rosidl_typesupport_introspection_c.cpython-38-x86_64-linux-gnu.so
[1.028s] -- Up-to-date: /home/amber/ros2_ws/install/amber_b1_interfaces/lib/python3.8/site-packages/amber_b1_interfaces/amber_b1_interfaces_s__rosidl_typesupport_c.cpython-38-x86_64-linux-gnu.so
[1.029s] -- Up-to-date: /home/amber/ros2_ws/install/amber_b1_interfaces/lib/libamber_b1_interfaces__python.so
[1.029s] -- Up-to-date: /home/amber/ros2_ws/install/amber_b1_interfaces/share/amber_b1_interfaces/srv/Mode.idl
[1.030s] -- Up-to-date: /home/amber/ros2_ws/install/amber_b1_interfaces/share/amber_b1_interfaces/srv/Mode.srv
[1.030s] -- Up-to-date: /home/amber/ros2_ws/install/amber_b1_interfaces/share/amber_b1_interfaces/srv/Mode_Request.msg
[1.031s] -- Up-to-date: /home/amber/ros2_ws/install/amber_b1_interfaces/share/amber_b1_interfaces/srv/Mode_Response.msg
[1.031s] -- Up-to-date: /home/amber/ros2_ws/install/amber_b1_interfaces/share/ament_index/resource_index/package_run_dependencies/amber_b1_interfaces
[1.032s] -- Up-to-date: /home/amber/ros2_ws/install/amber_b1_interfaces/share/ament_index/resource_index/parent_prefix_path/amber_b1_interfaces
[1.032s] -- Up-to-date: /home/amber/ros2_ws/install/amber_b1_interfaces/share/amber_b1_interfaces/environment/ament_prefix_path.sh
[1.032s] -- Up-to-date: /home/amber/ros2_ws/install/amber_b1_interfaces/share/amber_b1_interfaces/environment/ament_prefix_path.dsv
[1.033s] -- Up-to-date: /home/amber/ros2_ws/install/amber_b1_interfaces/share/amber_b1_interfaces/environment/path.sh
[1.033s] -- Up-to-date: /home/amber/ros2_ws/install/amber_b1_interfaces/share/amber_b1_interfaces/environment/path.dsv
[1.034s] -- Up-to-date: /home/amber/ros2_ws/install/amber_b1_interfaces/share/amber_b1_interfaces/local_setup.bash
[1.034s] -- Up-to-date: /home/amber/ros2_ws/install/amber_b1_interfaces/share/amber_b1_interfaces/local_setup.sh
[1.034s] -- Up-to-date: /home/amber/ros2_ws/install/amber_b1_interfaces/share/amber_b1_interfaces/local_setup.zsh
[1.035s] -- Up-to-date: /home/amber/ros2_ws/install/amber_b1_interfaces/share/amber_b1_interfaces/local_setup.dsv
[1.035s] -- Installing: /home/amber/ros2_ws/install/amber_b1_interfaces/share/amber_b1_interfaces/package.dsv
[1.036s] -- Up-to-date: /home/amber/ros2_ws/install/amber_b1_interfaces/share/ament_index/resource_index/packages/amber_b1_interfaces
[1.036s] -- Up-to-date: /home/amber/ros2_ws/install/amber_b1_interfaces/share/amber_b1_interfaces/cmake/amber_b1_interfaces__rosidl_generator_cExport.cmake
[1.036s] -- Up-to-date: /home/amber/ros2_ws/install/amber_b1_interfaces/share/amber_b1_interfaces/cmake/amber_b1_interfaces__rosidl_generator_cExport-noconfig.cmake
[1.037s] -- Up-to-date: /home/amber/ros2_ws/install/amber_b1_interfaces/share/amber_b1_interfaces/cmake/amber_b1_interfaces__rosidl_typesupport_introspection_cExport.cmake
[1.037s] -- Up-to-date: /home/amber/ros2_ws/install/amber_b1_interfaces/share/amber_b1_interfaces/cmake/amber_b1_interfaces__rosidl_typesupport_introspection_cExport-noconfig.cmake
[1.037s] -- Up-to-date: /home/amber/ros2_ws/install/amber_b1_interfaces/share/amber_b1_interfaces/cmake/amber_b1_interfaces__rosidl_typesupport_cExport.cmake
[1.037s] -- Up-to-date: /home/amber/ros2_ws/install/amber_b1_interfaces/share/amber_b1_interfaces/cmake/amber_b1_interfaces__rosidl_typesupport_cExport-noconfig.cmake
[1.037s] -- Up-to-date: /home/amber/ros2_ws/install/amber_b1_interfaces/share/amber_b1_interfaces/cmake/amber_b1_interfaces__rosidl_generator_cppExport.cmake
[1.038s] -- Up-to-date: /home/amber/ros2_ws/install/amber_b1_interfaces/share/amber_b1_interfaces/cmake/amber_b1_interfaces__rosidl_typesupport_introspection_cppExport.cmake
[1.038s] -- Up-to-date: /home/amber/ros2_ws/install/amber_b1_interfaces/share/amber_b1_interfaces/cmake/amber_b1_interfaces__rosidl_typesupport_introspection_cppExport-noconfig.cmake
[1.038s] -- Up-to-date: /home/amber/ros2_ws/install/amber_b1_interfaces/share/amber_b1_interfaces/cmake/amber_b1_interfaces__rosidl_typesupport_cppExport.cmake
[1.038s] -- Up-to-date: /home/amber/ros2_ws/install/amber_b1_interfaces/share/amber_b1_interfaces/cmake/amber_b1_interfaces__rosidl_typesupport_cppExport-noconfig.cmake
[1.039s] -- Up-to-date: /home/amber/ros2_ws/install/amber_b1_interfaces/share/amber_b1_interfaces/cmake/rosidl_cmake-extras.cmake
[1.039s] -- Up-to-date: /home/amber/ros2_ws/install/amber_b1_interfaces/share/amber_b1_interfaces/cmake/ament_cmake_export_dependencies-extras.cmake
[1.040s] -- Up-to-date: /home/amber/ros2_ws/install/amber_b1_interfaces/share/amber_b1_interfaces/cmake/ament_cmake_export_libraries-extras.cmake
[1.040s] -- Up-to-date: /home/amber/ros2_ws/install/amber_b1_interfaces/share/amber_b1_interfaces/cmake/ament_cmake_export_targets-extras.cmake
[1.040s] -- Up-to-date: /home/amber/ros2_ws/install/amber_b1_interfaces/share/amber_b1_interfaces/cmake/ament_cmake_export_include_directories-extras.cmake
[1.040s] -- Up-to-date: /home/amber/ros2_ws/install/amber_b1_interfaces/share/amber_b1_interfaces/cmake/rosidl_cmake_export_typesupport_libraries-extras.cmake
[1.041s] -- Up-to-date: /home/amber/ros2_ws/install/amber_b1_interfaces/share/amber_b1_interfaces/cmake/rosidl_cmake_export_typesupport_targets-extras.cmake
[1.042s] -- Up-to-date: /home/amber/ros2_ws/install/amber_b1_interfaces/share/amber_b1_interfaces/cmake/amber_b1_interfacesConfig.cmake
[1.044s] -- Up-to-date: /home/amber/ros2_ws/install/amber_b1_interfaces/share/amber_b1_interfaces/cmake/amber_b1_interfacesConfig-version.cmake
[1.048s] -- Up-to-date: /home/amber/ros2_ws/install/amber_b1_interfaces/share/amber_b1_interfaces/package.xml
[1.049s] Invoked command in '/home/amber/ros2_ws/build/amber_b1_interfaces' returned '0': CMAKE_PREFIX_PATH=${CMAKE_PREFIX_PATH}:/opt/ros/foxy /usr/bin/cmake --install /home/amber/ros2_ws/build/amber_b1_interfaces
