[0.077s] Invoking command in '/home/amber/ros2_ws/build/amber_b1_hardware': CMAKE_PREFIX_PATH=/home/amber/ros2_ws/install/amber_b1_interfaces:/home/amber/ros2_ws/install/amber_b1_joint_control_demo:/home/amber/ros2_ws/install/amber_b1_hardware:/home/amber/ros2_ws/install/amber_b1_gui_node:/home/amber/ros2_ws/install/amber_b1_description:/home/amber/ros2_ws/install/amber_b1_bringup:/opt/ros/foxy LD_LIBRARY_PATH=/home/amber/ros2_ws/install/amber_b1_interfaces/lib:/home/amber/ros2_ws/install/amber_b1_hardware/lib:/opt/ros/foxy/opt/yaml_cpp_vendor/lib:/opt/ros/foxy/opt/rviz_ogre_vendor/lib:/opt/ros/foxy/lib/x86_64-linux-gnu:/opt/ros/foxy/lib /usr/bin/cmake --build /home/amber/ros2_ws/build/amber_b1_hardware -- -j2 -l2
[0.215s] -- Found ament_cmake: 0.9.9 (/opt/ros/foxy/share/ament_cmake/cmake)
[0.288s] -- Using PYTHON_EXECUTABLE: /usr/bin/python3
[1.119s] -- Found hardware_interface: 0.8.1 (/opt/ros/foxy/share/hardware_interface/cmake)
[1.339s] -- Using all available rosidl_typesupport_c: rosidl_typesupport_fastrtps_c;rosidl_typesupport_introspection_c
[1.359s] -- Found rosidl_adapter: 1.2.1 (/opt/ros/foxy/share/rosidl_adapter/cmake)
[1.796s] -- Using all available rosidl_typesupport_cpp: rosidl_typesupport_fastrtps_cpp;rosidl_typesupport_introspection_cpp
[4.334s] -- Found rclcpp: 2.4.0 (/opt/ros/foxy/share/rclcpp/cmake)
[4.653s] -- Found rmw_implementation_cmake: 1.0.3 (/opt/ros/foxy/share/rmw_implementation_cmake/cmake)
[4.670s] -- Using RMW implementation 'rmw_fastrtps_cpp' as default
[5.597s] -- Found amber_b1_interfaces: 0.0.0 (/home/amber/ros2_ws/install/amber_b1_interfaces/share/amber_b1_interfaces/cmake)
[5.680s] -- Found ament_lint_auto: 0.9.6 (/opt/ros/foxy/share/ament_lint_auto/cmake)
[5.999s] -- Added test 'copyright' to check source files copyright and LICENSE
[6.003s] -- Added test 'cppcheck' to perform static code analysis on C / C++ code
[6.005s] -- Configured cppcheck include dirs: /home/amber/ros2_ws/src/amber_b1/amber_b1_hardware/include
[6.005s] -- Configured cppcheck exclude dirs and/or files: 
[6.009s] -- Added test 'cpplint' to check C / C++ code against the Google style
[6.010s] -- Configured cpplint exclude dirs and/or files: 
[6.013s] -- Added test 'lint_cmake' to check CMake code style
[6.017s] -- Added test 'uncrustify' to check C / C++ code style
[6.018s] -- Configured uncrustify additional arguments: 
[6.020s] -- Added test 'xmllint' to check XML markup files
[6.038s] -- Configuring done
[6.153s] -- Generating done
[6.160s] -- Build files have been written to: /home/amber/ros2_ws/build/amber_b1_hardware
[6.318s] [100%] Built target amber_b1_hardware
[6.357s] Invoked command in '/home/amber/ros2_ws/build/amber_b1_hardware' returned '0': CMAKE_PREFIX_PATH=/home/amber/ros2_ws/install/amber_b1_interfaces:/home/amber/ros2_ws/install/amber_b1_joint_control_demo:/home/amber/ros2_ws/install/amber_b1_hardware:/home/amber/ros2_ws/install/amber_b1_gui_node:/home/amber/ros2_ws/install/amber_b1_description:/home/amber/ros2_ws/install/amber_b1_bringup:/opt/ros/foxy LD_LIBRARY_PATH=/home/amber/ros2_ws/install/amber_b1_interfaces/lib:/home/amber/ros2_ws/install/amber_b1_hardware/lib:/opt/ros/foxy/opt/yaml_cpp_vendor/lib:/opt/ros/foxy/opt/rviz_ogre_vendor/lib:/opt/ros/foxy/lib/x86_64-linux-gnu:/opt/ros/foxy/lib /usr/bin/cmake --build /home/amber/ros2_ws/build/amber_b1_hardware -- -j2 -l2
[6.508s] Invoking command in '/home/amber/ros2_ws/build/amber_b1_hardware': CMAKE_PREFIX_PATH=/home/amber/ros2_ws/install/amber_b1_interfaces:/home/amber/ros2_ws/install/amber_b1_joint_control_demo:/home/amber/ros2_ws/install/amber_b1_hardware:/home/amber/ros2_ws/install/amber_b1_gui_node:/home/amber/ros2_ws/install/amber_b1_description:/home/amber/ros2_ws/install/amber_b1_bringup:/opt/ros/foxy LD_LIBRARY_PATH=/home/amber/ros2_ws/install/amber_b1_interfaces/lib:/home/amber/ros2_ws/install/amber_b1_hardware/lib:/opt/ros/foxy/opt/yaml_cpp_vendor/lib:/opt/ros/foxy/opt/rviz_ogre_vendor/lib:/opt/ros/foxy/lib/x86_64-linux-gnu:/opt/ros/foxy/lib /usr/bin/cmake --install /home/amber/ros2_ws/build/amber_b1_hardware
[6.536s] -- Install configuration: ""
[6.537s] -- Up-to-date: /home/amber/ros2_ws/install/amber_b1_hardware/share/amber_b1_hardware/amber_b1_hardware.xml
[6.537s] -- Up-to-date: /home/amber/ros2_ws/install/amber_b1_hardware/lib/libamber_b1_hardware.so
[6.539s] -- Up-to-date: /home/amber/ros2_ws/install/amber_b1_hardware/include
[6.539s] -- Up-to-date: /home/amber/ros2_ws/install/amber_b1_hardware/include/amber_b1_hardware
[6.540s] -- Up-to-date: /home/amber/ros2_ws/install/amber_b1_hardware/include/amber_b1_hardware/rt_spi.h
[6.540s] -- Up-to-date: /home/amber/ros2_ws/install/amber_b1_hardware/include/amber_b1_hardware/amber_b1_interface.hpp
[6.541s] -- Up-to-date: /home/amber/ros2_ws/install/amber_b1_hardware/include/amber_b1_hardware/visibility_control.h
[6.542s] -- Installing: /home/amber/ros2_ws/install/amber_b1_hardware/share/amber_b1_hardware/launch
[6.542s] -- Installing: /home/amber/ros2_ws/install/amber_b1_hardware/share/amber_b1_hardware/launch/robot_description_launch.launch.xml
[6.544s] -- Up-to-date: /home/amber/ros2_ws/install/amber_b1_hardware/share/amber_b1_hardware/environment/library_path.sh
[6.545s] -- Installing: /home/amber/ros2_ws/install/amber_b1_hardware/share/amber_b1_hardware/environment/library_path.dsv
[6.545s] -- Up-to-date: /home/amber/ros2_ws/install/amber_b1_hardware/share/ament_index/resource_index/package_run_dependencies/amber_b1_hardware
[6.545s] -- Installing: /home/amber/ros2_ws/install/amber_b1_hardware/share/ament_index/resource_index/parent_prefix_path/amber_b1_hardware
[6.546s] -- Up-to-date: /home/amber/ros2_ws/install/amber_b1_hardware/share/amber_b1_hardware/environment/ament_prefix_path.sh
[6.546s] -- Installing: /home/amber/ros2_ws/install/amber_b1_hardware/share/amber_b1_hardware/environment/ament_prefix_path.dsv
[6.547s] -- Up-to-date: /home/amber/ros2_ws/install/amber_b1_hardware/share/amber_b1_hardware/environment/path.sh
[6.547s] -- Installing: /home/amber/ros2_ws/install/amber_b1_hardware/share/amber_b1_hardware/environment/path.dsv
[6.547s] -- Up-to-date: /home/amber/ros2_ws/install/amber_b1_hardware/share/amber_b1_hardware/local_setup.bash
[6.547s] -- Up-to-date: /home/amber/ros2_ws/install/amber_b1_hardware/share/amber_b1_hardware/local_setup.sh
[6.549s] -- Up-to-date: /home/amber/ros2_ws/install/amber_b1_hardware/share/amber_b1_hardware/local_setup.zsh
[6.550s] -- Installing: /home/amber/ros2_ws/install/amber_b1_hardware/share/amber_b1_hardware/local_setup.dsv
[6.552s] -- Installing: /home/amber/ros2_ws/install/amber_b1_hardware/share/amber_b1_hardware/package.dsv
[6.556s] -- Up-to-date: /home/amber/ros2_ws/install/amber_b1_hardware/share/ament_index/resource_index/packages/amber_b1_hardware
[6.560s] -- Up-to-date: /home/amber/ros2_ws/install/amber_b1_hardware/share/ament_index/resource_index/hardware_interface__pluginlib__plugin/amber_b1_hardware
[6.565s] -- Up-to-date: /home/amber/ros2_ws/install/amber_b1_hardware/share/amber_b1_hardware/cmake/ament_cmake_export_include_directories-extras.cmake
[6.565s] -- Up-to-date: /home/amber/ros2_ws/install/amber_b1_hardware/share/amber_b1_hardware/cmake/ament_cmake_export_libraries-extras.cmake
[6.566s] -- Up-to-date: /home/amber/ros2_ws/install/amber_b1_hardware/share/amber_b1_hardware/cmake/ament_cmake_export_dependencies-extras.cmake
[6.567s] -- Up-to-date: /home/amber/ros2_ws/install/amber_b1_hardware/share/amber_b1_hardware/cmake/amber_b1_hardwareConfig.cmake
[6.568s] -- Up-to-date: /home/amber/ros2_ws/install/amber_b1_hardware/share/amber_b1_hardware/cmake/amber_b1_hardwareConfig-version.cmake
[6.568s] -- Up-to-date: /home/amber/ros2_ws/install/amber_b1_hardware/share/amber_b1_hardware/package.xml
[6.570s] Invoked command in '/home/amber/ros2_ws/build/amber_b1_hardware' returned '0': CMAKE_PREFIX_PATH=/home/amber/ros2_ws/install/amber_b1_interfaces:/home/amber/ros2_ws/install/amber_b1_joint_control_demo:/home/amber/ros2_ws/install/amber_b1_hardware:/home/amber/ros2_ws/install/amber_b1_gui_node:/home/amber/ros2_ws/install/amber_b1_description:/home/amber/ros2_ws/install/amber_b1_bringup:/opt/ros/foxy LD_LIBRARY_PATH=/home/amber/ros2_ws/install/amber_b1_interfaces/lib:/home/amber/ros2_ws/install/amber_b1_hardware/lib:/opt/ros/foxy/opt/yaml_cpp_vendor/lib:/opt/ros/foxy/opt/rviz_ogre_vendor/lib:/opt/ros/foxy/lib/x86_64-linux-gnu:/opt/ros/foxy/lib /usr/bin/cmake --install /home/amber/ros2_ws/build/amber_b1_hardware
