[0.127s] Invoking command in '/home/amber/ros2_ws/build/amber_b1_interfaces': CMAKE_PREFIX_PATH=/opt/ros/foxy /usr/bin/cmake --build /home/amber/ros2_ws/build/amber_b1_interfaces -- -j2 -l2
[0.658s] [  9%] Built target amber_b1_interfaces__rosidl_generator_c
[0.778s] [ 12%] Built target amber_b1_interfaces__cpp
[0.871s] [ 22%] Built target amber_b1_interfaces__rosidl_typesupport_c
[0.977s] [ 32%] Built target amber_b1_interfaces__rosidl_typesupport_introspection_c
[1.208s] [ 41%] Built target amber_b1_interfaces__rosidl_typesupport_introspection_cpp
[1.372s] [ 51%] Built target amber_b1_interfaces__rosidl_typesupport_cpp
[1.565s] [ 61%] Built target amber_b1_interfaces__rosidl_typesupport_fastrtps_cpp
[1.697s] [ 70%] Built target amber_b1_interfaces__rosidl_typesupport_fastrtps_c
[1.784s] [ 70%] Built target amber_b1_interfaces
[1.888s] [ 74%] Built target amber_b1_interfaces__py
[1.982s] [ 80%] Built target amber_b1_interfaces__python
[2.063s] [ 87%] Built target amber_b1_interfaces__rosidl_typesupport_c__pyext
[2.154s] [ 93%] Built target amber_b1_interfaces__rosidl_typesupport_introspection_c__pyext
[2.258s] [100%] Built target amber_b1_interfaces__rosidl_typesupport_fastrtps_c__pyext
[2.337s] Invoked command in '/home/amber/ros2_ws/build/amber_b1_interfaces' returned '0': CMAKE_PREFIX_PATH=/opt/ros/foxy /usr/bin/cmake --build /home/amber/ros2_ws/build/amber_b1_interfaces -- -j2 -l2
[2.534s] Invoking command in '/home/amber/ros2_ws/build/amber_b1_interfaces': CMAKE_PREFIX_PATH=/opt/ros/foxy /usr/bin/cmake --install /home/amber/ros2_ws/build/amber_b1_interfaces
[2.609s] -- Install configuration: ""
[2.609s] -- Up-to-date: /home/amber/ros2_ws/install/amber_b1_interfaces/share/ament_index/resource_index/rosidl_interfaces/amber_b1_interfaces
[2.610s] -- Up-to-date: /home/amber/ros2_ws/install/amber_b1_interfaces/include/amber_b1_interfaces
[2.611s] -- Up-to-date: /home/amber/ros2_ws/install/amber_b1_interfaces/include/amber_b1_interfaces/srv
[2.611s] -- Up-to-date: /home/amber/ros2_ws/install/amber_b1_interfaces/include/amber_b1_interfaces/srv/detail
[2.612s] -- Up-to-date: /home/amber/ros2_ws/install/amber_b1_interfaces/include/amber_b1_interfaces/srv/detail/mode__functions.h
[2.612s] -- Up-to-date: /home/amber/ros2_ws/install/amber_b1_interfaces/include/amber_b1_interfaces/srv/detail/mode__type_support.h
[2.613s] -- Up-to-date: /home/amber/ros2_ws/install/amber_b1_interfaces/include/amber_b1_interfaces/srv/detail/mode__functions.c
[2.614s] -- Up-to-date: /home/amber/ros2_ws/install/amber_b1_interfaces/include/amber_b1_interfaces/srv/detail/mode__struct.h
[2.614s] -- Up-to-date: /home/amber/ros2_ws/install/amber_b1_interfaces/include/amber_b1_interfaces/srv/mode.h
[2.615s] -- Up-to-date: /home/amber/ros2_ws/install/amber_b1_interfaces/include/amber_b1_interfaces/msg
[2.615s] -- Up-to-date: /home/amber/ros2_ws/install/amber_b1_interfaces/include/amber_b1_interfaces/msg/rosidl_generator_c__visibility_control.h
[2.615s] -- Up-to-date: /home/amber/ros2_ws/install/amber_b1_interfaces/share/amber_b1_interfaces/environment/library_path.sh
[2.616s] -- Up-to-date: /home/amber/ros2_ws/install/amber_b1_interfaces/share/amber_b1_interfaces/environment/library_path.dsv
[2.616s] -- Up-to-date: /home/amber/ros2_ws/install/amber_b1_interfaces/lib/libamber_b1_interfaces__rosidl_generator_c.so
[2.617s] -- Up-to-date: /home/amber/ros2_ws/install/amber_b1_interfaces/include/amber_b1_interfaces
[2.618s] -- Up-to-date: /home/amber/ros2_ws/install/amber_b1_interfaces/include/amber_b1_interfaces/srv
[2.619s] -- Up-to-date: /home/amber/ros2_ws/install/amber_b1_interfaces/include/amber_b1_interfaces/srv/detail
[2.619s] -- Up-to-date: /home/amber/ros2_ws/install/amber_b1_interfaces/include/amber_b1_interfaces/srv/detail/mode__rosidl_typesupport_fastrtps_c.h
[2.621s] -- Up-to-date: /home/amber/ros2_ws/install/amber_b1_interfaces/include/amber_b1_interfaces/msg
[2.623s] -- Up-to-date: /home/amber/ros2_ws/install/amber_b1_interfaces/include/amber_b1_interfaces/msg/rosidl_typesupport_fastrtps_c__visibility_control.h
[2.624s] -- Up-to-date: /home/amber/ros2_ws/install/amber_b1_interfaces/lib/libamber_b1_interfaces__rosidl_typesupport_fastrtps_c.so
[2.624s] -- Up-to-date: /home/amber/ros2_ws/install/amber_b1_interfaces/include/amber_b1_interfaces
[2.628s] -- Up-to-date: /home/amber/ros2_ws/install/amber_b1_interfaces/include/amber_b1_interfaces/srv
[2.628s] -- Up-to-date: /home/amber/ros2_ws/install/amber_b1_interfaces/include/amber_b1_interfaces/srv/detail
[2.629s] -- Up-to-date: /home/amber/ros2_ws/install/amber_b1_interfaces/include/amber_b1_interfaces/srv/detail/mode__rosidl_typesupport_fastrtps_cpp.hpp
[2.629s] -- Up-to-date: /home/amber/ros2_ws/install/amber_b1_interfaces/include/amber_b1_interfaces/srv/detail/dds_fastrtps
[2.630s] -- Up-to-date: /home/amber/ros2_ws/install/amber_b1_interfaces/include/amber_b1_interfaces/msg
[2.630s] -- Up-to-date: /home/amber/ros2_ws/install/amber_b1_interfaces/include/amber_b1_interfaces/msg/rosidl_typesupport_fastrtps_cpp__visibility_control.h
[2.632s] -- Up-to-date: /home/amber/ros2_ws/install/amber_b1_interfaces/lib/libamber_b1_interfaces__rosidl_typesupport_fastrtps_cpp.so
[2.633s] -- Up-to-date: /home/amber/ros2_ws/install/amber_b1_interfaces/include/amber_b1_interfaces
[2.634s] -- Up-to-date: /home/amber/ros2_ws/install/amber_b1_interfaces/include/amber_b1_interfaces/srv
[2.634s] -- Up-to-date: /home/amber/ros2_ws/install/amber_b1_interfaces/include/amber_b1_interfaces/srv/detail
[2.635s] -- Up-to-date: /home/amber/ros2_ws/install/amber_b1_interfaces/include/amber_b1_interfaces/srv/detail/mode__rosidl_typesupport_introspection_c.h
[2.635s] -- Up-to-date: /home/amber/ros2_ws/install/amber_b1_interfaces/include/amber_b1_interfaces/srv/detail/mode__type_support.c
[2.640s] -- Up-to-date: /home/amber/ros2_ws/install/amber_b1_interfaces/include/amber_b1_interfaces/msg
[2.641s] -- Up-to-date: /home/amber/ros2_ws/install/amber_b1_interfaces/include/amber_b1_interfaces/msg/rosidl_typesupport_introspection_c__visibility_control.h
[2.645s] -- Up-to-date: /home/amber/ros2_ws/install/amber_b1_interfaces/lib/libamber_b1_interfaces__rosidl_typesupport_introspection_c.so
[2.647s] -- Up-to-date: /home/amber/ros2_ws/install/amber_b1_interfaces/lib/libamber_b1_interfaces__rosidl_typesupport_c.so
[2.648s] -- Up-to-date: /home/amber/ros2_ws/install/amber_b1_interfaces/include/amber_b1_interfaces
[2.649s] -- Up-to-date: /home/amber/ros2_ws/install/amber_b1_interfaces/include/amber_b1_interfaces/srv
[2.650s] -- Up-to-date: /home/amber/ros2_ws/install/amber_b1_interfaces/include/amber_b1_interfaces/srv/detail
[2.650s] -- Up-to-date: /home/amber/ros2_ws/install/amber_b1_interfaces/include/amber_b1_interfaces/srv/detail/mode__builder.hpp
[2.656s] -- Up-to-date: /home/amber/ros2_ws/install/amber_b1_interfaces/include/amber_b1_interfaces/srv/detail/mode__traits.hpp
[2.656s] -- Up-to-date: /home/amber/ros2_ws/install/amber_b1_interfaces/include/amber_b1_interfaces/srv/detail/mode__struct.hpp
[2.657s] -- Up-to-date: /home/amber/ros2_ws/install/amber_b1_interfaces/include/amber_b1_interfaces/srv/mode.hpp
[2.657s] -- Up-to-date: /home/amber/ros2_ws/install/amber_b1_interfaces/include/amber_b1_interfaces
[2.657s] -- Up-to-date: /home/amber/ros2_ws/install/amber_b1_interfaces/include/amber_b1_interfaces/srv
[2.658s] -- Up-to-date: /home/amber/ros2_ws/install/amber_b1_interfaces/include/amber_b1_interfaces/srv/detail
[2.658s] -- Up-to-date: /home/amber/ros2_ws/install/amber_b1_interfaces/include/amber_b1_interfaces/srv/detail/mode__rosidl_typesupport_introspection_cpp.hpp
[2.658s] -- Up-to-date: /home/amber/ros2_ws/install/amber_b1_interfaces/include/amber_b1_interfaces/srv/detail/mode__type_support.cpp
[2.658s] -- Up-to-date: /home/amber/ros2_ws/install/amber_b1_interfaces/lib/libamber_b1_interfaces__rosidl_typesupport_introspection_cpp.so
[2.659s] -- Up-to-date: /home/amber/ros2_ws/install/amber_b1_interfaces/lib/libamber_b1_interfaces__rosidl_typesupport_cpp.so
[2.659s] -- Up-to-date: /home/amber/ros2_ws/install/amber_b1_interfaces/share/amber_b1_interfaces/environment/pythonpath.sh
[2.659s] -- Up-to-date: /home/amber/ros2_ws/install/amber_b1_interfaces/share/amber_b1_interfaces/environment/pythonpath.dsv
[2.660s] -- Up-to-date: /home/amber/ros2_ws/install/amber_b1_interfaces/lib/python3.8/site-packages/amber_b1_interfaces/__init__.py
[2.823s] -- Up-to-date: /home/amber/ros2_ws/install/amber_b1_interfaces/lib/python3.8/site-packages/amber_b1_interfaces/srv
[2.824s] -- Up-to-date: /home/amber/ros2_ws/install/amber_b1_interfaces/lib/python3.8/site-packages/amber_b1_interfaces/srv/_mode_s.c
[2.825s] -- Up-to-date: /home/amber/ros2_ws/install/amber_b1_interfaces/lib/python3.8/site-packages/amber_b1_interfaces/srv/_mode.py
[2.826s] -- Up-to-date: /home/amber/ros2_ws/install/amber_b1_interfaces/lib/python3.8/site-packages/amber_b1_interfaces/srv/__init__.py
[2.826s] -- Up-to-date: /home/amber/ros2_ws/install/amber_b1_interfaces/lib/python3.8/site-packages/amber_b1_interfaces/amber_b1_interfaces_s__rosidl_typesupport_fastrtps_c.cpython-38-x86_64-linux-gnu.so
[2.829s] -- Up-to-date: /home/amber/ros2_ws/install/amber_b1_interfaces/lib/python3.8/site-packages/amber_b1_interfaces/amber_b1_interfaces_s__rosidl_typesupport_introspection_c.cpython-38-x86_64-linux-gnu.so
[2.832s] -- Up-to-date: /home/amber/ros2_ws/install/amber_b1_interfaces/lib/python3.8/site-packages/amber_b1_interfaces/amber_b1_interfaces_s__rosidl_typesupport_c.cpython-38-x86_64-linux-gnu.so
[2.835s] -- Up-to-date: /home/amber/ros2_ws/install/amber_b1_interfaces/lib/libamber_b1_interfaces__python.so
[2.836s] -- Up-to-date: /home/amber/ros2_ws/install/amber_b1_interfaces/share/amber_b1_interfaces/srv/Mode.idl
[2.837s] -- Up-to-date: /home/amber/ros2_ws/install/amber_b1_interfaces/share/amber_b1_interfaces/srv/Mode.srv
[2.837s] -- Up-to-date: /home/amber/ros2_ws/install/amber_b1_interfaces/share/amber_b1_interfaces/srv/Mode_Request.msg
[2.837s] -- Up-to-date: /home/amber/ros2_ws/install/amber_b1_interfaces/share/amber_b1_interfaces/srv/Mode_Response.msg
[2.837s] -- Up-to-date: /home/amber/ros2_ws/install/amber_b1_interfaces/share/ament_index/resource_index/package_run_dependencies/amber_b1_interfaces
[2.839s] -- Up-to-date: /home/amber/ros2_ws/install/amber_b1_interfaces/share/ament_index/resource_index/parent_prefix_path/amber_b1_interfaces
[2.841s] -- Up-to-date: /home/amber/ros2_ws/install/amber_b1_interfaces/share/amber_b1_interfaces/environment/ament_prefix_path.sh
[2.845s] -- Up-to-date: /home/amber/ros2_ws/install/amber_b1_interfaces/share/amber_b1_interfaces/environment/ament_prefix_path.dsv
[2.845s] -- Up-to-date: /home/amber/ros2_ws/install/amber_b1_interfaces/share/amber_b1_interfaces/environment/path.sh
[2.846s] -- Up-to-date: /home/amber/ros2_ws/install/amber_b1_interfaces/share/amber_b1_interfaces/environment/path.dsv
[2.846s] -- Up-to-date: /home/amber/ros2_ws/install/amber_b1_interfaces/share/amber_b1_interfaces/local_setup.bash
[2.846s] -- Up-to-date: /home/amber/ros2_ws/install/amber_b1_interfaces/share/amber_b1_interfaces/local_setup.sh
[2.847s] -- Up-to-date: /home/amber/ros2_ws/install/amber_b1_interfaces/share/amber_b1_interfaces/local_setup.zsh
[2.847s] -- Up-to-date: /home/amber/ros2_ws/install/amber_b1_interfaces/share/amber_b1_interfaces/local_setup.dsv
[2.847s] -- Installing: /home/amber/ros2_ws/install/amber_b1_interfaces/share/amber_b1_interfaces/package.dsv
[2.848s] -- Up-to-date: /home/amber/ros2_ws/install/amber_b1_interfaces/share/ament_index/resource_index/packages/amber_b1_interfaces
[2.850s] -- Up-to-date: /home/amber/ros2_ws/install/amber_b1_interfaces/share/amber_b1_interfaces/cmake/amber_b1_interfaces__rosidl_generator_cExport.cmake
[2.851s] -- Up-to-date: /home/amber/ros2_ws/install/amber_b1_interfaces/share/amber_b1_interfaces/cmake/amber_b1_interfaces__rosidl_generator_cExport-noconfig.cmake
[2.852s] -- Up-to-date: /home/amber/ros2_ws/install/amber_b1_interfaces/share/amber_b1_interfaces/cmake/amber_b1_interfaces__rosidl_typesupport_introspection_cExport.cmake
[2.852s] -- Up-to-date: /home/amber/ros2_ws/install/amber_b1_interfaces/share/amber_b1_interfaces/cmake/amber_b1_interfaces__rosidl_typesupport_introspection_cExport-noconfig.cmake
[2.855s] -- Up-to-date: /home/amber/ros2_ws/install/amber_b1_interfaces/share/amber_b1_interfaces/cmake/amber_b1_interfaces__rosidl_typesupport_cExport.cmake
[2.855s] -- Up-to-date: /home/amber/ros2_ws/install/amber_b1_interfaces/share/amber_b1_interfaces/cmake/amber_b1_interfaces__rosidl_typesupport_cExport-noconfig.cmake
[2.857s] -- Up-to-date: /home/amber/ros2_ws/install/amber_b1_interfaces/share/amber_b1_interfaces/cmake/amber_b1_interfaces__rosidl_generator_cppExport.cmake
[2.859s] -- Up-to-date: /home/amber/ros2_ws/install/amber_b1_interfaces/share/amber_b1_interfaces/cmake/amber_b1_interfaces__rosidl_typesupport_introspection_cppExport.cmake
[2.860s] -- Up-to-date: /home/amber/ros2_ws/install/amber_b1_interfaces/share/amber_b1_interfaces/cmake/amber_b1_interfaces__rosidl_typesupport_introspection_cppExport-noconfig.cmake
[2.861s] -- Up-to-date: /home/amber/ros2_ws/install/amber_b1_interfaces/share/amber_b1_interfaces/cmake/amber_b1_interfaces__rosidl_typesupport_cppExport.cmake
[2.862s] -- Up-to-date: /home/amber/ros2_ws/install/amber_b1_interfaces/share/amber_b1_interfaces/cmake/amber_b1_interfaces__rosidl_typesupport_cppExport-noconfig.cmake
[2.862s] -- Up-to-date: /home/amber/ros2_ws/install/amber_b1_interfaces/share/amber_b1_interfaces/cmake/rosidl_cmake-extras.cmake
[2.863s] -- Up-to-date: /home/amber/ros2_ws/install/amber_b1_interfaces/share/amber_b1_interfaces/cmake/ament_cmake_export_dependencies-extras.cmake
[2.863s] -- Up-to-date: /home/amber/ros2_ws/install/amber_b1_interfaces/share/amber_b1_interfaces/cmake/ament_cmake_export_libraries-extras.cmake
[2.863s] -- Up-to-date: /home/amber/ros2_ws/install/amber_b1_interfaces/share/amber_b1_interfaces/cmake/ament_cmake_export_targets-extras.cmake
[2.863s] -- Up-to-date: /home/amber/ros2_ws/install/amber_b1_interfaces/share/amber_b1_interfaces/cmake/ament_cmake_export_include_directories-extras.cmake
[2.864s] -- Up-to-date: /home/amber/ros2_ws/install/amber_b1_interfaces/share/amber_b1_interfaces/cmake/rosidl_cmake_export_typesupport_libraries-extras.cmake
[2.864s] -- Up-to-date: /home/amber/ros2_ws/install/amber_b1_interfaces/share/amber_b1_interfaces/cmake/rosidl_cmake_export_typesupport_targets-extras.cmake
[2.864s] -- Up-to-date: /home/amber/ros2_ws/install/amber_b1_interfaces/share/amber_b1_interfaces/cmake/amber_b1_interfacesConfig.cmake
[2.864s] -- Up-to-date: /home/amber/ros2_ws/install/amber_b1_interfaces/share/amber_b1_interfaces/cmake/amber_b1_interfacesConfig-version.cmake
[2.865s] -- Up-to-date: /home/amber/ros2_ws/install/amber_b1_interfaces/share/amber_b1_interfaces/package.xml
[2.881s] Invoked command in '/home/amber/ros2_ws/build/amber_b1_interfaces' returned '0': CMAKE_PREFIX_PATH=/opt/ros/foxy /usr/bin/cmake --install /home/amber/ros2_ws/build/amber_b1_interfaces
