[0.104s] Invoking command in '/home/amber/ros2_ws/build/amber_b1_interfaces': CMAKE_PREFIX_PATH=${CMAKE_PREFIX_PATH}:/opt/ros/foxy /usr/bin/cmake --build /home/amber/ros2_ws/build/amber_b1_interfaces -- -j2 -l2
[0.308s] [  9%] Built target amber_b1_interfaces__rosidl_generator_c
[0.386s] [ 12%] Built target amber_b1_interfaces__cpp
[0.477s] [ 22%] Built target amber_b1_interfaces__rosidl_typesupport_c
[0.562s] [ 32%] Built target amber_b1_interfaces__rosidl_typesupport_introspection_c
[0.638s] [ 41%] Built target amber_b1_interfaces__rosidl_typesupport_introspection_cpp
[0.716s] [ 51%] Built target amber_b1_interfaces__rosidl_typesupport_cpp
[0.839s] [ 61%] Built target amber_b1_interfaces__rosidl_typesupport_fastrtps_cpp
[0.919s] [ 70%] Built target amber_b1_interfaces__rosidl_typesupport_fastrtps_c
[0.992s] [ 70%] Built target amber_b1_interfaces
[1.087s] [ 74%] Built target amber_b1_interfaces__py
[1.219s] [ 80%] Built target amber_b1_interfaces__python
[1.330s] [ 87%] Built target amber_b1_interfaces__rosidl_typesupport_c__pyext
[1.449s] [ 93%] Built target amber_b1_interfaces__rosidl_typesupport_introspection_c__pyext
[1.519s] [100%] Built target amber_b1_interfaces__rosidl_typesupport_fastrtps_c__pyext
[1.566s] Invoked command in '/home/amber/ros2_ws/build/amber_b1_interfaces' returned '0': CMAKE_PREFIX_PATH=${CMAKE_PREFIX_PATH}:/opt/ros/foxy /usr/bin/cmake --build /home/amber/ros2_ws/build/amber_b1_interfaces -- -j2 -l2
[1.734s] Invoking command in '/home/amber/ros2_ws/build/amber_b1_interfaces': CMAKE_PREFIX_PATH=${CMAKE_PREFIX_PATH}:/opt/ros/foxy /usr/bin/cmake --install /home/amber/ros2_ws/build/amber_b1_interfaces
[1.778s] -- Install configuration: ""
[1.779s] -- Up-to-date: /home/amber/ros2_ws/install/amber_b1_interfaces/share/ament_index/resource_index/rosidl_interfaces/amber_b1_interfaces
[1.780s] -- Up-to-date: /home/amber/ros2_ws/install/amber_b1_interfaces/include/amber_b1_interfaces
[1.780s] -- Up-to-date: /home/amber/ros2_ws/install/amber_b1_interfaces/include/amber_b1_interfaces/srv
[1.781s] -- Up-to-date: /home/amber/ros2_ws/install/amber_b1_interfaces/include/amber_b1_interfaces/srv/detail
[1.783s] -- Up-to-date: /home/amber/ros2_ws/install/amber_b1_interfaces/include/amber_b1_interfaces/srv/detail/mode__functions.h
[1.783s] -- Up-to-date: /home/amber/ros2_ws/install/amber_b1_interfaces/include/amber_b1_interfaces/srv/detail/mode__type_support.h
[1.784s] -- Up-to-date: /home/amber/ros2_ws/install/amber_b1_interfaces/include/amber_b1_interfaces/srv/detail/mode__functions.c
[1.785s] -- Up-to-date: /home/amber/ros2_ws/install/amber_b1_interfaces/include/amber_b1_interfaces/srv/detail/mode__struct.h
[1.786s] -- Up-to-date: /home/amber/ros2_ws/install/amber_b1_interfaces/include/amber_b1_interfaces/srv/mode.h
[1.789s] -- Up-to-date: /home/amber/ros2_ws/install/amber_b1_interfaces/include/amber_b1_interfaces/msg
[1.791s] -- Up-to-date: /home/amber/ros2_ws/install/amber_b1_interfaces/include/amber_b1_interfaces/msg/rosidl_generator_c__visibility_control.h
[1.792s] -- Up-to-date: /home/amber/ros2_ws/install/amber_b1_interfaces/share/amber_b1_interfaces/environment/library_path.sh
[1.793s] -- Up-to-date: /home/amber/ros2_ws/install/amber_b1_interfaces/share/amber_b1_interfaces/environment/library_path.dsv
[1.795s] -- Up-to-date: /home/amber/ros2_ws/install/amber_b1_interfaces/lib/libamber_b1_interfaces__rosidl_generator_c.so
[1.795s] -- Up-to-date: /home/amber/ros2_ws/install/amber_b1_interfaces/include/amber_b1_interfaces
[1.796s] -- Up-to-date: /home/amber/ros2_ws/install/amber_b1_interfaces/include/amber_b1_interfaces/srv
[1.798s] -- Up-to-date: /home/amber/ros2_ws/install/amber_b1_interfaces/include/amber_b1_interfaces/srv/detail
[1.800s] -- Up-to-date: /home/amber/ros2_ws/install/amber_b1_interfaces/include/amber_b1_interfaces/srv/detail/mode__rosidl_typesupport_fastrtps_c.h
[1.804s] -- Up-to-date: /home/amber/ros2_ws/install/amber_b1_interfaces/include/amber_b1_interfaces/msg
[1.805s] -- Up-to-date: /home/amber/ros2_ws/install/amber_b1_interfaces/include/amber_b1_interfaces/msg/rosidl_typesupport_fastrtps_c__visibility_control.h
[1.806s] -- Up-to-date: /home/amber/ros2_ws/install/amber_b1_interfaces/lib/libamber_b1_interfaces__rosidl_typesupport_fastrtps_c.so
[1.809s] -- Up-to-date: /home/amber/ros2_ws/install/amber_b1_interfaces/include/amber_b1_interfaces
[1.810s] -- Up-to-date: /home/amber/ros2_ws/install/amber_b1_interfaces/include/amber_b1_interfaces/srv
[1.813s] -- Up-to-date: /home/amber/ros2_ws/install/amber_b1_interfaces/include/amber_b1_interfaces/srv/detail
[1.814s] -- Up-to-date: /home/amber/ros2_ws/install/amber_b1_interfaces/include/amber_b1_interfaces/srv/detail/mode__rosidl_typesupport_fastrtps_cpp.hpp
[1.815s] -- Up-to-date: /home/amber/ros2_ws/install/amber_b1_interfaces/include/amber_b1_interfaces/srv/detail/dds_fastrtps
[1.818s] -- Up-to-date: /home/amber/ros2_ws/install/amber_b1_interfaces/include/amber_b1_interfaces/msg
[1.819s] -- Up-to-date: /home/amber/ros2_ws/install/amber_b1_interfaces/include/amber_b1_interfaces/msg/rosidl_typesupport_fastrtps_cpp__visibility_control.h
[1.821s] -- Up-to-date: /home/amber/ros2_ws/install/amber_b1_interfaces/lib/libamber_b1_interfaces__rosidl_typesupport_fastrtps_cpp.so
[1.823s] -- Up-to-date: /home/amber/ros2_ws/install/amber_b1_interfaces/include/amber_b1_interfaces
[1.825s] -- Up-to-date: /home/amber/ros2_ws/install/amber_b1_interfaces/include/amber_b1_interfaces/srv
[1.826s] -- Up-to-date: /home/amber/ros2_ws/install/amber_b1_interfaces/include/amber_b1_interfaces/srv/detail
[1.831s] -- Up-to-date: /home/amber/ros2_ws/install/amber_b1_interfaces/include/amber_b1_interfaces/srv/detail/mode__rosidl_typesupport_introspection_c.h
[1.834s] -- Up-to-date: /home/amber/ros2_ws/install/amber_b1_interfaces/include/amber_b1_interfaces/srv/detail/mode__type_support.c
[1.836s] -- Up-to-date: /home/amber/ros2_ws/install/amber_b1_interfaces/include/amber_b1_interfaces/msg
[1.837s] -- Up-to-date: /home/amber/ros2_ws/install/amber_b1_interfaces/include/amber_b1_interfaces/msg/rosidl_typesupport_introspection_c__visibility_control.h
[1.839s] -- Up-to-date: /home/amber/ros2_ws/install/amber_b1_interfaces/lib/libamber_b1_interfaces__rosidl_typesupport_introspection_c.so
[1.841s] -- Up-to-date: /home/amber/ros2_ws/install/amber_b1_interfaces/lib/libamber_b1_interfaces__rosidl_typesupport_c.so
[1.843s] -- Up-to-date: /home/amber/ros2_ws/install/amber_b1_interfaces/include/amber_b1_interfaces
[1.844s] -- Up-to-date: /home/amber/ros2_ws/install/amber_b1_interfaces/include/amber_b1_interfaces/srv
[1.845s] -- Up-to-date: /home/amber/ros2_ws/install/amber_b1_interfaces/include/amber_b1_interfaces/srv/detail
[1.846s] -- Up-to-date: /home/amber/ros2_ws/install/amber_b1_interfaces/include/amber_b1_interfaces/srv/detail/mode__builder.hpp
[1.846s] -- Up-to-date: /home/amber/ros2_ws/install/amber_b1_interfaces/include/amber_b1_interfaces/srv/detail/mode__traits.hpp
[1.846s] -- Up-to-date: /home/amber/ros2_ws/install/amber_b1_interfaces/include/amber_b1_interfaces/srv/detail/mode__struct.hpp
[1.847s] -- Up-to-date: /home/amber/ros2_ws/install/amber_b1_interfaces/include/amber_b1_interfaces/srv/mode.hpp
[1.847s] -- Up-to-date: /home/amber/ros2_ws/install/amber_b1_interfaces/include/amber_b1_interfaces
[1.849s] -- Up-to-date: /home/amber/ros2_ws/install/amber_b1_interfaces/include/amber_b1_interfaces/srv
[1.849s] -- Up-to-date: /home/amber/ros2_ws/install/amber_b1_interfaces/include/amber_b1_interfaces/srv/detail
[1.850s] -- Up-to-date: /home/amber/ros2_ws/install/amber_b1_interfaces/include/amber_b1_interfaces/srv/detail/mode__rosidl_typesupport_introspection_cpp.hpp
[1.850s] -- Up-to-date: /home/amber/ros2_ws/install/amber_b1_interfaces/include/amber_b1_interfaces/srv/detail/mode__type_support.cpp
[1.850s] -- Up-to-date: /home/amber/ros2_ws/install/amber_b1_interfaces/lib/libamber_b1_interfaces__rosidl_typesupport_introspection_cpp.so
[1.851s] -- Up-to-date: /home/amber/ros2_ws/install/amber_b1_interfaces/lib/libamber_b1_interfaces__rosidl_typesupport_cpp.so
[1.851s] -- Up-to-date: /home/amber/ros2_ws/install/amber_b1_interfaces/share/amber_b1_interfaces/environment/pythonpath.sh
[1.851s] -- Up-to-date: /home/amber/ros2_ws/install/amber_b1_interfaces/share/amber_b1_interfaces/environment/pythonpath.dsv
[1.852s] -- Up-to-date: /home/amber/ros2_ws/install/amber_b1_interfaces/lib/python3.8/site-packages/amber_b1_interfaces/__init__.py
[1.937s] -- Up-to-date: /home/amber/ros2_ws/install/amber_b1_interfaces/lib/python3.8/site-packages/amber_b1_interfaces/srv
[1.938s] -- Up-to-date: /home/amber/ros2_ws/install/amber_b1_interfaces/lib/python3.8/site-packages/amber_b1_interfaces/srv/_mode_s.c
[1.939s] -- Up-to-date: /home/amber/ros2_ws/install/amber_b1_interfaces/lib/python3.8/site-packages/amber_b1_interfaces/srv/_mode.py
[1.941s] -- Up-to-date: /home/amber/ros2_ws/install/amber_b1_interfaces/lib/python3.8/site-packages/amber_b1_interfaces/srv/__init__.py
[1.942s] -- Up-to-date: /home/amber/ros2_ws/install/amber_b1_interfaces/lib/python3.8/site-packages/amber_b1_interfaces/amber_b1_interfaces_s__rosidl_typesupport_fastrtps_c.cpython-38-x86_64-linux-gnu.so
[1.942s] -- Up-to-date: /home/amber/ros2_ws/install/amber_b1_interfaces/lib/python3.8/site-packages/amber_b1_interfaces/amber_b1_interfaces_s__rosidl_typesupport_introspection_c.cpython-38-x86_64-linux-gnu.so
[1.943s] -- Up-to-date: /home/amber/ros2_ws/install/amber_b1_interfaces/lib/python3.8/site-packages/amber_b1_interfaces/amber_b1_interfaces_s__rosidl_typesupport_c.cpython-38-x86_64-linux-gnu.so
[1.943s] -- Up-to-date: /home/amber/ros2_ws/install/amber_b1_interfaces/lib/libamber_b1_interfaces__python.so
[1.944s] -- Up-to-date: /home/amber/ros2_ws/install/amber_b1_interfaces/share/amber_b1_interfaces/srv/Mode.idl
[1.946s] -- Up-to-date: /home/amber/ros2_ws/install/amber_b1_interfaces/share/amber_b1_interfaces/srv/Mode.srv
[1.948s] -- Up-to-date: /home/amber/ros2_ws/install/amber_b1_interfaces/share/amber_b1_interfaces/srv/Mode_Request.msg
[1.948s] -- Up-to-date: /home/amber/ros2_ws/install/amber_b1_interfaces/share/amber_b1_interfaces/srv/Mode_Response.msg
[1.949s] -- Up-to-date: /home/amber/ros2_ws/install/amber_b1_interfaces/share/ament_index/resource_index/package_run_dependencies/amber_b1_interfaces
[1.952s] -- Up-to-date: /home/amber/ros2_ws/install/amber_b1_interfaces/share/ament_index/resource_index/parent_prefix_path/amber_b1_interfaces
[1.953s] -- Up-to-date: /home/amber/ros2_ws/install/amber_b1_interfaces/share/amber_b1_interfaces/environment/ament_prefix_path.sh
[1.955s] -- Up-to-date: /home/amber/ros2_ws/install/amber_b1_interfaces/share/amber_b1_interfaces/environment/ament_prefix_path.dsv
[1.957s] -- Up-to-date: /home/amber/ros2_ws/install/amber_b1_interfaces/share/amber_b1_interfaces/environment/path.sh
[1.957s] -- Up-to-date: /home/amber/ros2_ws/install/amber_b1_interfaces/share/amber_b1_interfaces/environment/path.dsv
[1.958s] -- Up-to-date: /home/amber/ros2_ws/install/amber_b1_interfaces/share/amber_b1_interfaces/local_setup.bash
[1.960s] -- Up-to-date: /home/amber/ros2_ws/install/amber_b1_interfaces/share/amber_b1_interfaces/local_setup.sh
[1.962s] -- Up-to-date: /home/amber/ros2_ws/install/amber_b1_interfaces/share/amber_b1_interfaces/local_setup.zsh
[1.970s] -- Up-to-date: /home/amber/ros2_ws/install/amber_b1_interfaces/share/amber_b1_interfaces/local_setup.dsv
[1.973s] -- Installing: /home/amber/ros2_ws/install/amber_b1_interfaces/share/amber_b1_interfaces/package.dsv
[1.974s] -- Up-to-date: /home/amber/ros2_ws/install/amber_b1_interfaces/share/ament_index/resource_index/packages/amber_b1_interfaces
[1.975s] -- Up-to-date: /home/amber/ros2_ws/install/amber_b1_interfaces/share/amber_b1_interfaces/cmake/amber_b1_interfaces__rosidl_generator_cExport.cmake
[1.975s] -- Up-to-date: /home/amber/ros2_ws/install/amber_b1_interfaces/share/amber_b1_interfaces/cmake/amber_b1_interfaces__rosidl_generator_cExport-noconfig.cmake
[1.976s] -- Up-to-date: /home/amber/ros2_ws/install/amber_b1_interfaces/share/amber_b1_interfaces/cmake/amber_b1_interfaces__rosidl_typesupport_introspection_cExport.cmake
[1.978s] -- Up-to-date: /home/amber/ros2_ws/install/amber_b1_interfaces/share/amber_b1_interfaces/cmake/amber_b1_interfaces__rosidl_typesupport_introspection_cExport-noconfig.cmake
[1.979s] -- Up-to-date: /home/amber/ros2_ws/install/amber_b1_interfaces/share/amber_b1_interfaces/cmake/amber_b1_interfaces__rosidl_typesupport_cExport.cmake
[1.980s] -- Up-to-date: /home/amber/ros2_ws/install/amber_b1_interfaces/share/amber_b1_interfaces/cmake/amber_b1_interfaces__rosidl_typesupport_cExport-noconfig.cmake
[1.980s] -- Up-to-date: /home/amber/ros2_ws/install/amber_b1_interfaces/share/amber_b1_interfaces/cmake/amber_b1_interfaces__rosidl_generator_cppExport.cmake
[1.981s] -- Up-to-date: /home/amber/ros2_ws/install/amber_b1_interfaces/share/amber_b1_interfaces/cmake/amber_b1_interfaces__rosidl_typesupport_introspection_cppExport.cmake
[1.982s] -- Up-to-date: /home/amber/ros2_ws/install/amber_b1_interfaces/share/amber_b1_interfaces/cmake/amber_b1_interfaces__rosidl_typesupport_introspection_cppExport-noconfig.cmake
[1.983s] -- Up-to-date: /home/amber/ros2_ws/install/amber_b1_interfaces/share/amber_b1_interfaces/cmake/amber_b1_interfaces__rosidl_typesupport_cppExport.cmake
[1.984s] -- Up-to-date: /home/amber/ros2_ws/install/amber_b1_interfaces/share/amber_b1_interfaces/cmake/amber_b1_interfaces__rosidl_typesupport_cppExport-noconfig.cmake
[1.984s] -- Up-to-date: /home/amber/ros2_ws/install/amber_b1_interfaces/share/amber_b1_interfaces/cmake/rosidl_cmake-extras.cmake
[1.985s] -- Up-to-date: /home/amber/ros2_ws/install/amber_b1_interfaces/share/amber_b1_interfaces/cmake/ament_cmake_export_dependencies-extras.cmake
[1.985s] -- Up-to-date: /home/amber/ros2_ws/install/amber_b1_interfaces/share/amber_b1_interfaces/cmake/ament_cmake_export_libraries-extras.cmake
[1.987s] -- Up-to-date: /home/amber/ros2_ws/install/amber_b1_interfaces/share/amber_b1_interfaces/cmake/ament_cmake_export_targets-extras.cmake
[1.991s] -- Up-to-date: /home/amber/ros2_ws/install/amber_b1_interfaces/share/amber_b1_interfaces/cmake/ament_cmake_export_include_directories-extras.cmake
[1.991s] -- Up-to-date: /home/amber/ros2_ws/install/amber_b1_interfaces/share/amber_b1_interfaces/cmake/rosidl_cmake_export_typesupport_libraries-extras.cmake
[1.993s] -- Up-to-date: /home/amber/ros2_ws/install/amber_b1_interfaces/share/amber_b1_interfaces/cmake/rosidl_cmake_export_typesupport_targets-extras.cmake
[1.995s] -- Up-to-date: /home/amber/ros2_ws/install/amber_b1_interfaces/share/amber_b1_interfaces/cmake/amber_b1_interfacesConfig.cmake
[1.996s] -- Up-to-date: /home/amber/ros2_ws/install/amber_b1_interfaces/share/amber_b1_interfaces/cmake/amber_b1_interfacesConfig-version.cmake
[1.997s] -- Up-to-date: /home/amber/ros2_ws/install/amber_b1_interfaces/share/amber_b1_interfaces/package.xml
[1.998s] Invoked command in '/home/amber/ros2_ws/build/amber_b1_interfaces' returned '0': CMAKE_PREFIX_PATH=${CMAKE_PREFIX_PATH}:/opt/ros/foxy /usr/bin/cmake --install /home/amber/ros2_ws/build/amber_b1_interfaces
