[0.278s] Invoking command in '/home/amber/ros2_ws/build/amber_b1_joint_control_demo': CMAKE_PREFIX_PATH=${CMAKE_PREFIX_PATH}:/opt/ros/foxy /usr/bin/cmake --build /home/amber/ros2_ws/build/amber_b1_joint_control_demo -- -j2 -l2
[0.487s] [100%] Built target joint_control_demo
[0.585s] Invoked command in '/home/amber/ros2_ws/build/amber_b1_joint_control_demo' returned '0': CMAKE_PREFIX_PATH=${CMAKE_PREFIX_PATH}:/opt/ros/foxy /usr/bin/cmake --build /home/amber/ros2_ws/build/amber_b1_joint_control_demo -- -j2 -l2
[0.720s] Invoking command in '/home/amber/ros2_ws/build/amber_b1_joint_control_demo': CMAKE_PREFIX_PATH=${CMAKE_PREFIX_PATH}:/opt/ros/foxy /usr/bin/cmake --install /home/amber/ros2_ws/build/amber_b1_joint_control_demo
[0.781s] -- Install configuration: ""
[0.782s] -- Up-to-date: /home/amber/ros2_ws/install/amber_b1_joint_control_demo/lib/amber_b1_joint_control_demo/joint_control_demo
[0.783s] -- Up-to-date: /home/amber/ros2_ws/install/amber_b1_joint_control_demo/share/ament_index/resource_index/package_run_dependencies/amber_b1_joint_control_demo
[0.784s] -- Up-to-date: /home/amber/ros2_ws/install/amber_b1_joint_control_demo/share/ament_index/resource_index/parent_prefix_path/amber_b1_joint_control_demo
[0.786s] -- Up-to-date: /home/amber/ros2_ws/install/amber_b1_joint_control_demo/share/amber_b1_joint_control_demo/environment/ament_prefix_path.sh
[0.788s] -- Up-to-date: /home/amber/ros2_ws/install/amber_b1_joint_control_demo/share/amber_b1_joint_control_demo/environment/ament_prefix_path.dsv
[0.788s] -- Up-to-date: /home/amber/ros2_ws/install/amber_b1_joint_control_demo/share/amber_b1_joint_control_demo/environment/path.sh
[0.789s] -- Up-to-date: /home/amber/ros2_ws/install/amber_b1_joint_control_demo/share/amber_b1_joint_control_demo/environment/path.dsv
[0.789s] -- Up-to-date: /home/amber/ros2_ws/install/amber_b1_joint_control_demo/share/amber_b1_joint_control_demo/local_setup.bash
[0.791s] -- Up-to-date: /home/amber/ros2_ws/install/amber_b1_joint_control_demo/share/amber_b1_joint_control_demo/local_setup.sh
[0.809s] -- Up-to-date: /home/amber/ros2_ws/install/amber_b1_joint_control_demo/share/amber_b1_joint_control_demo/local_setup.zsh
[0.810s] -- Up-to-date: /home/amber/ros2_ws/install/amber_b1_joint_control_demo/share/amber_b1_joint_control_demo/local_setup.dsv
[0.814s] -- Installing: /home/amber/ros2_ws/install/amber_b1_joint_control_demo/share/amber_b1_joint_control_demo/package.dsv
[0.815s] -- Up-to-date: /home/amber/ros2_ws/install/amber_b1_joint_control_demo/share/ament_index/resource_index/packages/amber_b1_joint_control_demo
[0.815s] -- Up-to-date: /home/amber/ros2_ws/install/amber_b1_joint_control_demo/share/amber_b1_joint_control_demo/cmake/amber_b1_joint_control_demoConfig.cmake
[0.816s] -- Up-to-date: /home/amber/ros2_ws/install/amber_b1_joint_control_demo/share/amber_b1_joint_control_demo/cmake/amber_b1_joint_control_demoConfig-version.cmake
[0.816s] -- Up-to-date: /home/amber/ros2_ws/install/amber_b1_joint_control_demo/share/amber_b1_joint_control_demo/package.xml
[0.819s] Invoked command in '/home/amber/ros2_ws/build/amber_b1_joint_control_demo' returned '0': CMAKE_PREFIX_PATH=${CMAKE_PREFIX_PATH}:/opt/ros/foxy /usr/bin/cmake --install /home/amber/ros2_ws/build/amber_b1_joint_control_demo
