[0.117s] Invoking command in '/home/amber/ros2_ws/build/amber_b1_interfaces': CMAKE_PREFIX_PATH=${CMAKE_PREFIX_PATH}:/opt/ros/foxy /usr/bin/cmake --build /home/amber/ros2_ws/build/amber_b1_interfaces -- -j2 -l2
[0.355s] [  9%] Built target amber_b1_interfaces__rosidl_generator_c
[0.437s] [ 12%] Built target amber_b1_interfaces__cpp
[0.530s] [ 22%] Built target amber_b1_interfaces__rosidl_typesupport_c
[0.628s] [ 32%] Built target amber_b1_interfaces__rosidl_typesupport_introspection_c
[0.722s] [ 41%] Built target amber_b1_interfaces__rosidl_typesupport_introspection_cpp
[0.822s] [ 51%] Built target amber_b1_interfaces__rosidl_typesupport_cpp
[0.922s] [ 61%] Built target amber_b1_interfaces__rosidl_typesupport_fastrtps_cpp
[1.019s] [ 70%] Built target amber_b1_interfaces__rosidl_typesupport_fastrtps_c
[1.129s] [ 70%] Built target amber_b1_interfaces
[1.223s] [ 74%] Built target amber_b1_interfaces__py
[1.315s] [ 80%] Built target amber_b1_interfaces__python
[1.402s] [ 87%] Built target amber_b1_interfaces__rosidl_typesupport_c__pyext
[1.508s] [ 93%] Built target amber_b1_interfaces__rosidl_typesupport_introspection_c__pyext
[1.595s] [100%] Built target amber_b1_interfaces__rosidl_typesupport_fastrtps_c__pyext
[1.667s] Invoked command in '/home/amber/ros2_ws/build/amber_b1_interfaces' returned '0': CMAKE_PREFIX_PATH=${CMAKE_PREFIX_PATH}:/opt/ros/foxy /usr/bin/cmake --build /home/amber/ros2_ws/build/amber_b1_interfaces -- -j2 -l2
[1.866s] Invoking command in '/home/amber/ros2_ws/build/amber_b1_interfaces': CMAKE_PREFIX_PATH=${CMAKE_PREFIX_PATH}:/opt/ros/foxy /usr/bin/cmake --install /home/amber/ros2_ws/build/amber_b1_interfaces
[1.929s] -- Install configuration: ""
[1.930s] -- Up-to-date: /home/amber/ros2_ws/install/amber_b1_interfaces/share/ament_index/resource_index/rosidl_interfaces/amber_b1_interfaces
[1.931s] -- Up-to-date: /home/amber/ros2_ws/install/amber_b1_interfaces/include/amber_b1_interfaces
[1.931s] -- Up-to-date: /home/amber/ros2_ws/install/amber_b1_interfaces/include/amber_b1_interfaces/srv
[1.933s] -- Up-to-date: /home/amber/ros2_ws/install/amber_b1_interfaces/include/amber_b1_interfaces/srv/detail
[1.933s] -- Up-to-date: /home/amber/ros2_ws/install/amber_b1_interfaces/include/amber_b1_interfaces/srv/detail/mode__functions.h
[1.934s] -- Up-to-date: /home/amber/ros2_ws/install/amber_b1_interfaces/include/amber_b1_interfaces/srv/detail/mode__type_support.h
[1.935s] -- Up-to-date: /home/amber/ros2_ws/install/amber_b1_interfaces/include/amber_b1_interfaces/srv/detail/mode__functions.c
[1.935s] -- Up-to-date: /home/amber/ros2_ws/install/amber_b1_interfaces/include/amber_b1_interfaces/srv/detail/mode__struct.h
[1.936s] -- Up-to-date: /home/amber/ros2_ws/install/amber_b1_interfaces/include/amber_b1_interfaces/srv/mode.h
[1.941s] -- Up-to-date: /home/amber/ros2_ws/install/amber_b1_interfaces/include/amber_b1_interfaces/msg
[1.943s] -- Up-to-date: /home/amber/ros2_ws/install/amber_b1_interfaces/include/amber_b1_interfaces/msg/rosidl_generator_c__visibility_control.h
[1.945s] -- Up-to-date: /home/amber/ros2_ws/install/amber_b1_interfaces/share/amber_b1_interfaces/environment/library_path.sh
[1.950s] -- Up-to-date: /home/amber/ros2_ws/install/amber_b1_interfaces/share/amber_b1_interfaces/environment/library_path.dsv
[1.954s] -- Up-to-date: /home/amber/ros2_ws/install/amber_b1_interfaces/lib/libamber_b1_interfaces__rosidl_generator_c.so
[1.956s] -- Up-to-date: /home/amber/ros2_ws/install/amber_b1_interfaces/include/amber_b1_interfaces
[1.959s] -- Up-to-date: /home/amber/ros2_ws/install/amber_b1_interfaces/include/amber_b1_interfaces/srv
[1.961s] -- Up-to-date: /home/amber/ros2_ws/install/amber_b1_interfaces/include/amber_b1_interfaces/srv/detail
[1.965s] -- Up-to-date: /home/amber/ros2_ws/install/amber_b1_interfaces/include/amber_b1_interfaces/srv/detail/mode__rosidl_typesupport_fastrtps_c.h
[1.969s] -- Up-to-date: /home/amber/ros2_ws/install/amber_b1_interfaces/include/amber_b1_interfaces/msg
[1.971s] -- Up-to-date: /home/amber/ros2_ws/install/amber_b1_interfaces/include/amber_b1_interfaces/msg/rosidl_typesupport_fastrtps_c__visibility_control.h
[1.975s] -- Up-to-date: /home/amber/ros2_ws/install/amber_b1_interfaces/lib/libamber_b1_interfaces__rosidl_typesupport_fastrtps_c.so
[1.975s] -- Up-to-date: /home/amber/ros2_ws/install/amber_b1_interfaces/include/amber_b1_interfaces
[1.976s] -- Up-to-date: /home/amber/ros2_ws/install/amber_b1_interfaces/include/amber_b1_interfaces/srv
[1.976s] -- Up-to-date: /home/amber/ros2_ws/install/amber_b1_interfaces/include/amber_b1_interfaces/srv/detail
[1.976s] -- Up-to-date: /home/amber/ros2_ws/install/amber_b1_interfaces/include/amber_b1_interfaces/srv/detail/mode__rosidl_typesupport_fastrtps_cpp.hpp
[1.976s] -- Up-to-date: /home/amber/ros2_ws/install/amber_b1_interfaces/include/amber_b1_interfaces/srv/detail/dds_fastrtps
[1.977s] -- Up-to-date: /home/amber/ros2_ws/install/amber_b1_interfaces/include/amber_b1_interfaces/msg
[1.977s] -- Up-to-date: /home/amber/ros2_ws/install/amber_b1_interfaces/include/amber_b1_interfaces/msg/rosidl_typesupport_fastrtps_cpp__visibility_control.h
[1.978s] -- Up-to-date: /home/amber/ros2_ws/install/amber_b1_interfaces/lib/libamber_b1_interfaces__rosidl_typesupport_fastrtps_cpp.so
[1.979s] -- Up-to-date: /home/amber/ros2_ws/install/amber_b1_interfaces/include/amber_b1_interfaces
[1.979s] -- Up-to-date: /home/amber/ros2_ws/install/amber_b1_interfaces/include/amber_b1_interfaces/srv
[1.980s] -- Up-to-date: /home/amber/ros2_ws/install/amber_b1_interfaces/include/amber_b1_interfaces/srv/detail
[1.980s] -- Up-to-date: /home/amber/ros2_ws/install/amber_b1_interfaces/include/amber_b1_interfaces/srv/detail/mode__rosidl_typesupport_introspection_c.h
[1.980s] -- Up-to-date: /home/amber/ros2_ws/install/amber_b1_interfaces/include/amber_b1_interfaces/srv/detail/mode__type_support.c
[1.981s] -- Up-to-date: /home/amber/ros2_ws/install/amber_b1_interfaces/include/amber_b1_interfaces/msg
[1.981s] -- Up-to-date: /home/amber/ros2_ws/install/amber_b1_interfaces/include/amber_b1_interfaces/msg/rosidl_typesupport_introspection_c__visibility_control.h
[1.981s] -- Up-to-date: /home/amber/ros2_ws/install/amber_b1_interfaces/lib/libamber_b1_interfaces__rosidl_typesupport_introspection_c.so
[1.981s] -- Up-to-date: /home/amber/ros2_ws/install/amber_b1_interfaces/lib/libamber_b1_interfaces__rosidl_typesupport_c.so
[1.982s] -- Up-to-date: /home/amber/ros2_ws/install/amber_b1_interfaces/include/amber_b1_interfaces
[1.982s] -- Up-to-date: /home/amber/ros2_ws/install/amber_b1_interfaces/include/amber_b1_interfaces/srv
[1.982s] -- Up-to-date: /home/amber/ros2_ws/install/amber_b1_interfaces/include/amber_b1_interfaces/srv/detail
[1.982s] -- Up-to-date: /home/amber/ros2_ws/install/amber_b1_interfaces/include/amber_b1_interfaces/srv/detail/mode__builder.hpp
[1.983s] -- Up-to-date: /home/amber/ros2_ws/install/amber_b1_interfaces/include/amber_b1_interfaces/srv/detail/mode__traits.hpp
[1.984s] -- Up-to-date: /home/amber/ros2_ws/install/amber_b1_interfaces/include/amber_b1_interfaces/srv/detail/mode__struct.hpp
[1.984s] -- Up-to-date: /home/amber/ros2_ws/install/amber_b1_interfaces/include/amber_b1_interfaces/srv/mode.hpp
[1.984s] -- Up-to-date: /home/amber/ros2_ws/install/amber_b1_interfaces/include/amber_b1_interfaces
[1.984s] -- Up-to-date: /home/amber/ros2_ws/install/amber_b1_interfaces/include/amber_b1_interfaces/srv
[1.985s] -- Up-to-date: /home/amber/ros2_ws/install/amber_b1_interfaces/include/amber_b1_interfaces/srv/detail
[1.985s] -- Up-to-date: /home/amber/ros2_ws/install/amber_b1_interfaces/include/amber_b1_interfaces/srv/detail/mode__rosidl_typesupport_introspection_cpp.hpp
[1.986s] -- Up-to-date: /home/amber/ros2_ws/install/amber_b1_interfaces/include/amber_b1_interfaces/srv/detail/mode__type_support.cpp
[1.986s] -- Up-to-date: /home/amber/ros2_ws/install/amber_b1_interfaces/lib/libamber_b1_interfaces__rosidl_typesupport_introspection_cpp.so
[1.998s] -- Up-to-date: /home/amber/ros2_ws/install/amber_b1_interfaces/lib/libamber_b1_interfaces__rosidl_typesupport_cpp.so
[1.999s] -- Up-to-date: /home/amber/ros2_ws/install/amber_b1_interfaces/share/amber_b1_interfaces/environment/pythonpath.sh
[2.000s] -- Up-to-date: /home/amber/ros2_ws/install/amber_b1_interfaces/share/amber_b1_interfaces/environment/pythonpath.dsv
[2.000s] -- Up-to-date: /home/amber/ros2_ws/install/amber_b1_interfaces/lib/python3.8/site-packages/amber_b1_interfaces/__init__.py
[2.130s] -- Up-to-date: /home/amber/ros2_ws/install/amber_b1_interfaces/lib/python3.8/site-packages/amber_b1_interfaces/srv
[2.133s] -- Up-to-date: /home/amber/ros2_ws/install/amber_b1_interfaces/lib/python3.8/site-packages/amber_b1_interfaces/srv/_mode_s.c
[2.133s] -- Up-to-date: /home/amber/ros2_ws/install/amber_b1_interfaces/lib/python3.8/site-packages/amber_b1_interfaces/srv/_mode.py
[2.134s] -- Up-to-date: /home/amber/ros2_ws/install/amber_b1_interfaces/lib/python3.8/site-packages/amber_b1_interfaces/srv/__init__.py
[2.134s] -- Up-to-date: /home/amber/ros2_ws/install/amber_b1_interfaces/lib/python3.8/site-packages/amber_b1_interfaces/amber_b1_interfaces_s__rosidl_typesupport_fastrtps_c.cpython-38-x86_64-linux-gnu.so
[2.135s] -- Up-to-date: /home/amber/ros2_ws/install/amber_b1_interfaces/lib/python3.8/site-packages/amber_b1_interfaces/amber_b1_interfaces_s__rosidl_typesupport_introspection_c.cpython-38-x86_64-linux-gnu.so
[2.137s] -- Up-to-date: /home/amber/ros2_ws/install/amber_b1_interfaces/lib/python3.8/site-packages/amber_b1_interfaces/amber_b1_interfaces_s__rosidl_typesupport_c.cpython-38-x86_64-linux-gnu.so
[2.141s] -- Up-to-date: /home/amber/ros2_ws/install/amber_b1_interfaces/lib/libamber_b1_interfaces__python.so
[2.144s] -- Up-to-date: /home/amber/ros2_ws/install/amber_b1_interfaces/share/amber_b1_interfaces/srv/Mode.idl
[2.145s] -- Up-to-date: /home/amber/ros2_ws/install/amber_b1_interfaces/share/amber_b1_interfaces/srv/Mode.srv
[2.145s] -- Up-to-date: /home/amber/ros2_ws/install/amber_b1_interfaces/share/amber_b1_interfaces/srv/Mode_Request.msg
[2.146s] -- Up-to-date: /home/amber/ros2_ws/install/amber_b1_interfaces/share/amber_b1_interfaces/srv/Mode_Response.msg
[2.147s] -- Up-to-date: /home/amber/ros2_ws/install/amber_b1_interfaces/share/ament_index/resource_index/package_run_dependencies/amber_b1_interfaces
[2.147s] -- Up-to-date: /home/amber/ros2_ws/install/amber_b1_interfaces/share/ament_index/resource_index/parent_prefix_path/amber_b1_interfaces
[2.148s] -- Up-to-date: /home/amber/ros2_ws/install/amber_b1_interfaces/share/amber_b1_interfaces/environment/ament_prefix_path.sh
[2.149s] -- Up-to-date: /home/amber/ros2_ws/install/amber_b1_interfaces/share/amber_b1_interfaces/environment/ament_prefix_path.dsv
[2.149s] -- Up-to-date: /home/amber/ros2_ws/install/amber_b1_interfaces/share/amber_b1_interfaces/environment/path.sh
[2.150s] -- Up-to-date: /home/amber/ros2_ws/install/amber_b1_interfaces/share/amber_b1_interfaces/environment/path.dsv
[2.150s] -- Up-to-date: /home/amber/ros2_ws/install/amber_b1_interfaces/share/amber_b1_interfaces/local_setup.bash
[2.151s] -- Up-to-date: /home/amber/ros2_ws/install/amber_b1_interfaces/share/amber_b1_interfaces/local_setup.sh
[2.151s] -- Up-to-date: /home/amber/ros2_ws/install/amber_b1_interfaces/share/amber_b1_interfaces/local_setup.zsh
[2.152s] -- Up-to-date: /home/amber/ros2_ws/install/amber_b1_interfaces/share/amber_b1_interfaces/local_setup.dsv
[2.152s] -- Installing: /home/amber/ros2_ws/install/amber_b1_interfaces/share/amber_b1_interfaces/package.dsv
[2.153s] -- Up-to-date: /home/amber/ros2_ws/install/amber_b1_interfaces/share/ament_index/resource_index/packages/amber_b1_interfaces
[2.154s] -- Up-to-date: /home/amber/ros2_ws/install/amber_b1_interfaces/share/amber_b1_interfaces/cmake/amber_b1_interfaces__rosidl_generator_cExport.cmake
[2.154s] -- Up-to-date: /home/amber/ros2_ws/install/amber_b1_interfaces/share/amber_b1_interfaces/cmake/amber_b1_interfaces__rosidl_generator_cExport-noconfig.cmake
[2.154s] -- Up-to-date: /home/amber/ros2_ws/install/amber_b1_interfaces/share/amber_b1_interfaces/cmake/amber_b1_interfaces__rosidl_typesupport_introspection_cExport.cmake
[2.155s] -- Up-to-date: /home/amber/ros2_ws/install/amber_b1_interfaces/share/amber_b1_interfaces/cmake/amber_b1_interfaces__rosidl_typesupport_introspection_cExport-noconfig.cmake
[2.156s] -- Up-to-date: /home/amber/ros2_ws/install/amber_b1_interfaces/share/amber_b1_interfaces/cmake/amber_b1_interfaces__rosidl_typesupport_cExport.cmake
[2.157s] -- Up-to-date: /home/amber/ros2_ws/install/amber_b1_interfaces/share/amber_b1_interfaces/cmake/amber_b1_interfaces__rosidl_typesupport_cExport-noconfig.cmake
[2.160s] -- Up-to-date: /home/amber/ros2_ws/install/amber_b1_interfaces/share/amber_b1_interfaces/cmake/amber_b1_interfaces__rosidl_generator_cppExport.cmake
[2.162s] -- Up-to-date: /home/amber/ros2_ws/install/amber_b1_interfaces/share/amber_b1_interfaces/cmake/amber_b1_interfaces__rosidl_typesupport_introspection_cppExport.cmake
[2.162s] -- Up-to-date: /home/amber/ros2_ws/install/amber_b1_interfaces/share/amber_b1_interfaces/cmake/amber_b1_interfaces__rosidl_typesupport_introspection_cppExport-noconfig.cmake
[2.164s] -- Up-to-date: /home/amber/ros2_ws/install/amber_b1_interfaces/share/amber_b1_interfaces/cmake/amber_b1_interfaces__rosidl_typesupport_cppExport.cmake
[2.165s] -- Up-to-date: /home/amber/ros2_ws/install/amber_b1_interfaces/share/amber_b1_interfaces/cmake/amber_b1_interfaces__rosidl_typesupport_cppExport-noconfig.cmake
[2.166s] -- Up-to-date: /home/amber/ros2_ws/install/amber_b1_interfaces/share/amber_b1_interfaces/cmake/rosidl_cmake-extras.cmake
[2.166s] -- Up-to-date: /home/amber/ros2_ws/install/amber_b1_interfaces/share/amber_b1_interfaces/cmake/ament_cmake_export_dependencies-extras.cmake
[2.169s] -- Up-to-date: /home/amber/ros2_ws/install/amber_b1_interfaces/share/amber_b1_interfaces/cmake/ament_cmake_export_libraries-extras.cmake
[2.169s] -- Up-to-date: /home/amber/ros2_ws/install/amber_b1_interfaces/share/amber_b1_interfaces/cmake/ament_cmake_export_targets-extras.cmake
[2.170s] -- Up-to-date: /home/amber/ros2_ws/install/amber_b1_interfaces/share/amber_b1_interfaces/cmake/ament_cmake_export_include_directories-extras.cmake
[2.170s] -- Up-to-date: /home/amber/ros2_ws/install/amber_b1_interfaces/share/amber_b1_interfaces/cmake/rosidl_cmake_export_typesupport_libraries-extras.cmake
[2.172s] -- Up-to-date: /home/amber/ros2_ws/install/amber_b1_interfaces/share/amber_b1_interfaces/cmake/rosidl_cmake_export_typesupport_targets-extras.cmake
[2.173s] -- Up-to-date: /home/amber/ros2_ws/install/amber_b1_interfaces/share/amber_b1_interfaces/cmake/amber_b1_interfacesConfig.cmake
[2.174s] -- Up-to-date: /home/amber/ros2_ws/install/amber_b1_interfaces/share/amber_b1_interfaces/cmake/amber_b1_interfacesConfig-version.cmake
[2.175s] -- Up-to-date: /home/amber/ros2_ws/install/amber_b1_interfaces/share/amber_b1_interfaces/package.xml
[2.190s] Invoked command in '/home/amber/ros2_ws/build/amber_b1_interfaces' returned '0': CMAKE_PREFIX_PATH=${CMAKE_PREFIX_PATH}:/opt/ros/foxy /usr/bin/cmake --install /home/amber/ros2_ws/build/amber_b1_interfaces
