[0.091s] Invoking command in '/home/amber/ros2_ws/build/amber_b1_description': CMAKE_PREFIX_PATH=${CMAKE_PREFIX_PATH}:/opt/ros/foxy /usr/bin/cmake --build /home/amber/ros2_ws/build/amber_b1_description -- -j4 -l4
[0.201s] Invoked command in '/home/amber/ros2_ws/build/amber_b1_description' returned '0': CMAKE_PREFIX_PATH=${CMAKE_PREFIX_PATH}:/opt/ros/foxy /usr/bin/cmake --build /home/amber/ros2_ws/build/amber_b1_description -- -j4 -l4
[0.360s] Invoking command in '/home/amber/ros2_ws/build/amber_b1_description': CMAKE_PREFIX_PATH=${CMAKE_PREFIX_PATH}:/opt/ros/foxy /usr/bin/cmake --install /home/amber/ros2_ws/build/amber_b1_description
[0.390s] -- Install configuration: ""
[0.392s] -- Up-to-date: /home/amber/ros2_ws/install/amber_b1_description/share/amber_b1_description/config
[0.393s] -- Up-to-date: /home/amber/ros2_ws/install/amber_b1_description/share/amber_b1_description/config/rviz.rviz
[0.394s] -- Up-to-date: /home/amber/ros2_ws/install/amber_b1_description/share/amber_b1_description/meshes
[0.394s] -- Up-to-date: /home/amber/ros2_ws/install/amber_b1_description/share/amber_b1_description/meshes/six_Link.STL
[0.394s] -- Up-to-date: /home/amber/ros2_ws/install/amber_b1_description/share/amber_b1_description/meshes/seven_Link.STL
[0.397s] -- Up-to-date: /home/amber/ros2_ws/install/amber_b1_description/share/amber_b1_description/meshes/base_link.STL
[0.403s] -- Up-to-date: /home/amber/ros2_ws/install/amber_b1_description/share/amber_b1_description/meshes/five_Link.STL
[0.404s] -- Up-to-date: /home/amber/ros2_ws/install/amber_b1_description/share/amber_b1_description/meshes/one_Link.STL
[0.405s] -- Up-to-date: /home/amber/ros2_ws/install/amber_b1_description/share/amber_b1_description/meshes/two_Link.STL
[0.406s] -- Up-to-date: /home/amber/ros2_ws/install/amber_b1_description/share/amber_b1_description/meshes/four_Link.STL
[0.406s] -- Up-to-date: /home/amber/ros2_ws/install/amber_b1_description/share/amber_b1_description/meshes/three_Link.STL
[0.407s] -- Up-to-date: /home/amber/ros2_ws/install/amber_b1_description/share/amber_b1_description/launch
[0.408s] -- Up-to-date: /home/amber/ros2_ws/install/amber_b1_description/share/amber_b1_description/launch/view_robot_ex.launch.py
[0.409s] -- Up-to-date: /home/amber/ros2_ws/install/amber_b1_description/share/amber_b1_description/launch/view_robot.launch.py
[0.410s] -- Up-to-date: /home/amber/ros2_ws/install/amber_b1_description/share/amber_b1_description/urdf
[0.414s] -- Up-to-date: /home/amber/ros2_ws/install/amber_b1_description/share/amber_b1_description/urdf/amber_b1.ros2_control.xacro
[0.416s] -- Up-to-date: /home/amber/ros2_ws/install/amber_b1_description/share/amber_b1_description/urdf/amber_b1.urdf.xacro
[0.418s] -- Up-to-date: /home/amber/ros2_ws/install/amber_b1_description/share/amber_b1_description/urdf/amber_b1.urdf
[0.420s] -- Up-to-date: /home/amber/ros2_ws/install/amber_b1_description/share/amber_b1_description/urdf/amber_b1_description.urdf.xacro
[0.420s] -- Up-to-date: /home/amber/ros2_ws/install/amber_b1_description/share/ament_index/resource_index/package_run_dependencies/amber_b1_description
[0.421s] -- Up-to-date: /home/amber/ros2_ws/install/amber_b1_description/share/ament_index/resource_index/parent_prefix_path/amber_b1_description
[0.421s] -- Up-to-date: /home/amber/ros2_ws/install/amber_b1_description/share/amber_b1_description/environment/ament_prefix_path.sh
[0.422s] -- Up-to-date: /home/amber/ros2_ws/install/amber_b1_description/share/amber_b1_description/environment/ament_prefix_path.dsv
[0.425s] -- Up-to-date: /home/amber/ros2_ws/install/amber_b1_description/share/amber_b1_description/environment/path.sh
[0.426s] -- Up-to-date: /home/amber/ros2_ws/install/amber_b1_description/share/amber_b1_description/environment/path.dsv
[0.428s] -- Up-to-date: /home/amber/ros2_ws/install/amber_b1_description/share/amber_b1_description/local_setup.bash
[0.429s] -- Up-to-date: /home/amber/ros2_ws/install/amber_b1_description/share/amber_b1_description/local_setup.sh
[0.430s] -- Up-to-date: /home/amber/ros2_ws/install/amber_b1_description/share/amber_b1_description/local_setup.zsh
[0.431s] -- Up-to-date: /home/amber/ros2_ws/install/amber_b1_description/share/amber_b1_description/local_setup.dsv
[0.433s] -- Installing: /home/amber/ros2_ws/install/amber_b1_description/share/amber_b1_description/package.dsv
[0.435s] -- Up-to-date: /home/amber/ros2_ws/install/amber_b1_description/share/ament_index/resource_index/packages/amber_b1_description
[0.436s] -- Up-to-date: /home/amber/ros2_ws/install/amber_b1_description/share/amber_b1_description/cmake/amber_b1_descriptionConfig.cmake
[0.436s] -- Up-to-date: /home/amber/ros2_ws/install/amber_b1_description/share/amber_b1_description/cmake/amber_b1_descriptionConfig-version.cmake
[0.437s] -- Up-to-date: /home/amber/ros2_ws/install/amber_b1_description/share/amber_b1_description/package.xml
[0.465s] Invoked command in '/home/amber/ros2_ws/build/amber_b1_description' returned '0': CMAKE_PREFIX_PATH=${CMAKE_PREFIX_PATH}:/opt/ros/foxy /usr/bin/cmake --install /home/amber/ros2_ws/build/amber_b1_description
