[0.093s] Invoking command in '/home/amber/ros2_ws/build/amber_b1_bringup': CMAKE_PREFIX_PATH=${CMAKE_PREFIX_PATH}:/opt/ros/foxy /usr/bin/cmake /home/amber/ros2_ws/src/amber_b1/amber_b1_bringup -DCMAKE_INSTALL_PREFIX=/home/amber/ros2_ws/install/amber_b1_bringup
[0.141s] -- Found ament_cmake: 0.9.9 (/opt/ros/foxy/share/ament_cmake/cmake)
[0.187s] -- Using PYTHON_EXECUTABLE: /usr/bin/python3
[0.806s] -- Found joint_state_broadcaster: 0.5.1 (/opt/ros/foxy/share/joint_state_broadcaster/cmake)
[0.857s] -- Using all available rosidl_typesupport_c: rosidl_typesupport_fastrtps_c;rosidl_typesupport_introspection_c
[0.867s] -- Found rosidl_adapter: 1.2.1 (/opt/ros/foxy/share/rosidl_adapter/cmake)
[1.125s] -- Using all available rosidl_typesupport_cpp: rosidl_typesupport_fastrtps_cpp;rosidl_typesupport_introspection_cpp
[2.877s] -- Found rmw_implementation_cmake: 1.0.3 (/opt/ros/foxy/share/rmw_implementation_cmake/cmake)
[2.882s] -- Using RMW implementation 'rmw_fastrtps_cpp' as default
[3.829s] -- Found joint_trajectory_controller: 0.5.1 (/opt/ros/foxy/share/joint_trajectory_controller/cmake)
[4.163s] -- Found amber_b1_description: 0.0.1 (/home/amber/ros2_ws/install/amber_b1_description/share/amber_b1_description/cmake)
[4.167s] -- Found ament_lint_auto: 0.9.6 (/opt/ros/foxy/share/ament_lint_auto/cmake)
[4.381s] -- Configuring done
[4.388s] -- Generating done
[4.405s] -- Build files have been written to: /home/amber/ros2_ws/build/amber_b1_bringup
[4.426s] Invoked command in '/home/amber/ros2_ws/build/amber_b1_bringup' returned '0': CMAKE_PREFIX_PATH=${CMAKE_PREFIX_PATH}:/opt/ros/foxy /usr/bin/cmake /home/amber/ros2_ws/src/amber_b1/amber_b1_bringup -DCMAKE_INSTALL_PREFIX=/home/amber/ros2_ws/install/amber_b1_bringup
[4.435s] Invoking command in '/home/amber/ros2_ws/build/amber_b1_bringup': CMAKE_PREFIX_PATH=${CMAKE_PREFIX_PATH}:/opt/ros/foxy /usr/bin/cmake --build /home/amber/ros2_ws/build/amber_b1_bringup -- -j4 -l4
[4.550s] Invoked command in '/home/amber/ros2_ws/build/amber_b1_bringup' returned '0': CMAKE_PREFIX_PATH=${CMAKE_PREFIX_PATH}:/opt/ros/foxy /usr/bin/cmake --build /home/amber/ros2_ws/build/amber_b1_bringup -- -j4 -l4
[4.623s] Invoking command in '/home/amber/ros2_ws/build/amber_b1_bringup': CMAKE_PREFIX_PATH=${CMAKE_PREFIX_PATH}:/opt/ros/foxy /usr/bin/cmake --install /home/amber/ros2_ws/build/amber_b1_bringup
[4.651s] -- Install configuration: ""
[4.652s] -- Installing: /home/amber/ros2_ws/install/amber_b1_bringup/share/amber_b1_bringup/config
[4.653s] -- Installing: /home/amber/ros2_ws/install/amber_b1_bringup/share/amber_b1_bringup/config/amber_b1_trajectory_publisher_cpp.yaml
[4.654s] -- Installing: /home/amber/ros2_ws/install/amber_b1_bringup/share/amber_b1_bringup/config/amber_b1_controllers.yaml
[4.656s] -- Installing: /home/amber/ros2_ws/install/amber_b1_bringup/share/amber_b1_bringup/launch
[4.657s] -- Installing: /home/amber/ros2_ws/install/amber_b1_bringup/share/amber_b1_bringup/launch/test_joint_trajectory_controller_cpp.launch.py
[4.658s] -- Installing: /home/amber/ros2_ws/install/amber_b1_bringup/share/amber_b1_bringup/launch/amber_b1.launch.py
[4.659s] -- Installing: /home/amber/ros2_ws/install/amber_b1_bringup/share/amber_b1_bringup/launch/amber_b1_rviz_launch.py
[4.660s] -- Installing: /home/amber/ros2_ws/install/amber_b1_bringup/share/amber_b1_bringup/launch/amber_b1_fake.launch.py
[4.661s] -- Installing: /home/amber/ros2_ws/install/amber_b1_bringup/share/amber_b1_bringup/launch/amber_b1_hw_gui.launch.py
[4.662s] -- Installing: /home/amber/ros2_ws/install/amber_b1_bringup/share/amber_b1_bringup/launch/amber_b1_fake_gui.launch.py
[4.664s] -- Installing: /home/amber/ros2_ws/install/amber_b1_bringup/share/amber_b1_bringup/launch/amber_b1_hw.launch.py
[4.665s] -- Installing: /home/amber/ros2_ws/install/amber_b1_bringup/share/ament_index/resource_index/package_run_dependencies/amber_b1_bringup
[4.667s] -- Installing: /home/amber/ros2_ws/install/amber_b1_bringup/share/ament_index/resource_index/parent_prefix_path/amber_b1_bringup
[4.668s] -- Installing: /home/amber/ros2_ws/install/amber_b1_bringup/share/amber_b1_bringup/environment/ament_prefix_path.sh
[4.669s] -- Installing: /home/amber/ros2_ws/install/amber_b1_bringup/share/amber_b1_bringup/environment/ament_prefix_path.dsv
[4.671s] -- Installing: /home/amber/ros2_ws/install/amber_b1_bringup/share/amber_b1_bringup/environment/path.sh
[4.672s] -- Installing: /home/amber/ros2_ws/install/amber_b1_bringup/share/amber_b1_bringup/environment/path.dsv
[4.674s] -- Installing: /home/amber/ros2_ws/install/amber_b1_bringup/share/amber_b1_bringup/local_setup.bash
[4.675s] -- Installing: /home/amber/ros2_ws/install/amber_b1_bringup/share/amber_b1_bringup/local_setup.sh
[4.676s] -- Installing: /home/amber/ros2_ws/install/amber_b1_bringup/share/amber_b1_bringup/local_setup.zsh
[4.678s] -- Installing: /home/amber/ros2_ws/install/amber_b1_bringup/share/amber_b1_bringup/local_setup.dsv
[4.679s] -- Installing: /home/amber/ros2_ws/install/amber_b1_bringup/share/amber_b1_bringup/package.dsv
[4.681s] -- Installing: /home/amber/ros2_ws/install/amber_b1_bringup/share/ament_index/resource_index/packages/amber_b1_bringup
[4.682s] -- Installing: /home/amber/ros2_ws/install/amber_b1_bringup/share/amber_b1_bringup/cmake/amber_b1_bringupConfig.cmake
[4.684s] -- Installing: /home/amber/ros2_ws/install/amber_b1_bringup/share/amber_b1_bringup/cmake/amber_b1_bringupConfig-version.cmake
[4.685s] -- Installing: /home/amber/ros2_ws/install/amber_b1_bringup/share/amber_b1_bringup/package.xml
[4.694s] Invoked command in '/home/amber/ros2_ws/build/amber_b1_bringup' returned '0': CMAKE_PREFIX_PATH=${CMAKE_PREFIX_PATH}:/opt/ros/foxy /usr/bin/cmake --install /home/amber/ros2_ws/build/amber_b1_bringup
