[0.042s] Invoking command in '/home/amber/ros2_ws/build/amber_b1_hardware': AMENT_PREFIX_PATH=/home/amber/ros2_ws/install/amber_b1_interfaces:${AMENT_PREFIX_PATH} CMAKE_PREFIX_PATH=/home/amber/ros2_ws/install/amber_b1_interfaces:/opt/ros/foxy LD_LIBRARY_PATH=/home/amber/ros2_ws/install/amber_b1_interfaces/lib:${LD_LIBRARY_PATH} PYTHONPATH=/home/amber/ros2_ws/install/amber_b1_interfaces/lib/python3.8/site-packages:${PYTHONPATH} /usr/bin/cmake /home/amber/ros2_ws/src/amber_b1/amber_b1_hardware -DCMAKE_INSTALL_PREFIX=/home/amber/ros2_ws/install/amber_b1_hardware
[0.203s] -- The C compiler identification is GNU 9.3.0
[0.395s] -- The CXX compiler identification is GNU 9.3.0
[0.407s] -- Check for working C compiler: /usr/bin/cc
[0.600s] -- Check for working C compiler: /usr/bin/cc -- works
[0.602s] -- Detecting C compiler ABI info
[0.796s] -- Detecting C compiler ABI info - done
[0.828s] -- Detecting C compile features
[0.829s] -- Detecting C compile features - done
[0.836s] -- Check for working CXX compiler: /usr/bin/c++
[1.045s] -- Check for working CXX compiler: /usr/bin/c++ -- works
[1.048s] -- Detecting CXX compiler ABI info
[1.272s] -- Detecting CXX compiler ABI info - done
[1.304s] -- Detecting CXX compile features
[1.306s] -- Detecting CXX compile features - done
[1.311s] -- Found ament_cmake: 0.9.9 (/opt/ros/foxy/share/ament_cmake/cmake)
[1.364s] -- Found PythonInterp: /usr/bin/python3 (found suitable version "3.8.10", minimum required is "3") 
[1.365s] -- Using PYTHON_EXECUTABLE: /usr/bin/python3
[1.860s] -- Found hardware_interface: 0.8.1 (/opt/ros/foxy/share/hardware_interface/cmake)
[1.926s] -- Using all available rosidl_typesupport_c: rosidl_typesupport_fastrtps_c;rosidl_typesupport_introspection_c
[1.942s] -- Found rosidl_adapter: 1.2.1 (/opt/ros/foxy/share/rosidl_adapter/cmake)
[2.094s] -- Found OpenSSL: /usr/lib/x86_64-linux-gnu/libcrypto.so (found version "1.1.1f")  
[2.142s] -- Found FastRTPS: /opt/ros/foxy/include  
[2.313s] -- Using all available rosidl_typesupport_cpp: rosidl_typesupport_fastrtps_cpp;rosidl_typesupport_introspection_cpp
[3.711s] -- Found rclcpp: 2.4.0 (/opt/ros/foxy/share/rclcpp/cmake)
[3.830s] -- Found rmw_implementation_cmake: 1.0.3 (/opt/ros/foxy/share/rmw_implementation_cmake/cmake)
[3.834s] -- Using RMW implementation 'rmw_fastrtps_cpp' as default
[3.836s] -- Looking for pthread.h
[4.029s] -- Looking for pthread.h - found
[4.030s] -- Performing Test CMAKE_HAVE_LIBC_PTHREAD
[4.242s] -- Performing Test CMAKE_HAVE_LIBC_PTHREAD - Failed
[4.243s] -- Looking for pthread_create in pthreads
[4.377s] -- Looking for pthread_create in pthreads - not found
[4.378s] -- Looking for pthread_create in pthread
[4.560s] -- Looking for pthread_create in pthread - found
[4.563s] -- Found Threads: TRUE  
[4.955s] -- Found amber_b1_interfaces: 0.0.0 (/home/amber/ros2_ws/install/amber_b1_interfaces/share/amber_b1_interfaces/cmake)
[5.007s] -- Found ament_lint_auto: 0.9.6 (/opt/ros/foxy/share/ament_lint_auto/cmake)
[5.213s] -- Added test 'copyright' to check source files copyright and LICENSE
[5.216s] -- Added test 'cppcheck' to perform static code analysis on C / C++ code
[5.217s] -- Configured cppcheck include dirs: /home/amber/ros2_ws/src/amber_b1/amber_b1_hardware/include
[5.217s] -- Configured cppcheck exclude dirs and/or files: 
[5.219s] -- Added test 'cpplint' to check C / C++ code against the Google style
[5.219s] -- Configured cpplint exclude dirs and/or files: 
[5.221s] -- Added test 'lint_cmake' to check CMake code style
[5.223s] -- Added test 'uncrustify' to check C / C++ code style
[5.224s] -- Configured uncrustify additional arguments: 
[5.225s] -- Added test 'xmllint' to check XML markup files
[5.236s] -- Configuring done
[5.283s] -- Generating done
[5.287s] -- Build files have been written to: /home/amber/ros2_ws/build/amber_b1_hardware
