[0.058s] Invoking command in '/home/amber/ros2_ws/build/amber_b1_hardware': AMENT_PREFIX_PATH=/home/amber/ros2_ws/install/amber_b1_interfaces:${AMENT_PREFIX_PATH} CMAKE_PREFIX_PATH=/home/amber/ros2_ws/install/amber_b1_interfaces:/opt/ros/foxy LD_LIBRARY_PATH=/home/amber/ros2_ws/install/amber_b1_interfaces/lib:${LD_LIBRARY_PATH} PYTHONPATH=/home/amber/ros2_ws/install/amber_b1_interfaces/lib/python3.8/site-packages:${PYTHONPATH} /usr/bin/cmake --build /home/amber/ros2_ws/build/amber_b1_hardware -- -j4 -l4
[0.224s] [100%] Built target amber_b1_hardware
[0.250s] Invoked command in '/home/amber/ros2_ws/build/amber_b1_hardware' returned '0': AMENT_PREFIX_PATH=/home/amber/ros2_ws/install/amber_b1_interfaces:${AMENT_PREFIX_PATH} CMAKE_PREFIX_PATH=/home/amber/ros2_ws/install/amber_b1_interfaces:/opt/ros/foxy LD_LIBRARY_PATH=/home/amber/ros2_ws/install/amber_b1_interfaces/lib:${LD_LIBRARY_PATH} PYTHONPATH=/home/amber/ros2_ws/install/amber_b1_interfaces/lib/python3.8/site-packages:${PYTHONPATH} /usr/bin/cmake --build /home/amber/ros2_ws/build/amber_b1_hardware -- -j4 -l4
[0.323s] Invoking command in '/home/amber/ros2_ws/build/amber_b1_hardware': AMENT_PREFIX_PATH=/home/amber/ros2_ws/install/amber_b1_interfaces:${AMENT_PREFIX_PATH} CMAKE_PREFIX_PATH=/home/amber/ros2_ws/install/amber_b1_interfaces:/opt/ros/foxy LD_LIBRARY_PATH=/home/amber/ros2_ws/install/amber_b1_interfaces/lib:${LD_LIBRARY_PATH} PYTHONPATH=/home/amber/ros2_ws/install/amber_b1_interfaces/lib/python3.8/site-packages:${PYTHONPATH} /usr/bin/cmake --install /home/amber/ros2_ws/build/amber_b1_hardware
[0.369s] -- Install configuration: ""
[0.370s] -- Up-to-date: /home/amber/ros2_ws/install/amber_b1_hardware/share/amber_b1_hardware/amber_b1_hardware.xml
[0.372s] -- Up-to-date: /home/amber/ros2_ws/install/amber_b1_hardware/lib/libamber_b1_hardware.so
[0.373s] -- Up-to-date: /home/amber/ros2_ws/install/amber_b1_hardware/include
[0.374s] -- Up-to-date: /home/amber/ros2_ws/install/amber_b1_hardware/include/amber_b1_hardware
[0.374s] -- Up-to-date: /home/amber/ros2_ws/install/amber_b1_hardware/include/amber_b1_hardware/visibility_control.h
[0.375s] -- Up-to-date: /home/amber/ros2_ws/install/amber_b1_hardware/include/amber_b1_hardware/rt_spi.h
[0.376s] -- Up-to-date: /home/amber/ros2_ws/install/amber_b1_hardware/include/amber_b1_hardware/amber_b1_interface.hpp
[0.376s] -- Up-to-date: /home/amber/ros2_ws/install/amber_b1_hardware/share/amber_b1_hardware/environment/library_path.sh
[0.377s] -- Up-to-date: /home/amber/ros2_ws/install/amber_b1_hardware/share/amber_b1_hardware/environment/library_path.dsv
[0.377s] -- Up-to-date: /home/amber/ros2_ws/install/amber_b1_hardware/share/ament_index/resource_index/package_run_dependencies/amber_b1_hardware
[0.378s] -- Up-to-date: /home/amber/ros2_ws/install/amber_b1_hardware/share/ament_index/resource_index/parent_prefix_path/amber_b1_hardware
[0.378s] -- Up-to-date: /home/amber/ros2_ws/install/amber_b1_hardware/share/amber_b1_hardware/environment/ament_prefix_path.sh
[0.379s] -- Up-to-date: /home/amber/ros2_ws/install/amber_b1_hardware/share/amber_b1_hardware/environment/ament_prefix_path.dsv
[0.380s] -- Up-to-date: /home/amber/ros2_ws/install/amber_b1_hardware/share/amber_b1_hardware/environment/path.sh
[0.380s] -- Up-to-date: /home/amber/ros2_ws/install/amber_b1_hardware/share/amber_b1_hardware/environment/path.dsv
[0.381s] -- Up-to-date: /home/amber/ros2_ws/install/amber_b1_hardware/share/amber_b1_hardware/local_setup.bash
[0.381s] -- Up-to-date: /home/amber/ros2_ws/install/amber_b1_hardware/share/amber_b1_hardware/local_setup.sh
[0.382s] -- Up-to-date: /home/amber/ros2_ws/install/amber_b1_hardware/share/amber_b1_hardware/local_setup.zsh
[0.384s] -- Up-to-date: /home/amber/ros2_ws/install/amber_b1_hardware/share/amber_b1_hardware/local_setup.dsv
[0.391s] -- Installing: /home/amber/ros2_ws/install/amber_b1_hardware/share/amber_b1_hardware/package.dsv
[0.392s] -- Up-to-date: /home/amber/ros2_ws/install/amber_b1_hardware/share/ament_index/resource_index/packages/amber_b1_hardware
[0.393s] -- Up-to-date: /home/amber/ros2_ws/install/amber_b1_hardware/share/ament_index/resource_index/hardware_interface__pluginlib__plugin/amber_b1_hardware
[0.394s] -- Up-to-date: /home/amber/ros2_ws/install/amber_b1_hardware/share/amber_b1_hardware/cmake/ament_cmake_export_include_directories-extras.cmake
[0.395s] -- Up-to-date: /home/amber/ros2_ws/install/amber_b1_hardware/share/amber_b1_hardware/cmake/ament_cmake_export_libraries-extras.cmake
[0.395s] -- Up-to-date: /home/amber/ros2_ws/install/amber_b1_hardware/share/amber_b1_hardware/cmake/ament_cmake_export_dependencies-extras.cmake
[0.396s] -- Up-to-date: /home/amber/ros2_ws/install/amber_b1_hardware/share/amber_b1_hardware/cmake/amber_b1_hardwareConfig.cmake
[0.396s] -- Up-to-date: /home/amber/ros2_ws/install/amber_b1_hardware/share/amber_b1_hardware/cmake/amber_b1_hardwareConfig-version.cmake
[0.397s] -- Up-to-date: /home/amber/ros2_ws/install/amber_b1_hardware/share/amber_b1_hardware/package.xml
[0.413s] Invoked command in '/home/amber/ros2_ws/build/amber_b1_hardware' returned '0': AMENT_PREFIX_PATH=/home/amber/ros2_ws/install/amber_b1_interfaces:${AMENT_PREFIX_PATH} CMAKE_PREFIX_PATH=/home/amber/ros2_ws/install/amber_b1_interfaces:/opt/ros/foxy LD_LIBRARY_PATH=/home/amber/ros2_ws/install/amber_b1_interfaces/lib:${LD_LIBRARY_PATH} PYTHONPATH=/home/amber/ros2_ws/install/amber_b1_interfaces/lib/python3.8/site-packages:${PYTHONPATH} /usr/bin/cmake --install /home/amber/ros2_ws/build/amber_b1_hardware
