[1.323s] DEBUG:colcon:Command line arguments: ['/usr/bin/colcon', 'build']
[1.324s] DEBUG:colcon:Parsed command line arguments: Namespace(allow_overriding=[], ament_cmake_args=None, base_paths=['.'], build_base='build', catkin_cmake_args=None, catkin_skip_building_tests=False, cmake_args=None, cmake_clean_cache=False, cmake_clean_first=False, cmake_force_configure=False, cmake_target=None, cmake_target_skip_unavailable=False, continue_on_error=False, event_handlers=None, executor='parallel', ignore_user_meta=False, install_base='install', log_base=None, log_level=None, main=<bound method BuildVerb.main of <colcon_core.verb.build.BuildVerb object at 0x7f039782f670>>, merge_install=False, metas=['./colcon.meta'], packages_above=None, packages_above_and_dependencies=None, packages_above_depth=None, packages_end=None, packages_ignore=None, packages_ignore_regex=None, packages_select=None, packages_select_build_failed=False, packages_select_by_dep=None, packages_select_regex=None, packages_select_test_failures=False, packages_skip=None, packages_skip_build_finished=False, packages_skip_by_dep=None, packages_skip_regex=None, packages_skip_test_passed=False, packages_skip_up_to=None, packages_start=None, packages_up_to=None, packages_up_to_regex=None, parallel_workers=2, paths=None, symlink_install=False, test_result_base=None, verb_extension=<colcon_core.verb.build.BuildVerb object at 0x7f039782f670>, verb_name='build', verb_parser=<colcon_defaults.argument_parser.defaults.DefaultArgumentsDecorator object at 0x7f039782fb80>)
[1.943s] Level 1:colcon.colcon_core.package_discovery:discover_packages(colcon_meta) check parameters
[1.944s] Level 1:colcon.colcon_core.package_discovery:discover_packages(recursive) check parameters
[1.944s] Level 1:colcon.colcon_core.package_discovery:discover_packages(ignore) check parameters
[1.945s] Level 1:colcon.colcon_core.package_discovery:discover_packages(path) check parameters
[1.945s] Level 1:colcon.colcon_core.package_discovery:discover_packages(colcon_meta) discover
[1.945s] Level 1:colcon.colcon_core.package_discovery:discover_packages(recursive) discover
[1.945s] INFO:colcon.colcon_core.package_discovery:Crawling recursively for packages in '/home/amber/ros2_ws'
[1.946s] Level 1:colcon.colcon_core.package_identification:_identify(.) by extensions ['ignore', 'ignore_ament_install']
[1.946s] Level 1:colcon.colcon_core.package_identification:_identify(.) by extension 'ignore'
[1.946s] Level 1:colcon.colcon_core.package_identification:_identify(.) by extension 'ignore_ament_install'
[1.946s] Level 1:colcon.colcon_core.package_identification:_identify(.) by extensions ['colcon_pkg']
[1.947s] Level 1:colcon.colcon_core.package_identification:_identify(.) by extension 'colcon_pkg'
[1.947s] Level 1:colcon.colcon_core.package_identification:_identify(.) by extensions ['colcon_meta']
[1.947s] Level 1:colcon.colcon_core.package_identification:_identify(.) by extension 'colcon_meta'
[1.947s] Level 1:colcon.colcon_core.package_identification:_identify(.) by extensions ['ros']
[1.947s] Level 1:colcon.colcon_core.package_identification:_identify(.) by extension 'ros'
[1.997s] Level 1:colcon.colcon_core.package_identification:_identify(.) by extensions ['cmake', 'python']
[1.997s] Level 1:colcon.colcon_core.package_identification:_identify(.) by extension 'cmake'
[1.997s] Level 1:colcon.colcon_core.package_identification:_identify(.) by extension 'python'
[1.998s] Level 1:colcon.colcon_core.package_identification:_identify(.) by extensions ['python_setup_py']
[1.998s] Level 1:colcon.colcon_core.package_identification:_identify(.) by extension 'python_setup_py'
[2.000s] Level 1:colcon.colcon_core.package_identification:_identify(build) by extensions ['ignore', 'ignore_ament_install']
[2.000s] Level 1:colcon.colcon_core.package_identification:_identify(build) by extension 'ignore'
[2.000s] Level 1:colcon.colcon_core.package_identification:_identify(build) ignored
[2.001s] Level 1:colcon.colcon_core.package_identification:_identify(install) by extensions ['ignore', 'ignore_ament_install']
[2.001s] Level 1:colcon.colcon_core.package_identification:_identify(install) by extension 'ignore'
[2.002s] Level 1:colcon.colcon_core.package_identification:_identify(install) ignored
[2.002s] Level 1:colcon.colcon_core.package_identification:_identify(log) by extensions ['ignore', 'ignore_ament_install']
[2.002s] Level 1:colcon.colcon_core.package_identification:_identify(log) by extension 'ignore'
[2.003s] Level 1:colcon.colcon_core.package_identification:_identify(log) ignored
[2.003s] Level 1:colcon.colcon_core.package_identification:_identify(src) by extensions ['ignore', 'ignore_ament_install']
[2.004s] Level 1:colcon.colcon_core.package_identification:_identify(src) by extension 'ignore'
[2.005s] Level 1:colcon.colcon_core.package_identification:_identify(src) by extension 'ignore_ament_install'
[2.005s] Level 1:colcon.colcon_core.package_identification:_identify(src) by extensions ['colcon_pkg']
[2.005s] Level 1:colcon.colcon_core.package_identification:_identify(src) by extension 'colcon_pkg'
[2.005s] Level 1:colcon.colcon_core.package_identification:_identify(src) by extensions ['colcon_meta']
[2.005s] Level 1:colcon.colcon_core.package_identification:_identify(src) by extension 'colcon_meta'
[2.005s] Level 1:colcon.colcon_core.package_identification:_identify(src) by extensions ['ros']
[2.006s] Level 1:colcon.colcon_core.package_identification:_identify(src) by extension 'ros'
[2.006s] Level 1:colcon.colcon_core.package_identification:_identify(src) by extensions ['cmake', 'python']
[2.006s] Level 1:colcon.colcon_core.package_identification:_identify(src) by extension 'cmake'
[2.006s] Level 1:colcon.colcon_core.package_identification:_identify(src) by extension 'python'
[2.006s] Level 1:colcon.colcon_core.package_identification:_identify(src) by extensions ['python_setup_py']
[2.006s] Level 1:colcon.colcon_core.package_identification:_identify(src) by extension 'python_setup_py'
[2.007s] Level 1:colcon.colcon_core.package_identification:_identify(src/amber_b1) by extensions ['ignore', 'ignore_ament_install']
[2.008s] Level 1:colcon.colcon_core.package_identification:_identify(src/amber_b1) by extension 'ignore'
[2.008s] Level 1:colcon.colcon_core.package_identification:_identify(src/amber_b1) by extension 'ignore_ament_install'
[2.009s] Level 1:colcon.colcon_core.package_identification:_identify(src/amber_b1) by extensions ['colcon_pkg']
[2.009s] Level 1:colcon.colcon_core.package_identification:_identify(src/amber_b1) by extension 'colcon_pkg'
[2.010s] Level 1:colcon.colcon_core.package_identification:_identify(src/amber_b1) by extensions ['colcon_meta']
[2.010s] Level 1:colcon.colcon_core.package_identification:_identify(src/amber_b1) by extension 'colcon_meta'
[2.010s] Level 1:colcon.colcon_core.package_identification:_identify(src/amber_b1) by extensions ['ros']
[2.010s] Level 1:colcon.colcon_core.package_identification:_identify(src/amber_b1) by extension 'ros'
[2.010s] Level 1:colcon.colcon_core.package_identification:_identify(src/amber_b1) by extensions ['cmake', 'python']
[2.011s] Level 1:colcon.colcon_core.package_identification:_identify(src/amber_b1) by extension 'cmake'
[2.011s] Level 1:colcon.colcon_core.package_identification:_identify(src/amber_b1) by extension 'python'
[2.011s] Level 1:colcon.colcon_core.package_identification:_identify(src/amber_b1) by extensions ['python_setup_py']
[2.011s] Level 1:colcon.colcon_core.package_identification:_identify(src/amber_b1) by extension 'python_setup_py'
[2.012s] Level 1:colcon.colcon_core.package_identification:_identify(src/amber_b1/amber_b1_bringup) by extensions ['ignore', 'ignore_ament_install']
[2.012s] Level 1:colcon.colcon_core.package_identification:_identify(src/amber_b1/amber_b1_bringup) by extension 'ignore'
[2.013s] Level 1:colcon.colcon_core.package_identification:_identify(src/amber_b1/amber_b1_bringup) by extension 'ignore_ament_install'
[2.013s] Level 1:colcon.colcon_core.package_identification:_identify(src/amber_b1/amber_b1_bringup) by extensions ['colcon_pkg']
[2.013s] Level 1:colcon.colcon_core.package_identification:_identify(src/amber_b1/amber_b1_bringup) by extension 'colcon_pkg'
[2.013s] Level 1:colcon.colcon_core.package_identification:_identify(src/amber_b1/amber_b1_bringup) by extensions ['colcon_meta']
[2.013s] Level 1:colcon.colcon_core.package_identification:_identify(src/amber_b1/amber_b1_bringup) by extension 'colcon_meta'
[2.014s] Level 1:colcon.colcon_core.package_identification:_identify(src/amber_b1/amber_b1_bringup) by extensions ['ros']
[2.014s] Level 1:colcon.colcon_core.package_identification:_identify(src/amber_b1/amber_b1_bringup) by extension 'ros'
[2.024s] DEBUG:colcon.colcon_core.package_identification:Package 'src/amber_b1/amber_b1_bringup' with type 'ros.ament_cmake' and name 'amber_b1_bringup'
[2.025s] Level 1:colcon.colcon_core.package_identification:_identify(src/amber_b1/amber_b1_description) by extensions ['ignore', 'ignore_ament_install']
[2.026s] Level 1:colcon.colcon_core.package_identification:_identify(src/amber_b1/amber_b1_description) by extension 'ignore'
[2.026s] Level 1:colcon.colcon_core.package_identification:_identify(src/amber_b1/amber_b1_description) by extension 'ignore_ament_install'
[2.026s] Level 1:colcon.colcon_core.package_identification:_identify(src/amber_b1/amber_b1_description) by extensions ['colcon_pkg']
[2.026s] Level 1:colcon.colcon_core.package_identification:_identify(src/amber_b1/amber_b1_description) by extension 'colcon_pkg'
[2.027s] Level 1:colcon.colcon_core.package_identification:_identify(src/amber_b1/amber_b1_description) by extensions ['colcon_meta']
[2.027s] Level 1:colcon.colcon_core.package_identification:_identify(src/amber_b1/amber_b1_description) by extension 'colcon_meta'
[2.027s] Level 1:colcon.colcon_core.package_identification:_identify(src/amber_b1/amber_b1_description) by extensions ['ros']
[2.027s] Level 1:colcon.colcon_core.package_identification:_identify(src/amber_b1/amber_b1_description) by extension 'ros'
[2.030s] DEBUG:colcon.colcon_core.package_identification:Package 'src/amber_b1/amber_b1_description' with type 'ros.ament_cmake' and name 'amber_b1_description'
[2.031s] Level 1:colcon.colcon_core.package_identification:_identify(src/amber_b1/amber_b1_gui_node) by extensions ['ignore', 'ignore_ament_install']
[2.032s] Level 1:colcon.colcon_core.package_identification:_identify(src/amber_b1/amber_b1_gui_node) by extension 'ignore'
[2.032s] Level 1:colcon.colcon_core.package_identification:_identify(src/amber_b1/amber_b1_gui_node) by extension 'ignore_ament_install'
[2.032s] Level 1:colcon.colcon_core.package_identification:_identify(src/amber_b1/amber_b1_gui_node) by extensions ['colcon_pkg']
[2.032s] Level 1:colcon.colcon_core.package_identification:_identify(src/amber_b1/amber_b1_gui_node) by extension 'colcon_pkg'
[2.032s] Level 1:colcon.colcon_core.package_identification:_identify(src/amber_b1/amber_b1_gui_node) by extensions ['colcon_meta']
[2.033s] Level 1:colcon.colcon_core.package_identification:_identify(src/amber_b1/amber_b1_gui_node) by extension 'colcon_meta'
[2.033s] Level 1:colcon.colcon_core.package_identification:_identify(src/amber_b1/amber_b1_gui_node) by extensions ['ros']
[2.033s] Level 1:colcon.colcon_core.package_identification:_identify(src/amber_b1/amber_b1_gui_node) by extension 'ros'
[2.037s] DEBUG:colcon.colcon_core.package_identification:Package 'src/amber_b1/amber_b1_gui_node' with type 'ros.ament_cmake' and name 'amber_b1_gui_node'
[2.038s] Level 1:colcon.colcon_core.package_identification:_identify(src/amber_b1/amber_b1_hardware) by extensions ['ignore', 'ignore_ament_install']
[2.039s] Level 1:colcon.colcon_core.package_identification:_identify(src/amber_b1/amber_b1_hardware) by extension 'ignore'
[2.040s] Level 1:colcon.colcon_core.package_identification:_identify(src/amber_b1/amber_b1_hardware) by extension 'ignore_ament_install'
[2.040s] Level 1:colcon.colcon_core.package_identification:_identify(src/amber_b1/amber_b1_hardware) by extensions ['colcon_pkg']
[2.040s] Level 1:colcon.colcon_core.package_identification:_identify(src/amber_b1/amber_b1_hardware) by extension 'colcon_pkg'
[2.040s] Level 1:colcon.colcon_core.package_identification:_identify(src/amber_b1/amber_b1_hardware) by extensions ['colcon_meta']
[2.040s] Level 1:colcon.colcon_core.package_identification:_identify(src/amber_b1/amber_b1_hardware) by extension 'colcon_meta'
[2.041s] Level 1:colcon.colcon_core.package_identification:_identify(src/amber_b1/amber_b1_hardware) by extensions ['ros']
[2.041s] Level 1:colcon.colcon_core.package_identification:_identify(src/amber_b1/amber_b1_hardware) by extension 'ros'
[2.045s] DEBUG:colcon.colcon_core.package_identification:Package 'src/amber_b1/amber_b1_hardware' with type 'ros.ament_cmake' and name 'amber_b1_hardware'
[2.046s] Level 1:colcon.colcon_core.package_identification:_identify(src/amber_b1/amber_b1_interfaces) by extensions ['ignore', 'ignore_ament_install']
[2.047s] Level 1:colcon.colcon_core.package_identification:_identify(src/amber_b1/amber_b1_interfaces) by extension 'ignore'
[2.047s] Level 1:colcon.colcon_core.package_identification:_identify(src/amber_b1/amber_b1_interfaces) by extension 'ignore_ament_install'
[2.047s] Level 1:colcon.colcon_core.package_identification:_identify(src/amber_b1/amber_b1_interfaces) by extensions ['colcon_pkg']
[2.047s] Level 1:colcon.colcon_core.package_identification:_identify(src/amber_b1/amber_b1_interfaces) by extension 'colcon_pkg'
[2.048s] Level 1:colcon.colcon_core.package_identification:_identify(src/amber_b1/amber_b1_interfaces) by extensions ['colcon_meta']
[2.048s] Level 1:colcon.colcon_core.package_identification:_identify(src/amber_b1/amber_b1_interfaces) by extension 'colcon_meta'
[2.048s] Level 1:colcon.colcon_core.package_identification:_identify(src/amber_b1/amber_b1_interfaces) by extensions ['ros']
[2.048s] Level 1:colcon.colcon_core.package_identification:_identify(src/amber_b1/amber_b1_interfaces) by extension 'ros'
[2.052s] DEBUG:colcon.colcon_core.package_identification:Package 'src/amber_b1/amber_b1_interfaces' with type 'ros.ament_cmake' and name 'amber_b1_interfaces'
[2.053s] Level 1:colcon.colcon_core.package_identification:_identify(src/amber_b1/amber_b1_joint_control_demo) by extensions ['ignore', 'ignore_ament_install']
[2.053s] Level 1:colcon.colcon_core.package_identification:_identify(src/amber_b1/amber_b1_joint_control_demo) by extension 'ignore'
[2.054s] Level 1:colcon.colcon_core.package_identification:_identify(src/amber_b1/amber_b1_joint_control_demo) by extension 'ignore_ament_install'
[2.054s] Level 1:colcon.colcon_core.package_identification:_identify(src/amber_b1/amber_b1_joint_control_demo) by extensions ['colcon_pkg']
[2.055s] Level 1:colcon.colcon_core.package_identification:_identify(src/amber_b1/amber_b1_joint_control_demo) by extension 'colcon_pkg'
[2.055s] Level 1:colcon.colcon_core.package_identification:_identify(src/amber_b1/amber_b1_joint_control_demo) by extensions ['colcon_meta']
[2.055s] Level 1:colcon.colcon_core.package_identification:_identify(src/amber_b1/amber_b1_joint_control_demo) by extension 'colcon_meta'
[2.055s] Level 1:colcon.colcon_core.package_identification:_identify(src/amber_b1/amber_b1_joint_control_demo) by extensions ['ros']
[2.055s] Level 1:colcon.colcon_core.package_identification:_identify(src/amber_b1/amber_b1_joint_control_demo) by extension 'ros'
[2.059s] DEBUG:colcon.colcon_core.package_identification:Package 'src/amber_b1/amber_b1_joint_control_demo' with type 'ros.ament_cmake' and name 'amber_b1_joint_control_demo'
[2.060s] Level 1:colcon.colcon_core.package_discovery:discover_packages(recursive) using defaults
[2.060s] Level 1:colcon.colcon_core.package_discovery:discover_packages(ignore) discover
[2.060s] Level 1:colcon.colcon_core.package_discovery:discover_packages(ignore) using defaults
[2.060s] Level 1:colcon.colcon_core.package_discovery:discover_packages(path) discover
[2.060s] Level 1:colcon.colcon_core.package_discovery:discover_packages(path) using defaults
[2.135s] Level 1:colcon.colcon_core.package_discovery:discover_packages(prefix_path) check parameters
[2.136s] Level 1:colcon.colcon_core.package_discovery:discover_packages(prefix_path) discover
[2.148s] DEBUG:colcon.colcon_installed_package_information.package_discovery:Found 198 installed packages in /opt/ros/foxy
[2.160s] Level 1:colcon.colcon_core.package_discovery:discover_packages(prefix_path) using defaults
[2.415s] Level 5:colcon.colcon_core.verb:set package 'amber_b1_bringup' build argument 'cmake_args' from command line to 'None'
[2.415s] Level 5:colcon.colcon_core.verb:set package 'amber_b1_bringup' build argument 'cmake_target' from command line to 'None'
[2.415s] Level 5:colcon.colcon_core.verb:set package 'amber_b1_bringup' build argument 'cmake_target_skip_unavailable' from command line to 'False'
[2.416s] Level 5:colcon.colcon_core.verb:set package 'amber_b1_bringup' build argument 'cmake_clean_cache' from command line to 'False'
[2.416s] Level 5:colcon.colcon_core.verb:set package 'amber_b1_bringup' build argument 'cmake_clean_first' from command line to 'False'
[2.416s] Level 5:colcon.colcon_core.verb:set package 'amber_b1_bringup' build argument 'cmake_force_configure' from command line to 'False'
[2.416s] Level 5:colcon.colcon_core.verb:set package 'amber_b1_bringup' build argument 'ament_cmake_args' from command line to 'None'
[2.416s] Level 5:colcon.colcon_core.verb:set package 'amber_b1_bringup' build argument 'catkin_cmake_args' from command line to 'None'
[2.416s] Level 5:colcon.colcon_core.verb:set package 'amber_b1_bringup' build argument 'catkin_skip_building_tests' from command line to 'False'
[2.416s] DEBUG:colcon.colcon_core.verb:Building package 'amber_b1_bringup' with the following arguments: {'ament_cmake_args': None, 'build_base': '/home/amber/ros2_ws/build/amber_b1_bringup', 'catkin_cmake_args': None, 'catkin_skip_building_tests': False, 'cmake_args': None, 'cmake_clean_cache': False, 'cmake_clean_first': False, 'cmake_force_configure': False, 'cmake_target': None, 'cmake_target_skip_unavailable': False, 'install_base': '/home/amber/ros2_ws/install/amber_b1_bringup', 'merge_install': False, 'path': '/home/amber/ros2_ws/src/amber_b1/amber_b1_bringup', 'symlink_install': False, 'test_result_base': None}
[2.418s] Level 5:colcon.colcon_core.verb:set package 'amber_b1_description' build argument 'cmake_args' from command line to 'None'
[2.418s] Level 5:colcon.colcon_core.verb:set package 'amber_b1_description' build argument 'cmake_target' from command line to 'None'
[2.418s] Level 5:colcon.colcon_core.verb:set package 'amber_b1_description' build argument 'cmake_target_skip_unavailable' from command line to 'False'
[2.418s] Level 5:colcon.colcon_core.verb:set package 'amber_b1_description' build argument 'cmake_clean_cache' from command line to 'False'
[2.418s] Level 5:colcon.colcon_core.verb:set package 'amber_b1_description' build argument 'cmake_clean_first' from command line to 'False'
[2.418s] Level 5:colcon.colcon_core.verb:set package 'amber_b1_description' build argument 'cmake_force_configure' from command line to 'False'
[2.418s] Level 5:colcon.colcon_core.verb:set package 'amber_b1_description' build argument 'ament_cmake_args' from command line to 'None'
[2.418s] Level 5:colcon.colcon_core.verb:set package 'amber_b1_description' build argument 'catkin_cmake_args' from command line to 'None'
[2.418s] Level 5:colcon.colcon_core.verb:set package 'amber_b1_description' build argument 'catkin_skip_building_tests' from command line to 'False'
[2.419s] DEBUG:colcon.colcon_core.verb:Building package 'amber_b1_description' with the following arguments: {'ament_cmake_args': None, 'build_base': '/home/amber/ros2_ws/build/amber_b1_description', 'catkin_cmake_args': None, 'catkin_skip_building_tests': False, 'cmake_args': None, 'cmake_clean_cache': False, 'cmake_clean_first': False, 'cmake_force_configure': False, 'cmake_target': None, 'cmake_target_skip_unavailable': False, 'install_base': '/home/amber/ros2_ws/install/amber_b1_description', 'merge_install': False, 'path': '/home/amber/ros2_ws/src/amber_b1/amber_b1_description', 'symlink_install': False, 'test_result_base': None}
[2.421s] Level 5:colcon.colcon_core.verb:set package 'amber_b1_interfaces' build argument 'cmake_args' from command line to 'None'
[2.421s] Level 5:colcon.colcon_core.verb:set package 'amber_b1_interfaces' build argument 'cmake_target' from command line to 'None'
[2.421s] Level 5:colcon.colcon_core.verb:set package 'amber_b1_interfaces' build argument 'cmake_target_skip_unavailable' from command line to 'False'
[2.421s] Level 5:colcon.colcon_core.verb:set package 'amber_b1_interfaces' build argument 'cmake_clean_cache' from command line to 'False'
[2.421s] Level 5:colcon.colcon_core.verb:set package 'amber_b1_interfaces' build argument 'cmake_clean_first' from command line to 'False'
[2.421s] Level 5:colcon.colcon_core.verb:set package 'amber_b1_interfaces' build argument 'cmake_force_configure' from command line to 'False'
[2.421s] Level 5:colcon.colcon_core.verb:set package 'amber_b1_interfaces' build argument 'ament_cmake_args' from command line to 'None'
[2.421s] Level 5:colcon.colcon_core.verb:set package 'amber_b1_interfaces' build argument 'catkin_cmake_args' from command line to 'None'
[2.422s] Level 5:colcon.colcon_core.verb:set package 'amber_b1_interfaces' build argument 'catkin_skip_building_tests' from command line to 'False'
[2.422s] DEBUG:colcon.colcon_core.verb:Building package 'amber_b1_interfaces' with the following arguments: {'ament_cmake_args': None, 'build_base': '/home/amber/ros2_ws/build/amber_b1_interfaces', 'catkin_cmake_args': None, 'catkin_skip_building_tests': False, 'cmake_args': None, 'cmake_clean_cache': False, 'cmake_clean_first': False, 'cmake_force_configure': False, 'cmake_target': None, 'cmake_target_skip_unavailable': False, 'install_base': '/home/amber/ros2_ws/install/amber_b1_interfaces', 'merge_install': False, 'path': '/home/amber/ros2_ws/src/amber_b1/amber_b1_interfaces', 'symlink_install': False, 'test_result_base': None}
[2.423s] Level 5:colcon.colcon_core.verb:set package 'amber_b1_joint_control_demo' build argument 'cmake_args' from command line to 'None'
[2.423s] Level 5:colcon.colcon_core.verb:set package 'amber_b1_joint_control_demo' build argument 'cmake_target' from command line to 'None'
[2.423s] Level 5:colcon.colcon_core.verb:set package 'amber_b1_joint_control_demo' build argument 'cmake_target_skip_unavailable' from command line to 'False'
[2.424s] Level 5:colcon.colcon_core.verb:set package 'amber_b1_joint_control_demo' build argument 'cmake_clean_cache' from command line to 'False'
[2.424s] Level 5:colcon.colcon_core.verb:set package 'amber_b1_joint_control_demo' build argument 'cmake_clean_first' from command line to 'False'
[2.424s] Level 5:colcon.colcon_core.verb:set package 'amber_b1_joint_control_demo' build argument 'cmake_force_configure' from command line to 'False'
[2.424s] Level 5:colcon.colcon_core.verb:set package 'amber_b1_joint_control_demo' build argument 'ament_cmake_args' from command line to 'None'
[2.424s] Level 5:colcon.colcon_core.verb:set package 'amber_b1_joint_control_demo' build argument 'catkin_cmake_args' from command line to 'None'
[2.424s] Level 5:colcon.colcon_core.verb:set package 'amber_b1_joint_control_demo' build argument 'catkin_skip_building_tests' from command line to 'False'
[2.425s] DEBUG:colcon.colcon_core.verb:Building package 'amber_b1_joint_control_demo' with the following arguments: {'ament_cmake_args': None, 'build_base': '/home/amber/ros2_ws/build/amber_b1_joint_control_demo', 'catkin_cmake_args': None, 'catkin_skip_building_tests': False, 'cmake_args': None, 'cmake_clean_cache': False, 'cmake_clean_first': False, 'cmake_force_configure': False, 'cmake_target': None, 'cmake_target_skip_unavailable': False, 'install_base': '/home/amber/ros2_ws/install/amber_b1_joint_control_demo', 'merge_install': False, 'path': '/home/amber/ros2_ws/src/amber_b1/amber_b1_joint_control_demo', 'symlink_install': False, 'test_result_base': None}
[2.426s] Level 5:colcon.colcon_core.verb:set package 'amber_b1_gui_node' build argument 'cmake_args' from command line to 'None'
[2.426s] Level 5:colcon.colcon_core.verb:set package 'amber_b1_gui_node' build argument 'cmake_target' from command line to 'None'
[2.427s] Level 5:colcon.colcon_core.verb:set package 'amber_b1_gui_node' build argument 'cmake_target_skip_unavailable' from command line to 'False'
[2.427s] Level 5:colcon.colcon_core.verb:set package 'amber_b1_gui_node' build argument 'cmake_clean_cache' from command line to 'False'
[2.427s] Level 5:colcon.colcon_core.verb:set package 'amber_b1_gui_node' build argument 'cmake_clean_first' from command line to 'False'
[2.427s] Level 5:colcon.colcon_core.verb:set package 'amber_b1_gui_node' build argument 'cmake_force_configure' from command line to 'False'
[2.427s] Level 5:colcon.colcon_core.verb:set package 'amber_b1_gui_node' build argument 'ament_cmake_args' from command line to 'None'
[2.427s] Level 5:colcon.colcon_core.verb:set package 'amber_b1_gui_node' build argument 'catkin_cmake_args' from command line to 'None'
[2.427s] Level 5:colcon.colcon_core.verb:set package 'amber_b1_gui_node' build argument 'catkin_skip_building_tests' from command line to 'False'
[2.427s] DEBUG:colcon.colcon_core.verb:Building package 'amber_b1_gui_node' with the following arguments: {'ament_cmake_args': None, 'build_base': '/home/amber/ros2_ws/build/amber_b1_gui_node', 'catkin_cmake_args': None, 'catkin_skip_building_tests': False, 'cmake_args': None, 'cmake_clean_cache': False, 'cmake_clean_first': False, 'cmake_force_configure': False, 'cmake_target': None, 'cmake_target_skip_unavailable': False, 'install_base': '/home/amber/ros2_ws/install/amber_b1_gui_node', 'merge_install': False, 'path': '/home/amber/ros2_ws/src/amber_b1/amber_b1_gui_node', 'symlink_install': False, 'test_result_base': None}
[2.429s] Level 5:colcon.colcon_core.verb:set package 'amber_b1_hardware' build argument 'cmake_args' from command line to 'None'
[2.429s] Level 5:colcon.colcon_core.verb:set package 'amber_b1_hardware' build argument 'cmake_target' from command line to 'None'
[2.429s] Level 5:colcon.colcon_core.verb:set package 'amber_b1_hardware' build argument 'cmake_target_skip_unavailable' from command line to 'False'
[2.430s] Level 5:colcon.colcon_core.verb:set package 'amber_b1_hardware' build argument 'cmake_clean_cache' from command line to 'False'
[2.430s] Level 5:colcon.colcon_core.verb:set package 'amber_b1_hardware' build argument 'cmake_clean_first' from command line to 'False'
[2.430s] Level 5:colcon.colcon_core.verb:set package 'amber_b1_hardware' build argument 'cmake_force_configure' from command line to 'False'
[2.430s] Level 5:colcon.colcon_core.verb:set package 'amber_b1_hardware' build argument 'ament_cmake_args' from command line to 'None'
[2.430s] Level 5:colcon.colcon_core.verb:set package 'amber_b1_hardware' build argument 'catkin_cmake_args' from command line to 'None'
[2.430s] Level 5:colcon.colcon_core.verb:set package 'amber_b1_hardware' build argument 'catkin_skip_building_tests' from command line to 'False'
[2.430s] DEBUG:colcon.colcon_core.verb:Building package 'amber_b1_hardware' with the following arguments: {'ament_cmake_args': None, 'build_base': '/home/amber/ros2_ws/build/amber_b1_hardware', 'catkin_cmake_args': None, 'catkin_skip_building_tests': False, 'cmake_args': None, 'cmake_clean_cache': False, 'cmake_clean_first': False, 'cmake_force_configure': False, 'cmake_target': None, 'cmake_target_skip_unavailable': False, 'install_base': '/home/amber/ros2_ws/install/amber_b1_hardware', 'merge_install': False, 'path': '/home/amber/ros2_ws/src/amber_b1/amber_b1_hardware', 'symlink_install': False, 'test_result_base': None}
[2.431s] INFO:colcon.colcon_core.executor:Executing jobs using 'parallel' executor
[2.435s] DEBUG:colcon.colcon_parallel_executor.executor.parallel:run_until_complete
[2.436s] INFO:colcon.colcon_ros.task.ament_cmake.build:Building ROS package in '/home/amber/ros2_ws/src/amber_b1/amber_b1_interfaces' with build type 'ament_cmake'
[2.437s] INFO:colcon.colcon_cmake.task.cmake.build:Building CMake package in '/home/amber/ros2_ws/src/amber_b1/amber_b1_interfaces'
[2.471s] INFO:colcon.colcon_core.plugin_system:Skipping extension 'colcon_core.shell.bat': Not used on non-Windows systems
[2.472s] INFO:colcon.colcon_core.shell:Skip shell extension 'powershell' for command environment: Not usable outside of PowerShell
[2.473s] DEBUG:colcon.colcon_core.shell:Skip shell extension 'dsv' for command environment
[2.495s] INFO:colcon.colcon_ros.task.ament_cmake.build:Building ROS package in '/home/amber/ros2_ws/src/amber_b1/amber_b1_bringup' with build type 'ament_cmake'
[2.496s] INFO:colcon.colcon_cmake.task.cmake.build:Building CMake package in '/home/amber/ros2_ws/src/amber_b1/amber_b1_bringup'
[2.498s] INFO:colcon.colcon_core.shell:Skip shell extension 'powershell' for command environment: Not usable outside of PowerShell
[2.498s] DEBUG:colcon.colcon_core.shell:Skip shell extension 'dsv' for command environment
[2.559s] DEBUG:colcon.colcon_core.event_handler.log_command:Invoking command in '/home/amber/ros2_ws/build/amber_b1_interfaces': CMAKE_PREFIX_PATH=/opt/ros/foxy /usr/bin/cmake --build /home/amber/ros2_ws/build/amber_b1_interfaces -- -j2 -l2
[2.600s] DEBUG:colcon.colcon_core.event_handler.log_command:Invoking command in '/home/amber/ros2_ws/build/amber_b1_bringup': CMAKE_PREFIX_PATH=/opt/ros/foxy /usr/bin/cmake --build /home/amber/ros2_ws/build/amber_b1_bringup -- -j2 -l2
[10.419s] DEBUG:colcon.colcon_core.event_handler.log_command:Invoked command in '/home/amber/ros2_ws/build/amber_b1_bringup' returned '0': CMAKE_PREFIX_PATH=/opt/ros/foxy /usr/bin/cmake --build /home/amber/ros2_ws/build/amber_b1_bringup -- -j2 -l2
[10.539s] DEBUG:colcon.colcon_core.event_handler.log_command:Invoking command in '/home/amber/ros2_ws/build/amber_b1_bringup': CMAKE_PREFIX_PATH=/opt/ros/foxy /usr/bin/cmake --install /home/amber/ros2_ws/build/amber_b1_bringup
[10.623s] Level 1:colcon.colcon_core.environment:create_environment_scripts_only(amber_b1_bringup)
[10.625s] DEBUG:colcon.colcon_core.event_handler.log_command:Invoked command in '/home/amber/ros2_ws/build/amber_b1_bringup' returned '0': CMAKE_PREFIX_PATH=/opt/ros/foxy /usr/bin/cmake --install /home/amber/ros2_ws/build/amber_b1_bringup
[10.648s] Level 1:colcon.colcon_core.environment:checking '/home/amber/ros2_ws/install/amber_b1_bringup' for CMake module files
[10.662s] Level 1:colcon.colcon_core.environment:checking '/home/amber/ros2_ws/install/amber_b1_bringup' for CMake config files
[10.665s] Level 1:colcon.colcon_core.shell:create_environment_hook('amber_b1_bringup', 'cmake_prefix_path')
[10.666s] INFO:colcon.colcon_core.shell:Creating environment hook '/home/amber/ros2_ws/install/amber_b1_bringup/share/amber_b1_bringup/hook/cmake_prefix_path.ps1'
[10.672s] INFO:colcon.colcon_core.shell:Creating environment descriptor '/home/amber/ros2_ws/install/amber_b1_bringup/share/amber_b1_bringup/hook/cmake_prefix_path.dsv'
[10.677s] INFO:colcon.colcon_core.shell:Creating environment hook '/home/amber/ros2_ws/install/amber_b1_bringup/share/amber_b1_bringup/hook/cmake_prefix_path.sh'
[10.682s] Level 1:colcon.colcon_core.environment:checking '/home/amber/ros2_ws/install/amber_b1_bringup/bin'
[10.682s] Level 1:colcon.colcon_core.environment:checking '/home/amber/ros2_ws/install/amber_b1_bringup/lib/pkgconfig/amber_b1_bringup.pc'
[10.684s] Level 1:colcon.colcon_core.environment:checking '/home/amber/ros2_ws/install/amber_b1_bringup/lib/python3.8/site-packages'
[10.691s] Level 1:colcon.colcon_core.environment:checking '/home/amber/ros2_ws/install/amber_b1_bringup/bin'
[10.692s] INFO:colcon.colcon_core.shell:Creating package script '/home/amber/ros2_ws/install/amber_b1_bringup/share/amber_b1_bringup/package.ps1'
[10.697s] INFO:colcon.colcon_core.shell:Creating package descriptor '/home/amber/ros2_ws/install/amber_b1_bringup/share/amber_b1_bringup/package.dsv'
[10.701s] INFO:colcon.colcon_core.shell:Creating package script '/home/amber/ros2_ws/install/amber_b1_bringup/share/amber_b1_bringup/package.sh'
[10.706s] INFO:colcon.colcon_core.shell:Creating package script '/home/amber/ros2_ws/install/amber_b1_bringup/share/amber_b1_bringup/package.bash'
[10.711s] INFO:colcon.colcon_core.shell:Creating package script '/home/amber/ros2_ws/install/amber_b1_bringup/share/amber_b1_bringup/package.zsh'
[10.713s] Level 1:colcon.colcon_core.environment:create_file_with_runtime_dependencies(/home/amber/ros2_ws/install/amber_b1_bringup/share/colcon-core/packages/amber_b1_bringup)
[10.831s] Level 1:colcon.colcon_core.environment:create_environment_scripts_only(amber_b1_bringup)
[10.833s] Level 1:colcon.colcon_core.environment:checking '/home/amber/ros2_ws/install/amber_b1_bringup' for CMake module files
[10.837s] Level 1:colcon.colcon_core.environment:checking '/home/amber/ros2_ws/install/amber_b1_bringup' for CMake config files
[10.840s] Level 1:colcon.colcon_core.shell:create_environment_hook('amber_b1_bringup', 'cmake_prefix_path')
[10.842s] INFO:colcon.colcon_core.shell:Creating environment hook '/home/amber/ros2_ws/install/amber_b1_bringup/share/amber_b1_bringup/hook/cmake_prefix_path.ps1'
[10.847s] INFO:colcon.colcon_core.shell:Creating environment descriptor '/home/amber/ros2_ws/install/amber_b1_bringup/share/amber_b1_bringup/hook/cmake_prefix_path.dsv'
[10.849s] INFO:colcon.colcon_core.shell:Creating environment hook '/home/amber/ros2_ws/install/amber_b1_bringup/share/amber_b1_bringup/hook/cmake_prefix_path.sh'
[10.856s] Level 1:colcon.colcon_core.environment:checking '/home/amber/ros2_ws/install/amber_b1_bringup/bin'
[10.856s] Level 1:colcon.colcon_core.environment:checking '/home/amber/ros2_ws/install/amber_b1_bringup/lib/pkgconfig/amber_b1_bringup.pc'
[10.857s] Level 1:colcon.colcon_core.environment:checking '/home/amber/ros2_ws/install/amber_b1_bringup/lib/python3.8/site-packages'
[10.858s] Level 1:colcon.colcon_core.environment:checking '/home/amber/ros2_ws/install/amber_b1_bringup/bin'
[10.862s] INFO:colcon.colcon_core.shell:Creating package script '/home/amber/ros2_ws/install/amber_b1_bringup/share/amber_b1_bringup/package.ps1'
[10.868s] INFO:colcon.colcon_core.shell:Creating package descriptor '/home/amber/ros2_ws/install/amber_b1_bringup/share/amber_b1_bringup/package.dsv'
[10.872s] INFO:colcon.colcon_core.shell:Creating package script '/home/amber/ros2_ws/install/amber_b1_bringup/share/amber_b1_bringup/package.sh'
[10.877s] INFO:colcon.colcon_core.shell:Creating package script '/home/amber/ros2_ws/install/amber_b1_bringup/share/amber_b1_bringup/package.bash'
[10.881s] INFO:colcon.colcon_core.shell:Creating package script '/home/amber/ros2_ws/install/amber_b1_bringup/share/amber_b1_bringup/package.zsh'
[10.885s] Level 1:colcon.colcon_core.environment:create_file_with_runtime_dependencies(/home/amber/ros2_ws/install/amber_b1_bringup/share/colcon-core/packages/amber_b1_bringup)
[10.888s] INFO:colcon.colcon_ros.task.ament_cmake.build:Building ROS package in '/home/amber/ros2_ws/src/amber_b1/amber_b1_description' with build type 'ament_cmake'
[10.888s] INFO:colcon.colcon_cmake.task.cmake.build:Building CMake package in '/home/amber/ros2_ws/src/amber_b1/amber_b1_description'
[10.891s] INFO:colcon.colcon_core.shell:Skip shell extension 'powershell' for command environment: Not usable outside of PowerShell
[10.892s] DEBUG:colcon.colcon_core.shell:Skip shell extension 'dsv' for command environment
[10.967s] DEBUG:colcon.colcon_core.event_handler.log_command:Invoking command in '/home/amber/ros2_ws/build/amber_b1_description': CMAKE_PREFIX_PATH=/opt/ros/foxy /usr/bin/cmake --build /home/amber/ros2_ws/build/amber_b1_description -- -j2 -l2
[12.728s] DEBUG:colcon.colcon_core.event_handler.log_command:Invoked command in '/home/amber/ros2_ws/build/amber_b1_description' returned '0': CMAKE_PREFIX_PATH=/opt/ros/foxy /usr/bin/cmake --build /home/amber/ros2_ws/build/amber_b1_description -- -j2 -l2
[12.836s] DEBUG:colcon.colcon_core.event_handler.log_command:Invoking command in '/home/amber/ros2_ws/build/amber_b1_description': CMAKE_PREFIX_PATH=/opt/ros/foxy /usr/bin/cmake --install /home/amber/ros2_ws/build/amber_b1_description
[12.928s] Level 1:colcon.colcon_core.environment:create_environment_scripts_only(amber_b1_description)
[12.929s] Level 1:colcon.colcon_core.environment:checking '/home/amber/ros2_ws/install/amber_b1_description' for CMake module files
[12.932s] DEBUG:colcon.colcon_core.event_handler.log_command:Invoked command in '/home/amber/ros2_ws/build/amber_b1_description' returned '0': CMAKE_PREFIX_PATH=/opt/ros/foxy /usr/bin/cmake --install /home/amber/ros2_ws/build/amber_b1_description
[12.936s] Level 1:colcon.colcon_core.environment:checking '/home/amber/ros2_ws/install/amber_b1_description' for CMake config files
[12.937s] Level 1:colcon.colcon_core.shell:create_environment_hook('amber_b1_description', 'cmake_prefix_path')
[12.938s] INFO:colcon.colcon_core.shell:Creating environment hook '/home/amber/ros2_ws/install/amber_b1_description/share/amber_b1_description/hook/cmake_prefix_path.ps1'
[12.942s] INFO:colcon.colcon_core.shell:Creating environment descriptor '/home/amber/ros2_ws/install/amber_b1_description/share/amber_b1_description/hook/cmake_prefix_path.dsv'
[12.944s] INFO:colcon.colcon_core.shell:Creating environment hook '/home/amber/ros2_ws/install/amber_b1_description/share/amber_b1_description/hook/cmake_prefix_path.sh'
[12.947s] Level 1:colcon.colcon_core.environment:checking '/home/amber/ros2_ws/install/amber_b1_description/bin'
[12.947s] Level 1:colcon.colcon_core.environment:checking '/home/amber/ros2_ws/install/amber_b1_description/lib/pkgconfig/amber_b1_description.pc'
[12.948s] Level 1:colcon.colcon_core.environment:checking '/home/amber/ros2_ws/install/amber_b1_description/lib/python3.8/site-packages'
[12.950s] Level 1:colcon.colcon_core.environment:checking '/home/amber/ros2_ws/install/amber_b1_description/bin'
[12.952s] INFO:colcon.colcon_core.shell:Creating package script '/home/amber/ros2_ws/install/amber_b1_description/share/amber_b1_description/package.ps1'
[12.955s] INFO:colcon.colcon_core.shell:Creating package descriptor '/home/amber/ros2_ws/install/amber_b1_description/share/amber_b1_description/package.dsv'
[12.957s] INFO:colcon.colcon_core.shell:Creating package script '/home/amber/ros2_ws/install/amber_b1_description/share/amber_b1_description/package.sh'
[12.960s] INFO:colcon.colcon_core.shell:Creating package script '/home/amber/ros2_ws/install/amber_b1_description/share/amber_b1_description/package.bash'
[12.962s] INFO:colcon.colcon_core.shell:Creating package script '/home/amber/ros2_ws/install/amber_b1_description/share/amber_b1_description/package.zsh'
[12.963s] Level 1:colcon.colcon_core.environment:create_file_with_runtime_dependencies(/home/amber/ros2_ws/install/amber_b1_description/share/colcon-core/packages/amber_b1_description)
[13.067s] Level 1:colcon.colcon_core.environment:create_environment_scripts_only(amber_b1_description)
[13.068s] Level 1:colcon.colcon_core.environment:checking '/home/amber/ros2_ws/install/amber_b1_description' for CMake module files
[13.071s] Level 1:colcon.colcon_core.environment:checking '/home/amber/ros2_ws/install/amber_b1_description' for CMake config files
[13.072s] Level 1:colcon.colcon_core.shell:create_environment_hook('amber_b1_description', 'cmake_prefix_path')
[13.073s] INFO:colcon.colcon_core.shell:Creating environment hook '/home/amber/ros2_ws/install/amber_b1_description/share/amber_b1_description/hook/cmake_prefix_path.ps1'
[13.076s] INFO:colcon.colcon_core.shell:Creating environment descriptor '/home/amber/ros2_ws/install/amber_b1_description/share/amber_b1_description/hook/cmake_prefix_path.dsv'
[13.078s] INFO:colcon.colcon_core.shell:Creating environment hook '/home/amber/ros2_ws/install/amber_b1_description/share/amber_b1_description/hook/cmake_prefix_path.sh'
[13.082s] Level 1:colcon.colcon_core.environment:checking '/home/amber/ros2_ws/install/amber_b1_description/bin'
[13.082s] Level 1:colcon.colcon_core.environment:checking '/home/amber/ros2_ws/install/amber_b1_description/lib/pkgconfig/amber_b1_description.pc'
[13.083s] Level 1:colcon.colcon_core.environment:checking '/home/amber/ros2_ws/install/amber_b1_description/lib/python3.8/site-packages'
[13.085s] Level 1:colcon.colcon_core.environment:checking '/home/amber/ros2_ws/install/amber_b1_description/bin'
[13.086s] INFO:colcon.colcon_core.shell:Creating package script '/home/amber/ros2_ws/install/amber_b1_description/share/amber_b1_description/package.ps1'
[13.088s] INFO:colcon.colcon_core.shell:Creating package descriptor '/home/amber/ros2_ws/install/amber_b1_description/share/amber_b1_description/package.dsv'
[13.096s] INFO:colcon.colcon_core.shell:Creating package script '/home/amber/ros2_ws/install/amber_b1_description/share/amber_b1_description/package.sh'
[13.100s] INFO:colcon.colcon_core.shell:Creating package script '/home/amber/ros2_ws/install/amber_b1_description/share/amber_b1_description/package.bash'
[13.102s] INFO:colcon.colcon_core.shell:Creating package script '/home/amber/ros2_ws/install/amber_b1_description/share/amber_b1_description/package.zsh'
[13.105s] Level 1:colcon.colcon_core.environment:create_file_with_runtime_dependencies(/home/amber/ros2_ws/install/amber_b1_description/share/colcon-core/packages/amber_b1_description)
[13.106s] INFO:colcon.colcon_ros.task.ament_cmake.build:Building ROS package in '/home/amber/ros2_ws/src/amber_b1/amber_b1_joint_control_demo' with build type 'ament_cmake'
[13.107s] INFO:colcon.colcon_cmake.task.cmake.build:Building CMake package in '/home/amber/ros2_ws/src/amber_b1/amber_b1_joint_control_demo'
[13.111s] INFO:colcon.colcon_core.shell:Skip shell extension 'powershell' for command environment: Not usable outside of PowerShell
[13.111s] DEBUG:colcon.colcon_core.shell:Skip shell extension 'dsv' for command environment
[13.182s] DEBUG:colcon.colcon_core.event_handler.log_command:Invoking command in '/home/amber/ros2_ws/build/amber_b1_joint_control_demo': CMAKE_PREFIX_PATH=/opt/ros/foxy /usr/bin/cmake --build /home/amber/ros2_ws/build/amber_b1_joint_control_demo -- -j2 -l2
[33.088s] DEBUG:colcon.colcon_core.event_handler.log_command:Invoked command in '/home/amber/ros2_ws/build/amber_b1_interfaces' returned '0': CMAKE_PREFIX_PATH=/opt/ros/foxy /usr/bin/cmake --build /home/amber/ros2_ws/build/amber_b1_interfaces -- -j2 -l2
[33.303s] DEBUG:colcon.colcon_core.event_handler.log_command:Invoking command in '/home/amber/ros2_ws/build/amber_b1_interfaces': CMAKE_PREFIX_PATH=/opt/ros/foxy /usr/bin/cmake --install /home/amber/ros2_ws/build/amber_b1_interfaces
[33.732s] Level 1:colcon.colcon_core.environment:create_environment_scripts_only(amber_b1_interfaces)
[33.735s] Level 1:colcon.colcon_core.environment:checking '/home/amber/ros2_ws/install/amber_b1_interfaces' for CMake module files
[33.739s] DEBUG:colcon.colcon_core.event_handler.log_command:Invoked command in '/home/amber/ros2_ws/build/amber_b1_interfaces' returned '0': CMAKE_PREFIX_PATH=/opt/ros/foxy /usr/bin/cmake --install /home/amber/ros2_ws/build/amber_b1_interfaces
[33.741s] Level 1:colcon.colcon_core.environment:checking '/home/amber/ros2_ws/install/amber_b1_interfaces' for CMake config files
[33.742s] Level 1:colcon.colcon_core.shell:create_environment_hook('amber_b1_interfaces', 'cmake_prefix_path')
[33.744s] INFO:colcon.colcon_core.shell:Creating environment hook '/home/amber/ros2_ws/install/amber_b1_interfaces/share/amber_b1_interfaces/hook/cmake_prefix_path.ps1'
[33.747s] INFO:colcon.colcon_core.shell:Creating environment descriptor '/home/amber/ros2_ws/install/amber_b1_interfaces/share/amber_b1_interfaces/hook/cmake_prefix_path.dsv'
[33.750s] INFO:colcon.colcon_core.shell:Creating environment hook '/home/amber/ros2_ws/install/amber_b1_interfaces/share/amber_b1_interfaces/hook/cmake_prefix_path.sh'
[33.752s] Level 1:colcon.colcon_core.environment:checking '/home/amber/ros2_ws/install/amber_b1_interfaces/lib'
[33.753s] Level 1:colcon.colcon_core.shell:create_environment_hook('amber_b1_interfaces', 'ld_library_path_lib')
[33.755s] INFO:colcon.colcon_core.shell:Creating environment hook '/home/amber/ros2_ws/install/amber_b1_interfaces/share/amber_b1_interfaces/hook/ld_library_path_lib.ps1'
[33.757s] INFO:colcon.colcon_core.shell:Creating environment descriptor '/home/amber/ros2_ws/install/amber_b1_interfaces/share/amber_b1_interfaces/hook/ld_library_path_lib.dsv'
[33.761s] INFO:colcon.colcon_core.shell:Creating environment hook '/home/amber/ros2_ws/install/amber_b1_interfaces/share/amber_b1_interfaces/hook/ld_library_path_lib.sh'
[33.763s] Level 1:colcon.colcon_core.environment:checking '/home/amber/ros2_ws/install/amber_b1_interfaces/bin'
[33.763s] Level 1:colcon.colcon_core.environment:checking '/home/amber/ros2_ws/install/amber_b1_interfaces/lib/pkgconfig/amber_b1_interfaces.pc'
[33.764s] Level 1:colcon.colcon_core.environment:checking '/home/amber/ros2_ws/install/amber_b1_interfaces/lib/python3.8/site-packages'
[33.765s] Level 1:colcon.colcon_core.shell:create_environment_hook('amber_b1_interfaces', 'pythonpath')
[33.766s] INFO:colcon.colcon_core.shell:Creating environment hook '/home/amber/ros2_ws/install/amber_b1_interfaces/share/amber_b1_interfaces/hook/pythonpath.ps1'
[33.768s] INFO:colcon.colcon_core.shell:Creating environment descriptor '/home/amber/ros2_ws/install/amber_b1_interfaces/share/amber_b1_interfaces/hook/pythonpath.dsv'
[33.771s] INFO:colcon.colcon_core.shell:Creating environment hook '/home/amber/ros2_ws/install/amber_b1_interfaces/share/amber_b1_interfaces/hook/pythonpath.sh'
[33.773s] Level 1:colcon.colcon_core.environment:checking '/home/amber/ros2_ws/install/amber_b1_interfaces/bin'
[33.776s] INFO:colcon.colcon_core.shell:Creating package script '/home/amber/ros2_ws/install/amber_b1_interfaces/share/amber_b1_interfaces/package.ps1'
[33.778s] INFO:colcon.colcon_core.shell:Creating package descriptor '/home/amber/ros2_ws/install/amber_b1_interfaces/share/amber_b1_interfaces/package.dsv'
[33.782s] INFO:colcon.colcon_core.shell:Creating package script '/home/amber/ros2_ws/install/amber_b1_interfaces/share/amber_b1_interfaces/package.sh'
[33.785s] INFO:colcon.colcon_core.shell:Creating package script '/home/amber/ros2_ws/install/amber_b1_interfaces/share/amber_b1_interfaces/package.bash'
[33.788s] INFO:colcon.colcon_core.shell:Creating package script '/home/amber/ros2_ws/install/amber_b1_interfaces/share/amber_b1_interfaces/package.zsh'
[33.790s] Level 1:colcon.colcon_core.environment:create_file_with_runtime_dependencies(/home/amber/ros2_ws/install/amber_b1_interfaces/share/colcon-core/packages/amber_b1_interfaces)
[34.031s] Level 1:colcon.colcon_core.environment:create_environment_scripts_only(amber_b1_interfaces)
[34.032s] Level 1:colcon.colcon_core.environment:checking '/home/amber/ros2_ws/install/amber_b1_interfaces' for CMake module files
[34.036s] Level 1:colcon.colcon_core.environment:checking '/home/amber/ros2_ws/install/amber_b1_interfaces' for CMake config files
[34.037s] Level 1:colcon.colcon_core.shell:create_environment_hook('amber_b1_interfaces', 'cmake_prefix_path')
[34.038s] INFO:colcon.colcon_core.shell:Creating environment hook '/home/amber/ros2_ws/install/amber_b1_interfaces/share/amber_b1_interfaces/hook/cmake_prefix_path.ps1'
[34.041s] INFO:colcon.colcon_core.shell:Creating environment descriptor '/home/amber/ros2_ws/install/amber_b1_interfaces/share/amber_b1_interfaces/hook/cmake_prefix_path.dsv'
[34.043s] INFO:colcon.colcon_core.shell:Creating environment hook '/home/amber/ros2_ws/install/amber_b1_interfaces/share/amber_b1_interfaces/hook/cmake_prefix_path.sh'
[34.046s] Level 1:colcon.colcon_core.environment:checking '/home/amber/ros2_ws/install/amber_b1_interfaces/lib'
[34.046s] Level 1:colcon.colcon_core.shell:create_environment_hook('amber_b1_interfaces', 'ld_library_path_lib')
[34.047s] INFO:colcon.colcon_core.shell:Creating environment hook '/home/amber/ros2_ws/install/amber_b1_interfaces/share/amber_b1_interfaces/hook/ld_library_path_lib.ps1'
[34.050s] INFO:colcon.colcon_core.shell:Creating environment descriptor '/home/amber/ros2_ws/install/amber_b1_interfaces/share/amber_b1_interfaces/hook/ld_library_path_lib.dsv'
[34.051s] INFO:colcon.colcon_core.shell:Creating environment hook '/home/amber/ros2_ws/install/amber_b1_interfaces/share/amber_b1_interfaces/hook/ld_library_path_lib.sh'
[34.053s] Level 1:colcon.colcon_core.environment:checking '/home/amber/ros2_ws/install/amber_b1_interfaces/bin'
[34.053s] Level 1:colcon.colcon_core.environment:checking '/home/amber/ros2_ws/install/amber_b1_interfaces/lib/pkgconfig/amber_b1_interfaces.pc'
[34.055s] Level 1:colcon.colcon_core.environment:checking '/home/amber/ros2_ws/install/amber_b1_interfaces/lib/python3.8/site-packages'
[34.055s] Level 1:colcon.colcon_core.shell:create_environment_hook('amber_b1_interfaces', 'pythonpath')
[34.057s] INFO:colcon.colcon_core.shell:Creating environment hook '/home/amber/ros2_ws/install/amber_b1_interfaces/share/amber_b1_interfaces/hook/pythonpath.ps1'
[34.059s] INFO:colcon.colcon_core.shell:Creating environment descriptor '/home/amber/ros2_ws/install/amber_b1_interfaces/share/amber_b1_interfaces/hook/pythonpath.dsv'
[34.063s] INFO:colcon.colcon_core.shell:Creating environment hook '/home/amber/ros2_ws/install/amber_b1_interfaces/share/amber_b1_interfaces/hook/pythonpath.sh'
[34.066s] Level 1:colcon.colcon_core.environment:checking '/home/amber/ros2_ws/install/amber_b1_interfaces/bin'
[34.068s] INFO:colcon.colcon_core.shell:Creating package script '/home/amber/ros2_ws/install/amber_b1_interfaces/share/amber_b1_interfaces/package.ps1'
[34.071s] INFO:colcon.colcon_core.shell:Creating package descriptor '/home/amber/ros2_ws/install/amber_b1_interfaces/share/amber_b1_interfaces/package.dsv'
[34.074s] INFO:colcon.colcon_core.shell:Creating package script '/home/amber/ros2_ws/install/amber_b1_interfaces/share/amber_b1_interfaces/package.sh'
[34.083s] INFO:colcon.colcon_core.shell:Creating package script '/home/amber/ros2_ws/install/amber_b1_interfaces/share/amber_b1_interfaces/package.bash'
[34.086s] INFO:colcon.colcon_core.shell:Creating package script '/home/amber/ros2_ws/install/amber_b1_interfaces/share/amber_b1_interfaces/package.zsh'
[34.088s] Level 1:colcon.colcon_core.environment:create_file_with_runtime_dependencies(/home/amber/ros2_ws/install/amber_b1_interfaces/share/colcon-core/packages/amber_b1_interfaces)
[34.093s] INFO:colcon.colcon_ros.task.ament_cmake.build:Building ROS package in '/home/amber/ros2_ws/src/amber_b1/amber_b1_gui_node' with build type 'ament_cmake'
[34.094s] INFO:colcon.colcon_cmake.task.cmake.build:Building CMake package in '/home/amber/ros2_ws/src/amber_b1/amber_b1_gui_node'
[34.095s] INFO:colcon.colcon_core.shell:Skip shell extension 'powershell' for command environment: Not usable outside of PowerShell
[34.095s] DEBUG:colcon.colcon_core.shell:Skip shell extension 'dsv' for command environment
[34.175s] DEBUG:colcon.colcon_core.event_handler.log_command:Invoking command in '/home/amber/ros2_ws/build/amber_b1_gui_node': AMENT_PREFIX_PATH=/home/amber/ros2_ws/install/amber_b1_interfaces:${AMENT_PREFIX_PATH} CMAKE_PREFIX_PATH=/home/amber/ros2_ws/install/amber_b1_interfaces:/opt/ros/foxy LD_LIBRARY_PATH=/home/amber/ros2_ws/install/amber_b1_interfaces/lib:${LD_LIBRARY_PATH} PYTHONPATH=/home/amber/ros2_ws/install/amber_b1_interfaces/lib/python3.8/site-packages:${PYTHONPATH} /usr/bin/cmake --build /home/amber/ros2_ws/build/amber_b1_gui_node -- -j2 -l2
[35.222s] DEBUG:colcon.colcon_core.event_handler.log_command:Invoked command in '/home/amber/ros2_ws/build/amber_b1_joint_control_demo' returned '0': CMAKE_PREFIX_PATH=/opt/ros/foxy /usr/bin/cmake --build /home/amber/ros2_ws/build/amber_b1_joint_control_demo -- -j2 -l2
[35.333s] DEBUG:colcon.colcon_core.event_handler.log_command:Invoking command in '/home/amber/ros2_ws/build/amber_b1_joint_control_demo': CMAKE_PREFIX_PATH=/opt/ros/foxy /usr/bin/cmake --install /home/amber/ros2_ws/build/amber_b1_joint_control_demo
[35.425s] Level 1:colcon.colcon_core.environment:create_environment_scripts_only(amber_b1_joint_control_demo)
[35.427s] Level 1:colcon.colcon_core.environment:checking '/home/amber/ros2_ws/install/amber_b1_joint_control_demo' for CMake module files
[35.432s] DEBUG:colcon.colcon_core.event_handler.log_command:Invoked command in '/home/amber/ros2_ws/build/amber_b1_joint_control_demo' returned '0': CMAKE_PREFIX_PATH=/opt/ros/foxy /usr/bin/cmake --install /home/amber/ros2_ws/build/amber_b1_joint_control_demo
[35.433s] Level 1:colcon.colcon_core.environment:checking '/home/amber/ros2_ws/install/amber_b1_joint_control_demo' for CMake config files
[35.436s] Level 1:colcon.colcon_core.shell:create_environment_hook('amber_b1_joint_control_demo', 'cmake_prefix_path')
[35.437s] INFO:colcon.colcon_core.shell:Creating environment hook '/home/amber/ros2_ws/install/amber_b1_joint_control_demo/share/amber_b1_joint_control_demo/hook/cmake_prefix_path.ps1'
[35.443s] INFO:colcon.colcon_core.shell:Creating environment descriptor '/home/amber/ros2_ws/install/amber_b1_joint_control_demo/share/amber_b1_joint_control_demo/hook/cmake_prefix_path.dsv'
[35.445s] INFO:colcon.colcon_core.shell:Creating environment hook '/home/amber/ros2_ws/install/amber_b1_joint_control_demo/share/amber_b1_joint_control_demo/hook/cmake_prefix_path.sh'
[35.448s] Level 1:colcon.colcon_core.environment:checking '/home/amber/ros2_ws/install/amber_b1_joint_control_demo/lib'
[35.448s] Level 1:colcon.colcon_core.environment:checking '/home/amber/ros2_ws/install/amber_b1_joint_control_demo/bin'
[35.450s] Level 1:colcon.colcon_core.environment:checking '/home/amber/ros2_ws/install/amber_b1_joint_control_demo/lib/pkgconfig/amber_b1_joint_control_demo.pc'
[35.451s] Level 1:colcon.colcon_core.environment:checking '/home/amber/ros2_ws/install/amber_b1_joint_control_demo/lib/python3.8/site-packages'
[35.451s] Level 1:colcon.colcon_core.environment:checking '/home/amber/ros2_ws/install/amber_b1_joint_control_demo/bin'
[35.453s] INFO:colcon.colcon_core.shell:Creating package script '/home/amber/ros2_ws/install/amber_b1_joint_control_demo/share/amber_b1_joint_control_demo/package.ps1'
[35.459s] INFO:colcon.colcon_core.shell:Creating package descriptor '/home/amber/ros2_ws/install/amber_b1_joint_control_demo/share/amber_b1_joint_control_demo/package.dsv'
[35.463s] INFO:colcon.colcon_core.shell:Creating package script '/home/amber/ros2_ws/install/amber_b1_joint_control_demo/share/amber_b1_joint_control_demo/package.sh'
[35.466s] INFO:colcon.colcon_core.shell:Creating package script '/home/amber/ros2_ws/install/amber_b1_joint_control_demo/share/amber_b1_joint_control_demo/package.bash'
[35.467s] INFO:colcon.colcon_core.shell:Creating package script '/home/amber/ros2_ws/install/amber_b1_joint_control_demo/share/amber_b1_joint_control_demo/package.zsh'
[35.470s] Level 1:colcon.colcon_core.environment:create_file_with_runtime_dependencies(/home/amber/ros2_ws/install/amber_b1_joint_control_demo/share/colcon-core/packages/amber_b1_joint_control_demo)
[35.566s] Level 1:colcon.colcon_core.environment:create_environment_scripts_only(amber_b1_joint_control_demo)
[35.567s] Level 1:colcon.colcon_core.environment:checking '/home/amber/ros2_ws/install/amber_b1_joint_control_demo' for CMake module files
[35.570s] Level 1:colcon.colcon_core.environment:checking '/home/amber/ros2_ws/install/amber_b1_joint_control_demo' for CMake config files
[35.571s] Level 1:colcon.colcon_core.shell:create_environment_hook('amber_b1_joint_control_demo', 'cmake_prefix_path')
[35.572s] INFO:colcon.colcon_core.shell:Creating environment hook '/home/amber/ros2_ws/install/amber_b1_joint_control_demo/share/amber_b1_joint_control_demo/hook/cmake_prefix_path.ps1'
[35.574s] INFO:colcon.colcon_core.shell:Creating environment descriptor '/home/amber/ros2_ws/install/amber_b1_joint_control_demo/share/amber_b1_joint_control_demo/hook/cmake_prefix_path.dsv'
[35.576s] INFO:colcon.colcon_core.shell:Creating environment hook '/home/amber/ros2_ws/install/amber_b1_joint_control_demo/share/amber_b1_joint_control_demo/hook/cmake_prefix_path.sh'
[35.580s] Level 1:colcon.colcon_core.environment:checking '/home/amber/ros2_ws/install/amber_b1_joint_control_demo/lib'
[35.580s] Level 1:colcon.colcon_core.environment:checking '/home/amber/ros2_ws/install/amber_b1_joint_control_demo/bin'
[35.580s] Level 1:colcon.colcon_core.environment:checking '/home/amber/ros2_ws/install/amber_b1_joint_control_demo/lib/pkgconfig/amber_b1_joint_control_demo.pc'
[35.581s] Level 1:colcon.colcon_core.environment:checking '/home/amber/ros2_ws/install/amber_b1_joint_control_demo/lib/python3.8/site-packages'
[35.582s] Level 1:colcon.colcon_core.environment:checking '/home/amber/ros2_ws/install/amber_b1_joint_control_demo/bin'
[35.583s] INFO:colcon.colcon_core.shell:Creating package script '/home/amber/ros2_ws/install/amber_b1_joint_control_demo/share/amber_b1_joint_control_demo/package.ps1'
[35.586s] INFO:colcon.colcon_core.shell:Creating package descriptor '/home/amber/ros2_ws/install/amber_b1_joint_control_demo/share/amber_b1_joint_control_demo/package.dsv'
[35.588s] INFO:colcon.colcon_core.shell:Creating package script '/home/amber/ros2_ws/install/amber_b1_joint_control_demo/share/amber_b1_joint_control_demo/package.sh'
[35.592s] INFO:colcon.colcon_core.shell:Creating package script '/home/amber/ros2_ws/install/amber_b1_joint_control_demo/share/amber_b1_joint_control_demo/package.bash'
[35.596s] INFO:colcon.colcon_core.shell:Creating package script '/home/amber/ros2_ws/install/amber_b1_joint_control_demo/share/amber_b1_joint_control_demo/package.zsh'
[35.598s] Level 1:colcon.colcon_core.environment:create_file_with_runtime_dependencies(/home/amber/ros2_ws/install/amber_b1_joint_control_demo/share/colcon-core/packages/amber_b1_joint_control_demo)
[35.601s] INFO:colcon.colcon_ros.task.ament_cmake.build:Building ROS package in '/home/amber/ros2_ws/src/amber_b1/amber_b1_hardware' with build type 'ament_cmake'
[35.602s] INFO:colcon.colcon_cmake.task.cmake.build:Building CMake package in '/home/amber/ros2_ws/src/amber_b1/amber_b1_hardware'
[35.603s] INFO:colcon.colcon_core.shell:Skip shell extension 'powershell' for command environment: Not usable outside of PowerShell
[35.604s] DEBUG:colcon.colcon_core.shell:Skip shell extension 'dsv' for command environment
[35.668s] DEBUG:colcon.colcon_core.event_handler.log_command:Invoking command in '/home/amber/ros2_ws/build/amber_b1_hardware': AMENT_PREFIX_PATH=/home/amber/ros2_ws/install/amber_b1_interfaces:${AMENT_PREFIX_PATH} CMAKE_PREFIX_PATH=/home/amber/ros2_ws/install/amber_b1_interfaces:/opt/ros/foxy LD_LIBRARY_PATH=/home/amber/ros2_ws/install/amber_b1_interfaces/lib:${LD_LIBRARY_PATH} PYTHONPATH=/home/amber/ros2_ws/install/amber_b1_interfaces/lib/python3.8/site-packages:${PYTHONPATH} /usr/bin/cmake --build /home/amber/ros2_ws/build/amber_b1_hardware -- -j2 -l2
[58.426s] DEBUG:colcon.colcon_core.event_handler.log_command:Invoked command in '/home/amber/ros2_ws/build/amber_b1_hardware' returned '0': AMENT_PREFIX_PATH=/home/amber/ros2_ws/install/amber_b1_interfaces:${AMENT_PREFIX_PATH} CMAKE_PREFIX_PATH=/home/amber/ros2_ws/install/amber_b1_interfaces:/opt/ros/foxy LD_LIBRARY_PATH=/home/amber/ros2_ws/install/amber_b1_interfaces/lib:${LD_LIBRARY_PATH} PYTHONPATH=/home/amber/ros2_ws/install/amber_b1_interfaces/lib/python3.8/site-packages:${PYTHONPATH} /usr/bin/cmake --build /home/amber/ros2_ws/build/amber_b1_hardware -- -j2 -l2
[58.632s] DEBUG:colcon.colcon_core.event_handler.log_command:Invoking command in '/home/amber/ros2_ws/build/amber_b1_hardware': AMENT_PREFIX_PATH=/home/amber/ros2_ws/install/amber_b1_interfaces:${AMENT_PREFIX_PATH} CMAKE_PREFIX_PATH=/home/amber/ros2_ws/install/amber_b1_interfaces:/opt/ros/foxy LD_LIBRARY_PATH=/home/amber/ros2_ws/install/amber_b1_interfaces/lib:${LD_LIBRARY_PATH} PYTHONPATH=/home/amber/ros2_ws/install/amber_b1_interfaces/lib/python3.8/site-packages:${PYTHONPATH} /usr/bin/cmake --install /home/amber/ros2_ws/build/amber_b1_hardware
[58.735s] Level 1:colcon.colcon_core.environment:create_environment_scripts_only(amber_b1_hardware)
[58.736s] Level 1:colcon.colcon_core.environment:checking '/home/amber/ros2_ws/install/amber_b1_hardware' for CMake module files
[58.738s] Level 1:colcon.colcon_core.environment:checking '/home/amber/ros2_ws/install/amber_b1_hardware' for CMake config files
[58.740s] DEBUG:colcon.colcon_core.event_handler.log_command:Invoked command in '/home/amber/ros2_ws/build/amber_b1_hardware' returned '0': AMENT_PREFIX_PATH=/home/amber/ros2_ws/install/amber_b1_interfaces:${AMENT_PREFIX_PATH} CMAKE_PREFIX_PATH=/home/amber/ros2_ws/install/amber_b1_interfaces:/opt/ros/foxy LD_LIBRARY_PATH=/home/amber/ros2_ws/install/amber_b1_interfaces/lib:${LD_LIBRARY_PATH} PYTHONPATH=/home/amber/ros2_ws/install/amber_b1_interfaces/lib/python3.8/site-packages:${PYTHONPATH} /usr/bin/cmake --install /home/amber/ros2_ws/build/amber_b1_hardware
[58.742s] Level 1:colcon.colcon_core.shell:create_environment_hook('amber_b1_hardware', 'cmake_prefix_path')
[58.743s] INFO:colcon.colcon_core.shell:Creating environment hook '/home/amber/ros2_ws/install/amber_b1_hardware/share/amber_b1_hardware/hook/cmake_prefix_path.ps1'
[58.746s] INFO:colcon.colcon_core.shell:Creating environment descriptor '/home/amber/ros2_ws/install/amber_b1_hardware/share/amber_b1_hardware/hook/cmake_prefix_path.dsv'
[58.748s] INFO:colcon.colcon_core.shell:Creating environment hook '/home/amber/ros2_ws/install/amber_b1_hardware/share/amber_b1_hardware/hook/cmake_prefix_path.sh'
[58.751s] Level 1:colcon.colcon_core.environment:checking '/home/amber/ros2_ws/install/amber_b1_hardware/lib'
[58.752s] Level 1:colcon.colcon_core.shell:create_environment_hook('amber_b1_hardware', 'ld_library_path_lib')
[58.753s] INFO:colcon.colcon_core.shell:Creating environment hook '/home/amber/ros2_ws/install/amber_b1_hardware/share/amber_b1_hardware/hook/ld_library_path_lib.ps1'
[58.755s] INFO:colcon.colcon_core.shell:Creating environment descriptor '/home/amber/ros2_ws/install/amber_b1_hardware/share/amber_b1_hardware/hook/ld_library_path_lib.dsv'
[58.756s] INFO:colcon.colcon_core.shell:Creating environment hook '/home/amber/ros2_ws/install/amber_b1_hardware/share/amber_b1_hardware/hook/ld_library_path_lib.sh'
[58.758s] Level 1:colcon.colcon_core.environment:checking '/home/amber/ros2_ws/install/amber_b1_hardware/bin'
[58.759s] Level 1:colcon.colcon_core.environment:checking '/home/amber/ros2_ws/install/amber_b1_hardware/lib/pkgconfig/amber_b1_hardware.pc'
[58.760s] Level 1:colcon.colcon_core.environment:checking '/home/amber/ros2_ws/install/amber_b1_hardware/lib/python3.8/site-packages'
[58.761s] Level 1:colcon.colcon_core.environment:checking '/home/amber/ros2_ws/install/amber_b1_hardware/bin'
[58.762s] INFO:colcon.colcon_core.shell:Creating package script '/home/amber/ros2_ws/install/amber_b1_hardware/share/amber_b1_hardware/package.ps1'
[58.765s] INFO:colcon.colcon_core.shell:Creating package descriptor '/home/amber/ros2_ws/install/amber_b1_hardware/share/amber_b1_hardware/package.dsv'
[58.766s] INFO:colcon.colcon_core.shell:Creating package script '/home/amber/ros2_ws/install/amber_b1_hardware/share/amber_b1_hardware/package.sh'
[58.769s] INFO:colcon.colcon_core.shell:Creating package script '/home/amber/ros2_ws/install/amber_b1_hardware/share/amber_b1_hardware/package.bash'
[58.771s] INFO:colcon.colcon_core.shell:Creating package script '/home/amber/ros2_ws/install/amber_b1_hardware/share/amber_b1_hardware/package.zsh'
[58.773s] Level 1:colcon.colcon_core.environment:create_file_with_runtime_dependencies(/home/amber/ros2_ws/install/amber_b1_hardware/share/colcon-core/packages/amber_b1_hardware)
[58.990s] Level 1:colcon.colcon_core.environment:create_environment_scripts_only(amber_b1_hardware)
[58.994s] Level 1:colcon.colcon_core.environment:checking '/home/amber/ros2_ws/install/amber_b1_hardware' for CMake module files
[59.003s] Level 1:colcon.colcon_core.environment:checking '/home/amber/ros2_ws/install/amber_b1_hardware' for CMake config files
[59.007s] Level 1:colcon.colcon_core.shell:create_environment_hook('amber_b1_hardware', 'cmake_prefix_path')
[59.011s] INFO:colcon.colcon_core.shell:Creating environment hook '/home/amber/ros2_ws/install/amber_b1_hardware/share/amber_b1_hardware/hook/cmake_prefix_path.ps1'
[59.026s] INFO:colcon.colcon_core.shell:Creating environment descriptor '/home/amber/ros2_ws/install/amber_b1_hardware/share/amber_b1_hardware/hook/cmake_prefix_path.dsv'
[59.038s] INFO:colcon.colcon_core.shell:Creating environment hook '/home/amber/ros2_ws/install/amber_b1_hardware/share/amber_b1_hardware/hook/cmake_prefix_path.sh'
[59.052s] Level 1:colcon.colcon_core.environment:checking '/home/amber/ros2_ws/install/amber_b1_hardware/lib'
[59.053s] Level 1:colcon.colcon_core.shell:create_environment_hook('amber_b1_hardware', 'ld_library_path_lib')
[59.058s] INFO:colcon.colcon_core.shell:Creating environment hook '/home/amber/ros2_ws/install/amber_b1_hardware/share/amber_b1_hardware/hook/ld_library_path_lib.ps1'
[59.065s] INFO:colcon.colcon_core.shell:Creating environment descriptor '/home/amber/ros2_ws/install/amber_b1_hardware/share/amber_b1_hardware/hook/ld_library_path_lib.dsv'
[59.075s] INFO:colcon.colcon_core.shell:Creating environment hook '/home/amber/ros2_ws/install/amber_b1_hardware/share/amber_b1_hardware/hook/ld_library_path_lib.sh'
[59.080s] Level 1:colcon.colcon_core.environment:checking '/home/amber/ros2_ws/install/amber_b1_hardware/bin'
[59.084s] Level 1:colcon.colcon_core.environment:checking '/home/amber/ros2_ws/install/amber_b1_hardware/lib/pkgconfig/amber_b1_hardware.pc'
[59.088s] Level 1:colcon.colcon_core.environment:checking '/home/amber/ros2_ws/install/amber_b1_hardware/lib/python3.8/site-packages'
[59.093s] Level 1:colcon.colcon_core.environment:checking '/home/amber/ros2_ws/install/amber_b1_hardware/bin'
[59.097s] INFO:colcon.colcon_core.shell:Creating package script '/home/amber/ros2_ws/install/amber_b1_hardware/share/amber_b1_hardware/package.ps1'
[59.103s] INFO:colcon.colcon_core.shell:Creating package descriptor '/home/amber/ros2_ws/install/amber_b1_hardware/share/amber_b1_hardware/package.dsv'
[59.128s] INFO:colcon.colcon_core.shell:Creating package script '/home/amber/ros2_ws/install/amber_b1_hardware/share/amber_b1_hardware/package.sh'
[59.166s] INFO:colcon.colcon_core.shell:Creating package script '/home/amber/ros2_ws/install/amber_b1_hardware/share/amber_b1_hardware/package.bash'
[59.181s] INFO:colcon.colcon_core.shell:Creating package script '/home/amber/ros2_ws/install/amber_b1_hardware/share/amber_b1_hardware/package.zsh'
[59.185s] Level 1:colcon.colcon_core.environment:create_file_with_runtime_dependencies(/home/amber/ros2_ws/install/amber_b1_hardware/share/colcon-core/packages/amber_b1_hardware)
[98.230s] DEBUG:colcon.colcon_core.event_handler.log_command:Invoked command in '/home/amber/ros2_ws/build/amber_b1_gui_node' returned '0': AMENT_PREFIX_PATH=/home/amber/ros2_ws/install/amber_b1_interfaces:${AMENT_PREFIX_PATH} CMAKE_PREFIX_PATH=/home/amber/ros2_ws/install/amber_b1_interfaces:/opt/ros/foxy LD_LIBRARY_PATH=/home/amber/ros2_ws/install/amber_b1_interfaces/lib:${LD_LIBRARY_PATH} PYTHONPATH=/home/amber/ros2_ws/install/amber_b1_interfaces/lib/python3.8/site-packages:${PYTHONPATH} /usr/bin/cmake --build /home/amber/ros2_ws/build/amber_b1_gui_node -- -j2 -l2
[98.391s] DEBUG:colcon.colcon_core.event_handler.log_command:Invoking command in '/home/amber/ros2_ws/build/amber_b1_gui_node': AMENT_PREFIX_PATH=/home/amber/ros2_ws/install/amber_b1_interfaces:${AMENT_PREFIX_PATH} CMAKE_PREFIX_PATH=/home/amber/ros2_ws/install/amber_b1_interfaces:/opt/ros/foxy LD_LIBRARY_PATH=/home/amber/ros2_ws/install/amber_b1_interfaces/lib:${LD_LIBRARY_PATH} PYTHONPATH=/home/amber/ros2_ws/install/amber_b1_interfaces/lib/python3.8/site-packages:${PYTHONPATH} /usr/bin/cmake --install /home/amber/ros2_ws/build/amber_b1_gui_node
[98.540s] Level 1:colcon.colcon_core.environment:create_environment_scripts_only(amber_b1_gui_node)
[98.542s] Level 1:colcon.colcon_core.environment:checking '/home/amber/ros2_ws/install/amber_b1_gui_node' for CMake module files
[98.546s] Level 1:colcon.colcon_core.environment:checking '/home/amber/ros2_ws/install/amber_b1_gui_node' for CMake config files
[98.547s] DEBUG:colcon.colcon_core.event_handler.log_command:Invoked command in '/home/amber/ros2_ws/build/amber_b1_gui_node' returned '0': AMENT_PREFIX_PATH=/home/amber/ros2_ws/install/amber_b1_interfaces:${AMENT_PREFIX_PATH} CMAKE_PREFIX_PATH=/home/amber/ros2_ws/install/amber_b1_interfaces:/opt/ros/foxy LD_LIBRARY_PATH=/home/amber/ros2_ws/install/amber_b1_interfaces/lib:${LD_LIBRARY_PATH} PYTHONPATH=/home/amber/ros2_ws/install/amber_b1_interfaces/lib/python3.8/site-packages:${PYTHONPATH} /usr/bin/cmake --install /home/amber/ros2_ws/build/amber_b1_gui_node
[98.550s] Level 1:colcon.colcon_core.shell:create_environment_hook('amber_b1_gui_node', 'cmake_prefix_path')
[98.551s] INFO:colcon.colcon_core.shell:Creating environment hook '/home/amber/ros2_ws/install/amber_b1_gui_node/share/amber_b1_gui_node/hook/cmake_prefix_path.ps1'
[98.562s] INFO:colcon.colcon_core.shell:Creating environment descriptor '/home/amber/ros2_ws/install/amber_b1_gui_node/share/amber_b1_gui_node/hook/cmake_prefix_path.dsv'
[98.566s] INFO:colcon.colcon_core.shell:Creating environment hook '/home/amber/ros2_ws/install/amber_b1_gui_node/share/amber_b1_gui_node/hook/cmake_prefix_path.sh'
[98.572s] Level 1:colcon.colcon_core.environment:checking '/home/amber/ros2_ws/install/amber_b1_gui_node/lib'
[98.573s] Level 1:colcon.colcon_core.environment:checking '/home/amber/ros2_ws/install/amber_b1_gui_node/bin'
[98.574s] Level 1:colcon.colcon_core.environment:checking '/home/amber/ros2_ws/install/amber_b1_gui_node/lib/pkgconfig/amber_b1_gui_node.pc'
[98.576s] Level 1:colcon.colcon_core.environment:checking '/home/amber/ros2_ws/install/amber_b1_gui_node/lib/python3.8/site-packages'
[98.578s] Level 1:colcon.colcon_core.environment:checking '/home/amber/ros2_ws/install/amber_b1_gui_node/bin'
[98.582s] INFO:colcon.colcon_core.shell:Creating package script '/home/amber/ros2_ws/install/amber_b1_gui_node/share/amber_b1_gui_node/package.ps1'
[98.587s] INFO:colcon.colcon_core.shell:Creating package descriptor '/home/amber/ros2_ws/install/amber_b1_gui_node/share/amber_b1_gui_node/package.dsv'
[98.592s] INFO:colcon.colcon_core.shell:Creating package script '/home/amber/ros2_ws/install/amber_b1_gui_node/share/amber_b1_gui_node/package.sh'
[98.596s] INFO:colcon.colcon_core.shell:Creating package script '/home/amber/ros2_ws/install/amber_b1_gui_node/share/amber_b1_gui_node/package.bash'
[98.598s] INFO:colcon.colcon_core.shell:Creating package script '/home/amber/ros2_ws/install/amber_b1_gui_node/share/amber_b1_gui_node/package.zsh'
[98.602s] Level 1:colcon.colcon_core.environment:create_file_with_runtime_dependencies(/home/amber/ros2_ws/install/amber_b1_gui_node/share/colcon-core/packages/amber_b1_gui_node)
[98.791s] Level 1:colcon.colcon_core.environment:create_environment_scripts_only(amber_b1_gui_node)
[98.792s] Level 1:colcon.colcon_core.environment:checking '/home/amber/ros2_ws/install/amber_b1_gui_node' for CMake module files
[98.803s] Level 1:colcon.colcon_core.environment:checking '/home/amber/ros2_ws/install/amber_b1_gui_node' for CMake config files
[98.807s] Level 1:colcon.colcon_core.shell:create_environment_hook('amber_b1_gui_node', 'cmake_prefix_path')
[98.812s] INFO:colcon.colcon_core.shell:Creating environment hook '/home/amber/ros2_ws/install/amber_b1_gui_node/share/amber_b1_gui_node/hook/cmake_prefix_path.ps1'
[98.817s] INFO:colcon.colcon_core.shell:Creating environment descriptor '/home/amber/ros2_ws/install/amber_b1_gui_node/share/amber_b1_gui_node/hook/cmake_prefix_path.dsv'
[98.820s] INFO:colcon.colcon_core.shell:Creating environment hook '/home/amber/ros2_ws/install/amber_b1_gui_node/share/amber_b1_gui_node/hook/cmake_prefix_path.sh'
[98.824s] Level 1:colcon.colcon_core.environment:checking '/home/amber/ros2_ws/install/amber_b1_gui_node/lib'
[98.825s] Level 1:colcon.colcon_core.environment:checking '/home/amber/ros2_ws/install/amber_b1_gui_node/bin'
[98.826s] Level 1:colcon.colcon_core.environment:checking '/home/amber/ros2_ws/install/amber_b1_gui_node/lib/pkgconfig/amber_b1_gui_node.pc'
[98.827s] Level 1:colcon.colcon_core.environment:checking '/home/amber/ros2_ws/install/amber_b1_gui_node/lib/python3.8/site-packages'
[98.828s] Level 1:colcon.colcon_core.environment:checking '/home/amber/ros2_ws/install/amber_b1_gui_node/bin'
[98.831s] INFO:colcon.colcon_core.shell:Creating package script '/home/amber/ros2_ws/install/amber_b1_gui_node/share/amber_b1_gui_node/package.ps1'
[98.836s] INFO:colcon.colcon_core.shell:Creating package descriptor '/home/amber/ros2_ws/install/amber_b1_gui_node/share/amber_b1_gui_node/package.dsv'
[98.842s] INFO:colcon.colcon_core.shell:Creating package script '/home/amber/ros2_ws/install/amber_b1_gui_node/share/amber_b1_gui_node/package.sh'
[98.847s] INFO:colcon.colcon_core.shell:Creating package script '/home/amber/ros2_ws/install/amber_b1_gui_node/share/amber_b1_gui_node/package.bash'
[98.851s] INFO:colcon.colcon_core.shell:Creating package script '/home/amber/ros2_ws/install/amber_b1_gui_node/share/amber_b1_gui_node/package.zsh'
[98.853s] Level 1:colcon.colcon_core.environment:create_file_with_runtime_dependencies(/home/amber/ros2_ws/install/amber_b1_gui_node/share/colcon-core/packages/amber_b1_gui_node)
[98.862s] DEBUG:colcon.colcon_parallel_executor.executor.parallel:closing loop
[98.863s] DEBUG:colcon.colcon_parallel_executor.executor.parallel:loop closed
[98.863s] DEBUG:colcon.colcon_parallel_executor.executor.parallel:run_until_complete finished with '0'
[98.864s] DEBUG:colcon.colcon_core.event_reactor:joining thread
[98.922s] INFO:colcon.colcon_core.plugin_system:Skipping extension 'colcon_notification.desktop_notification.terminal_notifier': Not used on non-Darwin systems
[98.922s] INFO:colcon.colcon_core.plugin_system:Skipping extension 'colcon_notification.desktop_notification.win32': Not used on non-Windows systems
[98.923s] INFO:colcon.colcon_notification.desktop_notification:Sending desktop notification using 'notify2'
[99.218s] DEBUG:colcon.colcon_core.event_reactor:joined thread
[99.219s] INFO:colcon.colcon_core.shell:Creating prefix script '/home/amber/ros2_ws/install/local_setup.ps1'
[99.223s] INFO:colcon.colcon_core.shell:Creating prefix util module '/home/amber/ros2_ws/install/_local_setup_util_ps1.py'
[99.234s] INFO:colcon.colcon_core.shell:Creating prefix chain script '/home/amber/ros2_ws/install/setup.ps1'
[99.243s] INFO:colcon.colcon_core.shell:Creating prefix script '/home/amber/ros2_ws/install/local_setup.sh'
[99.251s] INFO:colcon.colcon_core.shell:Creating prefix util module '/home/amber/ros2_ws/install/_local_setup_util_sh.py'
[99.257s] INFO:colcon.colcon_core.shell:Creating prefix chain script '/home/amber/ros2_ws/install/setup.sh'
[99.266s] INFO:colcon.colcon_core.shell:Creating prefix script '/home/amber/ros2_ws/install/local_setup.bash'
[99.272s] INFO:colcon.colcon_core.shell:Creating prefix chain script '/home/amber/ros2_ws/install/setup.bash'
[99.282s] INFO:colcon.colcon_core.shell:Creating prefix script '/home/amber/ros2_ws/install/local_setup.zsh'
[99.286s] INFO:colcon.colcon_core.shell:Creating prefix chain script '/home/amber/ros2_ws/install/setup.zsh'
